      z       p      T     wv     O3     RH   Aer.  LW_up  LW_dn
 100.00    0.00 210.70   0.00   0.00   0.00   0.00 288.10   0.00
  70.00    0.07 219.10   0.00   0.00   0.00   0.00 288.10   0.01
  50.00    0.95 276.20   0.00   0.00   0.00   0.00 288.22   0.41
  45.00    1.76 269.70   0.00   0.00   0.00   0.00 288.06   1.04
  40.00    3.33 257.50   0.00   0.00   0.00   0.00 287.72   1.96
  35.00    6.52 245.30   0.00   0.00   0.00   0.00 287.19   3.28
  30.00   13.20 234.20   0.00   0.00   0.03   0.00 286.41   5.28
  25.00   27.70 224.20   0.00   0.00   0.16   0.01 285.43   8.14
  16.55  102.00 205.60   0.00   0.00   7.00   0.01 283.63  14.88
  16.32  106.00 207.00   0.00   0.00   9.00   0.01 283.82  15.13
  16.15  109.00 205.50   0.00   0.00   9.00   0.01 283.89  15.26
  15.78  116.00 206.80   0.00   0.00   9.00   0.01 284.21  15.73
  15.72  117.00 205.20   0.00   0.00  10.00   0.01 284.22  15.76
  15.24  126.80 205.80   0.00   0.00   9.00   0.01 284.89  16.28
  14.63  140.30 209.00   0.00   0.00   8.00   0.01 286.05  17.50
  14.14  152.00 212.60   0.00   0.00   8.00   0.01 287.02  19.03
  13.59  166.00 213.40   0.00   0.00  12.00   0.01 287.95  20.94
  13.44  170.00 214.60   0.00   0.00  11.00   0.01 288.30  21.58
  13.07  180.00 215.40   0.00   0.00  18.00   0.01 289.13  23.32
  12.80  188.00 217.80   0.01   0.00  16.00   0.01 289.95  25.11
  12.63  193.00 218.00   0.01   0.00  16.00   0.01 290.36  26.16
  12.40  200.00 219.40   0.01   0.00  19.00   0.01 291.00  27.75
  12.24  205.00 219.20   0.01   0.00  37.00   0.01 291.46  29.11
  12.06  211.00 220.60   0.02   0.00  42.00   0.01 292.31  31.30
  11.90  216.00 221.60   0.03   0.00  55.00   0.01 293.06  33.42
  11.44  232.00 225.40   0.04   0.00  56.00   0.01 295.96  40.83
  11.27  238.00 227.00   0.04   0.00  45.00   0.01 297.07  43.47
  10.91  251.00 229.40   0.06   0.00  51.00   0.01 299.44  48.86
  10.67  260.20 231.40   0.06   0.00  39.00   0.01 301.32  52.58
  10.44  269.00 233.20   0.05   0.00  30.00   0.01 303.01  55.64
  10.32  274.00 234.20   0.03   0.00  17.00   0.01 303.88  57.06
  10.05  285.00 236.60   0.03   0.00  12.00   0.02 305.45  59.76
   9.93  290.00 237.00   0.05   0.00  20.00   0.02 306.10  61.05
   9.69  300.00 238.80   0.04   0.00  13.00   0.02 307.61  63.81
   9.53  307.00 240.20   0.06   0.00  17.00   0.02 308.60  65.86
   9.32  316.00 241.20   0.19   0.00  50.00   0.02 310.12  69.90
   9.15  324.00 242.80   0.22   0.00  50.00   0.03 312.17  74.84
   8.87  337.00 245.20   0.14   0.00  25.00   0.03 315.09  80.99
   8.82  339.00 245.40   0.09   0.00  16.00   0.03 315.42  81.60
   8.76  342.00 246.00   0.11   0.00  18.00   0.03 315.90  82.50
   8.70  345.00 246.40   0.17   0.00  28.00   0.03 316.35  83.58
   8.63  348.00 246.40   0.31   0.00  52.00   0.03 316.92  85.00
   8.55  352.00 247.00   0.27   0.00  43.00   0.03 318.03  87.19
   8.53  352.80 247.20   0.27   0.00  42.00   0.04 318.26  87.61
   7.89  385.00 253.00   0.30   0.00  28.00   0.06 326.85 102.86
   7.67  397.00 254.40   0.23   0.00  19.00   0.06 329.54 107.36
   7.62  399.50 254.70   0.27   0.00  22.00   0.06 330.11 108.20
   7.59  401.00 255.00   0.32   0.00  26.00   0.06 330.53 108.83
   7.43  410.00 256.40   0.18   0.00  13.00   0.06 332.56 112.05
   7.35  414.00 256.60   0.34   0.00  24.00   0.06 333.39 113.35
   7.02  433.00 259.60   0.18   0.00  10.00   0.11 337.94 119.97
   6.71  450.90 262.20   0.22   0.00  10.00   0.11 341.50 125.69
   6.10  488.10 266.10   0.32   0.00  11.00   0.13 348.14 138.01
   5.82  506.00 267.40   0.42   0.00  13.00   0.14 351.31 144.15
   5.38  535.00 270.60   0.32   0.00   8.00   0.14 356.73 154.09
   5.11  553.00 271.40   0.64   0.00  15.00   0.16 359.43 159.90
   4.88  569.30 273.20   0.68   0.00  14.00   0.18 363.22 166.77
   3.66  661.20 282.50   0.99   0.00  11.00   0.19 383.89 204.44
   3.53  672.00 283.50   0.96   0.00  10.00   0.19 385.82 208.73
   3.19  700.00 285.30   1.29   0.00  12.00   0.19 389.91 219.21
   3.01  715.00 286.10   1.81   0.00  16.00   0.26 391.76 225.24
   2.87  727.00 286.30   4.69   0.00  41.00   0.27 393.45 232.20
   2.74  737.80 287.50   4.80   0.00  39.00   0.27 396.94 241.78
   2.27  780.00 291.90   5.14   0.00  32.00   0.28 409.61 272.07
   1.99  806.00 294.50   3.36   0.00  18.00   0.48 416.09 285.84
   1.83  821.00 295.60   2.59   0.00  13.00   0.48 418.74 291.64
   1.57  846.00 297.50   1.78   0.00   8.00   0.48 421.71 299.87
   1.22  880.60 297.30   1.76   0.00   8.00   0.48 420.59 305.21
   1.13  890.00 297.30   1.98   0.00   9.00   0.48 420.28 306.43
   1.03  900.00 297.80   0.68   0.00   3.00   0.62 419.83 308.02
   0.97  906.00 296.30   6.84   0.00  33.00   0.76 417.54 307.54
   0.93  910.00 296.10   6.35   0.00  31.00   0.76 416.56 308.00
   0.91  912.00 295.80   7.45   0.00  37.00   0.76 415.86 308.23
   0.85  919.00 294.90  12.24   0.00  64.00   0.76 413.06 309.92
   0.80  924.00 294.10  12.60   0.00  69.00   0.76 410.60 311.50
   0.79  925.00 293.90  11.55   0.00  64.00   0.76 410.18 311.70
   0.76  928.00 293.80  10.05   0.00  56.00   0.76 409.26 312.61
   0.72  933.00 292.80  11.51   0.00  68.00   0.76 406.85 312.98
   0.67  938.50 292.10  11.86   0.00  73.00   0.76 404.95 313.66
   0.65  940.20 291.90  12.04   0.00  75.00   0.76 404.39 313.94
   0.63  941.90 291.70  12.06   0.00  76.00   0.76 403.85 314.25
   0.62  943.70 291.50  12.23   0.00  78.00   0.76 403.32 314.56
   0.60  945.40 291.30  12.24   0.00  79.00   0.76 402.82 314.85
   0.59  947.10 291.10  12.40   0.00  81.00   0.76 402.32 315.18
   0.57  948.90 290.90  12.40   0.00  82.00   0.76 401.85 315.51
   0.56  950.60 290.70  12.56   0.00  84.00   0.76 401.41 315.83
   0.54  952.30 290.50  12.70   0.00  86.00   0.76 401.01 316.15
   0.52  954.10 290.30  12.70   0.00  87.00   0.76 400.72 316.47
   0.51  955.90 290.30  12.70   0.00  87.00   0.76 400.62 317.01
   0.49  957.60 290.20  12.62   0.00  87.00   0.76 400.43 317.49
   0.48  959.40 290.10  12.69   0.00  88.00   0.76 400.25 317.98
   0.46  961.20 290.00  12.61   0.00  88.00   0.76 400.10 318.47
   0.44  963.00 289.90  12.54   0.00  88.00   0.00 400.09 318.95
   0.00    0.00   0.00   0.00   0.00   0.00   0.00   0.00   0.00
   0.00    0.00   0.00   0.00   0.00   0.00   0.00   0.00   0.00
   0.00    0.00   0.00   0.00   0.00   0.00*******   0.00   0.00
   0.00    0.00   0.00   0.00   0.00   0.00   0.00   0.00   0.00
   0.00    0.00   0.00   0.00   0.00   0.00   0.00   0.00   0.00
   0.00    0.00   0.00   0.00   0.00   0.00   0.00   0.00   0.00
   0.00    0.00   0.00   0.00   0.00   0.00   0.00   0.00   0.00
