 Sounding NKX 20150724-12UTC                                                     
      z       p      T     wv     O3     RH   Aer.  LW_up  LW_dn
 100.00000    0.00 210.70   0.00   0.00   0.00   0.00 303.82   0.00
  70.00000    0.07 219.10   0.00   0.00   0.00   0.00 303.83   0.01
  50.00000    0.95 276.20   0.00   0.00   0.00   0.00 303.94   0.41
  45.00000    1.76 269.70   0.00   0.00   0.00   0.00 303.78   1.04
  40.00000    3.33 257.50   0.00   0.00   0.00   0.00 303.45   1.96
  31.09000   10.60 231.20   0.00   0.00   1.00   0.00 301.78   5.63
  30.48000   11.60 233.50   0.00   0.00   1.00   0.00 301.68   6.18
  30.35200   11.80 234.00   0.00   0.00   1.00   0.00 301.64   6.32
  29.24600   13.90 227.20   0.00   0.00   1.00   0.00 301.31   7.17
  28.82800   14.80 227.40   0.00   0.00   1.00   0.00 301.24   7.44
  27.43200   18.30 222.70   0.00   0.00   1.00   0.00 300.98   8.27
  26.85000   20.00 223.20   0.00   0.00   1.00   0.00 300.93   8.63
  24.99400   26.60 220.80   0.00   0.00   1.00   0.00 300.62   9.91
  24.38400   29.20 219.10   0.00   0.00   1.00   0.00 300.53  10.30
  23.81600   31.90 218.60   0.00   0.00   1.00   0.00 300.49  10.68
  23.36900   34.20 219.80   0.00   0.00   1.00   0.00 300.46  11.05
  22.25000   40.70 217.20   0.00   0.00   1.00   0.00 300.17  11.89
  21.74400   44.10 216.00   0.00   0.00   1.00   0.00 300.07  12.21
  21.33600   47.00 215.70   0.00   0.00   1.00   0.00 300.01  12.48
  20.95000   50.00 215.40   0.00   0.00   1.00   0.00 299.92  12.76
  19.81200   59.90 211.90   0.00   0.00   1.00   0.01 299.68  13.39
  19.42400   63.80 212.80   0.00   0.00   1.00   0.01 299.70  13.70
  18.89800   69.50 211.00   0.00   0.00   2.00   0.01 299.58  14.07
  18.78900   70.70 211.00   0.00   0.00   2.00   0.01 299.55  14.14
  18.59300   73.00 209.50   0.00   0.00   2.00   0.01 299.47  14.23
  18.22700   77.50 206.80   0.00   0.00   2.00   0.01 299.44  14.28
  17.06100   93.90 208.00   0.00   0.00   7.00   0.01 299.82  15.24
  16.94600   95.70 206.40   0.00   0.00   9.00   0.01 299.80  15.32
  16.75900   98.70 207.00   0.00   0.00  11.00   0.01 299.83  15.52
  16.68000  100.00 205.20   0.00   0.00  10.00   0.01 299.80  15.56
  16.11000  110.00 203.40   0.00   0.00  14.00   0.01 300.13  15.88
  15.89700  114.00 204.40   0.00   0.00  14.00   0.01 300.36  16.12
  15.69100  118.00 204.20   0.00   0.00  12.00   0.01 300.48  16.36
  15.64100  119.00 202.80   0.00   0.00  11.00   0.01 300.49  16.37
  15.54200  121.00 203.20   0.00   0.00  11.00   0.01 300.60  16.42
  15.34900  125.00 202.00   0.00   0.00  11.00   0.01 300.81  16.50
  15.24000  127.30 202.40   0.00   0.00  11.00   0.01 301.00  16.58
  14.59000  142.00 204.80   0.00   0.00  10.00   0.01 302.33  17.46
  13.94200  158.00 210.60   0.00   0.00  10.00   0.01 304.07  19.29
  13.71600  163.90 211.00   0.00   0.00  12.00   0.01 304.61  20.04
  12.46000  200.00 220.60   0.01   0.00  13.00   0.01 309.19  26.99
  11.86700  219.00 224.80   0.01   0.00  18.00   0.01 312.02  32.52
  10.98000  250.00 232.20   0.01   0.00   8.00   0.02 317.22  41.76
   9.73400  299.00 242.60   0.01   0.00   2.00   0.02 323.69  53.40
   9.59300  305.00 243.20   0.01   0.00   3.00   0.02 324.07  54.72
   9.50000  309.00 242.20   0.05   0.00  11.00   0.02 324.33  55.88
   9.43200  312.00 242.40   0.04   0.00  10.00   0.03 324.84  57.11
   7.92500  383.60 253.90   0.03   0.00   3.00   0.06 336.94  80.15
   7.58300  402.00 256.60   0.04   0.00   3.00   0.06 339.45  85.34
   7.27100  419.00 257.60   0.08   0.00   5.00   0.10 341.62  90.55
   6.18000  483.00 266.40   0.12   0.00   4.00   0.12 353.49 114.62
   5.91000  500.00 267.60   0.20   0.00   6.00   0.14 356.21 121.39
   5.79100  507.60 268.40   0.21   0.00   6.00   0.14 357.84 124.75
   5.22700  545.00 273.10   0.14   0.00   3.00   0.16 365.11 139.18
   4.57200  591.10 277.40   0.19   0.00   3.00   0.17 371.49 154.37
   4.32900  609.00 277.80   0.33   0.00   5.00   0.17 373.06 160.31
   3.92300  640.00 280.10   0.54   0.00   7.00   0.18 377.12 173.31
   3.65800  661.00 280.40   1.50   0.00  19.00   0.18 379.49 184.55
   3.18300  700.00 283.90   1.58   0.00  16.00   0.23 389.28 208.58
   2.76300  736.00 287.80   0.63   0.00   5.00   0.26 396.69 223.87
   2.64900  746.00 287.50   1.11   0.00   9.00   0.26 397.20 226.31
   2.43800  764.90 288.80   1.07   0.00   8.00   0.30 400.00 232.58
   1.87800  817.00 291.30   1.86   0.00  12.00   0.46 406.26 250.40
   1.60000  844.00 292.50   2.33   0.00  14.00   0.46 408.95 260.79
   1.21900  882.30 292.80   6.43   0.00  38.00   0.50 410.58 277.56
   0.96200  909.00 294.30   7.39   0.00  40.00   0.74 413.14 294.18
   0.76000  930.50 293.40  14.38   0.00  82.00   0.74 409.71 306.75
   0.74200  932.40 293.30  14.99   0.00  86.00   0.74 409.20 308.34
   0.72400  934.30 293.20  15.60   0.00  90.00   0.74 408.59 309.96
   0.70600  936.30 293.00  15.76   0.00  92.00   0.74 407.78 311.45
   0.68800  938.30 292.70  15.48   0.00  92.00   0.74 406.86 312.67
   0.67000  940.20 292.40  15.38   0.00  93.00   0.74 405.97 313.70
   0.65200  942.20 292.10  15.27   0.00  94.00   0.74 405.15 314.62
   0.63400  944.20 291.90  15.25   0.00  95.00   0.74 404.43 315.58
   0.61600  946.20 291.60  14.98   0.00  95.00   0.74 403.61 316.38
   0.59800  948.10 291.30  14.87   0.00  96.00   0.74 402.85 317.06
   0.57900  950.10 291.00  14.76   0.00  97.00   0.74 402.13 317.72
   0.56100  952.10 290.80  14.74   0.00  98.00   0.74 401.55 318.41
   0.54300  954.10 290.50  14.47   0.00  98.00   0.74 400.91 318.99
   0.52500  956.00 290.20  14.36   0.00  99.00   0.74 400.36 319.46
   0.50700  958.00 289.90  14.25   0.00  99.99   0.00 400.09 319.92
   0.00000    0.00   0.00   0.00   0.00   0.00   0.00   0.00   0.00
   0.00000    0.00   0.00   0.00   0.00   0.00   0.00   0.00   0.00
   0.00000    0.00   0.00   0.00   0.00   0.00   0.00   0.00   0.00
   0.00000    0.00   0.00   0.00   0.00   0.00   0.00   0.00   0.00
   0.00000    0.00   0.00   0.00   0.00   0.00   0.00   0.00   0.00
   0.00000    0.00   0.00   0.00   0.00   0.00   0.00   0.00   0.00
   0.00000    0.00   0.00   0.00   0.00   0.00   0.00   0.00   0.00
   0.00000    0.00   0.00   0.00   0.00   0.00   0.00   0.00   0.00
   0.00000    0.00   0.00   0.00   0.00   0.00   0.00   0.00   0.00
   0.00000    0.00   0.00   0.00   0.00   0.00   0.00   0.00   0.00
   0.00000    0.00   0.00   0.00   0.00   0.00   0.00   0.00   0.00
   0.00000    0.00   0.00   0.00   0.00   0.00   0.00   0.00   0.00
   0.00000    0.00   0.00   0.00   0.00   0.00   0.00   0.00   0.00
   0.00000    0.00   0.00   0.00   0.00   0.00   0.00   0.00   0.00
   0.00000    0.00   0.00   0.00   0.00   0.00*******   0.00   0.00
   0.00000    0.00   0.00   0.00   0.00   0.00   0.00   0.00   0.00
   0.00000    0.00   0.00   0.00   0.00   0.00   0.00   0.00   0.00
   0.00000    0.00   0.00   0.00   0.00   0.00   0.00   0.00   0.00
   0.00000    0.00   0.00   0.00   0.00   0.00   0.00   0.00   0.00
