      z       p      T     wv     O3     RH   Aer.  LW_up  LW_dn
 100.00    0.00 210.70   0.00   0.00   0.00   0.00 300.58   0.00
  70.00    0.07 219.10   0.00   0.00   0.00   0.00 300.58   0.01
  50.00    0.95 276.20   0.00   0.00   0.00   0.00 300.69   0.41
  45.00    1.76 269.70   0.00   0.00   0.00   0.00 300.54   1.04
  40.00    3.33 257.50   0.00   0.00   0.00   0.00 300.20   1.95
  35.00    6.52 245.30   0.00   0.00   0.00   0.00 299.65   3.24
  30.00   13.20 234.20   0.00   0.00   0.01   0.00 298.81   5.16
  24.08   30.00 221.00   0.00   0.00   1.00   0.00 296.97   8.74
  24.08   30.00 221.00   0.00   0.00   1.00   0.00 296.97   8.74
  23.91   30.80 220.80   0.00   0.00   1.00   0.00 296.90   8.87
  23.47   33.00 218.00   0.00   0.00   1.00   0.00 296.70   9.12
  23.16   34.60 216.90   0.00   0.00   1.00   0.00 296.60   9.26
  22.55   38.10 215.60   0.00   0.00   1.00   0.00 296.42   9.57
  21.94   42.00 214.20   0.00   0.00   1.00   0.00 296.22   9.88
  21.95   42.00 214.20   0.00   0.00   1.00   0.00 296.22   9.88
  21.43   45.60 210.60   0.00   0.00   1.00   0.00 296.07  10.01
  20.95   49.30 212.40   0.00   0.00   1.00   0.00 296.08  10.27
  20.48   53.20 210.80   0.00   0.00   1.00   0.00 295.95  10.52
  20.16   56.00 211.60   0.00   0.00   1.00   0.00 295.89  10.73
  19.59   61.40 207.40   0.00   0.00   2.00   0.00 295.68  10.92
  18.79   70.00 208.80   0.00   0.00   2.00   0.00 295.66  11.46
  18.73   70.70 209.00   0.00   0.00   3.00   0.00 295.62  11.53
  18.35   75.30 203.80   0.00   0.00   4.00   0.00 295.37  11.59
  17.61   85.20 202.20   0.00   0.00   5.00   0.00 295.48  11.75
  17.37   88.70 202.70   0.00   0.00   7.00   0.00 295.54  11.90
  17.08   93.30 200.60   0.00   0.00   9.00   0.00 295.58  12.01
  16.67  100.00 200.00   0.00   0.00   9.00   0.00 295.86  12.17
  16.27  107.00 201.40   0.00   0.00   8.00   0.00 296.27  12.52
  15.85  115.00 201.20   0.00   0.00   6.00   0.00 296.73  12.89
  15.85  115.00 201.20   0.00   0.00   6.00   0.00 296.73  12.89
  15.54  121.00 203.10   0.00   0.00   7.00   0.00 297.23  13.29
  15.24  127.40 205.10   0.00   0.00   7.00   0.00 297.72  13.87
  14.94  134.00 206.30   0.00   0.00   8.00   0.00 298.17  14.52
  14.25  150.00 208.40   0.00   0.00   9.00   0.00 299.30  16.13
  13.74  163.00 211.80   0.00   0.00  14.00   0.00 300.42  18.04
  13.37  173.00 212.80   0.00   0.00  19.00   0.00 301.16  19.83
  13.12  180.00 213.00   0.00   0.00  19.00   0.00 301.77  21.04
  12.80  189.40 215.30   0.00   0.00  19.00   0.00 302.84  22.88
  12.46  200.00 217.80   0.01   0.00  18.00   0.00 304.05  25.22
  11.50  232.00 224.40   0.02   0.00  23.00   0.00 308.06  34.02
  11.28  239.80 225.60   0.03   0.00  39.00   0.00 309.19  36.96
  11.00  250.00 228.00   0.04   0.00  36.00   0.01 311.01  41.45
  10.26  279.00 233.80   0.07   0.00  38.00   0.01 316.69  53.82
  10.11  285.00 234.80   0.11   0.00  53.00   0.01 318.14  56.75
   9.90  294.00 236.80   0.09   0.00  35.00   0.01 320.55  61.01
   9.81  298.00 237.60   0.11   0.00  39.00   0.01 321.60  62.74
   9.76  300.00 238.00   0.11   0.00  39.00   0.01 322.16  63.63
   9.14  327.10 243.80   0.08   0.00  16.00   0.01 329.37  73.97
   8.84  341.40 246.70   0.06   0.00  10.00   0.01 332.60  78.28
   8.81  343.00 247.00   0.06   0.00  10.00   0.01 332.92  78.72
   8.31  367.00 251.60   0.07   0.00   7.00   0.01 337.85  85.80
   7.96  385.00 254.40   0.05   0.00   4.00   0.02 340.79  90.55
   7.92  386.60 254.60   0.06   0.00   5.00   0.02 341.01  90.95
   7.78  394.00 255.40   0.18   0.00  14.00   0.02 342.42  93.62
   7.67  400.00 256.40   0.18   0.00  13.00   0.02 344.06  96.56
   7.32  418.90 259.40   0.16   0.00   9.00   0.03 349.06 104.68
   6.71  453.60 264.40   0.13   0.00   5.00   0.04 357.18 116.68
   6.10  490.80 269.30   0.11   0.00   3.00   0.05 364.60 127.81
   5.49  529.70 273.60   0.15   0.00   3.00   0.06 371.53 139.41
   4.79  578.00 278.50   0.28   0.00   4.00   0.07 380.97 156.09
   3.70  659.00 287.10   0.24   0.00   2.00   0.07 396.96 184.85
   3.35  686.50 289.00   0.27   0.00   2.00   0.07 400.64 193.14
   3.03  713.00 290.90   0.30   0.00   2.00   0.10 403.79 201.11
   2.51  758.00 292.80   1.02   0.00   6.00   0.10 409.11 218.00
   2.44  764.30 293.30   0.87   0.00   5.00   0.10 410.37 221.03
   2.13  791.70 295.80   0.81   0.00   4.00   0.10 415.27 233.15
   2.08  797.00 296.10   0.61   0.00   3.00   0.15 415.80 235.04
   1.83  820.00 296.80   0.85   0.00   4.00   0.18 417.75 242.10
   1.81  822.00 296.80   1.07   0.00   5.00   0.18 417.98 242.75
   1.52  850.00 298.80   0.72   0.00   3.00   0.18 421.67 252.85
   1.15  886.00 300.30   0.78   0.00   3.00   0.22 423.58 262.89
   0.91  910.30 300.00   2.04   0.00   8.00   0.28 422.53 269.64
   0.71  932.00 299.90   4.32   0.00  17.00   0.28 421.39 279.66
   0.49  955.00 301.30   2.47   0.00   9.00   0.28 419.78 291.23
   0.36  969.00 297.10  11.72   0.00  54.00   0.28 407.73 292.53
   0.30  975.70 294.20  12.67   0.00  69.00   0.28 399.33 292.72
   0.24  983.00 291.10  13.78   0.00  90.00   0.28 391.33 291.77
   0.21  987.00 290.50  14.03   0.00  95.00   0.28 388.76 292.54
   0.20  987.60 290.40  13.95   0.00  95.00   0.28 388.31 292.69
   0.20  988.20 290.30  14.01   0.00  96.00   0.28 387.84 292.84
   0.19  988.70 290.20  14.07   0.00  97.00   0.28 387.34 292.99
   0.19  989.30 290.10  13.99   0.00  97.00   0.28 386.77 293.14
   0.18  989.90 290.00  14.05   0.00  98.00   0.28 386.08 293.29
   0.18  990.40 289.60  13.71   0.00  98.00   0.28 385.14 293.19
   0.17  991.00 289.20  13.39   0.00  98.00   0.28 384.22 292.93
   0.17  991.60 288.70  13.12   0.00  99.00   0.28 383.29 292.51
   0.16  992.20 288.30  12.80   0.00  99.00   0.28 382.46 292.08
   0.16  992.70 287.90  12.50   0.00  99.00   0.28 381.78 291.66
   0.15  993.30 287.40  12.12   0.00  99.00   0.28 381.04 291.06
   0.15  993.90 287.00  11.94   0.00  99.99   0.28 380.44 290.50
   0.14  994.40 286.60  11.65   0.00  99.99   0.28 379.92 289.93
   0.14  995.00 286.10  11.30   0.00  99.99   0.00 379.60 289.28
   0.00    0.00   0.00   0.00   0.00   0.00   0.00   0.00   0.00
   0.00    0.00   0.00   0.00   0.00   0.00   0.00   0.00   0.00
   0.00    0.00   0.00   0.00   0.00   0.00   0.00   0.00   0.00
   0.00    0.00   0.00   0.00   0.00   0.00*******   0.00   0.00
   0.00    0.00   0.00   0.00   0.00   0.00   0.00   0.00   0.00
   0.00    0.00   0.00   0.00   0.00   0.00   0.00   0.00   0.00
   0.00    0.00   0.00   0.00   0.00   0.00   0.00   0.00   0.00
   0.00    0.00   0.00   0.00   0.00   0.00   0.00   0.00   0.00
