 Sounding NKX 20170905-12UTC                                                     
      z       p      T     wv     O3     RH   Aer.  LW_up  LW_dn
 100.00000    0.00 210.70   0.00   0.00   0.00   0.00 286.36   0.00
  70.00000    0.07 219.10   0.00   0.00   0.00   0.00 286.36   0.01
  50.00000    0.95 276.20   0.00   0.00   0.00   0.00 286.47   0.41
  45.00000    1.76 269.70   0.00   0.00   0.00   0.00 286.31   1.05
  40.00000    3.33 257.50   0.00   0.00   0.00   0.00 285.95   1.98
  35.00000    6.52 245.30   0.00   0.00   0.01   0.00 285.35   3.33
  28.65100   14.90 224.20   0.00   0.00   1.00   0.00 283.83   6.27
  28.50000   15.20 224.40   0.00   0.00   1.00   0.00 283.80   6.36
  27.92700   16.60 220.20   0.00   0.00   1.00   0.00 283.71   6.62
  27.12100   18.80 222.00   0.00   0.00   1.00   0.00 283.70   7.10
  26.72000   20.00 221.00   0.00   0.00   1.00   0.00 283.65   7.37
  26.51800   20.60 221.00   0.00   0.00   1.00   0.00 283.64   7.50
  25.70000   23.40 222.40   0.00   0.00   1.00   0.00 283.51   8.17
  25.40400   24.50 217.80   0.00   0.00   1.00   0.00 283.42   8.32
  24.68900   27.40 220.00   0.00   0.00   1.00   0.00 283.43   8.82
  24.27500   29.20 221.20   0.00   0.00   1.00   0.00 283.37   9.23
  24.07900   30.10 220.30   0.00   0.00   1.00   0.00 283.30   9.41
  23.47000   33.10 218.10   0.00   0.00   1.00   0.00 283.12   9.87
  23.16500   34.70 217.90   0.00   0.00   1.00   0.00 283.05  10.10
  22.53700   38.30 217.60   0.00   0.00   1.00   0.00 282.85  10.60
  21.75100   43.40 212.00   0.00   0.00   1.00   0.00 282.52  10.94
  21.64100   44.20 212.10   0.00   0.00   1.00   0.00 282.51  10.97
  21.06000   48.50 212.60   0.00   0.00   2.00   0.00 282.43  11.34
  20.87000   50.00 212.20   0.00   0.00   2.00   0.00 282.36  11.48
  20.42200   53.70 210.70   0.00   0.00   2.00   0.00 282.14  11.75
  20.29000   54.90 208.20   0.00   0.00   2.00   0.00 282.05  11.76
  20.06100   57.00 208.00   0.00   0.00   3.00   0.01 281.99  11.81
  19.75000   60.00 204.20   0.00   0.00   3.00   0.02 281.96  11.83
  19.50700   62.50 205.20   0.00   0.00   4.00   0.02 282.09  11.93
  19.20200   65.70 206.10   0.00   0.00   4.00   0.02 282.20  12.18
  18.82000   70.00 205.20   0.00   0.00   4.00   0.02 282.27  12.47
  17.23200   91.40 202.00   0.00   0.00  11.00   0.02 282.83  13.63
  16.86800   97.20 203.00   0.00   0.00  16.00   0.02 283.09  14.07
  16.70000  100.00 201.20   0.00   0.00  18.00   0.02 283.15  14.21
  16.30200  107.00 200.20   0.00   0.00  21.00   0.02 283.55  14.53
  15.98100  113.00 200.40   0.00   0.00  18.00   0.02 284.03  14.86
  15.87800  115.00 201.20   0.00   0.00  18.00   0.02 284.20  15.01
  15.57800  121.00 201.00   0.00   0.00  13.00   0.02 284.68  15.38
  15.24600  128.00 202.20   0.00   0.00  11.00   0.01 285.37  15.84
  14.49700  145.00 207.20   0.00   0.00   9.00   0.01 287.29  17.51
  13.73800  164.00 213.80   0.00   0.00   7.00   0.01 289.62  20.24
  12.76900  191.00 220.80   0.00   0.00   6.00   0.02 292.91  25.10
  11.88700  218.10 228.30   0.01   0.00   5.00   0.02 296.61  31.47
  10.83300  255.00 237.20   0.01   0.00   2.00   0.02 300.99  40.40
  10.23000  278.00 239.80   0.02   0.00   6.00   0.03 303.14  47.02
   9.75400  297.30 243.40   0.01   0.00   3.00   0.03 305.10  53.30
   9.52600  307.00 243.20   0.02   0.00   5.00   0.03 305.67  55.83
   9.34200  315.00 244.80   0.03   0.00   6.00   0.04 306.43  58.60
   8.90200  335.00 244.80   0.29   0.00  56.00   0.05 308.39  72.02
   8.83900  337.90 245.40   0.30   0.00  54.00   0.05 309.20  75.04
   8.23000  367.50 251.30   0.36   0.00  39.00   0.08 317.19  96.45
   7.62000  398.90 256.90   0.51   0.00  35.00   0.10 325.09 114.59
   7.50600  405.00 257.20   0.52   0.00  35.00   0.10 326.19 117.64
   7.37700  412.00 258.00   0.24   0.00  15.00   0.10 327.23 120.22
   7.25000  419.00 257.40   0.57   0.00  38.00   0.10 328.06 122.14
   7.10700  427.00 258.60   0.13   0.00   8.00   0.15 329.67 124.43
   6.70600  450.10 260.10   0.19   0.00  10.00   0.18 332.54 129.11
   6.09600  487.50 263.30   0.38   0.00  16.00   0.18 338.31 139.25
   5.97800  495.00 263.80   0.84   0.00  34.00   0.22 339.75 142.30
   5.80700  506.00 265.00   0.60   0.00  22.00   0.22 342.53 147.36
   5.23900  544.00 270.00   0.62   0.00  16.00   0.22 350.99 162.96
   5.09400  554.00 270.80   1.28   0.00  31.00   0.24 352.55 167.63
   4.87700  569.30 271.60   2.57   0.00  59.00   0.26 355.51 177.44
   4.60400  589.00 273.50   3.42   0.00  69.00   0.26 361.89 192.93
   4.26700  614.10 276.80   2.67   0.00  43.00   0.28 371.19 209.94
   3.65800  661.40 282.10   2.28   0.00  26.00   0.29 384.56 232.84
   3.35300  686.10 283.80   3.13   0.00  32.00   0.29 389.14 242.89
   3.20900  698.00 284.10   4.99   0.00  50.00   0.36 391.15 248.10
   2.74300  737.60 287.60   5.33   0.00  43.00   0.41 402.83 270.14
   2.13400  792.40 292.60   5.19   0.00  31.00   0.59 418.22 297.59
   1.82900  820.90 294.80   5.33   0.00  28.00   0.74 424.61 310.59
   1.43500  859.00 297.30   5.93   0.00  27.00   0.74 430.80 327.12
   1.21900  880.50 297.80   7.00   0.00  31.00   0.74 430.89 334.79
   1.05600  897.00 296.50  11.11   0.00  53.00   1.00 427.38 338.12
   0.91400  911.70 295.80  12.49   0.00  62.00   1.17 425.46 342.46
   0.62000  943.00 295.80  15.11   0.00  75.00   1.17 423.09 355.94
   0.50900  955.30 294.40  15.24   0.00  82.00   1.17 418.61 358.15
   0.49600  956.60 294.30  15.33   0.00  83.00   1.17 418.17 358.41
   0.48400  958.00 294.10  15.34   0.00  84.00   1.17 417.67 358.54
   0.47200  959.30 294.00  15.25   0.00  84.00   1.17 417.26 358.74
   0.46000  960.60 293.80  15.25   0.00  85.00   1.17 416.79 358.83
   0.44800  962.00 293.70  15.34   0.00  86.00   1.17 416.40 359.00
   0.43600  963.30 293.50  15.34   0.00  87.00   1.17 415.95 359.08
   0.42400  964.70 293.40  15.43   0.00  88.00   1.17 415.58 359.22
   0.41200  966.00 293.20  15.25   0.00  88.00   1.17 415.16 359.28
   0.40000  967.30 293.10  15.33   0.00  89.00   1.17 414.83 359.40
   0.38700  968.70 292.90  15.32   0.00  90.00   1.17 414.42 359.46
   0.37500  970.00 292.80  15.40   0.00  91.00   1.17 414.13 359.58
   0.36300  971.30 292.60  15.22   0.00  91.00   1.17 413.80 359.61
   0.35100  972.70 292.50  15.30   0.00  92.00   1.17 413.59 359.70
   0.33900  974.00 292.30  15.29   0.00  93.00   0.00 413.44 359.70
   0.00000    0.00   0.00   0.00   0.00   0.00   0.00   0.00   0.00
   0.00000    0.00   0.00   0.00   0.00   0.00   0.00   0.00   0.00
   0.00000    0.00   0.00   0.00   0.00   0.00   0.00   0.00   0.00
   0.00000    0.00   0.00   0.00   0.00   0.00   0.00   0.00   0.00
   0.00000    0.00   0.00   0.00   0.00   0.00*******   0.00   0.00
   0.00000    0.00   0.00   0.00   0.00   0.00   0.00   0.00   0.00
   0.00000    0.00   0.00   0.00   0.00   0.00   0.00   0.00   0.00
   0.00000    0.00   0.00   0.00   0.00   0.00   0.00   0.00   0.00
   0.00000    0.00   0.00   0.00   0.00   0.00   0.00   0.00   0.00
