 Sounding NKX 20140515-12UTC                                                     
      z       p      T     wv     O3     RH   Aer.  LW_up  LW_dn
 100.00000    0.00 210.70   0.00   0.00   0.00   0.00 312.28   0.00
  70.00000    0.07 219.10   0.00   0.00   0.00   0.00 312.28   0.01
  50.00000    0.95 276.20   0.00   0.00   0.00   0.00 312.39   0.41
  45.00000    1.76 269.70   0.00   0.00   0.00   0.00 312.23   1.04
  40.00000    3.33 257.50   0.00   0.00   0.00   0.00 311.88   1.94
  32.61400    8.10 236.10   0.00   0.00   1.00   0.00 310.66   4.83
  31.39400    9.60 238.50   0.00   0.00   1.00   0.00 310.36   6.16
  31.34200    9.70 238.60   0.00   0.00   1.00   0.00 310.34   6.22
  30.72800   10.60 234.80   0.00   0.00   1.00   0.00 310.09   6.83
  30.10900   11.60 233.60   0.00   0.00   1.00   0.00 309.86   7.34
  29.76700   12.20 230.00   0.00   0.00   1.00   0.00 309.73   7.56
  28.61400   14.50 225.60   0.00   0.00   1.00   0.00 309.45   8.15
  27.73700   16.60 224.40   0.00   0.00   1.00   0.00 309.28   8.61
  27.43200   17.40 223.10   0.00   0.00   2.00   0.00 309.21   8.78
  27.05100   18.40 220.80   0.00   0.00   2.00   0.00 309.14   8.99
  26.51000   20.00 222.20   0.00   0.00   1.00   0.00 309.12   9.31
  26.00800   21.60 223.40   0.00   0.00   1.00   0.00 309.03   9.67
  25.00900   25.20 219.40   0.00   0.00   2.00   0.00 308.74  10.33
  24.68900   26.50 219.30   0.00   0.00   2.00   0.00 308.68  10.54
  24.04100   29.30 219.00   0.00   0.00   1.00   0.00 308.53  10.98
  23.32300   32.80 215.60   0.00   0.00   2.00   0.00 308.34  11.36
  22.09800   39.80 216.40   0.00   0.00   1.00   0.00 308.13  12.19
  21.51100   43.70 212.20   0.00   0.00   2.00   0.00 307.92  12.44
  21.12300   46.50 214.00   0.00   0.00   2.00   0.00 307.89  12.70
  20.97600   47.60 212.40   0.00   0.00   2.00   0.00 307.83  12.78
  20.35500   52.60 212.40   0.00   0.00   2.00   0.00 307.70  13.18
  19.50400   60.40 208.60   0.00   0.00   2.00   0.00 307.43  13.54
  19.15100   64.00 208.80   0.00   0.00   2.00   0.00 307.38  13.72
  18.61000   70.00 204.80   0.00   0.00   2.00   0.00 307.23  13.79
  18.30900   73.60 203.60   0.00   0.00   2.00   0.00 307.31  13.79
  17.59000   82.90 206.80   0.00   0.00   2.00   0.00 307.73  14.30
  16.45000  100.00 206.40   0.00   0.00   3.00   0.00 308.10  15.21
  16.21200  104.00 207.40   0.00   0.00   3.00   0.00 308.24  15.46
  16.09700  106.00 206.80   0.00   0.00   3.00   0.00 308.28  15.56
  15.76200  112.00 208.60   0.00   0.00   3.00   0.00 308.48  15.98
  15.49500  117.00 207.60   0.00   0.00   4.00   0.00 308.52  16.25
  15.24100  122.00 208.20   0.00   0.00   5.00   0.00 308.60  16.55
  15.19100  123.00 207.00   0.00   0.00   5.00   0.00 308.59  16.57
  14.90200  129.00 207.80   0.00   0.00   8.00   0.00 308.75  16.90
  14.67100  134.00 207.00   0.00   0.00   9.00   0.00 308.83  17.16
  14.49200  138.00 208.20   0.00   0.00  13.00   0.00 308.90  17.49
  14.36200  141.00 205.60   0.00   0.00  17.00   0.00 308.85  17.59
  14.02100  149.20 205.20   0.00   0.00  22.00   0.00 309.16  17.97
  13.91100  152.00 204.20   0.00   0.00  22.00   0.00 309.29  18.06
  13.41100  165.00 206.80   0.00   0.00  21.00   0.00 310.38  19.10
  12.49700  191.80 211.60   0.00   0.00  19.00   0.00 312.70  22.31
  12.24000  200.00 213.00   0.00   0.00  22.00   0.00 313.45  23.52
  12.02400  207.00 213.80   0.01   0.00  46.00   0.00 314.19  24.94
  11.72600  217.00 215.80   0.01   0.00  46.00   0.00 315.62  27.62
  10.66800  255.50 225.60   0.02   0.00  22.00   0.00 321.91  38.43
  10.45100  264.00 227.40   0.03   0.00  28.00   0.00 323.34  41.10
   9.89100  287.00 231.20   0.01   0.00   6.00   0.01 326.63  46.30
   9.59000  300.00 233.80   0.01   0.00   5.00   0.01 328.20  48.52
   8.43700  354.00 242.40   0.02   0.00   5.00   0.01 334.62  59.57
   8.23000  364.40 243.20   0.05   0.00  11.00   0.01 335.82  62.60
   7.62000  396.70 248.30   0.10   0.00  14.00   0.02 341.54  75.71
   7.39800  409.00 250.00   0.13   0.00  16.00   0.03 343.95  81.23
   5.89000  500.00 263.80   0.17   0.00   7.00   0.04 363.95 116.79
   4.87700  568.80 272.30   0.23   0.00   5.00   0.05 377.09 141.17
   4.26700  613.60 276.20   0.24   0.00   4.00   0.05 382.95 155.36
   3.96400  637.00 276.50   0.61   0.00  10.00   0.05 384.91 162.79
   3.65800  661.30 278.30   0.82   0.00  12.00   0.05 389.18 173.59
   3.19200  700.00 281.30   1.17   0.00  14.00   0.07 397.05 191.41
   2.43800  765.40 287.50   1.35   0.00  11.00   0.09 412.88 221.16
   1.82900  822.70 292.40   1.49   0.00   9.00   0.13 425.52 244.32
   1.42200  863.00 295.80   1.61   0.00   8.00   0.13 433.42 260.23
   1.07600  898.00 297.30   1.54   0.00   7.00   0.19 437.81 271.04
   0.81700  925.00 299.50   1.49   0.00   6.00   0.21 442.22 280.22
   0.31600  979.00 302.80   1.79   0.00   6.00   0.21 444.37 297.83
   0.20600  991.30 301.80   2.26   0.00   8.00   0.21 439.07 299.44
   0.20100  991.80 301.70   2.24   0.00   8.00   0.21 438.66 299.45
   0.19600  992.40 301.70   2.24   0.00   8.00   0.21 438.24 299.49
   0.19100  992.90 301.60   2.23   0.00   8.00   0.21 437.75 299.50
   0.18600  993.50 301.60   2.23   0.00   8.00   0.21 437.22 299.54
   0.18100  994.00 301.60   2.23   0.00   8.00   0.21 436.52 299.60
   0.17600  994.50 301.00   2.43   0.00   9.00   0.21 435.54 299.38
   0.17100  995.10 300.50   2.63   0.00  10.00   0.21 434.56 298.99
   0.16600  995.60 299.90   2.54   0.00  10.00   0.21 433.52 298.48
   0.16100  996.20 299.30   2.70   0.00  11.00   0.21 432.42 297.87
   0.15700  996.70 298.40   2.80   0.00  12.00   0.21 431.45 297.13
   0.15200  997.30 297.50   3.11   0.00  14.00   0.21 430.42 296.05
   0.14700  997.90 296.70   3.18   0.00  15.00   0.21 429.50 294.94
   0.14200  998.40 295.80   3.22   0.00  16.00   0.21 428.71 293.75
   0.13700  999.00 294.90   3.25   0.00  17.00   0.00 428.28 292.49
   0.00000    0.00   0.00   0.00   0.00   0.00   0.00   0.00   0.00
   0.00000    0.00   0.00   0.00   0.00   0.00   0.00   0.00   0.00
   0.00000    0.00   0.00   0.00   0.00   0.00   0.00   0.00   0.00
   0.00000    0.00   0.00   0.00   0.00   0.00   0.00   0.00   0.00
   0.00000    0.00   0.00   0.00   0.00   0.00   0.00   0.00   0.00
   0.00000    0.00   0.00   0.00   0.00   0.00   0.00   0.00   0.00
   0.00000    0.00   0.00   0.00   0.00   0.00   0.00   0.00   0.00
   0.00000    0.00   0.00   0.00   0.00   0.00   0.00   0.00   0.00
   0.00000    0.00   0.00   0.00   0.00   0.00   0.00   0.00   0.00
   0.00000    0.00   0.00   0.00   0.00   0.00   0.00   0.00   0.00
   0.00000    0.00   0.00   0.00   0.00   0.00   0.00   0.00   0.00
   0.00000    0.00   0.00   0.00   0.00   0.00*******   0.00   0.00
   0.00000    0.00   0.00   0.00   0.00   0.00   0.00   0.00   0.00
   0.00000    0.00   0.00   0.00   0.00   0.00   0.00   0.00   0.00
   0.00000    0.00   0.00   0.00   0.00   0.00   0.00   0.00   0.00
   0.00000    0.00   0.00   0.00   0.00   0.00   0.00   0.00   0.00
