      z       p      T     wv     O3     RH   Aer.  LW_up  LW_dn
 100.00    0.00 210.70   0.00   0.00   0.00   0.00 266.68   0.00
  70.00    0.07 219.10   0.00   0.00   0.00   0.00 266.68   0.01
  50.00    0.95 276.20   0.00   0.00   0.00   0.00 266.79   0.41
  45.00    1.76 269.70   0.00   0.00   0.00   0.00 266.63   1.04
  40.00    3.33 257.50   0.00   0.00   0.00   0.00 266.29   1.96
  35.00    6.52 245.30   0.00   0.00   0.00   0.00 265.73   3.26
  28.65   14.80 227.70   0.00   0.00   1.00   0.00 264.42   6.34
  28.04   16.20 228.00   0.00   0.00   1.00   0.00 264.34   6.87
  27.43   17.80 226.60   0.00   0.00   1.00   0.00 264.21   7.41
  27.10   18.70 225.80   0.00   0.00   1.00   0.00 264.16   7.67
  26.66   20.00 225.60   0.00   0.00   1.00   0.00 264.09   8.04
  25.91   22.40 225.00   0.00   0.00   1.00   0.00 263.95   8.68
  25.30   24.60 224.50   0.00   0.00   1.00   0.00 263.81   9.22
  24.88   26.20 224.20   0.00   0.00   1.00   0.00 263.68   9.60
  24.38   28.30 221.90   0.00   0.00   1.00   0.00 263.50   9.98
  24.00   30.00 220.20   0.00   0.00   1.00   0.00 263.40  10.22
  23.77   31.10 219.60   0.00   0.00   1.00   0.00 263.37  10.35
  22.74   36.50 219.60   0.00   0.00   1.00   0.00 263.20  11.13
  21.68   43.10 216.80   0.00   0.00   1.00   0.00 262.89  11.86
  21.45   44.70 218.20   0.00   0.00   1.00   0.00 262.82  12.07
  21.25   46.10 216.20   0.00   0.00   1.00   0.00 262.69  12.19
  20.74   50.00 212.40   0.00   0.00   1.00   0.00 262.46  12.33
  20.71   50.20 212.00   0.00   0.00   1.00   0.00 262.46  12.33
  19.83   57.90 211.20   0.00   0.00   1.00   0.01 262.39  12.69
  19.69   59.20 208.80   0.00   0.00   1.00   0.01 262.37  12.71
  19.14   64.70 211.00   0.00   0.00   1.00   0.01 262.57  13.07
  18.59   70.80 209.10   0.00   0.00   1.00   0.01 262.59  13.41
  18.29   74.40 208.80   0.00   0.00   1.00   0.01 262.69  13.58
  17.67   82.20 210.20   0.00   0.00   2.00   0.00 262.96  14.15
  17.68   82.20 210.20   0.00   0.00   2.00   0.01 262.96  14.15
  17.03   91.30 209.00   0.00   0.00   2.00   0.01 263.13  14.71
  15.89  110.00 209.80   0.00   0.00   3.00   0.01 263.81  15.92
  15.24  122.20 210.20   0.00   0.00   3.00   0.01 264.36  16.75
  14.91  129.00 212.00   0.00   0.00   3.00   0.01 264.76  17.36
  14.02  148.80 213.50   0.00   0.00   4.00   0.01 265.59  19.10
  13.49  162.00 215.20   0.00   0.00   6.00   0.01 266.17  20.55
  13.22  169.00 214.40   0.00   0.00   8.00   0.01 266.35  21.27
  12.80  180.60 215.00   0.00   0.00  10.00   0.01 266.92  22.61
  12.48  190.00 215.00   0.00   0.00  13.00   0.01 267.45  23.75
  12.16  200.00 216.00   0.00   0.00  11.00   0.01 268.19  25.05
  11.52  221.00 218.80   0.00   0.00  12.00   0.01 270.03  28.15
  11.29  229.00 221.00   0.01   0.00  11.00   0.01 270.84  29.66
  10.80  247.00 223.00   0.02   0.00  26.00   0.01 272.56  33.99
  10.72  250.00 223.40   0.01   0.00  23.00   0.01 272.91  34.86
  10.26  268.00 226.60   0.03   0.00  31.00   0.02 275.34  40.64
   9.48  301.00 233.40   0.07   0.00  38.00   0.02 281.24  54.04
   9.23  312.00 235.60   0.07   0.00  31.00   0.02 283.38  58.68
   8.93  326.00 238.40   0.10   0.00  35.00   0.03 286.30  64.61
   8.67  338.00 240.80   0.11   0.00  29.00   0.03 289.09  69.82
   8.55  344.00 242.00   0.03   0.00   8.00   0.03 290.17  71.59
   8.45  349.00 242.80   0.04   0.00   8.00   0.03 290.80  72.64
   8.27  358.00 244.00   0.02   0.00   4.00   0.03 291.67  74.30
   8.11  366.00 244.00   0.05   0.00  10.00   0.06 292.34  75.61
   7.47  400.00 248.60   0.05   0.00   7.00   0.06 296.75  83.49
   7.43  402.00 248.80   0.06   0.00   8.00   0.06 296.92  83.97
   7.29  410.00 248.80   0.19   0.00  26.00   0.10 297.86  86.54
   6.40  461.50 256.90   0.29   0.00  20.00   0.12 310.16 110.40
   5.80  500.00 262.40   0.40   0.00  18.00   0.14 319.61 127.42
   5.38  528.00 266.40   0.36   0.00  12.00   0.14 326.45 139.32
   5.17  542.00 267.60   0.16   0.00   5.00   0.16 328.82 143.37
   4.70  576.00 270.80   0.21   0.00   5.00   0.17 333.66 151.82
   4.57  585.00 271.50   0.48   0.00  11.00   0.17 334.93 154.79
   4.54  587.00 271.60   0.57   0.00  13.00   0.17 335.29 155.64
   4.32  604.00 273.30   0.39   0.00   8.00   0.17 338.29 162.22
   4.27  607.80 273.60   0.45   0.00   9.00   0.17 338.84 163.52
   3.96  631.20 275.30   0.51   0.00   9.00   0.18 342.16 171.38
   3.66  655.50 276.90   0.69   0.00  11.00   0.18 345.53 179.64
   3.52  667.00 277.80   0.73   0.00  11.00   0.18 347.16 183.82
   3.29  686.00 278.80   1.42   0.00  20.00   0.18 349.90 191.63
   3.12  700.00 280.10   1.62   0.00  21.00   0.18 352.93 198.90
   3.05  706.50 280.80   1.53   0.00  19.00   0.25 354.44 202.29
   2.52  753.00 285.30   1.18   0.00  11.00   0.26 363.15 222.59
   2.44  760.30 285.80   1.33   0.00  12.00   0.26 364.01 225.27
   2.23  779.00 287.10   2.04   0.00  17.00   0.26 366.15 232.95
   2.13  788.30 287.90   1.64   0.00  13.00   0.38 367.20 237.00
   1.83  817.20 290.00   0.86   0.00   6.00   0.47 368.46 246.43
   1.82  818.00 290.10   0.87   0.00   6.00   0.47 368.44 246.65
   1.78  822.20 290.10   0.72   0.00   5.00   0.47 368.14 247.56
   1.73  826.50 290.20   0.73   0.00   5.00   0.47 367.85 248.39
   1.69  830.70 290.20   0.58   0.00   4.00   0.47 367.49 249.09
   1.65  834.90 290.30   0.44   0.00   3.00   0.47 367.17 249.73
   1.60  839.20 290.30   0.44   0.00   3.00   0.47 366.74 250.29
   1.56  843.40 290.30   0.29   0.00   2.00   0.47 366.24 250.77
   1.52  847.80 290.00   0.43   0.00   3.00   0.47 365.56 251.05
   1.47  852.20 289.60   0.70   0.00   5.00   0.47 364.64 251.20
   1.43  856.60 289.30   0.82   0.00   6.00   0.47 363.53 251.34
   1.39  860.90 288.90   0.94   0.00   7.00   0.47 361.94 251.42
   1.34  865.30 287.30   2.07   0.00  17.00   0.47 359.02 250.50
   1.30  869.80 284.00   4.95   0.00  50.00   0.47 354.28 247.30
   1.26  874.40 281.60   6.55   0.00  77.00   0.47 350.63 244.37
   1.21  879.00 280.10   7.64   0.00  99.00   0.00 348.84 243.25
   0.00    0.00   0.00   0.00   0.00   0.00   0.00   0.00   0.00
   0.00    0.00   0.00   0.00   0.00   0.00   0.00   0.00   0.00
   0.00    0.00   0.00   0.00   0.00   0.00   0.00   0.00   0.00
   0.00    0.00   0.00   0.00   0.00   0.00   0.00   0.00   0.00
   0.00    0.00   0.00   0.00   0.00   0.00*******   0.00   0.00
   0.00    0.00   0.00   0.00   0.00   0.00   0.00   0.00   0.00
   0.00    0.00   0.00   0.00   0.00   0.00   0.00   0.00   0.00
   0.00    0.00   0.00   0.00   0.00   0.00   0.00   0.00   0.00
   0.00    0.00   0.00   0.00   0.00   0.00   0.00   0.00   0.00
