      z       p      T     wv     O3     RH   Aer.  LW_up  LW_dn
 100.00    0.00 210.70   0.00   0.00   0.00   0.00 288.13   0.00
  70.00    0.07 219.10   0.00   0.00   0.00   0.00 288.13   0.01
  50.00    0.95 276.20   0.00   0.00   0.00   0.00 288.24   0.41
  45.00    1.76 269.70   0.00   0.00   0.00   0.00 288.08   1.04
  40.00    3.33 257.50   0.00   0.00   0.00   0.00 287.74   1.96
  35.00    6.52 245.30   0.00   0.00   0.00   0.00 287.18   3.26
  27.13   18.40 223.60   0.00   0.00   1.00   0.00 285.10   7.10
  26.12   21.40 221.00   0.00   0.00   1.00   0.00 284.80   7.69
  25.66   23.00 218.00   0.00   0.00   1.00   0.00 284.67   7.89
  24.99   25.50 217.20   0.00   0.00   1.00   0.00 284.57   8.19
  24.38   28.10 216.50   0.00   0.00   1.00   0.00 284.48   8.51
  23.97   30.00 216.00   0.00   0.00   1.00   0.00 284.40   8.75
  23.47   32.50 215.10   0.00   0.00   1.00   0.00 284.30   9.03
  22.86   35.80 213.20   0.00   0.00   1.00   0.00 284.19   9.33
  21.95   41.40 213.40   0.00   0.00   1.00   0.00 284.09   9.89
  21.64   43.50 213.30   0.00   0.00   1.00   0.00 284.02  10.10
  21.03   48.00 211.60   0.00   0.00   1.00   0.00 283.79  10.46
  20.78   50.00 210.20   0.00   0.00   2.00   0.00 283.67  10.57
  20.43   52.90 207.20   0.00   0.00   2.00   0.00 283.56  10.64
  20.12   55.70 207.70   0.00   0.00   2.00   0.01 283.56  10.76
  19.51   61.60 206.10   0.00   0.00   3.00   0.01 283.53  11.07
  18.74   70.00 203.80   0.00   0.00   3.00   0.01 283.59  11.42
  18.63   71.30 203.20   0.00   0.00   4.00   0.01 283.62  11.45
  18.29   75.50 204.40   0.00   0.00   4.00   0.01 283.77  11.70
  18.09   78.10 202.40   0.00   0.00   4.00   0.01 283.81  11.78
  16.62  100.00 207.60   0.00   0.00   3.00   0.01 284.99  13.43
  16.15  108.00 209.60   0.00   0.00   5.00   0.01 285.21  14.31
  15.85  113.40 208.50   0.00   0.00   9.00   0.01 285.13  14.85
  15.51  120.00 205.40   0.00   0.00  17.00   0.01 285.07  15.28
  15.24  125.50 205.00   0.00   0.00  22.00   0.01 285.24  15.67
  14.93  132.00 204.60   0.00   0.00  31.00   0.00 285.49  16.27
  14.94  132.00 204.60   0.00   0.00  31.00   0.01 285.49  16.27
  14.67  138.00 203.20   0.00   0.00  41.00   0.01 285.77  16.76
  14.37  145.00 204.00   0.00   0.00  36.00   0.01 286.38  17.43
  14.17  150.00 205.20   0.00   0.00  36.00   0.01 286.89  18.03
  14.02  153.70 206.50   0.00   0.00  37.00   0.01 287.29  18.59
  13.82  159.00 208.20   0.00   0.00  37.00   0.01 287.80  19.52
  13.37  171.00 208.80   0.00   0.00  44.00   0.01 288.87  21.51
  12.40  200.00 216.00   0.01   0.00  46.00   0.01 292.86  28.22
  12.27  204.00 217.20   0.01   0.00  47.00   0.01 293.50  29.43
  11.88  217.00 220.40   0.01   0.00  33.00   0.01 295.48  33.23
  11.59  227.00 222.60   0.02   0.00  38.00   0.01 297.05  36.23
  11.22  240.00 225.80   0.02   0.00  27.00   0.01 299.18  40.31
  10.36  272.50 232.60   0.05   0.00  30.00   0.01 304.94  51.36
  10.08  284.00 234.80   0.06   0.00  30.00   0.02 307.26  55.78
   9.70  300.00 238.40   0.06   0.00  20.00   0.02 310.69  61.78
   9.54  307.00 239.80   0.04   0.00  13.00   0.02 311.94  63.98
   9.16  324.00 242.20   0.07   0.00  17.00   0.02 314.93  69.06
   8.84  338.50 245.20   0.07   0.00  13.00   0.03 318.07  74.09
   7.92  384.00 253.60   0.07   0.00   6.00   0.05 326.29  88.50
   7.62  400.00 254.80   0.11   0.00   9.00   0.05 328.33  93.36
   7.36  414.00 256.40   0.22   0.00  16.00   0.05 330.90  99.04
   7.01  433.90 259.50   0.30   0.00  17.00   0.09 335.75 109.23
   6.71  451.50 262.20   0.29   0.00  13.00   0.09 340.18 117.89
   6.33  474.00 265.40   0.25   0.00   9.00   0.09 344.91 127.22
   6.00  495.00 266.60   0.27   0.00   9.00   0.11 348.23 134.04
   5.92  500.00 267.20   0.32   0.00  10.00   0.11 349.29 135.78
   5.30  541.00 272.20   0.32   0.00   7.00   0.11 357.63 151.01
   5.18  549.00 272.80   0.76   0.00  16.00   0.13 359.10 154.59
   4.62  588.00 277.90   1.34   0.00  20.00   0.13 370.75 179.09
   4.36  607.00 280.30   0.78   0.00  10.00   0.13 376.01 189.21
   4.26  615.00 281.10   1.56   0.00  19.00   0.13 378.11 193.34
   4.00  634.00 283.50   0.96   0.00  10.00   0.14 383.60 203.54
   3.66  660.60 286.10   0.90   0.00   8.00   0.15 389.42 214.32
   3.35  685.10 288.40   0.91   0.00   7.00   0.15 394.01 223.58
   3.17  700.00 289.50   0.83   0.00   6.00   0.19 396.00 228.67
   2.56  752.00 291.30   0.62   0.00   4.00   0.21 399.09 240.95
   2.49  758.00 290.90   1.21   0.00   8.00   0.21 398.67 241.88
   2.44  763.00 290.40   2.20   0.00  15.00   0.21 398.29 242.76
   2.38  768.00 289.90   3.85   0.00  27.00   0.21 398.43 244.28
   2.15  789.00 292.10   2.27   0.00  14.00   0.29 403.16 255.62
   1.83  819.00 292.90   3.06   0.00  18.00   0.37 406.26 266.42
   1.51  850.00 295.50   3.76   0.00  19.00   0.37 412.23 281.20
   1.22  879.00 297.20   3.27   0.00  15.00   0.44 415.54 293.28
   0.89  913.00 299.10   2.91   0.00  12.00   0.59 417.02 305.11
   0.73  930.00 298.90   4.80   0.00  20.00   0.59 413.59 309.64
   0.66  936.80 298.00   6.62   0.00  29.00   0.59 409.54 310.61
   0.65  938.50 297.80   7.00   0.00  31.00   0.59 408.15 310.81
   0.63  940.20 297.10   7.81   0.00  36.00   0.59 406.04 310.53
   0.61  941.80 296.30   8.50   0.00  41.00   0.59 403.56 309.88
   0.60  943.60 295.00   9.43   0.00  49.00   0.59 400.71 308.53
   0.58  945.30 293.60  10.29   0.00  58.00   0.59 397.80 306.64
   0.57  947.00 292.10  11.05   0.00  68.00   0.59 395.38 304.43
   0.55  948.80 291.80  11.81   0.00  74.00   0.59 394.27 303.45
   0.54  950.50 291.40  12.47   0.00  80.00   0.59 392.99 303.00
   0.52  952.20 291.00  13.09   0.00  86.00   0.59 391.69 302.77
   0.50  954.00 290.60  13.67   0.00  92.00   0.59 390.14 302.67
   0.49  955.80 289.90  13.68   0.00  96.00   0.59 388.14 302.29
   0.47  957.50 288.90  13.15   0.00  98.00   0.59 385.91 301.39
   0.46  959.20 287.80  12.42   0.00  99.00   0.59 384.02 300.13
   0.44  961.00 286.80  11.80   0.00  99.99   0.00 382.78 298.78
   0.00    0.00   0.00   0.00   0.00   0.00   0.00   0.00   0.00
   0.00    0.00   0.00   0.00   0.00   0.00   0.00   0.00   0.00
   0.00    0.00   0.00   0.00   0.00   0.00   0.00   0.00   0.00
   0.00    0.00   0.00   0.00   0.00   0.00   0.00   0.00   0.00
   0.00    0.00   0.00   0.00   0.00   0.00*******   0.00   0.00
   0.00    0.00   0.00   0.00   0.00   0.00   0.00   0.00   0.00
   0.00    0.00   0.00   0.00   0.00   0.00   0.00   0.00   0.00
   0.00    0.00   0.00   0.00   0.00   0.00   0.00   0.00   0.00
   0.00    0.00   0.00   0.00   0.00   0.00   0.00   0.00   0.00
