 Sounding NKX 20150505-12UTC                                                     
      z       p      T     wv     O3     RH   Aer.  LW_up  LW_dn
 100.00000    0.00 210.70   0.00   0.00   0.00   0.00 267.98   0.00
  70.00000    0.07 219.10   0.00   0.00   0.00   0.00 267.98   0.01
  50.00000    0.95 276.20   0.00   0.00   0.00   0.00 268.09   0.41
  45.00000    1.76 269.70   0.00   0.00   0.00   0.00 267.92   1.04
  40.00000    3.33 257.50   0.00   0.00   0.00   0.00 267.55   1.96
  33.49000    7.00 238.60   0.00   0.00   1.00   0.00 266.45   4.56
  33.52800    7.00 238.80   0.00   0.00   1.00   0.00 266.45   4.56
  33.29400    7.20 236.80   0.00   0.00   1.00   0.00 266.40   4.77
  32.91900    7.60 237.80   0.00   0.00   1.00   0.00 266.32   5.12
  32.30900    8.30 235.20   0.00   0.00   1.00   0.00 266.17   5.63
  31.67500    9.10 235.80   0.00   0.00   1.00   0.00 266.01   6.16
  30.78500   10.40 230.80   0.00   0.00   1.00   0.00 265.73   6.78
  29.75000   12.10 225.60   0.00   0.00   1.00   0.00 265.52   7.27
  29.56600   12.40 225.80   0.00   0.00   1.00   0.00 265.50   7.36
  29.12300   13.30 226.20   0.00   0.00   1.00   0.00 265.44   7.60
  27.95000   15.90 221.40   0.00   0.00   1.00   0.00 265.26   8.16
  27.43200   17.20 222.90   0.00   0.00   1.00   0.00 265.24   8.44
  26.99600   18.40 224.20   0.00   0.00   1.00   0.00 265.17   8.76
  26.51800   19.80 222.10   0.00   0.00   1.00   0.00 265.04   9.06
  25.31000   23.90 216.80   0.00   0.00   1.00   0.00 264.79   9.63
  24.79900   25.90 218.00   0.00   0.00   1.00   0.00 264.77   9.92
  24.12800   28.80 215.60   0.00   0.00   1.00   0.00 264.69  10.28
  23.87000   30.00 217.00   0.00   0.00   1.00   0.00 264.70  10.45
  23.45800   32.00 217.60   0.00   0.00   1.00   0.00 264.61  10.77
  22.81900   35.40 213.20   0.00   0.00   1.00   0.00 264.42  11.08
  21.33600   44.90 210.70   0.00   0.00   1.00   0.00 264.39  11.76
  20.67000   50.00 212.60   0.00   0.00   1.00   0.00 264.45  12.26
  20.42200   52.00 212.00   0.00   0.00   1.00   0.00 264.40  12.45
  20.08000   55.00 210.00   0.00   0.00   1.00   0.01 264.32  12.61
  19.47400   60.70 207.80   0.00   0.00   1.00   0.01 264.45  12.87
  18.98000   65.80 211.00   0.00   0.00   1.00   0.01 264.69  13.35
  18.60000   70.00 208.60   0.00   0.00   1.00   0.01 264.67  13.61
  18.51400   71.00 207.40   0.00   0.00   2.00   0.01 264.69  13.63
  18.09000   76.10 209.20   0.00   0.00   1.00   0.01 264.97  13.97
  17.76900   80.20 208.00   0.00   0.00   1.00   0.01 265.12  14.20
  17.45000   84.50 210.00   0.00   0.00   2.00   0.01 265.40  14.56
  17.12400   89.10 209.40   0.00   0.00   1.00   0.01 265.60  14.89
  16.22600  103.00 213.60   0.00   0.00   1.00   0.01 266.45  16.20
  15.85000  109.40 213.20   0.00   0.00   1.00   0.01 266.67  16.72
  15.54500  114.90 214.50   0.00   0.00   1.00   0.01 266.95  17.21
  15.24000  120.60 215.10   0.00   0.00   1.00   0.01 267.14  17.72
  14.96400  126.00 214.00   0.00   0.00   1.00   0.01 267.31  18.03
  14.67100  132.00 216.00   0.00   0.00   1.00   0.01 267.66  18.54
  14.43700  137.00 215.80   0.00   0.00   1.00   0.01 267.87  18.92
  14.25500  141.00 217.20   0.00   0.00   1.00   0.01 268.11  19.29
  13.48600  159.00 220.00   0.00   0.00   1.00   0.01 268.77  21.06
  13.05500  170.00 219.80   0.00   0.00   2.00   0.01 268.82  22.02
  12.68900  180.00 217.80   0.00   0.00   9.00   0.01 268.75  22.97
  12.55000  184.00 216.20   0.00   0.00  10.00   0.01 268.81  23.34
  12.19200  194.70 217.30   0.00   0.00  11.00   0.01 269.52  24.73
  11.58500  214.00 219.80   0.00   0.00   8.00   0.01 270.72  27.62
  11.29000  224.00 218.80   0.01   0.00  14.00   0.01 271.14  28.89
  10.97300  235.30 219.40   0.01   0.00  16.00   0.02 272.10  30.58
   9.74600  284.00 227.80   0.01   0.00  11.00   0.02 277.71  40.24
   9.29000  304.00 231.00   0.03   0.00  23.00   0.02 280.53  46.05
   8.94100  320.00 234.00   0.02   0.00  13.00   0.03 283.19  51.19
   8.23000  354.50 239.90   0.03   0.00  10.00   0.05 288.67  60.90
   7.62000  386.20 244.50   0.02   0.00   4.00   0.06 293.10  68.51
   7.17400  411.00 247.20   0.03   0.00   5.00   0.10 296.17  73.82
   6.42700  455.00 253.60   0.04   0.00   4.00   0.12 302.62  85.66
   6.09600  475.60 255.50   0.06   0.00   5.00   0.14 305.20  91.55
   5.72000  500.00 258.40   0.10   0.00   6.00   0.15 308.67  99.69
   5.48600  515.60 259.60   0.18   0.00  10.00   0.15 310.91 105.85
   5.04900  546.00 262.80   0.16   0.00   7.00   0.17 315.94 117.65
   4.81200  563.00 264.80   0.35   0.00  13.00   0.18 319.07 125.09
   4.04200  621.00 271.40   0.39   0.00   9.00   0.19 330.01 151.16
   3.89000  633.00 271.60   0.48   0.00  11.00   0.19 331.42 155.37
   3.08000  700.00 277.80   0.46   0.00   7.00   0.26 342.38 179.34
   2.74300  729.40 279.60   0.52   0.00   7.00   0.28 345.44 188.47
   2.28800  771.00 281.50   0.51   0.00   6.00   0.28 347.73 199.53
   2.13400  785.60 280.10   2.70   0.00  35.00   0.34 346.60 203.68
   1.94800  803.50 281.20   3.32   0.00  40.00   0.49 348.77 215.34
   1.90200  808.00 281.50   3.46   0.00  41.00   0.49 349.28 218.37
   1.85600  812.50 281.80   3.62   0.00  42.00   0.49 349.71 221.36
   1.80900  817.10 282.00   3.75   0.00  43.00   0.49 349.98 224.26
   1.76300  821.70 282.10   3.78   0.00  43.00   0.49 350.14 226.84
   1.71700  826.40 282.30   3.83   0.00  43.00   0.49 350.32 229.36
   1.67000  831.10 282.40   3.85   0.00  43.00   0.49 350.37 231.72
   1.62400  835.70 282.50   3.87   0.00  43.00   0.49 350.39 233.89
   1.57700  840.40 282.70   3.92   0.00  43.00   0.49 350.39 236.12
   1.53100  845.10 282.80   3.95   0.00  43.00   0.49 350.17 238.15
   1.48500  849.70 282.90   3.97   0.00  43.00   0.49 349.71 240.07
   1.43800  854.50 282.70   4.65   0.00  51.00   0.49 348.60 241.76
   1.39200  859.30 282.00   5.50   0.00  63.00   0.49 346.49 242.89
   1.34500  864.10 279.80   6.66   0.00  88.00   0.49 343.24 242.18
   1.29900  869.00 278.80   7.09   0.00 100.00   0.00 341.94 242.35
   0.00000    0.00   0.00   0.00   0.00   0.00   0.00   0.00   0.00
   0.00000    0.00   0.00   0.00   0.00   0.00   0.00   0.00   0.00
   0.00000    0.00   0.00   0.00   0.00   0.00   0.00   0.00   0.00
   0.00000    0.00   0.00   0.00   0.00   0.00   0.00   0.00   0.00
   0.00000    0.00   0.00   0.00   0.00   0.00   0.00   0.00   0.00
   0.00000    0.00   0.00   0.00   0.00   0.00   0.00   0.00   0.00
   0.00000    0.00   0.00   0.00   0.00   0.00   0.00   0.00   0.00
   0.00000    0.00   0.00   0.00   0.00   0.00   0.00   0.00   0.00
   0.00000    0.00   0.00   0.00   0.00   0.00   0.00   0.00   0.00
   0.00000    0.00   0.00   0.00   0.00   0.00*******   0.00   0.00
   0.00000    0.00   0.00   0.00   0.00   0.00   0.00   0.00   0.00
   0.00000    0.00   0.00   0.00   0.00   0.00   0.00   0.00   0.00
   0.00000    0.00   0.00   0.00   0.00   0.00   0.00   0.00   0.00
   0.00000    0.00   0.00   0.00   0.00   0.00   0.00   0.00   0.00
