      z       p      T     wv     O3     RH   Aer.  LW_up  LW_dn
 100.00    0.00 210.70   0.00   0.00   0.00   0.00 275.73   0.00
  70.00    0.07 219.10   0.00   0.00   0.00   0.00 275.73   0.01
  50.00    0.95 276.20   0.00   0.00   0.00   0.00 275.84   0.41
  45.00    1.76 269.70   0.00   0.00   0.00   0.00 275.69   1.05
  40.00    3.33 257.50   0.00   0.00   0.00   0.00 275.35   1.97
  35.00    6.52 245.30   0.00   0.00   0.01   0.00 274.81   3.31
  30.00   13.20 234.20   0.00   0.00   0.04   0.00 274.02   5.36
  21.34   46.20 213.00   0.00   0.00   1.00   0.00 270.97  10.56
  21.03   48.50 212.10   0.00   0.00   1.00   0.00 270.86  10.63
  20.63   51.70 209.80   0.00   0.00   1.00   0.00 270.74  10.69
  19.91   58.10 211.20   0.00   0.00   2.00   0.01 270.55  11.12
  19.73   59.90 209.20   0.00   0.00   3.00   0.01 270.38  11.24
  19.51   62.10 204.80   0.00   0.00   4.00   0.01 270.22  11.22
  18.90   68.80 200.80   0.00   0.00   5.00   0.01 270.26  11.15
  18.37   75.30 202.80   0.00   0.00   6.00   0.01 270.57  11.46
  17.98   80.40 201.10   0.00   0.00   6.00   0.01 270.71  11.67
  17.09   93.50 203.40   0.00   0.00   8.00   0.01 271.36  12.58
  16.46  104.00 202.00   0.00   0.00  13.00   0.01 271.72  13.29
  16.29  107.00 202.80   0.00   0.00  13.00   0.01 271.86  13.54
  16.13  110.00 200.80   0.00   0.00  15.00   0.01 271.97  13.67
  15.56  121.00 203.80   0.00   0.00  19.00   0.01 272.85  14.68
  15.13  130.00 203.20   0.00   0.00  30.00   0.01 273.52  15.62
  14.78  138.00 206.00   0.00   0.00  27.00   0.01 274.43  16.78
  14.27  150.00 208.80   0.00   0.00  24.00   0.01 275.71  18.77
  13.68  165.00 212.20   0.00   0.00  14.00   0.01 277.40  21.23
  13.41  172.30 214.80   0.00   0.00  11.00   0.01 278.32  22.51
  13.00  184.00 218.80   0.00   0.00   8.00   0.01 279.59  24.78
  12.86  188.00 218.80   0.00   0.00   8.00   0.01 279.92  25.48
  12.46  200.00 221.80   0.00   0.00   6.00   0.01 281.10  27.64
  12.23  207.00 223.20   0.01   0.00   9.00   0.01 281.68  29.09
  12.02  214.00 223.40   0.01   0.00  14.00   0.02 282.24  30.74
  11.89  218.20 224.20   0.01   0.00  16.00   0.02 282.70  31.93
  11.45  233.00 226.80   0.03   0.00  28.00   0.02 284.56  37.28
  10.98  250.00 230.80   0.03   0.00  20.00   0.02 287.04  44.04
  10.74  259.00 233.00   0.03   0.00  16.00   0.02 288.13  47.28
  10.56  266.00 233.80   0.04   0.00  19.00   0.02 288.72  49.67
  10.36  274.00 233.80   0.10   0.00  53.00   0.02 289.49  53.25
  10.01  288.00 236.40   0.14   0.00  60.00   0.03 292.00  61.67
   9.89  293.00 237.20   0.14   0.00  54.00   0.03 292.92  64.43
   9.73  300.00 238.60   0.16   0.00  54.00   0.03 294.24  68.08
   9.64  304.00 239.60   0.18   0.00  55.00   0.03 294.96  70.26
   9.57  307.00 240.00   0.17   0.00  49.00   0.03 295.38  71.78
   9.55  308.00 240.00   0.11   0.00  32.00   0.03 295.49  72.15
   9.48  311.00 240.40   0.16   0.00  45.00   0.03 295.81  73.26
   9.43  313.00 240.20   0.12   0.00  36.00   0.03 295.96  73.96
   9.39  315.00 239.80   0.20   0.00  61.00   0.03 296.20  74.57
   9.34  317.00 240.40   0.28   0.00  80.00   0.03 296.69  75.59
   9.26  321.00 241.20   0.27   0.00  72.00   0.03 297.65  77.92
   9.19  324.00 242.00   0.34   0.00  84.00   0.03 298.38  79.77
   9.10  328.00 242.60   0.34   0.00  79.00   0.03 299.32  82.25
   9.06  330.00 243.20   0.39   0.00  85.00   0.04 299.83  83.52
   8.25  369.00 249.60   0.50   0.00  63.00   0.05 309.03 105.06
   8.19  372.00 250.00   0.53   0.00  64.00   0.05 309.60 106.52
   8.10  377.00 250.60   0.64   0.00  74.00   0.07 310.53 108.97
   7.88  388.00 252.00   0.77   0.00  79.00   0.08 312.70 114.82
   7.79  393.00 252.00   0.68   0.00  70.00   0.08 313.55 117.08
   7.70  398.00 252.80   0.86   0.00  83.00   0.08 314.67 119.47
   7.66  400.00 253.00   0.89   0.00  84.00   0.08 315.11 120.55
   7.59  404.00 253.40   0.94   0.00  86.00   0.08 316.00 122.68
   7.50  409.00 254.00   1.15   0.00  99.99   0.08 317.16 125.50
   7.19  426.00 255.20   1.27   0.00  99.99   0.14 321.60 135.00
   6.40  473.00 261.60   1.68   0.00  80.00   0.16 338.82 162.80
   5.97  500.00 264.80   2.24   0.00  84.00   0.19 348.05 177.02
   5.17  553.00 272.40   2.53   0.00  55.00   0.21 369.13 206.69
   4.89  573.00 274.30   2.88   0.00  55.00   0.23 375.68 215.78
   4.41  608.00 278.80   2.76   0.00  39.00   0.23 388.85 232.51
   4.26  619.00 280.10   3.24   0.00  42.00   0.25 392.87 237.73
   3.66  665.20 285.80   3.11   0.00  28.00   0.26 410.43 260.30
   3.23  700.00 289.90   3.13   0.00  22.00   0.26 422.73 276.47
   3.01  718.00 291.80   2.87   0.00  18.00   0.36 428.45 284.38
   2.86  731.00 292.80   1.86   0.00  11.00   0.37 431.67 288.89
   2.74  741.00 293.50   2.12   0.00  12.00   0.37 433.94 291.97
   2.44  767.70 295.80   2.82   0.00  14.00   0.45 440.95 301.74
   1.83  822.80 301.00   2.70   0.00  10.00   0.65 455.72 324.78
   1.39  865.00 304.80   2.99   0.00   9.00   0.65 463.40 343.15
   1.27  876.00 303.90   5.06   0.00  16.00   0.65 461.78 345.51
   1.22  881.40 304.10   5.11   0.00  16.00   0.76 462.00 347.29
   0.92  912.00 305.10   5.73   0.00  17.00   1.04 460.87 358.74
   0.89  914.10 305.20   5.76   0.00  17.00   1.04 460.42 359.65
   0.87  916.30 305.20   5.76   0.00  17.00   1.04 459.73 360.44
   0.85  918.50 305.30   5.79   0.00  17.00   1.04 458.89 361.27
   0.83  920.70 305.10   6.07   0.00  18.00   1.04 457.29 361.81
   0.81  923.00 304.30   6.46   0.00  20.00   1.04 454.87 361.47
   0.78  925.30 303.40   7.08   0.00  23.00   1.04 452.15 360.55
   0.76  927.60 302.10   7.17   0.00  25.00   1.04 449.01 358.87
   0.74  929.90 300.70   7.17   0.00  27.00   1.04 446.21 356.68
   0.72  932.20 299.50   6.95   0.00  28.00   1.04 444.14 354.40
   0.70  934.50 299.10   6.80   0.00  28.00   1.04 443.10 353.05
   0.68  936.80 298.70   6.65   0.00  28.00   1.04 442.07 352.09
   0.65  939.20 298.30   6.50   0.00  28.00   1.04 441.00 351.27
   0.63  941.50 297.50   7.10   0.00  32.00   1.04 439.67 349.97
   0.61  943.90 296.80   7.68   0.00  36.00   0.00 438.78 348.58
   0.00    0.00   0.00   0.00   0.00   0.00   0.00   0.00   0.00
   0.00    0.00   0.00   0.00   0.00   0.00   0.00   0.00   0.00
   0.00    0.00   0.00   0.00   0.00   0.00   0.00   0.00   0.00
   0.00    0.00   0.00   0.00   0.00   0.00*******   0.00   0.00
   0.00    0.00   0.00   0.00   0.00   0.00   0.00   0.00   0.00
   0.00    0.00   0.00   0.00   0.00   0.00   0.00   0.00   0.00
   0.00    0.00   0.00   0.00   0.00   0.00   0.00   0.00   0.00
   0.00    0.00   0.00   0.00   0.00   0.00   0.00   0.00   0.00
