      z       p      T     wv     O3     RH   Aer.  LW_up  LW_dn
 100.00    0.00 210.70   0.00   0.00   0.00   0.00 288.10   0.00
  70.00    0.07 219.10   0.00   0.00   0.00   0.00 288.10   0.01
  50.00    0.95 276.20   0.00   0.00   0.00   0.00 288.22   0.41
  45.00    1.76 269.70   0.00   0.00   0.00   0.00 288.06   1.04
  40.00    3.33 257.50   0.00   0.00   0.00   0.00 287.72   1.96
  35.00    6.52 245.30   0.00   0.00   0.00   0.00 287.18   3.27
  30.00   13.20 234.20   0.00   0.00   0.02   0.00 286.36   5.26
  22.86   36.30 216.00   0.00   0.00   2.00   0.00 284.19   9.78
  22.55   38.00 215.40   0.00   0.00   2.00   0.00 284.17   9.97
  22.03   41.30 217.20   0.00   0.00   1.00   0.00 284.14  10.40
  21.34   46.10 214.80   0.00   0.00   1.00   0.00 283.95  10.85
  20.83   50.00 214.60   0.00   0.00   1.00   0.00 283.87  11.18
  20.69   51.10 214.40   0.00   0.00   1.00   0.00 283.85  11.27
  20.42   53.40 215.10   0.00   0.00   1.00   0.00 283.80  11.50
  19.80   58.90 213.40   0.00   0.00   1.00   0.01 283.50  11.94
  19.58   61.10 210.60   0.00   0.00   2.00   0.01 283.37  12.01
  18.96   67.50 208.20   0.00   0.00   2.00   0.01 283.33  12.21
  18.74   70.00 209.40   0.00   0.00   3.00   0.01 283.37  12.38
  18.29   75.40 207.30   0.00   0.00   3.00   0.01 283.31  12.66
  16.59  100.00 205.40   0.00   0.00   7.00   0.01 283.64  13.97
  16.30  105.00 206.00   0.00   0.00  10.00   0.01 283.69  14.35
  16.18  107.00 204.00   0.00   0.00  12.00   0.01 283.63  14.42
  15.96  111.00 201.80   0.00   0.00  13.00   0.01 283.72  14.45
  15.45  121.00 204.80   0.00   0.00  16.00   0.01 284.36  15.19
  15.24  125.30 204.40   0.00   0.00  17.00   0.01 284.49  15.56
  15.16  127.00 203.60   0.00   0.00  19.00   0.01 284.55  15.66
  14.94  131.80 204.40   0.00   0.00  22.00   0.01 284.81  16.06
  14.75  136.00 203.00   0.00   0.00  22.00   0.01 285.01  16.30
  14.63  138.70 203.80   0.00   0.00  23.00   0.01 285.25  16.51
  14.24  148.00 206.40   0.00   0.00  27.00   0.01 286.01  17.62
  13.92  156.00 206.80   0.00   0.00  37.00   0.01 286.51  18.73
  13.77  160.00 205.60   0.00   0.00  49.00   0.01 286.79  19.19
  13.59  165.00 206.60   0.00   0.00  49.00   0.01 287.39  19.90
  12.85  186.00 212.80   0.01   0.00  37.00   0.01 290.25  24.17
  12.40  200.00 216.60   0.01   0.00  31.00   0.01 292.17  27.54
  11.64  225.00 223.20   0.02   0.00  38.00   0.01 296.08  35.44
  10.94  250.00 228.80   0.03   0.00  28.00   0.01 300.26  44.33
  10.42  270.00 233.20   0.04   0.00  24.00   0.01 303.62  51.35
  10.10  283.00 235.20   0.07   0.00  31.00   0.02 305.82  56.22
   9.69  300.00 238.80   0.09   0.00  29.00   0.02 309.38  63.38
   9.45  310.30 240.90   0.10   0.00  26.00   0.02 311.58  67.78
   8.63  348.00 248.20   0.13   0.00  19.00   0.03 319.62  83.10
   7.85  387.00 254.60   0.28   0.00  23.00   0.05 328.22 100.48
   7.62  398.90 255.90   0.42   0.00  31.00   0.05 331.11 106.60
   7.56  402.00 256.20   0.43   0.00  31.00   0.05 332.02 108.22
   7.38  412.00 257.80   0.25   0.00  16.00   0.05 334.85 112.69
   7.30  416.00 258.20   0.29   0.00  18.00   0.05 335.83 114.13
   7.21  421.00 258.60   0.07   0.00   4.00   0.07 336.76 115.32
   6.76  447.00 261.60   0.08   0.00   4.00   0.09 340.21 120.38
   6.45  465.00 262.40   0.16   0.00   7.00   0.09 342.40 124.20
   6.10  486.90 265.20   0.27   0.00  10.00   0.11 346.61 131.13
   5.43  530.00 270.40   0.60   0.00  15.00   0.12 356.65 149.66
   5.18  546.70 272.80   0.66   0.00  14.00   0.13 361.29 158.35
   4.47  597.00 279.10   0.80   0.00  11.00   0.14 374.32 182.53
   4.31  609.00 280.50   0.32   0.00   4.00   0.14 376.37 186.92
   4.27  612.30 280.50   0.40   0.00   5.00   0.14 376.60 187.73
   4.09  626.00 280.80   1.05   0.00  13.00   0.15 378.46 191.99
   3.96  635.50 281.80   0.43   0.00   5.00   0.15 380.59 195.34
   3.87  643.00 282.50   0.18   0.00   2.00   0.15 381.64 197.04
   3.66  659.20 283.60   0.19   0.00   2.00   0.15 383.02 200.08
   3.38  682.00 283.90   0.20   0.00   2.00   0.15 383.89 203.40
   3.35  684.00 283.80   0.29   0.00   3.00   0.15 383.94 203.64
   3.21  696.00 283.90   0.39   0.00   4.00   0.15 384.53 205.51
   3.09  706.00 283.90   1.28   0.00  13.00   0.21 385.41 207.99
   2.62  747.00 287.50   1.60   0.00  13.00   0.22 393.54 226.76
   2.47  760.00 287.90   2.90   0.00  23.00   0.22 395.38 233.08
   2.13  790.50 290.80   3.61   0.00  24.00   0.36 402.95 252.41
   1.51  850.00 295.90   5.07   0.00  25.00   0.39 415.85 287.91
   1.45  856.00 296.50   4.61   0.00  22.00   0.39 416.70 291.45
   1.39  862.00 296.30   5.60   0.00  27.00   0.39 416.84 293.93
   1.35  866.00 296.80   4.05   0.00  19.00   0.39 417.70 295.94
   1.06  895.00 298.80   3.10   0.00  13.00   0.53 420.12 307.16
   0.91  910.20 298.60   4.49   0.00  19.00   0.63 418.32 311.01
   0.77  925.00 298.50   6.11   0.00  26.00   0.63 413.88 315.30
   0.71  932.00 294.50   9.91   0.00  53.00   0.63 405.72 311.47
   0.60  943.00 293.30  10.46   0.00  60.00   0.63 400.41 311.33
   0.55  949.00 291.80   8.30   0.00  52.00   0.63 396.11 310.24
   0.49  955.40 289.50  11.41   0.00  82.00   0.63 391.39 307.27
   0.48  956.80 289.20  11.75   0.00  86.00   0.63 390.79 306.80
   0.47  958.10 289.00  11.88   0.00  88.00   0.63 390.33 306.56
   0.46  959.40 288.80  12.00   0.00  90.00   0.63 389.84 306.41
   0.45  960.70 288.50  12.04   0.00  92.00   0.63 389.33 306.21
   0.43  962.00 288.30  12.29   0.00  95.00   0.63 388.97 306.09
   0.42  963.40 288.10  12.27   0.00  96.00   0.63 388.73 306.03
   0.41  964.70 288.10  12.39   0.00  97.00   0.63 388.65 306.22
   0.40  966.00 288.00  12.32   0.00  97.00   0.63 388.51 306.44
   0.39  967.40 288.00  12.45   0.00  98.00   0.63 388.45 306.74
   0.38  968.70 287.90  12.37   0.00  98.00   0.63 388.33 307.04
   0.36  970.00 287.90  12.50   0.00  99.00   0.63 388.28 307.43
   0.35  971.30 287.80  12.42   0.00  99.00   0.63 388.18 307.80
   0.34  972.70 287.80  12.54   0.00  99.99   0.63 388.18 308.21
   0.33  974.00 287.80  12.54   0.00  99.99   0.00 388.13 308.70
   0.00    0.00   0.00   0.00   0.00   0.00   0.00   0.00   0.00
   0.00    0.00   0.00   0.00   0.00   0.00   0.00   0.00   0.00
   0.00    0.00   0.00   0.00   0.00   0.00   0.00   0.00   0.00
   0.00    0.00   0.00   0.00   0.00   0.00*******   0.00   0.00
   0.00    0.00   0.00   0.00   0.00   0.00   0.00   0.00   0.00
   0.00    0.00   0.00   0.00   0.00   0.00   0.00   0.00   0.00
   0.00    0.00   0.00   0.00   0.00   0.00   0.00   0.00   0.00
   0.00    0.00   0.00   0.00   0.00   0.00   0.00   0.00   0.00
