      z       p      T     wv     O3     RH   Aer.  LW_up  LW_dn
 100.00    0.00 210.70   0.00   0.00   0.00   0.00 272.72   0.00
  70.00    0.07 219.10   0.00   0.00   0.00   0.00 272.72   0.01
  50.00    0.95 276.20   0.00   0.00   0.00   0.00 272.84   0.41
  45.00    1.76 269.70   0.00   0.00   0.00   0.00 272.68   1.04
  40.00    3.33 257.50   0.00   0.00   0.00   0.00 272.34   1.96
  35.00    6.52 245.30   0.00   0.00   0.00   0.00 271.80   3.28
  27.43   17.70 228.00   0.00   0.00   1.00   0.00 269.95   7.51
  26.62   20.00 226.80   0.00   0.00   1.00   0.00 269.68   8.22
  25.73   22.90 222.60   0.00   0.00   1.00   0.00 269.32   8.83
  24.89   26.10 218.00   0.00   0.00   1.00   0.00 269.08   9.19
  24.38   28.20 217.80   0.00   0.00   1.00   0.00 269.03   9.43
  24.00   30.00 217.60   0.00   0.00   1.00   0.00 269.00   9.65
  23.47   32.60 218.00   0.00   0.00   1.00   0.00 268.95  10.02
  23.11   34.50 218.20   0.00   0.00   1.00   0.00 268.88  10.30
  22.48   38.10 217.60   0.00   0.00   1.00   0.00 268.68  10.79
  21.95   41.40 214.90   0.00   0.00   1.00   0.00 268.46  11.08
  21.34   45.60 214.00   0.00   0.00   1.00   0.00 268.26  11.41
  21.00   48.20 212.40   0.00   0.00   1.00   0.00 268.09  11.56
  20.77   50.00 210.40   0.00   0.00   1.00   0.00 267.99  11.60
  20.23   54.60 208.40   0.00   0.00   2.00   0.01 267.89  11.72
  19.81   58.50 209.40   0.00   0.00   2.00   0.01 267.88  11.98
  18.73   70.00 203.00   0.00   0.00   4.00   0.01 267.70  12.33
  18.29   75.40 201.80   0.00   0.00   4.00   0.01 267.88  12.42
  16.79   96.90 206.00   0.00   0.00   3.00   0.01 269.09  13.81
  16.60  100.00 205.20   0.00   0.00   2.00   0.01 269.22  13.98
  16.02  110.00 208.80   0.00   0.00   2.00   0.01 269.88  14.84
  15.91  112.00 209.60   0.00   0.00   3.00   0.01 269.97  15.07
  15.54  119.00 210.60   0.00   0.00   4.00   0.01 270.06  15.83
  15.24  125.00 206.40   0.00   0.00   6.00   0.00 269.94  16.03
  15.24  125.00 206.40   0.00   0.00   6.00   0.01 269.94  16.03
  15.05  129.00 205.40   0.00   0.00   7.00   0.01 270.13  16.10
  14.33  145.20 209.60   0.00   0.00   6.00   0.01 271.36  17.42
  14.13  150.00 210.80   0.00   0.00   5.00   0.01 271.67  17.93
  13.73  160.00 212.60   0.00   0.00  11.00   0.01 272.18  19.22
  13.61  163.00 211.80   0.00   0.00  14.00   0.01 272.27  19.61
  13.43  168.00 212.80   0.00   0.00  17.00   0.01 272.55  20.42
  13.24  173.00 212.20   0.00   0.00  22.00   0.01 272.75  21.22
  13.06  178.00 213.40   0.01   0.00  40.00   0.01 273.02  22.38
  12.96  181.00 211.40   0.01   0.00  53.00   0.01 273.09  23.04
  12.66  190.00 212.20   0.01   0.00  70.00   0.01 273.98  25.25
  12.60  192.00 211.60   0.01   0.00  70.00   0.01 274.20  25.71
  12.34  200.00 213.60   0.01   0.00  59.00   0.01 275.40  27.69
  12.15  206.00 215.40   0.01   0.00  53.00   0.01 276.31  29.30
  11.77  219.00 218.20   0.02   0.00  54.00   0.01 278.31  33.01
  11.40  232.00 221.60   0.01   0.00  29.00   0.01 280.44  36.59
  10.91  250.00 226.40   0.02   0.00  21.00   0.02 283.19  41.35
  10.52  265.00 230.00   0.03   0.00  20.00   0.02 285.32  45.78
  10.19  278.00 232.60   0.05   0.00  30.00   0.02 287.08  50.47
  10.06  283.60 233.30   0.07   0.00  39.00   0.02 287.82  52.90
   9.90  290.00 234.20   0.10   0.00  53.00   0.02 288.84  56.13
   9.67  300.00 236.20   0.13   0.00  54.00   0.02 290.70  61.57
   9.20  321.00 240.00   0.23   0.00  67.00   0.02 294.64  72.96
   9.11  325.00 240.00   0.31   0.00  91.00   0.02 295.29  75.20
   9.07  327.00 240.20   0.32   0.00  93.00   0.03 295.76  76.39
   8.61  349.00 244.00   0.44   0.00  91.00   0.05 301.98  89.51
   7.66  398.00 252.60   0.50   0.00  49.00   0.07 316.88 114.33
   7.62  400.00 252.80   0.51   0.00  49.00   0.07 317.36 115.19
   7.47  408.00 253.40   0.37   0.00  34.00   0.07 319.18 117.93
   7.32  416.50 254.80   0.41   0.00  33.00   0.11 321.30 120.88
   5.92  500.00 267.40   1.03   0.00  32.00   0.15 347.18 157.67
   5.49  527.80 271.30   0.85   0.00  20.00   0.16 356.89 171.18
   4.88  569.40 276.90   0.63   0.00  10.00   0.18 369.69 187.76
   4.52  595.00 280.10   0.54   0.00   7.00   0.18 376.47 196.87
   4.32  610.00 281.80   0.17   0.00   2.00   0.18 379.00 201.03
   4.00  634.00 282.50   0.81   0.00   9.00   0.20 381.99 206.61
   3.96  636.80 282.80   0.73   0.00   8.00   0.20 382.70 207.60
   3.17  700.00 289.80   0.99   0.00   7.00   0.26 398.68 232.71
   2.74  735.70 293.40   0.88   0.00   5.00   0.29 406.10 247.12
   2.44  762.10 295.40   1.18   0.00   6.00   0.29 409.62 257.15
   2.24  780.00 296.10   1.43   0.00   7.00   0.29 410.13 263.48
   2.13  789.40 295.10   2.13   0.00  11.00   0.39 409.03 265.34
   1.90  811.00 295.30   4.50   0.00  23.00   0.52 410.29 274.25
   1.53  846.00 298.30   3.95   0.00  17.00   0.52 415.52 295.08
   1.23  876.00 298.80   5.25   0.00  22.00   0.52 412.50 307.37
   1.18  881.00 298.10   5.97   0.00  26.00   0.52 409.82 308.33
   1.08  891.00 294.80  10.08   0.00  53.00   0.52 401.99 306.64
   1.02  896.80 294.20   9.74   0.00  53.00   0.55 399.76 307.23
   1.00  899.30 294.00   9.62   0.00  53.00   0.82 398.86 307.75
   0.97  901.80 293.70   9.46   0.00  53.00   0.82 398.00 308.18
   0.95  904.40 293.60   9.40   0.00  53.00   0.82 397.46 308.78
   0.92  906.90 293.70   8.92   0.00  50.00   0.82 397.08 309.72
   0.90  909.50 293.80   8.61   0.00  48.00   0.82 396.66 310.70
   0.88  912.10 293.90   8.30   0.00  46.00   0.82 396.12 311.69
   0.85  914.60 294.00   7.99   0.00  44.00   0.82 395.40 312.70
   0.83  917.20 294.10   7.49   0.00  41.00   0.82 394.45 313.64
   0.80  919.80 294.00   7.26   0.00  40.00   0.82 393.00 314.29
   0.78  922.40 293.70   6.78   0.00  38.00   0.82 390.96 314.58
   0.75  925.00 293.30   6.45   0.00  37.00   0.82 388.15 314.54
   0.73  927.60 290.70  10.31   0.00  69.00   0.82 382.69 311.77
   0.70  930.30 287.10  10.94   0.00  91.00   0.82 376.78 306.22
   0.68  933.00 285.10  10.62   0.00  99.99   0.00 374.34 301.96
   0.00    0.00   0.00   0.00   0.00   0.00   0.00   0.00   0.00
   0.00    0.00   0.00   0.00   0.00   0.00   0.00   0.00   0.00
   0.00    0.00   0.00   0.00   0.00   0.00   0.00   0.00   0.00
   0.00    0.00   0.00   0.00   0.00   0.00   0.00   0.00   0.00
   0.00    0.00   0.00   0.00   0.00   0.00*******   0.00   0.00
   0.00    0.00   0.00   0.00   0.00   0.00   0.00   0.00   0.00
   0.00    0.00   0.00   0.00   0.00   0.00   0.00   0.00   0.00
   0.00    0.00   0.00   0.00   0.00   0.00   0.00   0.00   0.00
   0.00    0.00   0.00   0.00   0.00   0.00   0.00   0.00   0.00
