 Sounding NKX 20150723-12UTC                                                     
      z       p      T     wv     O3     RH   Aer.  LW_up  LW_dn
 100.00000    0.00 210.70   0.00   0.00   0.00   0.00 295.35   0.00
  70.00000    0.07 219.10   0.00   0.00   0.00   0.00 295.36   0.01
  50.00000    0.95 276.20   0.00   0.00   0.00   0.00 295.47   0.41
  45.00000    1.76 269.70   0.00   0.00   0.00   0.00 295.31   1.05
  40.00000    3.33 257.50   0.00   0.00   0.00   0.00 294.99   1.97
  30.78500   11.00 232.40   0.00   0.00   1.00   0.00 293.19   6.04
  30.48000   11.60 232.00   0.00   0.00   1.00   0.00 293.13   6.29
  29.88900   12.60 231.20   0.00   0.00   1.00   0.00 292.98   6.77
  29.22900   13.90 227.80   0.00   0.00   1.00   0.00 292.83   7.24
  27.93100   16.90 225.80   0.00   0.00   1.00   0.00 292.60   8.11
  27.73700   17.40 224.90   0.00   0.00   1.00   0.00 292.55   8.23
  27.06100   19.30 221.80   0.00   0.00   1.00   0.00 292.45   8.59
  26.82200   20.00 221.60   0.00   0.00   1.00   0.00 292.45   8.72
  25.29800   25.30 223.20   0.00   0.00   1.00   0.00 292.35   9.86
  24.38400   29.10 220.80   0.00   0.00   1.00   0.00 292.16  10.58
  24.07900   30.50 220.50   0.00   0.00   1.00   0.00 292.12  10.80
  23.47000   33.50 219.60   0.00   0.00   1.00   0.00 292.02  11.26
  22.60200   38.40 218.40   0.00   0.00   1.00   0.00 291.89  11.92
  22.45300   39.30 219.40   0.00   0.00   1.00   0.00 291.87  12.06
  22.12000   41.40 217.00   0.00   0.00   1.00   0.00 291.76  12.28
  21.64100   44.60 217.30   0.00   0.00   1.00   0.00 291.71  12.63
  21.33600   46.80 217.00   0.00   0.00   1.00   0.00 291.62  12.88
  20.79600   51.00 214.40   0.00   0.00   1.00   0.00 291.47  13.18
  20.42200   54.10 215.10   0.00   0.00   1.00   0.00 291.45  13.44
  20.11700   56.80 214.80   0.00   0.00   1.00   0.01 291.36  13.68
  19.52200   62.50 211.40   0.00   0.00   1.00   0.02 291.24  14.01
  18.82000   70.00 212.00   0.00   0.00   2.00   0.02 291.29  14.59
  18.51800   73.50 210.40   0.00   0.00   3.00   0.02 291.18  14.82
  18.29700   76.20 207.20   0.00   0.00   3.00   0.02 291.11  14.84
  17.90300   81.30 207.40   0.00   0.00   3.00   0.02 291.24  15.02
  17.76300   83.20 205.80   0.00   0.00   4.00   0.02 291.27  15.05
  17.22600   90.90 208.40   0.00   0.00   5.00   0.02 291.57  15.61
  17.04700   93.60 207.60   0.00   0.00   7.00   0.02 291.50  15.81
  16.92600   95.50 203.80   0.00   0.00   8.00   0.02 291.44  15.78
  16.65000  100.00 205.20   0.00   0.00   9.00   0.02 291.65  15.94
  16.59000  101.00 203.60   0.00   0.00  10.00   0.02 291.65  15.95
  16.47300  103.00 203.20   0.00   0.00  10.00   0.02 291.76  15.98
  16.02600  111.00 205.00   0.00   0.00  12.00   0.02 292.28  16.49
  15.71000  117.00 204.60   0.00   0.00  16.00   0.02 292.54  16.92
  15.46000  122.00 203.20   0.00   0.00  16.00   0.02 292.79  17.16
  15.03500  131.00 203.80   0.00   0.00  16.00   0.01 293.49  17.68
  14.94500  133.00 203.00   0.00   0.00  16.00   0.01 293.65  17.77
  14.81200  136.00 203.80   0.00   0.00  12.00   0.01 293.97  17.93
  14.02100  154.90 209.60   0.00   0.00   7.00   0.01 296.02  19.76
  12.68200  192.00 218.60   0.00   0.00   8.00   0.02 300.17  25.13
  11.88700  216.70 224.40   0.00   0.00   7.00   0.02 303.31  30.28
  10.59400  263.00 234.20   0.01   0.00   4.00   0.02 309.14  40.97
  10.28700  275.00 235.20   0.02   0.00  10.00   0.03 310.58  44.49
   9.14400  323.00 244.70   0.03   0.00   5.00   0.06 318.73  61.03
   7.59000  400.00 257.00   0.07   0.00   5.00   0.10 332.19  88.09
   7.18400  422.00 259.00   0.09   0.00   5.00   0.17 335.79  96.29
   6.09600  485.80 267.60   0.10   0.00   3.00   0.21 347.84 119.57
   5.87000  500.00 268.80   0.14   0.00   4.00   0.23 350.02 124.77
   5.05500  554.00 274.50   0.21   0.00   4.00   0.26 359.12 146.31
   4.87700  566.40 274.80   0.38   0.00   7.00   0.27 360.75 151.55
   4.19700  616.00 278.90   0.14   0.00   2.00   0.29 367.68 168.80
   3.86000  642.00 279.10   0.94   0.00  13.00   0.30 370.02 178.00
   3.41100  678.00 282.90   0.83   0.00   9.00   0.30 377.80 197.86
   3.08700  705.00 284.50   0.61   0.00   6.00   0.38 381.16 207.94
   2.84200  726.00 285.30   1.51   0.00  14.00   0.43 383.55 216.17
   2.56800  750.00 287.30   1.46   0.00  12.00   0.43 387.02 228.33
   2.24900  779.00 286.80   5.55   0.00  47.00   0.43 387.55 243.89
   2.13400  789.60 287.40   5.26   0.00  43.00   0.53 389.32 252.07
   1.94000  808.00 288.50   6.68   0.00  51.00   0.77 392.34 265.19
   1.77300  824.00 289.30   7.15   0.00  52.00   0.77 394.51 276.22
   1.66000  835.00 289.50   7.65   0.00  55.00   0.77 395.49 282.55
   1.57200  843.70 290.00   7.45   0.00  52.00   0.77 396.76 287.56
   1.53500  847.40 290.20   7.40   0.00  51.00   0.77 397.24 289.57
   1.49700  851.10 290.40   7.63   0.00  52.00   0.77 397.75 291.61
   1.46000  854.80 290.70   8.07   0.00  54.00   0.77 398.31 293.79
   1.42200  858.60 291.00   8.37   0.00  55.00   0.77 398.77 296.15
   1.38500  862.30 291.20   8.47   0.00  55.00   0.77 399.04 298.35
   1.34700  866.10 291.50   7.99   0.00  51.00   0.77 399.28 300.59
   1.31000  869.90 291.70   7.46   0.00  47.00   0.77 399.24 302.52
   1.27300  873.70 291.90   6.90   0.00  43.00   0.77 398.87 304.25
   1.23500  877.50 291.60   6.62   0.00  42.00   0.77 397.73 305.22
   1.19800  881.30 291.20   6.62   0.00  43.00   0.77 396.29 305.69
   1.16000  885.20 290.10   8.08   0.00  56.00   0.77 394.06 305.15
   1.12300  889.10 288.90   9.12   0.00  68.00   0.77 392.22 304.07
   1.08500  893.10 288.60  11.06   0.00  84.00   0.77 391.67 304.14
   1.04800  897.00 288.30  12.93   0.00  99.99   0.00 391.36 305.13
   0.00000    0.00   0.00   0.00   0.00   0.00   0.00   0.00   0.00
   0.00000    0.00   0.00   0.00   0.00   0.00   0.00   0.00   0.00
   0.00000    0.00   0.00   0.00   0.00   0.00   0.00   0.00   0.00
   0.00000    0.00   0.00   0.00   0.00   0.00   0.00   0.00   0.00
   0.00000    0.00   0.00   0.00   0.00   0.00   0.00   0.00   0.00
   0.00000    0.00   0.00   0.00   0.00   0.00   0.00   0.00   0.00
   0.00000    0.00   0.00   0.00   0.00   0.00   0.00   0.00   0.00
   0.00000    0.00   0.00   0.00   0.00   0.00   0.00   0.00   0.00
   0.00000    0.00   0.00   0.00   0.00   0.00   0.00   0.00   0.00
   0.00000    0.00   0.00   0.00   0.00   0.00   0.00   0.00   0.00
   0.00000    0.00   0.00   0.00   0.00   0.00   0.00   0.00   0.00
   0.00000    0.00   0.00   0.00   0.00   0.00   0.00   0.00   0.00
   0.00000    0.00   0.00   0.00   0.00   0.00   0.00   0.00   0.00
   0.00000    0.00   0.00   0.00   0.00   0.00   0.00   0.00   0.00
   0.00000    0.00   0.00   0.00   0.00   0.00*******   0.00   0.00
   0.00000    0.00   0.00   0.00   0.00   0.00   0.00   0.00   0.00
   0.00000    0.00   0.00   0.00   0.00   0.00   0.00   0.00   0.00
   0.00000    0.00   0.00   0.00   0.00   0.00   0.00   0.00   0.00
   0.00000    0.00   0.00   0.00   0.00   0.00   0.00   0.00   0.00
