      z       p      T     wv     O3     RH   Aer.  LW_up  LW_dn
 100.00    0.00 210.70   0.00   0.00   0.00   0.00 296.92   0.00
  70.00    0.07 219.10   0.00   0.00   0.00   0.00 296.92   0.01
  50.00    0.95 276.20   0.00   0.00   0.00   0.00 297.04   0.41
  45.00    1.76 269.70   0.00   0.00   0.00   0.00 296.88   1.05
  40.00    3.33 257.50   0.00   0.00   0.00   0.00 296.54   1.98
  35.00    6.52 245.30   0.00   0.00   0.01   0.00 295.99   3.33
  30.00   13.20 234.20   0.00   0.00   0.05   0.00 295.17   5.42
  25.00   27.70 224.20   0.00   0.00   0.29   0.01 294.02   8.52
  18.98   67.50 207.20   0.00   0.00   2.00   0.02 292.00  12.19
  18.76   70.00 207.40   0.00   0.00   3.00   0.02 292.01  12.30
  18.29   75.70 205.50   0.00   0.00   5.00   0.02 291.98  12.55
  17.98   79.60 203.90   0.00   0.00   6.00   0.02 291.99  12.67
  17.60   84.90 204.00   0.00   0.00   8.00   0.02 292.07  12.94
  17.34   88.60 201.20   0.00   0.00  11.00   0.02 292.07  13.02
  16.63  100.00 200.00   0.00   0.00  18.00   0.02 292.56  13.44
  16.46  103.00 199.20   0.00   0.00  17.00   0.02 292.74  13.55
  15.61  119.00 202.80   0.00   0.00  13.00   0.02 294.01  14.75
  15.46  122.00 201.80   0.00   0.00  11.00   0.01 294.20  14.92
  14.64  140.00 206.60   0.00   0.00   8.00   0.01 295.77  16.55
  14.43  145.00 206.80   0.00   0.00  11.00   0.01 296.08  17.03
  14.34  147.00 206.00   0.00   0.00  10.00   0.01 296.22  17.17
  14.22  150.00 207.00   0.00   0.00  11.00   0.01 296.53  17.44
  13.56  167.00 210.80   0.00   0.00  12.00   0.01 298.32  19.59
  13.13  179.00 214.60   0.00   0.00  11.00   0.01 299.72  21.66
  12.80  188.60 215.80   0.00   0.00  13.00   0.01 300.77  23.41
  11.87  218.00 224.00   0.01   0.00   8.00   0.02 304.69  29.92
  10.41  271.00 235.00   0.03   0.00  13.00   0.03 312.91  46.42
   9.70  300.00 241.60   0.02   0.00   5.00   0.03 318.03  56.23
   9.14  324.10 246.30   0.03   0.00   5.00   0.04 321.77  63.70
   8.93  334.00 248.20   0.03   0.00   4.00   0.05 323.18  66.90
   8.53  352.20 250.70   0.03   0.00   4.00   0.06 325.48  72.54
   7.76  391.00 255.60   0.05   0.00   4.00   0.09 329.64  84.70
   7.62  398.40 254.90   0.11   0.00   9.00   0.09 329.94  87.22
   7.32  415.00 255.50   0.22   0.00  17.00   0.09 331.99  95.18
   7.21  421.00 255.80   0.28   0.00  21.00   0.14 333.15  98.51
   6.71  449.50 260.60   0.31   0.00  16.00   0.17 340.63 114.94
   6.40  467.80 263.50   0.34   0.00  14.00   0.18 345.19 124.38
   5.89  500.00 268.40   0.38   0.00  11.00   0.21 352.43 139.98
   5.58  520.00 271.00   0.46   0.00  11.00   0.21 355.69 149.56
   5.28  540.00 271.40   0.86   0.00  20.00   0.21 356.88 158.52
   5.19  546.00 270.80   1.77   0.00  43.00   0.21 357.10 161.70
   5.12  551.00 271.40   1.67   0.00  39.00   0.23 358.10 165.53
   4.88  568.10 271.90   2.67   0.00  60.00   0.25 360.70 177.74
   4.79  574.00 272.00   3.09   0.00  69.00   0.25 361.97 182.20
   4.64  585.00 273.00   3.36   0.00  70.00   0.25 365.43 190.91
   4.27  612.80 275.80   3.19   0.00  55.00   0.26 374.69 209.30
   3.66  660.20 280.90   3.09   0.00  38.00   0.27 390.39 233.83
   3.35  685.00 283.80   3.03   0.00  31.00   0.27 398.49 245.70
   3.02  713.00 286.80   3.07   0.00  26.00   0.37 406.28 258.43
   2.90  723.00 287.50   4.68   0.00  38.00   0.39 408.59 263.23
   2.74  736.70 288.60   4.87   0.00  37.00   0.39 412.26 270.56
   2.71  740.00 288.90   4.83   0.00  36.00   0.39 413.14 272.29
   2.44  763.50 290.80   6.47   0.00  43.00   0.39 419.40 285.16
   2.27  779.00 291.90   7.87   0.00  49.00   0.39 423.64 294.41
   2.13  791.00 293.00   8.05   0.00  47.00   0.63 427.50 302.17
   1.51  850.00 298.50   9.16   0.00  39.00   0.70 446.25 340.12
   1.22  878.20 301.00   8.91   0.00  33.00   0.70 453.73 357.13
   1.07  893.00 302.30   8.98   0.00  31.00   1.01 456.81 365.55
   0.79  922.00 303.80   7.55   0.00  24.00   1.12 459.16 378.71
   0.60  941.00 303.90   8.53   0.00  27.00   1.12 457.38 384.46
   0.50  952.00 303.50  11.75   0.00  38.00   1.12 453.65 387.14
   0.42  961.00 300.80  15.48   0.00  58.00   1.12 445.74 384.71
   0.28  976.00 298.50  16.20   0.00  69.00   1.12 437.33 382.95
   0.23  981.00 297.80  17.83   0.00  79.00   1.12 434.37 382.56
   0.21  984.30 296.80  17.70   0.00  83.00   1.12 431.65 381.49
   0.20  984.90 296.70  17.82   0.00  84.00   1.12 431.26 381.32
   0.20  985.40 296.50  17.82   0.00  85.00   1.12 430.82 381.09
   0.19  986.00 296.40  17.72   0.00  85.00   1.12 430.45 380.91
   0.19  986.50 296.20  17.73   0.00  86.00   1.12 430.04 380.67
   0.18  987.10 296.10  17.83   0.00  87.00   1.12 429.68 380.48
   0.18  987.60 295.90  17.63   0.00  87.00   1.12 429.29 380.24
   0.17  988.20 295.80  17.73   0.00  88.00   1.12 428.96 380.04
   0.17  988.70 295.60  17.73   0.00  89.00   1.12 428.58 379.79
   0.16  989.30 295.50  17.82   0.00  90.00   1.12 428.27 379.58
   0.16  989.80 295.30  17.62   0.00  90.00   1.12 427.97 379.34
   0.15  990.40 295.20  17.71   0.00  91.00   1.12 427.72 379.12
   0.15  990.90 295.00  17.70   0.00  92.00   1.12 427.44 378.84
   0.14  991.50 294.90  17.60   0.00  92.00   1.12 427.28 378.62
   0.14  992.00 294.80  17.69   0.00  93.00   0.00 427.13 378.44
   0.00    0.00   0.00   0.00   0.00   0.00   0.00   0.00   0.00
   0.00    0.00   0.00   0.00   0.00   0.00   0.00   0.00   0.00
   0.00    0.00   0.00   0.00   0.00   0.00   0.00   0.00   0.00
   0.00    0.00   0.00   0.00   0.00   0.00   0.00   0.00   0.00
   0.00    0.00   0.00   0.00   0.00   0.00   0.00   0.00   0.00
   0.00    0.00   0.00   0.00   0.00   0.00   0.00   0.00   0.00
   0.00    0.00   0.00   0.00   0.00   0.00   0.00   0.00   0.00
   0.00    0.00   0.00   0.00   0.00   0.00   0.00   0.00   0.00
   0.00    0.00   0.00   0.00   0.00   0.00   0.00   0.00   0.00
   0.00    0.00   0.00   0.00   0.00   0.00   0.00   0.00   0.00
   0.00    0.00   0.00   0.00   0.00   0.00   0.00   0.00   0.00
   0.00    0.00   0.00   0.00   0.00   0.00   0.00   0.00   0.00
   0.00    0.00   0.00   0.00   0.00   0.00   0.00   0.00   0.00
   0.00    0.00   0.00   0.00   0.00   0.00   0.00   0.00   0.00
   0.00    0.00   0.00   0.00   0.00   0.00   0.00   0.00   0.00
   0.00    0.00   0.00   0.00   0.00   0.00   0.00   0.00   0.00
   0.00    0.00   0.00   0.00   0.00   0.00*******   0.00   0.00
   0.00    0.00   0.00   0.00   0.00   0.00   0.00   0.00   0.00
   0.00    0.00   0.00   0.00   0.00   0.00   0.00   0.00   0.00
   0.00    0.00   0.00   0.00   0.00   0.00   0.00   0.00   0.00
   0.00    0.00   0.00   0.00   0.00   0.00   0.00   0.00   0.00
