      z       p      T     wv     O3     RH   Aer.  LW_up  LW_dn
 100.00    0.00 210.70   0.00   0.00   0.00   0.00 277.42   0.00
  70.00    0.07 219.10   0.00   0.00   0.00   0.00 277.42   0.01
  50.00    0.95 276.20   0.00   0.00   0.00   0.00 277.53   0.41
  45.00    1.76 269.70   0.00   0.00   0.00   0.00 277.37   1.04
  40.00    3.33 257.50   0.00   0.00   0.00   0.00 277.03   1.96
  30.48   10.80 229.50   0.00   0.00   1.00   0.00 275.17   5.66
  29.80   12.00 229.80   0.00   0.00   1.00   0.00 275.05   6.14
  28.04   15.60 226.60   0.00   0.00   1.00   0.00 274.60   7.42
  27.43   17.10 223.50   0.00   0.00   1.00   0.00 274.41   7.77
  26.82   18.80 221.00   0.00   0.00   1.00   0.00 274.26   8.06
  26.43   20.00 220.00   0.00   0.00   1.00   0.00 274.18   8.24
  25.43   23.40 217.80   0.00   0.00   1.00   0.00 274.00   8.72
  25.16   24.40 216.20   0.00   0.00   1.00   0.00 273.96   8.83
  24.69   26.30 216.60   0.00   0.00   1.00   0.00 273.94   9.06
  24.08   28.90 217.10   0.00   0.00   1.00   0.00 273.85   9.45
  23.85   30.00 216.00   0.00   0.00   1.00   0.00 273.77   9.59
  23.48   31.80 212.80   0.00   0.00   1.00   0.00 273.68   9.71
  22.54   37.00 211.20   0.00   0.00   1.00   0.00 273.71  10.08
  21.38   44.60 213.60   0.00   0.00   1.00   0.00 273.84  10.91
  21.23   45.70 211.60   0.00   0.00   1.00   0.00 273.82  10.99
  20.67   50.00 213.20   0.00   0.00   1.00   0.00 273.94  11.42
  20.12   54.60 213.90   0.00   0.00   1.00   0.01 273.95  11.94
  19.51   60.20 212.70   0.00   0.00   1.00   0.01 273.92  12.48
  19.08   64.50 211.60   0.00   0.00   1.00   0.01 273.96  12.79
  18.41   71.80 213.20   0.00   0.00   1.00   0.01 274.07  13.47
  18.22   74.00 211.00   0.00   0.00   1.00   0.01 274.02  13.58
  16.35  100.00 211.60   0.00   0.00   2.00   0.01 274.57  15.40
  16.05  105.00 210.40   0.00   0.00   2.00   0.01 274.65  15.65
  15.65  112.00 211.40   0.00   0.00   2.00   0.01 274.93  16.12
  15.24  119.70 212.00   0.00   0.00   2.00   0.01 275.19  16.68
  14.33  138.60 213.60   0.00   0.00   3.00   0.01 275.76  18.19
  13.79  151.00 214.20   0.00   0.00   4.00   0.01 275.99  19.27
  13.20  166.00 213.00   0.00   0.00  12.00   0.01 276.02  20.64
  13.01  171.00 210.60   0.00   0.00  16.00   0.01 276.03  20.96
  12.80  176.90 211.40   0.00   0.00  18.00   0.01 276.36  21.52
  12.76  178.00 211.60   0.00   0.00  19.00   0.01 276.43  21.66
  12.04  200.00 212.40   0.00   0.00  26.00   0.01 277.62  24.50
  11.65  213.00 213.60   0.01   0.00  35.00   0.01 278.63  26.57
  11.44  220.00 214.60   0.01   0.00  46.00   0.01 279.26  28.01
  11.30  225.00 214.80   0.02   0.00  73.00   0.01 279.75  29.30
  11.19  229.00 215.20   0.02   0.00  76.00   0.01 280.28  30.48
  10.97  236.90 217.00   0.02   0.00  71.00   0.01 281.48  32.96
  10.63  250.00 219.80   0.03   0.00  65.00   0.01 283.49  37.11
  10.43  258.00 221.60   0.03   0.00  63.00   0.02 284.75  39.73
   9.43  300.00 230.20   0.08   0.00  60.00   0.02 292.52  54.81
   9.27  307.00 231.40   0.10   0.00  66.00   0.02 293.97  57.63
   8.91  324.00 234.80   0.15   0.00  71.00   0.03 298.25  65.06
   8.72  333.00 236.40   0.13   0.00  54.00   0.03 300.80  68.82
   8.57  340.00 237.80   0.06   0.00  23.00   0.03 302.45  70.98
   8.53  341.90 238.10   0.06   0.00  22.00   0.03 302.80  71.44
   7.92  372.60 243.10   0.07   0.00  16.00   0.05 308.54  79.10
   7.46  398.00 247.00   0.08   0.00  12.00   0.05 313.15  85.70
   7.21  412.00 248.20   0.11   0.00  15.00   0.05 315.70  89.27
   7.01  423.30 249.90   0.05   0.00   6.00   0.09 317.89  91.91
   6.93  428.00 250.60   0.03   0.00   4.00   0.10 318.60  92.81
   5.77  500.00 260.40   0.11   0.00   6.00   0.12 330.75 110.59
   4.95  556.00 267.20   0.22   0.00   7.00   0.14 341.51 130.40
   4.88  561.00 267.80   0.20   0.00   6.00   0.14 342.62 132.32
   4.10  619.00 274.10   0.05   0.00   1.00   0.15 350.67 147.46
   3.75  646.00 276.10   0.12   0.00   2.00   0.16 352.49 153.20
   3.64  655.00 276.30   0.18   0.00   3.00   0.16 352.54 155.49
   3.35  678.60 274.40   1.00   0.00  19.00   0.16 351.48 163.42
   3.20  692.00 274.50   1.81   0.00  34.00   0.16 352.79 171.88
   3.05  704.80 275.50   2.33   0.00  41.00   0.16 355.40 181.93
   3.01  708.00 275.80   2.55   0.00  44.00   0.22 356.12 184.57
   2.52  752.00 279.90   4.04   0.00  53.00   0.22 367.62 217.33
   2.13  787.60 283.50   4.22   0.00  44.00   0.34 377.81 239.74
   1.71  829.00 287.50   4.43   0.00  36.00   0.40 388.75 261.74
   1.56  844.00 288.50   2.75   0.00  21.00   0.40 391.62 267.55
   1.50  850.00 288.90   3.09   0.00  23.00   0.40 392.70 269.48
   1.22  878.10 291.10   3.21   0.00  21.00   0.40 397.81 279.58
   1.08  893.00 292.30   3.12   0.00  19.00   0.52 399.81 284.98
   0.91  910.00 292.80   5.59   0.00  33.00   0.64 400.27 290.98
   0.83  919.00 292.90   7.32   0.00  43.00   0.64 399.80 294.83
   0.77  925.00 293.10   6.03   0.00  35.00   0.64 399.22 297.42
   0.70  933.20 292.60   7.03   0.00  42.00   0.64 397.13 299.41
   0.68  935.00 292.50   7.15   0.00  43.00   0.64 396.57 299.83
   0.66  936.80 292.40   7.44   0.00  45.00   0.64 395.91 300.25
   0.65  938.60 292.20   7.68   0.00  47.00   0.64 395.07 300.55
   0.63  940.40 291.80   8.14   0.00  51.00   0.64 393.98 300.61
   0.61  942.20 291.50   8.62   0.00  55.00   0.64 392.88 300.66
   0.60  944.00 291.10   9.18   0.00  60.00   0.64 391.55 300.61
   0.58  945.90 290.30   9.78   0.00  67.00   0.64 389.74 300.07
   0.56  947.80 289.40  10.23   0.00  74.00   0.64 388.02 299.17
   0.55  949.70 288.50  10.74   0.00  82.00   0.64 386.57 298.11
   0.53  951.50 288.10  10.86   0.00  85.00   0.64 385.76 297.60
   0.52  953.40 287.80  10.91   0.00  87.00   0.64 385.15 297.40
   0.50  955.30 287.50  10.96   0.00  89.00   0.64 384.57 297.31
   0.48  957.10 287.20  11.12   0.00  92.00   0.64 384.09 297.25
   0.47  959.00 286.90  11.16   0.00  94.00   0.00 383.84 297.24
   0.00    0.00   0.00   0.00   0.00   0.00   0.00   0.00   0.00
   0.00    0.00   0.00   0.00   0.00   0.00   0.00   0.00   0.00
   0.00    0.00   0.00   0.00   0.00   0.00   0.00   0.00   0.00
   0.00    0.00   0.00   0.00   0.00   0.00   0.00   0.00   0.00
   0.00    0.00   0.00   0.00   0.00   0.00   0.00   0.00   0.00
   0.00    0.00   0.00   0.00   0.00   0.00*******   0.00   0.00
   0.00    0.00   0.00   0.00   0.00   0.00   0.00   0.00   0.00
   0.00    0.00   0.00   0.00   0.00   0.00   0.00   0.00   0.00
   0.00    0.00   0.00   0.00   0.00   0.00   0.00   0.00   0.00
   0.00    0.00   0.00   0.00   0.00   0.00   0.00   0.00   0.00
