      z       p      T     wv     O3     RH   Aer.  LW_up  LW_dn
 100.00    0.00 210.70   0.00   0.00   0.00   0.00 303.69   0.00
  70.00    0.07 219.10   0.00   0.00   0.00   0.00 303.69   0.01
  50.00    0.95 276.20   0.00   0.00   0.00   0.00 303.81   0.41
  45.00    1.76 269.70   0.00   0.00   0.00   0.00 303.65   1.04
  40.00    3.33 257.50   0.00   0.00   0.00   0.00 303.31   1.94
  35.00    6.52 245.30   0.00   0.00   0.00   0.00 302.77   3.23
  30.00   13.20 234.20   0.00   0.00   0.01   0.00 301.96   5.14
  25.00   27.70 224.20   0.00   0.00   0.06   0.00 300.77   7.73
  18.73   68.40 204.60   0.00   0.00   2.00   0.00 298.41  10.44
  18.59   70.00 205.00   0.00   0.00   2.00   0.00 298.43  10.47
  18.29   73.60 203.90   0.00   0.00   2.00   0.00 298.46  10.52
  17.98   77.50 203.10   0.00   0.00   2.00   0.00 298.56  10.57
  17.37   85.90 205.10   0.00   0.00   2.00   0.00 298.94  10.97
  16.76   95.10 205.80   0.00   0.00   2.00   0.00 299.27  11.52
  15.99  108.00 208.00   0.00   0.00   2.00   0.00 299.78  12.46
  15.45  118.00 209.20   0.00   0.00   2.00   0.00 300.02  13.24
  15.10  125.00 208.40   0.00   0.00   3.00   0.00 300.10  13.67
  14.94  128.40 209.20   0.00   0.00   5.00   0.00 300.18  13.96
  14.67  134.00 208.80   0.00   0.00   8.00   0.00 300.16  14.50
  14.33  141.90 206.00   0.00   0.00  15.00   0.00 300.12  15.05
  14.15  146.00 205.60   0.00   0.00  20.00   0.00 300.22  15.36
  13.99  150.00 203.80   0.00   0.00  22.00   0.00 300.34  15.56
  13.60  160.00 205.60   0.00   0.00  31.00   0.00 301.12  16.57
  13.38  166.00 205.40   0.00   0.00  31.00   0.00 301.59  17.26
  12.80  182.50 209.50   0.00   0.00  24.00   0.00 303.39  19.66
  12.50  191.80 211.60   0.00   0.00  22.00   0.00 304.41  21.21
  12.24  200.00 213.40   0.00   0.00  19.00   0.00 305.33  22.62
  11.89  211.50 216.10   0.00   0.00  12.00   0.00 306.61  24.59
  11.08  240.00 221.60   0.01   0.00  13.00   0.00 309.83  29.88
   9.59  300.00 234.20   0.02   0.00   8.00   0.01 318.18  44.59
   8.84  334.10 240.70   0.03   0.00   7.00   0.01 323.11  54.64
   8.57  347.00 243.00   0.03   0.00   6.00   0.01 324.78  58.54
   8.27  362.00 244.40   0.06   0.00  11.00   0.01 326.69  63.56
   7.55  400.00 251.00   0.10   0.00  11.00   0.02 333.77  79.52
   6.69  449.00 258.60   0.13   0.00   8.00   0.03 342.73  99.35
   5.86  500.00 264.40   0.31   0.00  12.00   0.04 351.38 120.54
   5.54  521.00 267.00   0.38   0.00  12.00   0.04 354.95 130.34
   5.43  528.00 267.60   0.43   0.00  13.00   0.04 355.73 133.53
   5.19  545.00 267.40   0.97   0.00  30.00   0.04 357.63 141.54
   5.18  545.30 267.40   0.94   0.00  29.00   0.04 357.71 141.73
   4.88  566.80 269.50   0.64   0.00  17.00   0.05 362.78 151.96
   4.71  579.00 270.60   0.53   0.00  13.00   0.05 365.20 156.25
   4.27  611.90 273.50   0.65   0.00  13.00   0.05 371.60 167.30
   4.06  628.00 274.90   0.76   0.00  14.00   0.05 374.97 173.00
   3.96  635.60 275.80   0.75   0.00  13.00   0.05 376.76 175.96
   3.35  684.80 280.50   0.87   0.00  11.00   0.06 387.44 194.11
   2.79  733.00 284.80   0.94   0.00   9.00   0.08 397.04 211.21
   2.44  764.50 286.80   0.94   0.00   8.00   0.08 401.97 221.04
   2.06  800.00 289.10   0.95   0.00   7.00   0.12 406.71 231.30
   1.83  821.80 289.00   1.21   0.00   9.00   0.14 408.24 235.85
   1.22  882.50 293.50   1.41   0.00   8.00   0.17 418.98 254.88
   0.81  925.00 296.30   1.66   0.00   8.00   0.22 424.86 268.82
   0.50  959.00 298.30   1.86   0.00   8.00   0.22 427.32 279.97
   0.24  988.00 298.30   2.79   0.00  12.00   0.22 422.98 287.08
   0.21  992.10 297.30   3.07   0.00  14.00   0.22 420.19 286.96
   0.20  992.70 297.10   3.04   0.00  14.00   0.22 419.75 286.85
   0.20  993.20 297.00   3.02   0.00  14.00   0.22 419.34 286.76
   0.19  993.80 296.90   3.00   0.00  14.00   0.22 418.88 286.69
   0.19  994.30 296.70   3.18   0.00  15.00   0.22 418.35 286.57
   0.18  994.90 296.60   3.16   0.00  15.00   0.22 417.75 286.47
   0.18  995.40 296.20   3.09   0.00  15.00   0.22 417.00 286.23
   0.17  996.00 295.70   3.20   0.00  16.00   0.22 416.21 285.83
   0.17  996.60 295.20   3.11   0.00  16.00   0.22 415.45 285.34
   0.16  997.20 294.70   3.03   0.00  16.00   0.22 414.72 284.80
   0.16  997.70 294.20   3.12   0.00  17.00   0.22 414.16 284.28
   0.15  998.30 293.70   3.03   0.00  17.00   0.22 413.55 283.62
   0.15  998.90 293.20   2.95   0.00  17.00   0.22 413.02 282.96
   0.14  999.40 292.70   3.03   0.00  18.00   0.22 412.58 282.27
   0.14 1000.00 292.10   2.92   0.00  18.00   0.00 412.32 281.51
   0.00    0.00   0.00   0.00   0.00   0.00   0.00   0.00   0.00
   0.00    0.00   0.00   0.00   0.00   0.00   0.00   0.00   0.00
   0.00    0.00   0.00   0.00   0.00   0.00   0.00   0.00   0.00
   0.00    0.00   0.00   0.00   0.00   0.00   0.00   0.00   0.00
   0.00    0.00   0.00   0.00   0.00   0.00   0.00   0.00   0.00
   0.00    0.00   0.00   0.00   0.00   0.00   0.00   0.00   0.00
   0.00    0.00   0.00   0.00   0.00   0.00   0.00   0.00   0.00
   0.00    0.00   0.00   0.00   0.00   0.00   0.00   0.00   0.00
   0.00    0.00   0.00   0.00   0.00   0.00   0.00   0.00   0.00
   0.00    0.00   0.00   0.00   0.00   0.00   0.00   0.00   0.00
   0.00    0.00   0.00   0.00   0.00   0.00   0.00   0.00   0.00
   0.00    0.00   0.00   0.00   0.00   0.00   0.00   0.00   0.00
   0.00    0.00   0.00   0.00   0.00   0.00   0.00   0.00   0.00
   0.00    0.00   0.00   0.00   0.00   0.00   0.00   0.00   0.00
   0.00    0.00   0.00   0.00   0.00   0.00   0.00   0.00   0.00
   0.00    0.00   0.00   0.00   0.00   0.00   0.00   0.00   0.00
   0.00    0.00   0.00   0.00   0.00   0.00   0.00   0.00   0.00
   0.00    0.00   0.00   0.00   0.00   0.00   0.00   0.00   0.00
   0.00    0.00   0.00   0.00   0.00   0.00   0.00   0.00   0.00
   0.00    0.00   0.00   0.00   0.00   0.00   0.00   0.00   0.00
   0.00    0.00   0.00   0.00   0.00   0.00   0.00   0.00   0.00
   0.00    0.00   0.00   0.00   0.00   0.00   0.00   0.00   0.00
   0.00    0.00   0.00   0.00   0.00   0.00   0.00   0.00   0.00
   0.00    0.00   0.00   0.00   0.00   0.00   0.00   0.00   0.00
   0.00    0.00   0.00   0.00   0.00   0.00   0.00   0.00   0.00
   0.00    0.00   0.00   0.00   0.00   0.00   0.00   0.00   0.00
   0.00    0.00   0.00   0.00   0.00   0.00*******   0.00   0.00
   0.00    0.00   0.00   0.00   0.00   0.00   0.00   0.00   0.00
   0.00    0.00   0.00   0.00   0.00   0.00   0.00   0.00   0.00
   0.00    0.00   0.00   0.00   0.00   0.00   0.00   0.00   0.00
   0.00    0.00   0.00   0.00   0.00   0.00   0.00   0.00   0.00
