      z       p      T     wv     O3     RH   Aer.  LW_up  LW_dn
 100.00    0.00 210.70   0.00   0.00   0.00   0.00 281.08   0.00
  70.00    0.07 219.10   0.00   0.00   0.00   0.00 281.09   0.01
  50.00    0.95 276.20   0.00   0.00   0.00   0.00 281.19   0.41
  45.00    1.76 269.70   0.00   0.00   0.00   0.00 281.02   1.05
  40.00    3.33 257.50   0.00   0.00   0.00   0.00 280.63   1.97
  33.59    7.00 233.60   0.00   0.00   1.00   0.00 279.53   4.19
  33.53    7.10 233.30   0.00   0.00   1.00   0.00 279.52   4.24
  32.43    8.30 232.60   0.00   0.00   1.00   0.00 279.32   5.00
  31.66    9.30 229.60   0.00   0.00   1.00   0.00 279.14   5.48
  31.39    9.70 226.00   0.00   0.00   1.00   0.00 279.09   5.60
  31.18   10.00 225.20   0.00   0.00   1.00   0.00 279.06   5.67
  29.87   12.20 223.00   0.00   0.00   1.00   0.00 278.99   6.24
  29.88   12.20 223.00   0.00   0.00   1.00   0.00 278.99   6.24
  29.46   13.00 224.40   0.00   0.00   1.00   0.00 278.98   6.47
  28.79   14.40 222.80   0.00   0.00   1.00   0.00 278.94   6.86
  28.35   15.40 223.30   0.00   0.00   1.00   0.00 278.94   7.14
  27.74   16.90 224.30   0.00   0.00   1.00   0.00 278.93   7.58
  27.13   18.60 226.90   0.00   0.00   1.00   0.00 278.86   8.16
  26.82   19.40 227.50   0.00   0.00   1.00   0.00 278.75   8.48
  26.52   20.40 224.50   0.00   0.00   1.00   0.00 278.60   8.74
  25.61   23.40 218.40   0.00   0.00   1.00   0.00 278.37   9.22
  24.99   25.80 219.80   0.00   0.00   1.00   0.00 278.36   9.60
  24.62   27.30 220.60   0.00   0.00   1.00   0.00 278.32   9.92
  24.08   29.70 219.40   0.00   0.00   1.00   0.00 278.19  10.34
  23.86   30.70 219.60   0.00   0.00   1.00   0.00 278.13  10.51
  23.66   31.70 217.40   0.00   0.00   1.00   0.00 278.06  10.63
  23.10   34.60 217.20   0.00   0.00   1.00   0.00 277.97  10.99
  22.55   37.70 215.50   0.00   0.00   1.00   0.00 277.85  11.33
  22.25   39.60 215.50   0.00   0.00   1.00   0.00 277.80  11.52
  21.34   45.80 213.00   0.00   0.00   1.00   0.00 277.64  12.05
  20.92   49.00 214.80   0.00   0.00   1.00   0.00 277.58  12.40
  20.61   51.50 211.60   0.00   0.00   1.00   0.00 277.42  12.54
  20.12   55.70 210.80   0.00   0.00   1.00   0.01 277.37  12.76
  19.66   60.00 212.00   0.00   0.00   1.00   0.02 277.35  13.16
  19.29   63.70 208.60   0.00   0.00   2.00   0.02 277.21  13.35
  18.90   67.90 208.20   0.00   0.00   2.00   0.02 277.20  13.56
  18.71   70.00 208.00   0.00   0.00   3.00   0.02 277.16  13.69
  18.59   71.40 206.30   0.00   0.00   3.00   0.02 277.09  13.73
  18.52   72.20 205.20   0.00   0.00   4.00   0.02 277.08  13.72
  18.29   75.10 203.80   0.00   0.00   4.00   0.02 277.13  13.74
  17.65   83.60 205.60   0.00   0.00   6.00   0.02 277.36  14.23
  17.27   89.10 201.00   0.00   0.00   9.00   0.02 277.31  14.31
  16.59  100.00 200.80   0.00   0.00  11.00   0.02 277.87  14.64
  16.14  108.00 201.40   0.00   0.00  11.00   0.02 278.38  15.05
  15.61  118.00 201.60   0.00   0.00  11.00   0.02 279.11  15.60
  15.03  130.00 205.40   0.00   0.00  10.00   0.01 280.29  16.67
  14.16  150.00 209.60   0.00   0.00   7.00   0.01 282.01  18.77
  13.88  157.00 211.40   0.00   0.00   7.00   0.01 282.62  19.61
  13.76  160.00 211.40   0.00   0.00   7.00   0.01 282.85  19.94
  12.85  185.00 217.20   0.00   0.00   8.00   0.01 285.20  23.59
  12.32  201.00 219.40   0.00   0.00  12.00   0.02 286.55  26.57
  11.95  213.00 219.80   0.01   0.00  29.00   0.02 287.80  29.50
  11.34  234.00 224.40   0.01   0.00  12.00   0.02 290.91  34.98
  10.90  250.00 227.60   0.01   0.00  10.00   0.02 293.12  38.58
  10.51  265.00 230.80   0.01   0.00   6.00   0.02 295.14  41.90
  10.06  283.20 234.10   0.02   0.00  12.00   0.03 297.70  46.75
   9.66  300.00 237.60   0.04   0.00  14.00   0.03 300.71  53.12
   9.14  322.20 242.10   0.05   0.00  11.00   0.06 305.02  61.99
   7.62  397.80 255.50   0.08   0.00   6.00   0.10 320.06  89.44
   7.58  400.00 255.80   0.07   0.00   5.00   0.14 320.44  90.22
   6.45  464.00 265.20   0.14   0.00   5.00   0.19 332.67 114.48
   5.87  500.00 269.20   0.11   0.00   3.00   0.22 337.93 127.55
   5.81  504.00 269.60   0.15   0.00   4.00   0.22 338.33 128.96
   5.56  520.00 270.00   0.62   0.00  16.00   0.22 340.17 137.28
   5.14  548.00 273.30   0.83   0.00  17.00   0.24 346.22 157.16
   4.88  566.30 274.50   1.12   0.00  21.00   0.27 349.28 168.42
   4.55  590.00 275.90   1.58   0.00  27.00   0.27 354.00 182.34
   3.91  638.00 281.50   1.69   0.00  20.00   0.29 366.92 209.93
   3.66  657.20 283.00   1.77   0.00  19.00   0.33 370.71 219.08
   2.74  733.00 288.80   2.53   0.00  19.00   0.42 385.18 252.12
   2.44  759.80 290.80   2.86   0.00  19.00   0.42 389.37 263.90
   2.06  794.00 292.80   3.22   0.00  19.00   0.64 391.55 277.58
   1.86  812.90 291.40   3.74   0.00  24.00   0.75 388.16 280.94
   1.82  817.10 291.10   3.83   0.00  25.00   0.75 387.49 281.47
   1.77  821.30 290.70   3.89   0.00  26.00   0.75 386.90 281.83
   1.73  825.50 290.60   4.01   0.00  27.00   0.75 386.76 282.44
   1.68  829.90 290.70   4.19   0.00  28.00   0.75 386.84 283.43
   1.64  834.20 290.90   4.24   0.00  28.00   0.75 386.95 284.68
   1.60  838.60 291.00   4.41   0.00  29.00   0.75 386.89 285.93
   1.55  842.90 291.10   4.44   0.00  29.00   0.75 386.78 287.21
   1.51  847.30 291.30   4.65   0.00  30.00   0.75 386.65 288.61
   1.46  851.60 291.40   4.67   0.00  30.00   0.75 386.29 289.97
   1.42  856.10 291.60   4.73   0.00  30.00   0.75 385.77 291.45
   1.37  860.50 291.70   4.76   0.00  30.00   0.75 384.77 292.82
   1.33  864.90 291.80   5.90   0.00  37.00   0.75 382.46 294.28
   1.28  869.40 288.60   8.96   0.00  68.00   0.75 375.54 291.71
   1.24  874.00 284.10   9.97   0.00  99.99   0.00 369.13 285.45
   0.00    0.00   0.00   0.00   0.00   0.00   0.00   0.00   0.00
   0.00    0.00   0.00   0.00   0.00   0.00   0.00   0.00   0.00
   0.00    0.00   0.00   0.00   0.00   0.00   0.00   0.00   0.00
   0.00    0.00   0.00   0.00   0.00   0.00   0.00   0.00   0.00
   0.00    0.00   0.00   0.00   0.00   0.00   0.00   0.00   0.00
   0.00    0.00   0.00   0.00   0.00   0.00   0.00   0.00   0.00
   0.00    0.00   0.00   0.00   0.00   0.00   0.00   0.00   0.00
   0.00    0.00   0.00   0.00   0.00   0.00   0.00   0.00   0.00
   0.00    0.00   0.00   0.00   0.00   0.00*******   0.00   0.00
   0.00    0.00   0.00   0.00   0.00   0.00   0.00   0.00   0.00
   0.00    0.00   0.00   0.00   0.00   0.00   0.00   0.00   0.00
   0.00    0.00   0.00   0.00   0.00   0.00   0.00   0.00   0.00
   0.00    0.00   0.00   0.00   0.00   0.00   0.00   0.00   0.00
