 Sounding NKX 20160628-12UTC                                                     
      z       p      T     wv     O3     RH   Aer.  LW_up  LW_dn
 100.00000    0.00 210.70   0.00   0.00   0.00   0.00 295.71   0.00
  70.00000    0.07 219.10   0.00   0.00   0.00   0.00 295.72   0.01
  50.00000    0.95 276.20   0.00   0.00   0.00   0.00 295.83   0.41
  45.00000    1.76 269.70   0.00   0.00   0.00   0.00 295.67   1.05
  40.00000    3.33 257.50   0.00   0.00   0.00   0.00 295.33   1.97
  35.00000    6.52 245.30   0.00   0.00   0.01   0.00 294.78   3.29
  26.90500   19.50 221.80   0.00   0.00   1.00   0.00 292.80   7.25
  26.74000   20.00 222.20   0.00   0.00   1.00   0.00 292.79   7.34
  26.32700   21.30 223.60   0.00   0.00   1.00   0.00 292.73   7.66
  26.21300   21.70 222.70   0.00   0.00   1.00   0.00 292.69   7.75
  25.82700   23.00 219.80   0.00   0.00   1.00   0.00 292.60   7.96
  25.13300   25.60 220.80   0.00   0.00   1.00   0.00 292.53   8.42
  24.68900   27.40 219.30   0.00   0.00   1.00   0.00 292.45   8.73
  24.38400   28.80 219.00   0.00   0.00   1.00   0.00 292.42   8.94
  23.65600   32.20 220.00   0.00   0.00   1.00   0.00 292.30   9.55
  23.47000   33.10 219.30   0.00   0.00   1.00   0.00 292.23   9.71
  22.82200   36.70 216.80   0.00   0.00   1.00   0.00 291.98  10.14
  22.34400   39.60 213.40   0.00   0.00   1.00   0.00 291.83  10.32
  21.94600   42.20 213.50   0.00   0.00   1.00   0.00 291.82  10.50
  20.75300   51.10 214.00   0.00   0.00   1.00   0.00 291.61  11.35
  20.62000   52.20 212.00   0.00   0.00   1.00   0.00 291.53  11.40
  20.42200   53.90 212.30   0.00   0.00   1.00   0.00 291.47  11.50
  20.11700   56.60 209.50   0.00   0.00   1.00   0.01 291.33  11.58
  19.50700   62.50 208.30   0.00   0.00   1.00   0.01 291.31  11.82
  19.20200   65.70 209.70   0.00   0.00   1.00   0.01 291.26  12.07
  18.94100   68.60 203.60   0.00   0.00   2.00   0.01 291.09  12.02
  18.82000   70.00 203.80   0.00   0.00   2.00   0.01 291.16  11.99
  18.52800   73.50 204.20   0.00   0.00   2.00   0.01 291.33  12.08
  18.05400   79.50 207.60   0.00   0.00   3.00   0.01 291.50  12.59
  17.81000   82.80 203.20   0.00   0.00   4.00   0.01 291.36  12.66
  17.64000   85.20 202.00   0.00   0.00   5.00   0.01 291.41  12.64
  17.03300   94.40 201.80   0.00   0.00   5.00   0.01 291.89  12.90
  16.22800  108.00 205.80   0.00   0.00   9.00   0.01 292.77  14.04
  16.17200  109.00 205.00   0.00   0.00  10.00   0.01 292.79  14.12
  15.95600  113.00 204.80   0.00   0.00  14.00   0.01 292.96  14.45
  15.69700  118.00 203.20   0.00   0.00  16.00   0.01 293.21  14.76
  15.54500  121.00 203.40   0.00   0.00  15.00   0.01 293.46  14.96
  15.24000  127.40 204.30   0.00   0.00  13.00   0.01 294.05  15.46
  14.75800  138.00 207.20   0.00   0.00   9.00   0.01 295.08  16.53
  14.63000  140.90 206.80   0.00   0.00   8.00   0.01 295.31  16.77
  14.45700  145.00 207.60   0.00   0.00   6.00   0.01 295.71  17.11
  13.71600  163.60 212.60   0.00   0.00   3.00   0.01 297.67  19.01
  12.44000  200.00 223.00   0.00   0.00   1.00   0.01 301.50  23.65
  12.11900  210.00 225.20   0.00   0.00   1.00   0.01 302.37  25.04
  11.58200  227.60 227.70   0.00   0.00   2.00   0.01 303.87  27.68
  11.27800  238.20 229.90   0.00   0.00   2.00   0.01 304.93  29.67
  10.95000  250.00 231.80   0.00   0.00   2.00   0.02 306.02  31.98
  10.27200  276.00 235.40   0.01   0.00   3.00   0.02 308.66  37.73
   9.55000  306.00 241.40   0.01   0.00   2.00   0.02 312.13  45.49
   9.14400  324.00 243.50   0.02   0.00   5.00   0.03 313.95  51.26
   8.53400  352.60 247.80   0.05   0.00   8.00   0.04 317.89  64.35
   7.92500  383.30 252.70   0.04   0.00   4.00   0.06 321.51  76.37
   7.72200  394.00 252.40   0.09   0.00   9.00   0.06 322.02  80.03
   7.50000  406.00 253.00   0.76   0.00  72.00   0.06 323.82  91.18
   7.31500  416.30 254.10   0.86   0.00  74.00   0.07 327.31 104.17
   6.97000  436.00 256.80   0.22   0.00  15.00   0.12 332.76 115.10
   6.65000  455.00 258.60   0.30   0.00  18.00   0.12 336.39 120.93
   5.93000  500.00 264.80   0.45   0.00  17.00   0.15 347.26 138.41
   4.87700  571.20 273.10   0.48   0.00  10.00   0.18 363.34 165.81
   4.63300  589.00 275.10   0.89   0.00  16.00   0.18 367.27 173.47
   4.26700  616.10 278.40   0.97   0.00  14.00   0.19 373.33 186.94
   3.73900  657.00 281.10   3.21   0.00  39.00   0.19 381.45 209.98
   3.61400  667.00 282.30   2.85   0.00  32.00   0.19 384.50 217.13
   3.27100  695.00 285.10   4.03   0.00  38.00   0.21 392.37 235.48
   2.92700  724.00 288.10   5.62   0.00  44.00   0.28 401.34 256.01
   2.43800  766.50 292.30   6.25   0.00  38.00   0.28 414.89 284.60
   2.13400  794.10 295.20   5.06   0.00  26.00   0.40 423.67 300.35
   1.82900  822.50 297.80   2.26   0.00  10.00   0.50 430.03 311.83
   1.60300  844.00 298.50   5.17   0.00  22.00   0.50 432.74 318.45
   1.51000  853.00 299.30   2.46   0.00  10.00   0.50 434.80 321.80
   1.13500  890.00 302.10   2.29   0.00   8.00   0.54 439.87 333.35
   0.97700  906.00 301.80   8.74   0.00  31.00   0.79 438.34 338.19
   0.91400  912.50 301.80   7.90   0.00  28.00   0.79 437.81 341.15
   0.83200  921.00 302.90   3.29   0.00  11.00   0.79 438.05 345.27
   0.71600  933.00 301.80   5.36   0.00  19.00   0.79 434.47 346.38
   0.56600  949.00 301.10   4.61   0.00  17.00   0.79 429.52 347.66
   0.48000  958.20 298.60   8.74   0.00  37.00   0.79 422.79 344.88
   0.46900  959.50 298.30   9.29   0.00  40.00   0.79 422.02 344.38
   0.45700  960.70 298.20   9.47   0.00  41.00   0.79 421.37 344.12
   0.44600  962.00 298.20   9.93   0.00  43.00   0.79 420.76 344.13
   0.43400  963.20 298.10  10.33   0.00  45.00   0.79 419.84 344.15
   0.42300  964.50 298.00  10.50   0.00  46.00   0.79 418.77 344.19
   0.41100  965.70 297.60  11.61   0.00  52.00   0.79 417.09 343.93
   0.40000  967.00 297.00  13.38   0.00  62.00   0.79 415.05 343.33
   0.38900  968.30 296.20  14.84   0.00  72.00   0.79 412.39 342.34
   0.37700  969.50 294.40  15.61   0.00  84.00   0.79 408.72 339.94
   0.36600  970.80 293.00  15.93   0.00  93.00   0.79 406.05 337.46
   0.35400  972.10 291.90  15.73   0.00  98.00   0.79 404.04 335.17
   0.34300  973.40 291.30  15.18   0.00  98.00   0.79 402.84 333.69
   0.33100  974.70 290.70  14.80   0.00  99.00   0.79 401.78 332.39
   0.32000  976.00 290.10  14.28   0.00  99.00   0.00 401.19 331.27
   0.00000    0.00   0.00   0.00   0.00   0.00   0.00   0.00   0.00
   0.00000    0.00   0.00   0.00   0.00   0.00   0.00   0.00   0.00
   0.00000    0.00   0.00   0.00   0.00   0.00   0.00   0.00   0.00
   0.00000    0.00   0.00   0.00   0.00   0.00   0.00   0.00   0.00
   0.00000    0.00   0.00   0.00   0.00   0.00*******   0.00   0.00
   0.00000    0.00   0.00   0.00   0.00   0.00   0.00   0.00   0.00
   0.00000    0.00   0.00   0.00   0.00   0.00   0.00   0.00   0.00
   0.00000    0.00   0.00   0.00   0.00   0.00   0.00   0.00   0.00
   0.00000    0.00   0.00   0.00   0.00   0.00   0.00   0.00   0.00
