      z       p      T     wv     O3     RH   Aer.  LW_up  LW_dn
 100.00    0.00 210.70   0.00   0.00   0.00   0.00 267.96   0.00
  70.00    0.07 219.10   0.00   0.00   0.00   0.00 267.96   0.01
  50.00    0.95 276.20   0.00   0.00   0.00   0.00 268.08   0.41
  45.00    1.76 269.70   0.00   0.00   0.00   0.00 267.92   1.05
  40.00    3.33 257.50   0.00   0.00   0.00   0.00 267.58   1.98
  35.00    6.52 245.30   0.00   0.00   0.01   0.00 267.05   3.32
  30.00   13.20 234.20   0.00   0.00   0.04   0.00 266.28   5.39
  25.00   27.70 224.20   0.00   0.00   0.24   0.00 265.37   8.43
  20.00   59.50 218.20   0.00   0.00   1.05   0.02 264.86  12.84
  15.00  130.00 215.80   0.00   0.00   3.09   0.01 266.49  20.21
  14.00  153.00 215.80   0.00   0.00   3.66   0.01 267.33  21.95
  13.00  179.00 216.90   0.00   0.00   5.36   0.02 268.89  24.29
  12.00  209.00 222.30   0.01   0.00  11.25   0.02 271.93  29.42
  11.13  243.00 230.40   0.04   0.00  33.00   0.02 276.12  41.81
  11.08  245.00 229.40   0.08   0.00  63.00   0.02 276.26  43.11
  11.02  247.00 229.20   0.08   0.00  70.00   0.02 276.63  44.58
  10.94  250.00 230.20   0.08   0.00  63.00   0.02 277.36  46.75
  10.67  260.00 232.80   0.09   0.00  53.00   0.03 279.66  53.19
   9.68  300.00 242.40   0.13   0.00  30.00   0.03 288.22  72.90
   9.63  302.00 242.80   0.12   0.00  27.00   0.03 288.52  73.79
   9.52  307.00 243.40   0.16   0.00  34.00   0.03 289.17  76.00
   9.45  310.00 243.20   0.23   0.00  51.00   0.03 289.58  77.41
   9.14  323.30 245.30   0.25   0.00  46.00   0.05 292.49  84.40
   8.85  337.00 247.40   0.28   0.00  43.00   0.06 295.69  90.96
   8.30  363.00 252.20   0.15   0.00  15.00   0.06 300.99 101.04
   8.20  368.00 252.80   0.19   0.00  18.00   0.06 301.57 102.60
   8.14  371.00 252.60   0.31   0.00  30.00   0.06 301.90 103.58
   8.10  373.00 252.80   0.26   0.00  25.00   0.07 302.28 104.31
   7.94  381.00 254.00   0.24   0.00  21.00   0.10 303.70 107.19
   7.87  385.00 254.60   0.41   0.00  34.00   0.10 304.44 108.93
   7.75  391.00 255.20   0.27   0.00  21.00   0.10 305.47 111.40
   7.64  397.00 256.00   0.32   0.00  24.00   0.10 306.45 113.64
   7.62  397.90 256.10   0.35   0.00  26.00   0.10 306.58 113.98
   7.58  400.00 256.20   0.48   0.00  35.00   0.10 306.94 114.91
   7.56  401.00 256.40   0.53   0.00  38.00   0.10 307.16 115.44
   7.41  409.00 257.60   0.54   0.00  35.00   0.10 308.73 119.66
   7.30  415.00 258.00   0.79   0.00  50.00   0.10 309.77 122.85
   7.08  427.00 259.60   0.92   0.00  51.00   0.14 312.66 130.09
   6.94  435.00 260.80   0.28   0.00  14.00   0.19 314.20 133.46
   6.93  436.00 261.00   0.28   0.00  14.00   0.19 314.32 133.75
   6.87  439.00 261.20   0.67   0.00  33.00   0.19 314.70 134.85
   6.79  444.00 261.80   0.34   0.00  16.00   0.19 315.29 136.76
   6.73  447.00 261.80   0.21   0.00  10.00   0.19 315.41 137.46
   6.68  450.00 261.60   0.59   0.00  28.00   0.19 315.53 138.12
   6.65  452.00 261.60   0.52   0.00  25.00   0.19 315.70 138.71
   6.60  455.00 261.60   1.09   0.00  52.00   0.19 316.08 139.84
   6.53  459.00 262.00   0.45   0.00  21.00   0.19 316.73 141.41
   6.40  467.00 262.60   0.52   0.00  23.00   0.19 317.60 143.74
   6.19  480.00 263.00   1.12   0.00  48.00   0.19 318.72 148.30
   6.14  483.00 262.60   1.74   0.00  77.00   0.19 318.93 149.59
   6.06  488.00 263.00   2.14   0.00  92.00   0.21 320.15 152.99
   5.96  494.00 263.40   2.28   0.00  95.00   0.23 321.91 157.57
   5.90  498.00 263.80   2.10   0.00  85.00   0.23 323.34 160.61
   5.87  500.00 264.20   2.17   0.00  85.00   0.23 324.10 162.08
   5.58  519.00 266.60   2.19   0.00  72.00   0.23 330.36 174.92
   5.30  538.00 268.80   2.53   0.00  71.00   0.23 336.17 185.82
   5.14  549.00 270.40   2.36   0.00  59.00   0.25 339.60 192.07
   4.94  563.00 271.60   3.18   0.00  73.00   0.28 343.35 199.32
   4.88  567.20 272.20   3.08   0.00  68.00   0.28 344.85 201.88
   4.74  577.00 273.50   2.93   0.00  59.00   0.28 347.93 207.41
   4.58  589.00 274.80   3.47   0.00  64.00   0.28 351.25 213.83
   4.52  593.00 275.10   2.82   0.00  51.00   0.29 352.19 215.75
   3.92  638.00 279.30   5.13   0.00  70.00   0.31 364.33 238.13
   3.66  659.00 281.50   5.66   0.00  67.00   0.31 370.79 250.71
   3.47  674.00 282.90   6.10   0.00  66.00   0.31 375.23 259.28
   3.41  679.00 283.50   4.42   0.00  46.00   0.31 376.67 261.87
   3.15  700.00 285.10   5.31   0.00  50.00   0.39 381.14 270.73
   2.77  733.00 287.10   7.57   0.00  63.00   0.44 388.43 285.75
   2.74  735.10 287.30   7.18   0.00  59.00   0.44 389.21 286.86
   2.71  738.00 287.80   6.90   0.00  55.00   0.44 390.43 288.60
   2.66  742.00 288.30   4.66   0.00  36.00   0.44 391.74 290.64
   2.60  748.00 288.90   3.09   0.00  23.00   0.44 393.06 292.80
   2.48  758.00 289.30   3.99   0.00  29.00   0.44 394.64 295.48
   2.44  762.00 289.60   3.36   0.00  24.00   0.44 395.53 296.66
   2.31  774.00 290.50   2.07   0.00  14.00   0.44 397.81 299.81
   2.08  795.00 291.90   1.77   0.00  11.00   0.54 400.81 304.64
   1.97  805.00 292.30   2.96   0.00  18.00   0.79 401.96 306.97
   1.74  827.00 293.90   2.17   0.00  12.00   0.79 405.15 313.49
   1.69  832.00 294.10   3.29   0.00  18.00   0.79 405.73 314.87
   1.62  838.00 294.80   1.52   0.00   8.00   0.79 406.68 316.83
   1.50  850.00 295.30   0.98   0.00   5.00   0.79 407.36 319.27
   1.36  864.00 295.90   2.03   0.00  10.00   0.79 407.82 322.19
   1.25  875.00 296.30   1.04   0.00   5.00   0.79 407.65 324.36
   1.20  880.60 296.30   1.04   0.00   5.00   0.79 407.34 325.08
   1.17  883.50 296.30   1.04   0.00   5.00   0.79 407.15 325.43
   1.14  886.40 296.30   1.04   0.00   5.00   0.79 406.96 325.75
   1.11  889.30 296.30   1.24   0.00   6.00   0.79 406.72 326.08
   1.08  892.20 296.30   1.24   0.00   6.00   0.79 406.44 326.41
   1.05  895.10 296.30   1.24   0.00   6.00   0.79 406.12 326.74
   1.02  898.00 296.30   1.24   0.00   6.00   0.86 405.77 327.05
   1.00  900.90 296.30   1.45   0.00   7.00   1.26 405.30 327.39
   0.97  903.90 296.20   1.86   0.00   9.00   1.26 404.63 327.72
   0.94  906.90 296.00   2.24   0.00  11.00   1.26 403.67 327.96
   0.91  909.80 295.90   2.63   0.00  13.00   1.26 402.47 328.22
   0.88  912.80 295.50   3.17   0.00  16.00   1.26 400.29 328.24
   0.85  915.90 293.90   4.33   0.00  24.00   1.26 396.42 326.84
   0.82  918.90 290.30   5.40   0.00  37.00   1.26 391.17 322.32
   0.80  922.00 287.80   9.03   0.00  72.00   0.00 388.13 317.23
   0.00    0.00   0.00   0.00   0.00   0.00   0.00   0.00   0.00
   0.00    0.00   0.00   0.00   0.00   0.00   0.00   0.00   0.00
