      z       p      T     wv     O3     RH   Aer.  LW_up  LW_dn
 100.00    0.00 210.70   0.00   0.00   0.00   0.00 290.34   0.00
  70.00    0.07 219.10   0.00   0.00   0.00   0.00 290.34   0.01
  50.00    0.95 276.20   0.00   0.00   0.00   0.00 290.46   0.41
  45.00    1.76 269.70   0.00   0.00   0.00   0.00 290.30   1.04
  40.00    3.33 257.50   0.00   0.00   0.00   0.00 289.96   1.96
  35.00    6.52 245.30   0.00   0.00   0.00   0.00 289.42   3.26
  30.00   13.20 234.20   0.00   0.00   0.02   0.00 288.61   5.24
  25.00   27.70 224.20   0.00   0.00   0.13   0.00 287.49   8.00
  18.67   70.00 208.20   0.00   0.00   2.00   0.01 285.46  11.77
  18.06   77.40 208.20   0.00   0.00   3.00   0.01 285.47  12.14
  17.81   80.70 205.40   0.00   0.00   4.00   0.01 285.42  12.20
  17.01   92.20 206.20   0.00   0.00   4.00   0.01 285.78  12.77
  16.23  105.00 206.40   0.00   0.00   4.00   0.01 286.06  13.55
  16.00  109.00 205.40   0.00   0.00   6.00   0.01 286.11  13.74
  15.47  119.00 204.40   0.00   0.00   8.00   0.01 286.44  14.21
  15.18  125.00 205.80   0.00   0.00  10.00   0.01 286.75  14.68
  15.08  127.00 205.00   0.00   0.00  12.00   0.01 286.81  14.82
  14.67  136.00 205.00   0.00   0.00  17.00   0.01 287.32  15.52
  14.02  151.50 207.90   0.00   0.00  15.00   0.01 288.51  17.23
  13.84  156.00 207.60   0.00   0.00  13.00   0.01 288.83  17.68
  13.42  167.00 210.40   0.00   0.00  12.00   0.01 289.87  18.99
  13.03  178.00 212.20   0.00   0.00  10.00   0.01 290.87  20.41
  12.29  200.00 218.20   0.00   0.00  10.00   0.01 293.22  24.16
  12.19  203.10 218.90   0.00   0.00   9.00   0.01 293.52  24.77
  11.82  215.00 221.40   0.00   0.00   6.00   0.01 294.54  26.95
  11.44  228.00 222.80   0.01   0.00  13.00   0.01 295.48  29.54
  11.27  234.00 222.40   0.01   0.00  20.00   0.01 295.96  30.99
  10.87  249.00 225.80   0.02   0.00  19.00   0.01 297.83  35.51
  10.76  253.00 226.00   0.02   0.00  21.00   0.01 298.26  36.73
  10.68  256.00 226.40   0.01   0.00  10.00   0.01 298.58  37.43
  10.58  260.00 227.00   0.01   0.00  10.00   0.01 298.98  38.20
  10.36  269.00 228.00   0.03   0.00  25.00   0.01 300.02  40.54
  10.26  273.00 228.80   0.03   0.00  28.00   0.01 300.66  42.03
  10.06  281.20 230.60   0.03   0.00  23.00   0.01 302.01  45.15
   9.62  300.00 234.60   0.03   0.00  15.00   0.01 304.83  51.41
   9.51  305.00 235.40   0.03   0.00  15.00   0.01 305.46  52.95
   9.42  309.00 236.00   0.06   0.00  25.00   0.01 306.00  54.42
   9.26  316.00 237.20   0.16   0.00  63.00   0.01 307.32  58.74
   9.14  321.30 238.30   0.19   0.00  66.00   0.01 308.65  63.04
   9.04  326.00 239.20   0.22   0.00  70.00   0.02 309.84  66.58
   8.96  330.00 239.80   0.27   0.00  80.00   0.02 310.94  69.56
   8.81  337.00 241.20   0.28   0.00  73.00   0.02 313.13  74.54
   8.71  342.00 242.00   0.35   0.00  87.00   0.02 314.75  77.91
   8.42  356.00 244.60   0.37   0.00  72.00   0.02 320.20  86.81
   8.24  365.00 246.20   0.43   0.00  73.00   0.02 324.25  91.90
   8.14  370.00 247.00   0.36   0.00  57.00   0.02 326.81  94.44
   8.10  372.00 247.40   0.23   0.00  35.00   0.02 327.70  95.24
   8.06  374.00 247.60   0.26   0.00  39.00   0.02 328.51  95.92
   8.02  376.00 248.00   0.16   0.00  23.00   0.04 329.30  96.55
   7.92  381.10 248.80   0.11   0.00  15.00   0.04 330.82  97.84
   7.74  391.00 250.20   0.06   0.00   7.00   0.04 333.11  99.86
   7.62  397.30 250.90   0.04   0.00   5.00   0.04 334.25 100.90
   7.57  400.00 251.20   0.05   0.00   5.00   0.04 334.73 101.33
   7.17  422.00 254.40   0.04   0.00   3.00   0.07 338.55 105.13
   6.40  467.00 261.40   0.06   0.00   3.00   0.09 346.77 114.97
   5.88  500.00 266.20   0.09   0.00   3.00   0.10 352.84 123.93
   4.88  567.00 273.50   0.05   0.00   1.00   0.12 361.46 140.12
   4.55  591.00 273.10   0.29   0.00   6.00   0.12 362.87 145.86
   3.99  634.00 276.90   0.25   0.00   4.00   0.13 369.48 160.87
   3.83  646.00 277.10   0.76   0.00  12.00   0.13 371.07 165.61
   3.66  660.00 278.80   0.78   0.00  11.00   0.13 374.77 173.75
   3.09  707.00 284.10   0.70   0.00   7.00   0.18 385.40 196.47
   2.74  737.00 286.50   1.74   0.00  15.00   0.19 391.03 211.88
   2.66  744.00 287.10   2.16   0.00  18.00   0.19 392.54 216.59
   2.13  791.70 291.60   3.31   0.00  21.00   0.28 404.20 248.78
   1.77  826.00 294.80   4.37   0.00  23.00   0.34 412.18 271.36
   1.59  843.00 296.30   1.87   0.00   9.00   0.34 414.90 279.59
   1.38  864.00 296.90   2.15   0.00  10.00   0.34 415.49 285.35
   1.22  880.30 296.30   4.56   0.00  22.00   0.34 414.17 289.09
   1.16  886.00 296.10   5.94   0.00  29.00   0.34 413.84 290.95
   1.05  897.00 296.30   7.46   0.00  36.00   0.40 414.27 296.32
   0.98  905.00 297.50   4.88   0.00  22.00   0.54 415.40 301.44
   0.91  912.00 297.10   7.38   0.00  34.00   0.54 414.08 304.09
   0.79  925.00 296.80   6.61   0.00  31.00   0.54 411.90 308.68
   0.59  946.00 296.30   5.18   0.00  25.00   0.54 407.56 313.19
   0.54  952.00 295.50   5.74   0.00  29.00   0.54 405.12 313.19
   0.45  962.00 294.10  10.23   0.00  56.00   0.54 399.70 312.99
   0.41  966.00 292.80  12.86   0.00  76.00   0.54 395.37 312.20
   0.40  967.80 291.70  13.01   0.00  82.00   0.54 392.71 311.15
   0.39  968.90 291.10  13.01   0.00  85.00   0.54 391.32 310.43
   0.38  970.00 290.50  13.14   0.00  89.00   0.54 389.86 309.63
   0.37  971.10 289.80  13.03   0.00  92.00   0.54 388.55 308.74
   0.36  972.20 289.20  12.98   0.00  95.00   0.54 387.40 307.81
   0.35  973.20 288.70  12.99   0.00  98.00   0.54 386.59 307.04
   0.34  974.30 288.50  12.83   0.00  98.00   0.54 386.05 306.58
   0.33  975.40 288.30  12.67   0.00  98.00   0.54 385.56 306.31
   0.32  976.50 288.10  12.65   0.00  99.00   0.54 385.06 306.09
   0.31  977.60 287.80  12.42   0.00  99.00   0.54 384.50 305.82
   0.30  978.70 287.60  12.27   0.00  99.00   0.54 384.09 305.62
   0.29  979.70 287.40  12.12   0.00  99.00   0.54 383.69 305.45
   0.28  980.80 287.20  12.09   0.00  99.99   0.54 383.35 305.31
   0.27  981.90 287.00  11.94   0.00  99.99   0.54 383.03 305.16
   0.26  983.00 286.80  11.80   0.00  99.99   0.00 382.78 305.02
   0.00    0.00   0.00   0.00   0.00   0.00   0.00   0.00   0.00
   0.00    0.00   0.00   0.00   0.00   0.00   0.00   0.00   0.00
   0.00    0.00   0.00   0.00   0.00   0.00*******   0.00   0.00
   0.00    0.00   0.00   0.00   0.00   0.00   0.00   0.00   0.00
   0.00    0.00   0.00   0.00   0.00   0.00   0.00   0.00   0.00
   0.00    0.00   0.00   0.00   0.00   0.00   0.00   0.00   0.00
   0.00    0.00   0.00   0.00   0.00   0.00   0.00   0.00   0.00
