 Sounding NKX 20140504-12UTC                                                     
      z       p      T     wv     O3     RH   Aer.  LW_up  LW_dn
 100.00000    0.00 210.70   0.00   0.00   0.00   0.00 288.69   0.00
  70.00000    0.07 219.10   0.00   0.00   0.00   0.00 288.69   0.01
  50.00000    0.95 276.20   0.00   0.00   0.00   0.00 288.81   0.41
  45.00000    1.76 269.70   0.00   0.00   0.00   0.00 288.65   1.04
  40.00000    3.33 257.50   0.00   0.00   0.00   0.00 288.31   1.95
  30.17500   11.40 226.60   0.00   0.00   1.00   0.00 286.41   5.48
  29.56600   12.50 227.80   0.00   0.00   1.00   0.00 286.35   5.86
  29.18700   13.20 228.60   0.00   0.00   1.00   0.00 286.27   6.17
  28.79500   14.00 225.80   0.00   0.00   1.00   0.00 286.18   6.43
  27.43200   17.20 224.40   0.00   0.00   1.00   0.00 285.95   7.32
  26.51800   19.80 223.50   0.00   0.00   1.00   0.00 285.75   7.96
  25.77100   22.20 220.60   0.00   0.00   1.00   0.00 285.57   8.41
  24.58400   26.70 219.20   0.00   0.00   1.00   0.00 285.37   9.13
  24.30300   27.90 217.60   0.00   0.00   1.00   0.00 285.33   9.28
  23.58800   31.20 219.80   0.00   0.00   1.00   0.00 285.27   9.83
  21.97700   40.20 214.00   0.00   0.00   1.00   0.00 284.77  10.80
  21.33600   44.50 213.70   0.00   0.00   1.00   0.00 284.71  11.15
  20.42200   51.50 213.30   0.00   0.00   1.00   0.00 284.59  11.75
  19.81200   56.90 212.10   0.00   0.00   1.00   0.00 284.45  12.14
  19.32700   61.50 210.60   0.00   0.00   1.00   0.00 284.39  12.40
  18.94800   65.40 211.60   0.00   0.00   1.00   0.00 284.38  12.68
  18.59300   69.30 210.20   0.00   0.00   1.00   0.00 284.24  12.90
  18.28900   72.80 208.00   0.00   0.00   2.00   0.00 284.14  12.99
  16.80600   92.90 205.00   0.00   0.00   2.00   0.00 284.33  13.59
  16.36000  100.00 206.40   0.00   0.00   2.00   0.00 284.65  13.94
  15.24000  120.20 209.30   0.00   0.00   2.00   0.00 285.31  15.29
  14.85700  128.00 208.60   0.00   0.00   3.00   0.00 285.41  15.71
  14.66900  132.00 209.40   0.00   0.00   4.00   0.00 285.49  15.98
  14.22300  142.00 207.80   0.00   0.00   8.00   0.00 285.54  16.53
  13.57400  158.00 207.80   0.00   0.00  32.00   0.00 285.93  18.06
  13.49800  160.00 207.00   0.00   0.00  37.00   0.00 285.97  18.30
  13.34800  164.00 207.80   0.00   0.00  50.00   0.00 286.10  18.95
  13.20300  168.00 205.40   0.00   0.00  59.00   0.00 286.12  19.42
  13.10600  170.70 205.20   0.00   0.00  65.00   0.00 286.25  19.69
  12.99200  174.00 203.80   0.00   0.00  67.00   0.00 286.45  19.93
  12.89000  177.00 204.40   0.00   0.00  68.00   0.00 286.79  20.21
  12.49700  188.90 207.30   0.01   0.00  66.00   0.00 288.22  22.03
  11.84900  210.00 212.80   0.01   0.00  56.00   0.01 291.09  26.53
  10.74000  250.00 222.40   0.01   0.00  23.00   0.01 296.77  36.00
  10.05800  277.10 228.20   0.02   0.00  22.00   0.01 300.60  43.15
   9.52000  300.00 232.80   0.04   0.00  26.00   0.01 304.12  50.71
   9.14400  316.80 235.80   0.07   0.00  31.00   0.01 306.94  57.27
   8.53400  345.70 240.90   0.11   0.00  29.00   0.02 312.50  69.03
   7.88200  379.00 246.60   0.09   0.00  15.00   0.02 318.57  80.74
   7.49000  400.00 249.40   0.19   0.00  24.00   0.02 322.18  88.33
   7.21900  415.00 251.60   0.12   0.00  13.00   0.03 324.61  93.69
   6.95700  430.00 252.20   0.33   0.00  33.00   0.05 326.73  98.87
   6.66900  447.00 254.40   0.37   0.00  31.00   0.05 330.95 106.69
   6.16400  478.00 258.80   0.37   0.00  22.00   0.05 339.10 119.81
   5.82000  500.00 261.60   0.36   0.00  17.00   0.06 344.65 128.04
   5.18200  542.70 267.10   0.35   0.00  11.00   0.06 355.30 142.94
   4.74600  574.00 270.80   0.33   0.00   8.00   0.07 362.50 153.04
   4.17000  617.00 274.90   0.22   0.00   4.00   0.07 370.52 164.65
   3.65800  657.30 277.40   0.19   0.00   3.00   0.08 376.43 172.97
   3.14500  700.00 281.50   0.17   0.00   2.00   0.09 383.11 182.53
   2.90000  721.00 283.30   0.19   0.00   2.00   0.11 385.58 187.42
   2.43900  762.00 285.50   1.31   0.00  12.00   0.11 391.48 202.17
   2.10400  793.00 288.30   0.52   0.00   4.00   0.18 398.16 214.97
   1.51300  850.00 292.90   0.51   0.00   3.00   0.19 406.61 232.02
   1.21900  879.50 294.00   0.73   0.00   4.00   0.22 408.55 239.95
   0.91400  911.20 295.00   1.54   0.00   8.00   0.31 410.00 250.07
   0.68200  936.00 295.80   3.42   0.00  17.00   0.31 409.14 261.90
   0.62700  942.00 294.50   4.67   0.00  25.00   0.31 406.60 263.78
   0.54600  951.00 294.10   4.75   0.00  26.00   0.31 404.08 267.52
   0.46200  960.40 291.10   9.49   0.00  62.00   0.31 397.90 268.95
   0.45100  961.70 290.90   9.83   0.00  65.00   0.31 397.41 269.35
   0.44000  962.90 290.70  10.16   0.00  68.00   0.31 396.92 269.91
   0.42900  964.20 290.50  10.49   0.00  71.00   0.31 396.45 270.51
   0.41800  965.40 290.30  10.65   0.00  73.00   0.31 395.99 271.15
   0.40700  966.70 290.10  10.96   0.00  76.00   0.31 395.56 271.79
   0.39600  968.00 290.00  11.18   0.00  78.00   0.31 395.20 272.55
   0.38500  969.20 289.80  11.47   0.00  81.00   0.31 394.75 273.27
   0.37400  970.50 289.60  11.61   0.00  83.00   0.31 394.32 273.97
   0.36300  971.70 289.40  11.89   0.00  86.00   0.31 393.94 274.65
   0.35200  973.00 289.30  12.23   0.00  89.00   0.31 393.62 275.43
   0.34100  974.20 289.10  12.35   0.00  91.00   0.31 393.23 276.16
   0.33000  975.50 288.90  12.61   0.00  94.00   0.31 392.87 276.84
   0.31900  976.70 288.70  12.72   0.00  96.00   0.31 392.58 277.50
   0.30800  978.00 288.50  12.96   0.00  99.00   0.00 392.44 278.16
   0.00000    0.00   0.00   0.00   0.00   0.00   0.00   0.00   0.00
   0.00000    0.00   0.00   0.00   0.00   0.00   0.00   0.00   0.00
   0.00000    0.00   0.00   0.00   0.00   0.00   0.00   0.00   0.00
   0.00000    0.00   0.00   0.00   0.00   0.00   0.00   0.00   0.00
   0.00000    0.00   0.00   0.00   0.00   0.00   0.00   0.00   0.00
   0.00000    0.00   0.00   0.00   0.00   0.00   0.00   0.00   0.00
   0.00000    0.00   0.00   0.00   0.00   0.00   0.00   0.00   0.00
   0.00000    0.00   0.00   0.00   0.00   0.00   0.00   0.00   0.00
   0.00000    0.00   0.00   0.00   0.00   0.00   0.00   0.00   0.00
   0.00000    0.00   0.00   0.00   0.00   0.00   0.00   0.00   0.00
   0.00000    0.00   0.00   0.00   0.00   0.00   0.00   0.00   0.00
   0.00000    0.00   0.00   0.00   0.00   0.00   0.00   0.00   0.00
   0.00000    0.00   0.00   0.00   0.00   0.00   0.00   0.00   0.00
   0.00000    0.00   0.00   0.00   0.00   0.00   0.00   0.00   0.00
   0.00000    0.00   0.00   0.00   0.00   0.00   0.00   0.00   0.00
   0.00000    0.00   0.00   0.00   0.00   0.00   0.00   0.00   0.00
   0.00000    0.00   0.00   0.00   0.00   0.00*******   0.00   0.00
   0.00000    0.00   0.00   0.00   0.00   0.00   0.00   0.00   0.00
   0.00000    0.00   0.00   0.00   0.00   0.00   0.00   0.00   0.00
   0.00000    0.00   0.00   0.00   0.00   0.00   0.00   0.00   0.00
   0.00000    0.00   0.00   0.00   0.00   0.00   0.00   0.00   0.00
