      z       p      T     wv     O3     RH   Aer.  LW_up  LW_dn
 100.00    0.00 210.70   0.00   0.00   0.00   0.00 290.68   0.00
  70.00    0.07 219.10   0.00   0.00   0.00   0.00 290.68   0.01
  50.00    0.95 276.20   0.00   0.00   0.00   0.00 290.79   0.41
  45.00    1.76 269.70   0.00   0.00   0.00   0.00 290.63   1.04
  40.00    3.33 257.50   0.00   0.00   0.00   0.00 290.29   1.95
  31.39    9.80 232.00   0.00   0.00   1.00   0.00 288.65   5.34
  31.23   10.00 231.40   0.00   0.00   1.00   0.00 288.62   5.46
  30.48   11.20 230.80   0.00   0.00   1.00   0.00 288.48   6.01
  28.24   15.60 225.40   0.00   0.00   1.00   0.00 288.00   7.52
  27.37   17.80 225.80   0.00   0.00   1.00   0.00 287.82   8.13
  26.61   20.00 223.00   0.00   0.00   1.00   0.00 287.58   8.64
  26.20   21.30 220.80   0.00   0.00   1.00   0.00 287.45   8.85
  25.32   24.40 217.80   0.00   0.00   1.00   0.00 287.29   9.24
  24.44   28.00 218.20   0.00   0.00   1.00   0.00 287.19   9.75
  24.00   30.00 217.00   0.00   0.00   1.00   0.00 287.09  10.02
  23.47   32.60 215.50   0.00   0.00   1.00   0.00 287.01  10.30
  22.86   35.90 216.10   0.00   0.00   1.00   0.00 286.93  10.69
  22.55   37.70 214.90   0.00   0.00   1.00   0.00 286.85  10.88
  21.98   41.30 213.00   0.00   0.00   1.00   0.00 286.76  11.16
  21.64   43.60 214.30   0.00   0.00   1.00   0.00 286.75  11.40
  21.34   45.80 213.90   0.00   0.00   1.00   0.00 286.68  11.62
  20.42   53.10 211.10   0.00   0.00   1.00   0.01 286.41  12.11
  18.90   68.10 206.90   0.00   0.00   2.00   0.01 286.22  12.80
  18.53   72.30 208.40   0.00   0.00   2.00   0.01 286.22  13.09
  18.30   75.10 204.40   0.00   0.00   3.00   0.01 286.11  13.11
  17.98   79.30 205.00   0.00   0.00   3.00   0.01 286.22  13.22
  17.68   83.40 203.80   0.00   0.00   3.00   0.01 286.27  13.33
  17.07   92.30 204.20   0.00   0.00   4.00   0.01 286.54  13.70
  16.59  100.00 202.80   0.00   0.00   6.00   0.01 286.76  13.96
  15.97  111.00 203.40   0.00   0.00   6.00   0.01 287.35  14.46
  15.60  118.00 203.40   0.00   0.00   4.00   0.01 287.83  14.77
  15.24  125.30 206.70   0.00   0.00   3.00   0.01 288.54  15.36
  14.63  138.40 210.90   0.00   0.00   4.00   0.00 289.55  16.74
  14.13  150.00 212.60   0.00   0.00   4.00   0.00 290.19  17.99
  13.69  161.00 213.20   0.00   0.00   4.00   0.01 290.76  19.02
  13.41  168.40 214.60   0.00   0.00   6.00   0.01 291.24  19.85
  13.13  176.00 216.00   0.00   0.00   7.00   0.01 291.68  20.92
  12.99  180.00 216.20   0.00   0.00  10.00   0.01 291.82  21.53
  12.62  191.00 214.80   0.01   0.00  27.00   0.01 292.31  23.41
  12.36  199.00 215.40   0.01   0.00  40.00   0.01 293.12  25.32
  11.99  211.00 217.60   0.01   0.00  41.00   0.01 294.78  28.77
  11.81  217.00 219.20   0.01   0.00  32.00   0.01 295.71  30.52
  11.55  226.00 221.60   0.01   0.00  26.00   0.01 297.02  33.05
   9.69  298.00 236.40   0.03   0.00  14.00   0.01 308.11  53.90
   9.30  315.00 238.60   0.10   0.00  32.00   0.01 310.95  60.66
   9.14  321.90 240.10   0.10   0.00  29.00   0.03 312.58  64.20
   7.58  400.00 254.60   0.16   0.00  13.00   0.04 332.07  96.43
   7.21  420.00 257.80   0.08   0.00   5.00   0.04 336.32 102.96
   6.98  433.00 259.40   0.04   0.00   2.00   0.07 337.97 105.74
   6.70  449.00 260.20   0.17   0.00   9.00   0.07 340.11 109.53
   5.87  500.00 267.60   0.23   0.00   7.00   0.09 353.20 129.27
   5.65  514.00 269.40   0.07   0.00   2.00   0.09 356.19 133.44
   5.01  557.00 273.80   0.10   0.00   2.00   0.11 362.82 143.45
   4.27  611.00 279.60   0.15   0.00   2.00   0.11 370.92 158.76
   3.82  645.00 280.90   0.24   0.00   3.00   0.12 374.40 168.18
   3.66  658.00 282.00   0.17   0.00   2.00   0.12 376.23 171.84
   3.17  698.00 285.10   0.21   0.00   2.00   0.15 380.57 182.58
   2.74  734.50 285.90   0.33   0.00   3.00   0.17 382.47 191.74
   2.44  761.70 286.60   0.58   0.00   5.00   0.17 384.20 199.65
   2.00  802.00 288.30   1.03   0.00   8.00   0.29 387.31 214.55
   1.92  810.00 288.10   2.04   0.00  16.00   0.30 387.53 218.27
   1.83  818.80 288.60   1.71   0.00  13.00   0.30 388.55 223.23
   1.69  832.00 289.30   1.37   0.00  10.00   0.30 389.58 229.12
   1.54  847.00 289.30   1.51   0.00  11.00   0.30 389.70 234.00
   1.31  870.00 289.10   6.52   0.00  48.00   0.30 389.89 246.58
   1.24  878.00 289.80   5.95   0.00  42.00   0.30 390.96 254.03
   1.22  879.80 289.90   4.56   0.00  32.00   0.30 391.12 255.33
   1.18  884.00 290.50   2.51   0.00  17.00   0.30 391.28 257.57
   1.15  887.00 290.10   2.31   0.00  16.00   0.30 390.67 258.17
   1.09  893.00 289.30   4.95   0.00  36.00   0.30 389.62 259.05
   1.02  901.00 289.10   7.47   0.00  55.00   0.43 389.30 262.68
   0.96  907.00 288.90   7.91   0.00  59.00   0.48 389.29 266.19
   0.79  925.00 290.10   7.50   0.00  52.00   0.48 391.36 277.97
   0.61  945.00 290.90   6.50   0.00  43.00   0.48 390.61 287.57
   0.61  945.30 290.90   6.50   0.00  43.00   0.48 390.54 287.65
   0.59  946.90 290.70   6.73   0.00  45.00   0.48 389.86 288.07
   0.58  948.50 290.40   7.63   0.00  52.00   0.48 389.08 288.26
   0.56  950.10 290.00   8.31   0.00  58.00   0.48 388.14 288.33
   0.55  951.70 289.60   8.96   0.00  64.00   0.48 387.26 288.31
   0.54  953.30 289.20   9.70   0.00  71.00   0.48 386.34 288.28
   0.52  954.90 288.80  10.27   0.00  77.00   0.48 385.50 288.24
   0.51  956.50 288.50  10.87   0.00  83.00   0.48 384.70 288.36
   0.49  958.20 288.10  11.12   0.00  87.00   0.48 383.89 288.42
   0.48  959.80 287.80  11.16   0.00  89.00   0.48 383.19 288.56
   0.46  961.40 287.50  11.21   0.00  91.00   0.48 382.54 288.70
   0.45  963.10 287.20  11.25   0.00  93.00   0.48 381.92 288.84
   0.43  964.70 286.90  11.40   0.00  96.00   0.48 381.37 288.96
   0.42  966.40 286.60  11.42   0.00  98.00   0.48 380.89 289.10
   0.41  968.00 286.30  11.44   0.00  99.99   0.00 380.66 289.22
   0.00    0.00   0.00   0.00   0.00   0.00   0.00   0.00   0.00
   0.00    0.00   0.00   0.00   0.00   0.00   0.00   0.00   0.00
   0.00    0.00   0.00   0.00   0.00   0.00   0.00   0.00   0.00
   0.00    0.00   0.00   0.00   0.00   0.00   0.00   0.00   0.00
   0.00    0.00   0.00   0.00   0.00   0.00   0.00   0.00   0.00
   0.00    0.00   0.00   0.00   0.00   0.00   0.00   0.00   0.00
   0.00    0.00   0.00   0.00   0.00   0.00*******   0.00   0.00
   0.00    0.00   0.00   0.00   0.00   0.00   0.00   0.00   0.00
   0.00    0.00   0.00   0.00   0.00   0.00   0.00   0.00   0.00
   0.00    0.00   0.00   0.00   0.00   0.00   0.00   0.00   0.00
   0.00    0.00   0.00   0.00   0.00   0.00   0.00   0.00   0.00
