      z       p      T     wv     O3     RH   Aer.  LW_up  LW_dn
 100.00    0.00 210.70   0.00   0.00   0.00   0.00 289.31   0.00
  70.00    0.07 219.10   0.00   0.00   0.00   0.00 289.32   0.01
  50.00    0.95 276.20   0.00   0.00   0.00   0.00 289.43   0.41
  45.00    1.76 269.70   0.00   0.00   0.00   0.00 289.26   1.05
  40.00    3.33 257.50   0.00   0.00   0.00   0.00 288.92   1.98
  35.00    6.52 245.30   0.00   0.00   0.01   0.00 288.34   3.31
  27.73   17.20 223.00   0.00   0.00   1.00   0.00 286.57   6.80
  27.36   18.20 221.00   0.00   0.00   1.00   0.00 286.52   6.98
  26.75   20.00 222.80   0.00   0.00   1.00   0.00 286.49   7.38
  25.60   23.80 222.30   0.00   0.00   1.00   0.00 286.21   8.30
  25.61   23.80 222.40   0.00   0.00   1.00   0.00 286.21   8.30
  25.02   26.10 216.80   0.00   0.00   1.00   0.00 286.01   8.59
  24.48   28.40 217.40   0.00   0.00   1.00   0.00 285.98   8.88
  24.13   30.00 216.20   0.00   0.00   1.00   0.00 285.94   9.08
  23.53   33.00 215.80   0.00   0.00   1.00   0.00 285.91   9.44
  21.95   42.40 215.50   0.00   0.00   1.00   0.00 285.74  10.61
  21.64   44.50 214.40   0.00   0.00   1.00   0.00 285.65  10.82
  21.09   48.60 212.20   0.00   0.00   1.00   0.00 285.54  11.11
  20.91   50.00 212.80   0.00   0.00   1.00   0.00 285.54  11.23
  20.73   51.50 213.10   0.00   0.00   1.00   0.00 285.50  11.37
  20.42   54.10 210.90   0.00   0.00   1.00   0.00 285.42  11.51
  19.98   58.10 211.80   0.00   0.00   1.00   0.01 285.39  11.81
  19.51   62.70 208.60   0.00   0.00   1.00   0.01 285.30  12.06
  19.35   64.40 208.00   0.00   0.00   2.00   0.01 285.34  12.12
  19.14   66.60 208.80   0.00   0.00   2.00   0.01 285.39  12.27
  18.84   70.00 207.00   0.00   0.00   2.00   0.01 285.43  12.44
  18.02   80.20 208.20   0.00   0.00   3.00   0.01 285.77  13.18
  16.51  103.00 205.20   0.00   0.00   9.00   0.01 286.24  14.67
  16.28  107.00 204.00   0.00   0.00   8.00   0.01 286.39  14.84
  15.90  114.00 205.20   0.00   0.00   9.00   0.01 286.83  15.30
  15.64  119.00 204.40   0.00   0.00  10.00   0.01 287.11  15.60
  15.24  127.20 206.80   0.00   0.00   9.00   0.01 287.79  16.35
  14.97  133.00 207.40   0.00   0.00   9.00   0.01 288.13  16.91
  14.94  133.80 206.80   0.00   0.00  10.00   0.01 288.16  16.96
  14.57  142.00 207.20   0.00   0.00   9.00   0.01 288.78  17.58
  14.33  147.90 208.70   0.00   0.00   7.00   0.01 289.34  18.13
  14.04  155.00 210.80   0.00   0.00   7.00   0.01 290.00  18.94
  13.72  163.20 212.20   0.00   0.00   9.00   0.01 290.71  19.98
  12.43  200.00 219.80   0.01   0.00  14.00   0.01 294.70  26.83
  11.43  233.00 227.60   0.01   0.00   9.00   0.02 298.67  35.20
  11.35  236.00 227.20   0.01   0.00  11.00   0.02 298.89  35.91
  11.07  246.00 228.40   0.01   0.00  12.00   0.02 300.02  38.42
  10.97  249.50 229.30   0.01   0.00  11.00   0.02 300.47  39.38
  10.96  250.00 229.40   0.01   0.00  10.00   0.02 300.53  39.51
  10.83  255.00 230.40   0.02   0.00  12.00   0.02 301.07  40.90
  10.67  261.00 230.20   0.03   0.00  26.00   0.02 301.75  42.92
  10.49  268.00 231.40   0.05   0.00  37.00   0.02 303.13  46.29
  10.06  285.60 235.70   0.06   0.00  25.00   0.03 307.29  54.82
   9.45  311.70 241.40   0.05   0.00  12.00   0.03 312.91  64.54
   9.26  320.00 243.00   0.04   0.00   9.00   0.03 314.43  67.09
   9.14  325.40 244.00   0.04   0.00   9.00   0.04 315.39  68.70
   8.64  349.00 248.40   0.09   0.00  12.00   0.06 320.22  77.16
   7.63  400.00 257.00   0.06   0.00   4.00   0.09 330.36  94.52
   7.03  433.00 262.00   0.09   0.00   4.00   0.15 335.89 105.02
   6.71  451.40 263.50   0.07   0.00   3.00   0.16 338.44 110.60
   6.13  486.00 267.20   0.06   0.00   2.00   0.17 342.80 119.92
   5.91  500.00 267.60   0.07   0.00   2.00   0.20 343.92 123.07
   5.72  512.00 268.40   0.14   0.00   4.00   0.20 345.26 126.37
   5.19  548.00 272.00   0.18   0.00   4.00   0.21 349.54 139.21
   4.91  567.00 272.60   0.42   0.00   9.00   0.24 350.02 146.86
   4.87  570.00 272.00   0.76   0.00  17.00   0.24 349.59 148.33
   4.82  574.00 270.40   2.00   0.00  50.00   0.24 349.01 151.25
   4.76  578.00 270.60   2.56   0.00  63.00   0.24 350.00 156.54
   4.42  603.00 273.90   2.81   0.00  55.00   0.24 358.01 184.65
   4.32  611.00 274.80   3.47   0.00  64.00   0.24 360.14 191.85
   4.27  614.70 274.90   3.99   0.00  73.00   0.24 360.95 195.16
   4.21  619.00 275.10   4.71   0.00  85.00   0.25 362.24 199.20
   3.66  662.00 280.60   4.86   0.00  61.00   0.26 380.04 236.43
   3.20  700.00 285.10   4.99   0.00  47.00   0.32 394.19 259.61
   2.74  738.70 289.30   4.81   0.00  35.00   0.37 407.55 280.46
   2.13  792.60 294.80   4.56   0.00  24.00   0.60 424.39 306.84
   1.53  850.00 300.10   4.37   0.00  17.00   0.66 439.28 333.23
   1.06  896.00 304.10   4.15   0.00  13.00   0.88 446.72 353.57
   0.92  910.00 304.50   5.22   0.00  16.00   1.05 445.39 358.67
   0.78  925.00 303.30   7.34   0.00  24.00   1.05 439.16 361.19
   0.74  929.00 302.90   7.19   0.00  24.00   1.05 436.36 361.50
   0.68  935.40 299.70  10.80   0.00  43.00   1.05 428.65 357.50
   0.66  937.10 299.20  11.48   0.00  47.00   1.05 427.29 356.42
   0.65  938.80 298.90  12.25   0.00  51.00   1.05 426.12 355.83
   0.63  940.50 298.60  12.75   0.00  54.00   1.05 424.90 355.44
   0.61  942.30 298.30  13.47   0.00  58.00   1.05 423.51 355.17
   0.60  944.00 297.90  14.53   0.00  64.00   1.05 421.94 354.86
   0.58  945.70 297.50  15.76   0.00  71.00   1.05 420.20 354.57
   0.56  947.50 297.10  16.71   0.00  77.00   1.05 418.03 354.35
   0.55  949.20 296.10  16.81   0.00  82.00   1.05 415.01 353.38
   0.53  951.00 295.00  16.74   0.00  87.00   1.05 411.96 351.90
   0.52  952.80 293.80  16.51   0.00  92.00   1.05 409.06 350.04
   0.50  954.50 292.70  16.32   0.00  97.00   1.05 406.53 348.08
   0.48  956.30 291.80  15.80   0.00  99.00   1.05 404.64 346.43
   0.47  958.20 291.10  15.15   0.00  99.00   1.05 403.22 345.13
   0.45  960.00 290.30  14.59   0.00  99.99   0.00 402.29 343.77
   0.00    0.00   0.00   0.00   0.00   0.00   0.00   0.00   0.00
   0.00    0.00   0.00   0.00   0.00   0.00   0.00   0.00   0.00
   0.00    0.00   0.00   0.00   0.00   0.00   0.00   0.00   0.00
   0.00    0.00   0.00   0.00   0.00   0.00   0.00   0.00   0.00
   0.00    0.00   0.00   0.00   0.00   0.00*******   0.00   0.00
   0.00    0.00   0.00   0.00   0.00   0.00   0.00   0.00   0.00
   0.00    0.00   0.00   0.00   0.00   0.00   0.00   0.00   0.00
   0.00    0.00   0.00   0.00   0.00   0.00   0.00   0.00   0.00
   0.00    0.00   0.00   0.00   0.00   0.00   0.00   0.00   0.00
