 Sounding NKX 20150708-12UTC                                                     
      z       p      T     wv     O3     RH   Aer.  LW_up  LW_dn
 100.00000    0.00 210.70   0.00   0.00   0.00   0.00 282.40   0.00
  70.00000    0.07 219.10   0.00   0.00   0.00   0.00 282.40   0.01
  50.00000    0.95 276.20   0.00   0.00   0.00   0.00 282.51   0.41
  45.00000    1.76 269.70   0.00   0.00   0.00   0.00 282.35   1.05
  40.00000    3.33 257.50   0.00   0.00   0.00   0.00 282.00   1.97
  32.91800    8.10 236.30   0.00   0.00   1.00   0.00 280.80   4.94
  31.49900    9.90 233.40   0.00   0.00   1.00   0.00 280.55   6.14
  31.43000   10.00 233.80   0.00   0.00   1.00   0.00 280.54   6.19
  30.01400   12.30 233.20   0.00   0.00   1.00   0.00 280.24   7.42
  28.89900   14.50 229.60   0.00   0.00   1.00   0.00 279.94   8.32
  28.40700   15.60 230.60   0.00   0.00   1.00   0.00 279.81   8.73
  27.79400   17.10 225.40   0.00   0.00   1.00   0.00 279.60   9.12
  26.92700   19.50 225.60   0.00   0.00   1.00   0.00 279.42   9.68
  26.82200   19.80 224.30   0.00   0.00   1.00   0.00 279.38   9.74
  26.59800   20.50 222.60   0.00   0.00   1.00   0.00 279.32   9.85
  26.02100   22.40 221.40   0.00   0.00   1.00   0.00 279.25  10.15
  25.29800   25.00 222.00   0.00   0.00   1.00   0.00 279.15  10.62
  24.38400   28.80 219.30   0.00   0.00   1.00   0.00 278.94  11.20
  23.47000   33.30 217.90   0.00   0.00   1.00   0.00 278.81  11.76
  22.55500   38.40 216.90   0.00   0.00   1.00   0.00 278.67  12.36
  21.70800   43.90 216.00   0.00   0.00   1.00   0.00 278.48  12.94
  21.49600   45.40 214.20   0.00   0.00   1.00   0.00 278.41  13.04
  20.89000   50.00 214.80   0.00   0.00   1.00   0.00 278.29  13.43
  20.72600   51.30 213.50   0.00   0.00   1.00   0.00 278.19  13.52
  20.20900   55.80 209.20   0.00   0.00   1.00   0.01 278.01  13.59
  19.85800   59.10 208.60   0.00   0.00   1.00   0.01 278.09  13.68
  19.56400   62.00 210.20   0.00   0.00   1.00   0.01 278.19  13.90
  19.49500   62.70 208.80   0.00   0.00   1.00   0.01 278.18  13.93
  18.92600   68.80 210.20   0.00   0.00   1.00   0.01 278.36  14.38
  18.56400   73.00 208.40   0.00   0.00   2.00   0.01 278.39  14.61
  18.37500   75.30 209.40   0.00   0.00   2.00   0.01 278.46  14.78
  17.84800   82.10 207.80   0.00   0.00   2.00   0.01 278.47  15.15
  17.67400   84.50 206.40   0.00   0.00   3.00   0.01 278.45  15.20
  17.58900   85.70 204.00   0.00   0.00   3.00   0.01 278.46  15.16
  16.53900  102.00 209.40   0.00   0.00   3.00   0.01 279.54  16.27
  16.30400  106.00 207.40   0.00   0.00   2.00   0.01 279.64  16.46
  16.02200  111.00 209.40   0.00   0.00   3.00   0.01 279.94  16.83
  15.64800  118.00 207.80   0.00   0.00   3.00   0.01 280.20  17.20
  14.93500  132.50 211.10   0.00   0.00   5.00   0.01 281.22  18.41
  14.64100  139.00 211.40   0.00   0.00   9.00   0.01 281.54  19.06
  14.32600  146.30 210.50   0.00   0.00  14.00   0.01 282.00  19.77
  13.72800  161.00 214.80   0.00   0.00  11.00   0.01 283.53  21.98
  13.42200  169.00 215.60   0.00   0.00  11.00   0.01 284.23  23.24
  12.40500  198.00 222.20   0.01   0.00  10.00   0.01 287.28  28.88
  11.88700  214.30 224.30   0.01   0.00  13.00   0.02 288.82  32.61
  11.53600  226.00 225.80   0.01   0.00  16.00   0.02 290.12  35.62
  10.86000  250.00 230.00   0.01   0.00  11.00   0.02 293.08  41.92
   9.66600  298.00 237.00   0.04   0.00  14.00   0.03 299.52  55.26
   9.16800  320.00 240.20   0.03   0.00  10.00   0.04 302.89  61.70
   8.83900  335.10 243.00   0.06   0.00  13.00   0.06 305.51  66.65
   7.62000  396.20 253.80   0.11   0.00  10.00   0.08 317.86  90.21
   7.51300  402.00 254.80   0.10   0.00   8.00   0.12 318.92  92.49
   6.28900  472.00 264.40   0.26   0.00  10.00   0.16 332.70 121.34
   5.84000  500.00 266.80   0.28   0.00   9.00   0.19 337.47 132.86
   5.19100  543.00 271.60   0.39   0.00   9.00   0.20 345.39 150.33
   4.87700  564.80 273.20   0.34   0.00   7.00   0.23 348.14 158.20
   4.70600  577.00 273.50   1.14   0.00  23.00   0.23 349.62 163.60
   4.46000  595.00 275.30   1.01   0.00  18.00   0.23 353.26 174.19
   4.14000  619.00 276.80   1.99   0.00  32.00   0.24 357.59 187.74
   3.79300  646.00 279.10   2.60   0.00  36.00   0.25 364.75 204.98
   3.60500  661.00 280.90   1.30   0.00  16.00   0.25 368.92 212.62
   3.13100  700.00 283.80   1.86   0.00  19.00   0.33 377.06 227.24
   2.43800  760.20 289.20   0.68   0.00   5.00   0.35 388.14 247.59
   2.30700  772.00 289.50   0.83   0.00   6.00   0.35 388.73 250.09
   2.05800  795.00 289.80   2.27   0.00  16.00   0.55 389.87 255.69
   1.86800  813.00 290.90   1.66   0.00  11.00   0.63 391.65 261.84
   1.80500  819.00 291.30   1.55   0.00  10.00   0.63 391.83 263.75
   1.64000  835.00 290.30   3.65   0.00  25.00   0.63 390.13 267.07
   1.51800  847.00 289.50   8.76   0.00  63.00   0.63 389.05 271.74
   1.38800  860.00 290.30   8.03   0.00  55.00   0.63 390.32 281.31
   1.38700  860.10 290.40   8.07   0.00  55.00   0.63 390.34 281.41
   1.35400  863.40 290.40   8.07   0.00  55.00   0.63 390.24 283.48
   1.32100  866.80 290.50   8.12   0.00  55.00   0.63 390.21 285.42
   1.28800  870.20 290.50   8.12   0.00  55.00   0.63 390.05 287.17
   1.25500  873.60 290.60   8.17   0.00  55.00   0.63 389.97 288.95
   1.22200  877.00 290.70   8.37   0.00  56.00   0.63 389.79 290.73
   1.18900  880.40 290.70   8.37   0.00  56.00   0.63 389.44 292.36
   1.15600  883.80 290.80   8.42   0.00  56.00   0.63 389.09 294.02
   1.12300  887.20 290.90   8.47   0.00  56.00   0.63 388.50 295.68
   1.09000  890.60 290.90   8.47   0.00  56.00   0.63 387.29 297.18
   1.05700  894.00 290.00   9.17   0.00  64.00   0.63 384.88 297.43
   1.02400  897.40 289.00   9.85   0.00  73.00   0.73 382.37 297.06
   0.99100  900.90 288.00  10.41   0.00  82.00   1.00 379.85 296.52
   0.95800  904.40 286.70  10.67   0.00  91.00   1.00 377.20 295.70
   0.92500  908.00 285.30  10.75   0.00  99.99   0.00 375.38 294.46
   0.00000    0.00   0.00   0.00   0.00   0.00   0.00   0.00   0.00
   0.00000    0.00   0.00   0.00   0.00   0.00   0.00   0.00   0.00
   0.00000    0.00   0.00   0.00   0.00   0.00   0.00   0.00   0.00
   0.00000    0.00   0.00   0.00   0.00   0.00   0.00   0.00   0.00
   0.00000    0.00   0.00   0.00   0.00   0.00   0.00   0.00   0.00
   0.00000    0.00   0.00   0.00   0.00   0.00   0.00   0.00   0.00
   0.00000    0.00   0.00   0.00   0.00   0.00   0.00   0.00   0.00
   0.00000    0.00   0.00   0.00   0.00   0.00   0.00   0.00   0.00
   0.00000    0.00   0.00   0.00   0.00   0.00   0.00   0.00   0.00
   0.00000    0.00   0.00   0.00   0.00   0.00   0.00   0.00   0.00
   0.00000    0.00   0.00   0.00   0.00   0.00*******   0.00   0.00
   0.00000    0.00   0.00   0.00   0.00   0.00   0.00   0.00   0.00
   0.00000    0.00   0.00   0.00   0.00   0.00   0.00   0.00   0.00
   0.00000    0.00   0.00   0.00   0.00   0.00   0.00   0.00   0.00
   0.00000    0.00   0.00   0.00   0.00   0.00   0.00   0.00   0.00
