      z       p      T     wv     O3     RH   Aer.  LW_up  LW_dn
 100.00    0.00 210.70   0.00   0.00   0.00   0.00 264.79   0.00
  70.00    0.07 219.10   0.00   0.00   0.00   0.00 264.80   0.01
  50.00    0.95 276.20   0.00   0.00   0.00   0.00 264.91   0.42
  45.00    1.76 269.70   0.00   0.00   0.00   0.00 264.75   1.06
  40.00    3.33 257.50   0.00   0.00   0.00   0.00 264.41   2.01
  35.00    6.52 245.30   0.00   0.00   0.01   0.00 263.87   3.40
  30.00   13.20 234.20   0.00   0.00   0.07   0.00 263.09   5.59
  25.00   27.70 224.20   0.00   0.00   0.45   0.01 262.18   8.99
  20.00   59.50 218.20   0.00   0.00   1.95   0.03 261.65  14.09
  14.33  147.20 211.70   0.00   0.00   3.00   0.02 264.03  21.46
  14.05  154.00 213.20   0.00   0.00   3.00   0.02 264.64  21.91
  13.12  178.00 219.80   0.00   0.00   9.00   0.02 266.96  25.49
  13.11  178.50 219.80   0.00   0.00  10.00   0.02 266.99  25.61
  12.50  196.10 221.30   0.01   0.00  17.00   0.02 268.53  29.89
  12.37  200.00 222.00   0.01   0.00  17.00   0.02 268.98  30.94
  12.02  211.00 224.60   0.01   0.00  14.00   0.03 270.25  34.00
  11.89  215.40 224.90   0.01   0.00  11.00   0.03 270.65  35.05
  11.84  217.00 225.00   0.01   0.00  11.00   0.03 270.81  35.38
  11.14  241.00 229.20   0.01   0.00  10.00   0.03 273.32  40.94
  10.97  247.30 229.90   0.03   0.00  20.00   0.04 273.94  42.82
  10.90  250.00 230.20   0.03   0.00  26.00   0.04 274.26  43.91
  10.85  252.00 230.40   0.04   0.00  29.00   0.04 274.53  44.81
  10.61  261.00 232.00   0.04   0.00  23.00   0.04 275.77  48.60
  10.55  263.00 232.40   0.05   0.00  30.00   0.04 276.03  49.47
  10.48  266.00 232.40   0.08   0.00  52.00   0.04 276.46  51.06
  10.36  270.40 233.40   0.09   0.00  50.00   0.04 277.36  53.85
  10.00  285.00 236.60   0.11   0.00  43.00   0.05 280.21  61.95
   9.85  291.00 237.40   0.17   0.00  65.00   0.05 281.40  65.38
   9.75  295.20 238.30   0.15   0.00  53.00   0.05 282.41  67.88
   9.66  299.00 239.20   0.14   0.00  44.00   0.05 283.25  69.86
   9.64  300.00 239.40   0.14   0.00  44.00   0.05 283.45  70.36
   9.37  312.00 241.40   0.19   0.00  50.00   0.05 285.92  76.20
   9.25  317.00 242.40   0.17   0.00  41.00   0.05 286.98  78.60
   9.19  320.00 242.80   0.22   0.00  50.00   0.05 287.58  79.99
   9.03  327.00 244.00   0.27   0.00  56.00   0.08 289.24  83.64
   8.63  346.00 247.60   0.21   0.00  32.00   0.08 293.77  92.66
   8.56  349.00 248.20   0.28   0.00  39.00   0.08 294.42  93.99
   8.48  353.00 248.80   0.24   0.00  32.00   0.08 295.24  95.76
   8.38  358.00 249.60   0.38   0.00  48.00   0.08 296.33  98.13
   8.12  371.00 251.60   0.25   0.00  27.00   0.08 299.11 104.00
   8.04  375.00 252.00   0.32   0.00  33.00   0.14 299.84 105.50
   7.84  385.00 253.60   0.31   0.00  28.00   0.15 301.93 109.73
   7.56  400.00 255.40   0.53   0.00  41.00   0.15 305.09 116.47
   7.54  401.00 255.60   0.54   0.00  41.00   0.15 305.36 117.01
   7.45  406.00 256.40   0.31   0.00  22.00   0.15 306.47 119.20
   7.37  410.00 256.80   0.22   0.00  15.00   0.15 307.09 120.44
   7.32  413.20 257.10   0.22   0.00  15.00   0.19 307.54 121.32
   6.87  438.00 259.60   0.36   0.00  20.00   0.28 311.32 129.10
   6.68  449.00 260.80   0.53   0.00  27.00   0.28 313.14 133.58
   6.56  456.00 261.40   0.89   0.00  43.00   0.28 314.33 137.11
   6.41  465.00 262.60   0.52   0.00  23.00   0.28 315.68 141.54
   6.38  467.00 262.60   0.70   0.00  31.00   0.28 315.72 142.32
   6.31  471.00 261.80   1.60   0.00  75.00   0.28 315.78 144.05
   6.25  475.00 262.00   1.64   0.00  76.00   0.28 316.73 146.79
   6.02  489.00 263.60   1.63   0.00  67.00   0.32 320.62 156.57
   5.96  493.00 264.00   1.81   0.00  72.00   0.34 321.70 159.10
   5.85  500.00 265.00   1.84   0.00  68.00   0.34 323.82 163.87
   5.68  511.00 266.40   2.04   0.00  68.00   0.34 326.79 170.94
   5.62  515.00 266.80   1.91   0.00  62.00   0.34 327.66 173.34
   5.53  521.00 267.00   2.32   0.00  74.00   0.34 328.85 176.52
   5.41  529.00 267.80   2.09   0.00  63.00   0.36 330.97 181.06
   4.83  569.00 272.20   2.90   0.00  64.00   0.41 340.95 202.61
   4.71  578.00 272.20   3.45   0.00  76.00   0.41 342.19 206.74
   4.57  587.90 273.10   3.67   0.00  76.00   0.41 344.72 212.25
   4.27  610.60 275.00   4.29   0.00  78.00   0.41 350.29 224.79
   4.00  631.00 276.80   4.84   0.00  78.00   0.45 354.78 236.14
   3.89  640.00 276.50   5.29   0.00  87.00   0.45 355.55 239.76
   3.15  700.00 280.50   7.53   0.00  95.00   0.59 370.20 270.15
   2.63  746.00 283.30   9.39   0.00  99.00   0.65 382.36 294.81
   2.44  762.80 284.60   9.98   0.00  97.00   0.65 387.87 305.22
   2.13  790.90 286.60  10.72   0.00  92.00   0.65 396.43 320.60
   2.01  803.00 287.50  11.21   0.00  91.00   1.15 400.23 326.85
   1.52  850.00 291.90  11.72   0.00  73.00   1.15 416.55 355.68
   1.41  861.00 292.80  11.51   0.00  68.00   1.15 419.14 361.27
   1.31  871.00 292.90  12.43   0.00  73.00   1.15 420.38 364.76
   1.22  880.10 293.60  12.59   0.00  71.00   1.49 422.66 368.85
   0.79  925.00 296.80  13.86   0.00  65.00   1.84 431.11 390.39
   0.70  934.00 297.30  14.26   0.00  65.00   1.84 430.92 394.48
   0.61  943.90 296.40  15.01   0.00  72.00   1.84 427.45 395.65
   0.59  946.30 296.10  15.17   0.00  74.00   1.84 426.45 395.59
   0.57  947.90 295.90  15.20   0.00  75.00   1.84 425.81 395.50
   0.56  949.40 295.70  15.42   0.00  77.00   1.84 425.17 395.38
   0.55  951.00 295.50  15.45   0.00  78.00   1.84 424.55 395.25
   0.53  952.50 295.30  15.66   0.00  80.00   1.84 423.93 395.10
   0.52  954.10 295.10  15.67   0.00  81.00   1.84 423.32 394.95
   0.50  955.60 294.90  15.69   0.00  82.00   1.84 422.72 394.78
   0.49  957.20 294.70  15.88   0.00  84.00   1.84 422.14 394.59
   0.48  958.70 294.50  15.89   0.00  85.00   1.84 421.58 394.39
   0.46  960.30 294.30  15.89   0.00  86.00   1.84 421.05 394.17
   0.45  961.80 294.10  16.07   0.00  88.00   1.84 420.54 393.94
   0.43  963.40 293.90  16.07   0.00  89.00   1.84 420.06 393.70
   0.42  964.90 293.70  16.06   0.00  90.00   1.84 419.63 393.45
   0.41  966.50 293.50  16.22   0.00  92.00   1.84 419.27 393.18
   0.39  968.00 293.30  16.21   0.00  93.00   0.00 419.10 392.91
   0.00    0.00   0.00   0.00   0.00   0.00   0.00   0.00   0.00
   0.00    0.00   0.00   0.00   0.00   0.00*******   0.00   0.00
   0.00    0.00   0.00   0.00   0.00   0.00   0.00   0.00   0.00
   0.00    0.00   0.00   0.00   0.00   0.00   0.00   0.00   0.00
   0.00    0.00   0.00   0.00   0.00   0.00   0.00   0.00   0.00
   0.00    0.00   0.00   0.00   0.00   0.00   0.00   0.00   0.00
