 Sounding NKX 20160719-12UTC                                                     
      z       p      T     wv     O3     RH   Aer.  LW_up  LW_dn
 100.00000    0.00 210.70   0.00   0.00   0.00   0.00 285.46   0.00
  70.00000    0.07 219.10   0.00   0.00   0.00   0.00 285.47   0.01
  50.00000    0.95 276.20   0.00   0.00   0.00   0.00 285.58   0.41
  45.00000    1.76 269.70   0.00   0.00   0.00   0.00 285.42   1.05
  40.00000    3.33 257.50   0.00   0.00   0.00   0.00 285.08   1.98
  30.78500   11.00 228.90   0.00   0.00   1.00   0.00 283.29   5.68
  30.23300   11.90 228.00   0.00   0.00   1.00   0.00 283.22   6.02
  29.38800   13.50 229.60   0.00   0.00   1.00   0.00 283.11   6.67
  28.86300   14.60 228.20   0.00   0.00   1.00   0.00 282.97   7.11
  28.65100   15.10 226.30   0.00   0.00   1.00   0.00 282.91   7.25
  28.34600   15.80 224.70   0.00   0.00   1.00   0.00 282.86   7.42
  27.73700   17.30 224.90   0.00   0.00   1.00   0.00 282.80   7.82
  27.16100   18.90 225.20   0.00   0.00   1.00   0.00 282.68   8.26
  26.79000   20.00 222.40   0.00   0.00   1.00   0.00 282.58   8.49
  26.11400   22.20 219.80   0.00   0.00   1.00   0.00 282.51   8.83
  25.63600   23.90 222.00   0.00   0.00   1.00   0.00 282.51   9.18
  24.68900   27.60 221.40   0.00   0.00   1.00   0.00 282.35   9.95
  24.16000   30.00 220.40   0.00   0.00   1.00   0.00 282.23  10.36
  23.47000   33.40 220.00   0.00   0.00   1.00   0.00 282.04  10.92
  22.88300   36.60 215.80   0.00   0.00   1.00   0.00 281.84  11.23
  21.94600   42.50 216.20   0.00   0.00   1.00   0.00 281.79  11.84
  21.47800   45.70 217.60   0.00   0.00   1.00   0.00 281.67  12.28
  21.33600   46.70 216.60   0.00   0.00   1.00   0.00 281.57  12.40
  20.91000   50.00 213.60   0.00   0.00   1.00   0.00 281.32  12.60
  20.41000   54.20 209.60   0.00   0.00   1.00   0.01 281.13  12.67
  19.51300   62.70 210.20   0.00   0.00   1.00   0.02 281.19  13.16
  18.89800   69.30 207.30   0.00   0.00   1.00   0.02 281.12  13.45
  18.64500   72.30 205.80   0.00   0.00   1.00   0.02 281.16  13.51
  18.28800   76.70 207.10   0.00   0.00   1.00   0.02 281.30  13.74
  18.02700   80.10 204.80   0.00   0.00   1.00   0.02 281.33  13.82
  17.79100   83.30 206.20   0.00   0.00   2.00   0.02 281.48  13.99
  17.53000   87.00 205.00   0.00   0.00   2.00   0.02 281.58  14.14
  17.14100   92.80 207.60   0.00   0.00   4.00   0.02 281.82  14.60
  17.06900   93.90 207.20   0.00   0.00   5.00   0.02 281.81  14.70
  16.57100  102.00 203.40   0.00   0.00  11.00   0.02 281.85  15.01
  16.01400  112.00 202.40   0.00   0.00  13.00   0.02 282.41  15.40
  15.50200  122.00 205.60   0.00   0.00  12.00   0.01 283.26  16.27
  14.93600  134.00 205.40   0.00   0.00  12.00   0.01 284.07  17.23
  14.63000  140.90 207.50   0.00   0.00  11.00   0.01 284.71  17.90
  14.33200  148.00 208.20   0.00   0.00  13.00   0.01 285.30  18.64
  14.02100  155.70 209.90   0.00   0.00  12.00   0.01 286.06  19.56
  13.40500  172.00 213.00   0.00   0.00  11.00   0.01 287.74  21.74
  12.45000  200.00 219.80   0.00   0.00   8.00   0.02 291.16  26.47
  11.58200  228.20 227.70   0.00   0.00   4.00   0.02 294.74  32.29
  11.33000  237.00 228.80   0.00   0.00   3.00   0.02 295.58  33.91
  10.75700  258.00 232.60   0.00   0.00   2.00   0.02 297.68  37.53
  10.22300  279.00 236.20   0.03   0.00  14.00   0.03 300.21  44.29
   9.72000  300.00 240.20   0.05   0.00  15.00   0.03 303.63  55.31
   8.86600  338.00 247.20   0.07   0.00  11.00   0.05 309.57  72.18
   8.71800  345.00 247.00   0.11   0.00  17.00   0.05 310.27  74.96
   8.53000  354.00 248.40   0.10   0.00  14.00   0.05 311.61  78.80
   8.32700  364.00 248.80   0.16   0.00  21.00   0.07 312.94  82.87
   7.63000  400.00 254.60   0.34   0.00  28.00   0.11 321.27 101.69
   6.77000  448.00 262.40   0.20   0.00   9.00   0.16 331.09 122.96
   6.55000  461.00 262.40   0.69   0.00  31.00   0.16 332.34 128.31
   6.38500  471.00 263.20   0.80   0.00  34.00   0.17 334.37 134.13
   5.93600  499.00 266.40   0.81   0.00  27.00   0.20 340.24 149.12
   5.68900  515.00 266.60   1.77   0.00  58.00   0.20 343.09 157.33
   5.40500  534.00 269.40   1.45   0.00  39.00   0.20 349.77 169.32
   5.18600  549.00 271.40   1.03   0.00  24.00   0.23 354.01 176.56
   4.35300  609.00 277.50   1.43   0.00  22.00   0.24 367.74 201.33
   4.07700  630.00 278.90   1.86   0.00  26.00   0.25 371.41 209.82
   3.97400  638.00 279.30   2.05   0.00  28.00   0.27 372.77 213.02
   3.65800  663.00 281.30   3.67   0.00  44.00   0.27 378.59 225.69
   3.20800  700.00 284.90   4.61   0.00  44.00   0.33 389.16 247.90
   2.74300  739.70 288.50   5.50   0.00  42.00   0.38 400.22 270.69
   2.43800  766.60 290.90   6.20   0.00  41.00   0.38 407.54 285.91
   2.04000  803.00 294.10   6.03   0.00  33.00   0.66 416.05 305.13
   1.57700  847.00 296.10   7.79   0.00  38.00   0.68 421.35 324.61
   1.45400  859.00 296.80   7.04   0.00  33.00   0.68 422.46 329.96
   1.13500  891.00 297.10   8.25   0.00  38.00   0.68 422.00 340.01
   0.99900  905.00 297.90   6.58   0.00  29.00   1.09 422.62 344.97
   0.90200  915.00 298.90   2.40   0.00  10.00   1.09 423.05 348.44
   0.80700  925.00 298.90   3.60   0.00  15.00   1.09 421.36 350.18
   0.74100  932.00 297.90   1.14   0.00   5.00   1.09 419.34 349.73
   0.68900  937.70 297.60   3.35   0.00  15.00   1.09 418.41 349.45
   0.67200  939.50 297.50   4.00   0.00  18.00   1.09 417.97 349.36
   0.65600  941.20 297.40   4.63   0.00  21.00   1.09 417.48 349.31
   0.63900  943.00 297.30   5.27   0.00  24.00   1.09 416.84 349.29
   0.62300  944.80 297.10   6.08   0.00  28.00   1.09 416.04 349.18
   0.60700  946.60 296.90   6.86   0.00  32.00   1.09 415.06 349.05
   0.59000  948.40 296.40   8.34   0.00  40.00   1.09 413.59 348.60
   0.57400  950.20 295.90   9.73   0.00  48.00   1.09 412.01 347.99
   0.55700  952.00 295.40  11.22   0.00  57.00   1.09 409.91 347.33
   0.54100  953.80 294.10  12.05   0.00  66.00   1.09 407.02 345.69
   0.52500  955.60 292.90  12.94   0.00  76.00   1.09 404.38 343.66
   0.50800  957.40 291.60  13.56   0.00  86.00   1.09 401.85 341.32
   0.49200  959.30 290.50  13.88   0.00  94.00   1.09 400.13 339.18
   0.47500  961.10 290.10  13.84   0.00  96.00   1.09 399.43 337.92
   0.45900  963.00 289.80  13.74   0.00  97.00   0.00 398.99 337.24
   0.00000    0.00   0.00   0.00   0.00   0.00   0.00   0.00   0.00
   0.00000    0.00   0.00   0.00   0.00   0.00   0.00   0.00   0.00
   0.00000    0.00   0.00   0.00   0.00   0.00   0.00   0.00   0.00
   0.00000    0.00   0.00   0.00   0.00   0.00   0.00   0.00   0.00
   0.00000    0.00   0.00   0.00   0.00   0.00   0.00   0.00   0.00
   0.00000    0.00   0.00   0.00   0.00   0.00*******   0.00   0.00
   0.00000    0.00   0.00   0.00   0.00   0.00   0.00   0.00   0.00
   0.00000    0.00   0.00   0.00   0.00   0.00   0.00   0.00   0.00
   0.00000    0.00   0.00   0.00   0.00   0.00   0.00   0.00   0.00
   0.00000    0.00   0.00   0.00   0.00   0.00   0.00   0.00   0.00
