      z       p      T     wv     O3     RH   Aer.  LW_up  LW_dn
 100.00    0.00 210.70   0.00   0.00   0.00   0.00 279.87   0.00
  70.00    0.07 219.10   0.00   0.00   0.00   0.00 279.87   0.01
  50.00    0.95 276.20   0.00   0.00   0.00   0.00 279.99   0.41
  45.00    1.76 269.70   0.00   0.00   0.00   0.00 279.83   1.05
  40.00    3.33 257.50   0.00   0.00   0.00   0.00 279.49   1.99
  35.00    6.52 245.30   0.00   0.00   0.01   0.00 278.95   3.34
  30.00   13.20 234.20   0.00   0.00   0.05   0.00 278.16   5.43
  22.25   40.40 216.90   0.00   0.00   1.00   0.00 275.73  10.58
  21.95   42.40 216.50   0.00   0.00   1.00   0.00 275.60  10.74
  21.41   46.10 212.00   0.00   0.00   1.00   0.00 275.39  10.86
  20.91   50.00 213.60   0.00   0.00   1.00   0.00 275.34  11.12
  20.73   51.50 212.80   0.00   0.00   1.00   0.00 275.26  11.23
  20.14   56.60 208.60   0.00   0.00   1.00   0.01 275.04  11.34
  19.61   61.70 209.60   0.00   0.00   1.00   0.02 275.10  11.64
  18.90   69.30 206.10   0.00   0.00   2.00   0.02 274.99  11.98
  18.84   70.00 205.80   0.00   0.00   3.00   0.02 274.99  12.00
  18.59   73.00 204.30   0.00   0.00   3.00   0.02 275.01  12.07
  18.18   78.20 203.20   0.00   0.00   4.00   0.02 275.19  12.22
  17.78   83.60 205.40   0.00   0.00   6.00   0.02 275.45  12.64
  16.71  100.00 201.00   0.00   0.00  15.00   0.02 275.79  13.56
  16.54  103.00 200.40   0.00   0.00  15.00   0.02 275.94  13.67
  15.84  116.00 200.60   0.00   0.00  21.00   0.02 276.90  14.45
  15.26  128.00 202.40   0.00   0.00  18.00   0.01 278.14  15.45
  14.63  142.00 207.30   0.00   0.00   8.00   0.01 279.80  17.05
  14.30  150.00 209.80   0.00   0.00   5.00   0.01 280.65  18.01
  14.14  154.00 211.20   0.00   0.00   5.00   0.01 281.07  18.53
  12.50  199.50 221.50   0.00   0.00   4.00   0.02 285.89  25.24
  12.48  200.00 221.60   0.00   0.00   3.00   0.02 285.95  25.32
  12.07  213.00 225.00   0.00   0.00   3.00   0.02 287.39  27.60
  11.68  226.00 227.20   0.00   0.00   3.00   0.02 288.74  30.00
  11.00  250.00 232.40   0.00   0.00   3.00   0.02 291.47  35.16
  10.10  285.00 238.80   0.02   0.00   7.00   0.03 295.92  46.30
   9.74  300.00 241.80   0.02   0.00   4.00   0.04 298.00  51.68
   9.23  322.00 246.20   0.01   0.00   2.00   0.04 300.22  57.83
   9.14  326.10 246.00   0.02   0.00   4.00   0.04 300.33  58.88
   8.88  338.00 245.40   0.10   0.00  18.00   0.06 301.14  64.38
   8.65  349.00 247.00   0.11   0.00  17.00   0.06 302.89  71.32
   8.55  354.00 247.20   0.21   0.00  32.00   0.06 303.74  74.72
   8.53  354.80 247.40   0.20   0.00  31.00   0.06 303.95  75.40
   7.90  387.00 253.60   0.23   0.00  21.00   0.11 311.54  95.75
   7.62  401.60 255.90   0.31   0.00  23.00   0.11 314.65 103.71
   7.14  428.00 259.80   0.35   0.00  19.00   0.14 319.83 117.15
   6.91  441.00 261.00   0.66   0.00  33.00   0.19 322.05 124.16
   6.67  455.00 262.80   0.85   0.00  37.00   0.19 324.97 133.30
   6.60  459.00 262.80   1.10   0.00  48.00   0.19 325.65 135.87
   6.10  489.50 266.90   1.28   0.00  41.00   0.21 333.22 156.03
   5.93  500.00 268.20   1.30   0.00  38.00   0.24 335.19 162.13
   5.87  504.00 268.60   1.27   0.00  36.00   0.24 335.65 164.30
   5.71  514.00 268.60   2.04   0.00  58.00   0.24 335.98 169.31
   5.67  517.00 268.00   2.66   0.00  79.00   0.24 335.78 170.76
   5.58  523.00 267.20   3.02   0.00  95.00   0.24 336.44 173.98
   5.49  529.00 268.00   3.03   0.00  90.00   0.24 338.80 178.59
   5.09  556.00 271.60   3.22   0.00  74.00   0.25 348.71 198.25
   4.96  565.00 272.60   3.64   0.00  78.00   0.29 351.61 203.95
   4.84  574.00 273.80   3.65   0.00  72.00   0.29 354.59 209.99
   4.71  583.00 274.30   4.30   0.00  82.00   0.29 356.90 215.10
   4.33  611.00 276.90   4.81   0.00  77.00   0.29 366.97 232.15
   4.28  615.00 277.50   4.23   0.00  65.00   0.29 368.69 234.50
   4.01  636.00 279.90   3.73   0.00  49.00   0.31 375.97 244.71
   3.96  639.40 280.30   3.75   0.00  48.00   0.32 377.09 246.30
   3.39  685.00 285.10   4.67   0.00  44.00   0.32 392.08 267.65
   3.21  700.00 286.80   3.89   0.00  33.00   0.32 397.11 274.75
   3.03  715.00 288.30   3.23   0.00  25.00   0.44 401.26 280.81
   2.74  739.50 290.40   3.82   0.00  26.00   0.46 407.22 290.36
   2.13  794.00 294.80   5.33   0.00  28.00   0.46 419.48 313.32
   2.07  800.00 295.30   5.68   0.00  29.00   0.64 420.70 316.14
   1.93  813.00 296.50   3.98   0.00  19.00   0.81 422.59 321.99
   1.83  822.40 296.20   4.95   0.00  24.00   0.81 422.07 324.26
   1.69  836.00 295.90   6.69   0.00  33.00   0.81 421.74 327.37
   1.52  851.80 296.30   7.46   0.00  36.00   0.81 422.55 332.65
   1.22  882.00 296.80   8.11   0.00  38.00   0.81 423.38 342.47
   1.18  886.00 297.10   7.81   0.00  36.00   0.81 423.94 344.01
   1.10  894.00 297.90   3.41   0.00  15.00   1.03 424.79 346.93
   0.91  913.30 297.80   5.19   0.00  23.00   1.29 423.57 350.20
   0.86  919.00 297.80   5.87   0.00  26.00   1.29 422.83 351.28
   0.80  925.00 297.30   7.90   0.00  36.00   1.29 421.12 351.84
   0.75  931.00 296.80  10.67   0.00  50.00   1.29 418.86 352.43
   0.73  932.30 296.60  10.54   0.00  50.00   1.29 418.19 352.49
   0.72  934.20 296.40  10.42   0.00  50.00   1.29 417.26 352.58
   0.70  936.10 296.20  10.31   0.00  50.00   1.29 416.29 352.65
   0.68  938.00 295.90  10.33   0.00  51.00   1.29 415.04 352.59
   0.66  939.90 295.30  11.55   0.00  59.00   1.29 413.53 352.09
   0.65  941.80 294.80  13.50   0.00  71.00   1.29 411.96 351.54
   0.63  943.70 294.20  14.51   0.00  79.00   1.29 410.23 350.91
   0.61  945.60 293.50  15.17   0.00  86.00   1.29 408.30 350.16
   0.59  947.40 292.80  15.40   0.00  91.00   1.29 406.48 349.34
   0.58  949.30 292.00  15.18   0.00  94.00   1.29 404.68 348.31
   0.56  951.20 291.30  15.03   0.00  97.00   1.29 403.39 347.32
   0.54  953.20 291.00  14.91   0.00  98.00   1.29 402.66 346.87
   0.52  955.10 290.70  14.80   0.00  99.00   1.29 402.02 346.65
   0.51  957.10 290.40  14.53   0.00  99.00   1.29 401.46 346.56
   0.49  959.00 290.10  14.42   0.00  99.99   0.00 401.19 346.48
   0.00    0.00   0.00   0.00   0.00   0.00   0.00   0.00   0.00
   0.00    0.00   0.00   0.00   0.00   0.00   0.00   0.00   0.00
   0.00    0.00   0.00   0.00   0.00   0.00   0.00   0.00   0.00
   0.00    0.00   0.00   0.00   0.00   0.00*******   0.00   0.00
   0.00    0.00   0.00   0.00   0.00   0.00   0.00   0.00   0.00
   0.00    0.00   0.00   0.00   0.00   0.00   0.00   0.00   0.00
   0.00    0.00   0.00   0.00   0.00   0.00   0.00   0.00   0.00
   0.00    0.00   0.00   0.00   0.00   0.00   0.00   0.00   0.00
