 Sounding NKX 20150621-12UTC                                                     
      z       p      T     wv     O3     RH   Aer.  LW_up  LW_dn
 100.00000    0.00 210.70   0.00   0.00   0.00   0.00 303.83   0.00
  70.00000    0.07 219.10   0.00   0.00   0.00   0.00 303.83   0.01
  50.00000    0.95 276.20   0.00   0.00   0.00   0.00 303.94   0.41
  45.00000    1.76 269.70   0.00   0.00   0.00   0.00 303.78   1.04
  40.00000    3.33 257.50   0.00   0.00   0.00   0.00 303.45   1.95
  31.09000   10.40 231.50   0.00   0.00   1.00   0.00 301.78   5.54
  30.48000   11.40 229.40   0.00   0.00   1.00   0.00 301.68   5.95
  29.43800   13.30 230.00   0.00   0.00   1.00   0.00 301.54   6.75
  29.14100   13.90 228.40   0.00   0.00   1.00   0.00 301.49   6.97
  28.19400   16.00 231.40   0.00   0.00   1.00   0.00 301.32   7.87
  27.51500   17.70 228.20   0.00   0.00   1.00   0.00 301.06   8.49
  27.18300   18.60 229.20   0.00   0.00   1.00   0.00 300.94   8.80
  27.12700   18.80 228.70   0.00   0.00   1.00   0.00 300.91   8.85
  26.51800   20.60 223.70   0.00   0.00   1.00   0.00 300.63   9.24
  25.90800   22.60 221.00   0.00   0.00   1.00   0.00 300.48   9.52
  25.07000   25.70 221.00   0.00   0.00   1.00   0.00 300.30  10.01
  24.80100   26.80 218.00   0.00   0.00   1.00   0.00 300.22  10.13
  24.38400   28.60 218.10   0.00   0.00   1.00   0.00 300.20  10.33
  23.77400   31.50 218.40   0.00   0.00   1.00   0.00 300.15  10.72
  23.16500   34.60 218.70   0.00   0.00   1.00   0.00 300.06  11.18
  22.86000   36.30 218.50   0.00   0.00   1.00   0.00 299.97  11.42
  21.96400   41.80 216.80   0.00   0.00   1.00   0.00 299.66  12.05
  21.33600   46.20 213.90   0.00   0.00   1.00   0.00 299.40  12.35
  21.03100   48.50 213.50   0.00   0.00   1.00   0.00 299.32  12.50
  20.58300   52.10 213.20   0.00   0.00   1.00   0.00 299.15  12.75
  20.01700   57.10 209.00   0.00   0.00   1.00   0.01 298.87  12.87
  19.81200   59.00 209.60   0.00   0.00   2.00   0.01 298.85  12.96
  19.22800   65.00 206.00   0.00   0.00   2.00   0.01 298.72  13.09
  18.89800   68.70 206.60   0.00   0.00   3.00   0.01 298.78  13.23
  18.53400   72.90 207.20   0.00   0.00   3.00   0.01 298.75  13.50
  18.26700   76.20 204.20   0.00   0.00   4.00   0.01 298.64  13.55
  17.54500   86.00 203.00   0.00   0.00   8.00   0.01 298.66  13.82
  17.22500   90.80 199.20   0.00   0.00   9.00   0.01 298.67  13.77
  17.03500   93.80 200.60   0.00   0.00   9.00   0.01 298.83  13.83
  16.66000  100.00 199.00   0.00   0.00   8.00   0.01 299.05  13.93
  16.10200  110.00 201.20   0.00   0.00   8.00   0.01 299.68  14.37
  15.63900  119.00 200.60   0.00   0.00   7.00   0.01 300.20  14.72
  14.88900  135.00 205.80   0.00   0.00   7.00   0.00 301.60  15.97
  14.25000  150.00 208.60   0.00   0.00  13.00   0.00 302.72  17.55
  14.02100  155.70 208.90   0.00   0.00  17.00   0.01 303.14  18.24
  13.41100  171.80 211.90   0.00   0.00  25.00   0.01 304.75  20.87
  12.49700  198.80 217.70   0.01   0.00  32.00   0.01 308.25  27.35
  11.07200  247.00 229.60   0.01   0.00  10.00   0.01 315.51  40.13
  10.36300  273.90 234.30   0.02   0.00  12.00   0.01 319.19  47.54
   9.74000  300.00 238.60   0.04   0.00  13.00   0.01 323.15  55.82
   9.44900  312.70 240.50   0.05   0.00  13.00   0.02 325.24  60.13
   8.43900  360.00 249.00   0.11   0.00  14.00   0.03 335.17  78.50
   7.62000  402.10 256.50   0.11   0.00   8.00   0.04 344.81  95.33
   6.90100  442.00 261.40   0.14   0.00   7.00   0.07 353.03 109.30
   6.09600  490.10 268.30   0.17   0.00   5.00   0.09 364.37 126.99
   5.61400  521.00 272.40   0.14   0.00   3.00   0.09 370.69 137.58
   4.87700  571.00 276.90   0.25   0.00   4.00   0.11 379.70 153.85
   4.26700  614.80 281.40   0.25   0.00   3.00   0.12 388.67 169.50
   3.65800  661.60 286.00   0.34   0.00   3.00   0.13 397.88 186.22
   2.79800  733.00 292.50   0.33   0.00   2.00   0.17 409.43 211.21
   2.44300  764.00 293.10   1.55   0.00   9.00   0.17 412.10 224.49
   2.13400  791.80 295.40   1.18   0.00   6.00   0.25 417.22 239.99
   1.82900  820.20 297.20   1.96   0.00   9.00   0.31 421.14 254.28
   1.52400  849.30 299.00   4.35   0.00  18.00   0.31 424.72 273.95
   1.34300  867.00 300.30   5.19   0.00  20.00   0.31 425.64 288.14
   1.21900  879.30 300.10   5.14   0.00  20.00   0.34 423.22 295.09
   0.94700  907.00 297.50   4.22   0.00  19.00   0.49 415.18 299.88
   0.84100  918.00 297.90   4.09   0.00  18.00   0.49 413.83 302.70
   0.77500  925.00 296.90   4.08   0.00  19.00   0.49 411.12 302.91
   0.70500  932.50 296.20   4.53   0.00  22.00   0.49 408.69 302.93
   0.68800  934.30 296.10   4.71   0.00  23.00   0.49 408.09 303.01
   0.67100  936.00 295.90   4.86   0.00  24.00   0.49 407.37 303.04
   0.65500  937.80 295.70   5.01   0.00  25.00   0.49 406.65 303.02
   0.63800  939.60 295.50   5.15   0.00  26.00   0.49 405.88 303.00
   0.62100  941.40 295.40   5.12   0.00  26.00   0.49 405.08 303.07
   0.60400  943.20 295.10   5.42   0.00  28.00   0.49 404.01 302.99
   0.58800  945.10 294.70   5.67   0.00  30.00   0.49 402.85 302.73
   0.57100  946.90 294.30   6.10   0.00  33.00   0.49 401.58 302.38
   0.55400  948.70 293.90   6.32   0.00  35.00   0.49 400.19 302.01
   0.53700  950.60 293.50   6.70   0.00  38.00   0.49 398.53 301.61
   0.52000  952.40 292.70   7.40   0.00  44.00   0.49 396.08 300.79
   0.50400  954.30 290.70   9.27   0.00  62.00   0.49 392.76 298.48
   0.48700  956.10 288.70  10.60   0.00  80.00   0.49 390.06 295.28
   0.47000  958.00 287.90  12.12   0.00  96.00   0.00 389.20 293.26
   0.00000    0.00   0.00   0.00   0.00   0.00   0.00   0.00   0.00
   0.00000    0.00   0.00   0.00   0.00   0.00   0.00   0.00   0.00
   0.00000    0.00   0.00   0.00   0.00   0.00   0.00   0.00   0.00
   0.00000    0.00   0.00   0.00   0.00   0.00   0.00   0.00   0.00
   0.00000    0.00   0.00   0.00   0.00   0.00   0.00   0.00   0.00
   0.00000    0.00   0.00   0.00   0.00   0.00   0.00   0.00   0.00
   0.00000    0.00   0.00   0.00   0.00   0.00   0.00   0.00   0.00
   0.00000    0.00   0.00   0.00   0.00   0.00   0.00   0.00   0.00
   0.00000    0.00   0.00   0.00   0.00   0.00   0.00   0.00   0.00
   0.00000    0.00   0.00   0.00   0.00   0.00   0.00   0.00   0.00
   0.00000    0.00   0.00   0.00   0.00   0.00   0.00   0.00   0.00
   0.00000    0.00   0.00   0.00   0.00   0.00   0.00   0.00   0.00
   0.00000    0.00   0.00   0.00   0.00   0.00   0.00   0.00   0.00
   0.00000    0.00   0.00   0.00   0.00   0.00   0.00   0.00   0.00
   0.00000    0.00   0.00   0.00   0.00   0.00   0.00   0.00   0.00
   0.00000    0.00   0.00   0.00   0.00   0.00   0.00   0.00   0.00
   0.00000    0.00   0.00   0.00   0.00   0.00*******   0.00   0.00
   0.00000    0.00   0.00   0.00   0.00   0.00   0.00   0.00   0.00
   0.00000    0.00   0.00   0.00   0.00   0.00   0.00   0.00   0.00
   0.00000    0.00   0.00   0.00   0.00   0.00   0.00   0.00   0.00
   0.00000    0.00   0.00   0.00   0.00   0.00   0.00   0.00   0.00
