      z       p      T     wv     O3     RH   Aer.  LW_up  LW_dn
 100.00    0.00 210.70   0.00   0.00   0.00   0.00 290.54   0.00
  70.00    0.07 219.10   0.00   0.00   0.00   0.00 290.54   0.01
  50.00    0.95 276.20   0.00   0.00   0.00   0.00 290.65   0.41
  45.00    1.76 269.70   0.00   0.00   0.00   0.00 290.49   1.04
  40.00    3.33 257.50   0.00   0.00   0.00   0.00 290.16   1.95
  35.00    6.52 245.30   0.00   0.00   0.00   0.00 289.64   3.26
  30.00   13.20 234.20   0.00   0.00   0.02   0.00 288.90   5.22
  20.39   53.10 213.60   0.00   0.00   1.00   0.00 285.62  11.11
  19.78   58.60 211.20   0.00   0.00   1.00   0.01 285.39  11.25
  19.43   62.00 209.20   0.00   0.00   1.00   0.01 285.32  11.30
  19.20   64.30 210.10   0.00   0.00   1.00   0.01 285.31  11.40
  18.69   70.00 205.80   0.00   0.00   1.00   0.01 285.20  11.41
  18.29   74.80 207.90   0.00   0.00   2.00   0.01 285.35  11.63
  17.71   82.20 206.40   0.00   0.00   3.00   0.01 285.37  12.00
  17.47   85.60 208.00   0.00   0.00   3.00   0.01 285.39  12.26
  17.07   91.50 202.60   0.00   0.00   5.00   0.01 285.20  12.31
  16.54  100.00 202.20   0.00   0.00   7.00   0.01 285.54  12.48
  15.85  112.30 203.60   0.00   0.00   7.00   0.01 286.26  13.16
  15.45  120.00 205.40   0.00   0.00   7.00   0.01 286.76  13.79
  14.97  130.00 205.40   0.00   0.00   9.00   0.00 287.35  14.56
  14.61  138.00 208.40   0.00   0.00   9.00   0.00 287.99  15.48
  14.14  149.00 208.20   0.00   0.00  15.00   0.01 288.66  16.72
  12.56  192.00 217.60   0.00   0.00  14.00   0.01 293.18  24.21
  12.43  196.00 218.40   0.01   0.00  14.00   0.01 293.60  25.06
  12.30  200.00 218.80   0.00   0.00  12.00   0.01 294.00  25.86
  11.66  221.00 222.60   0.01   0.00  10.00   0.01 296.31  29.96
  11.43  229.00 223.40   0.01   0.00  16.00   0.01 297.27  31.73
  11.28  234.20 224.40   0.01   0.00  13.00   0.01 298.04  33.02
  10.85  250.00 227.60   0.01   0.00   8.00   0.01 300.28  36.53
   9.60  300.00 238.40   0.01   0.00   4.00   0.01 307.54  48.19
   8.84  333.80 243.50   0.01   0.00   2.00   0.02 311.57  55.46
   8.18  366.00 248.00   0.01   0.00   2.00   0.03 315.09  62.11
   7.62  395.10 251.70   0.10   0.00  10.00   0.04 319.37  73.37
   7.55  399.00 252.20   0.12   0.00  12.00   0.06 320.22  75.82
   6.10  483.10 265.20   0.08   0.00   3.00   0.08 337.89 110.82
   5.83  500.00 267.20   0.10   0.00   3.00   0.09 340.51 116.11
   5.49  522.40 269.50   0.19   0.00   5.00   0.09 344.31 124.37
   5.45  525.00 269.80   0.23   0.00   6.00   0.09 344.85 125.58
   5.18  542.60 271.90   0.18   0.00   4.00   0.10 348.60 133.19
   4.57  585.50 276.80   0.12   0.00   2.00   0.11 355.97 147.37
   4.27  608.10 279.10   0.14   0.00   2.00   0.11 358.93 154.08
   4.24  610.00 279.30   0.07   0.00   1.00   0.11 359.10 154.55
   3.96  631.20 280.40   0.16   0.00   2.00   0.12 360.66 159.51
   3.31  683.00 283.10   0.37   0.00   4.00   0.12 364.44 175.80
   3.11  700.00 282.90   0.83   0.00   9.00   0.12 364.46 182.50
   3.00  709.00 282.80   1.01   0.00  11.00   0.16 364.48 186.71
   2.91  717.00 282.30   1.87   0.00  21.00   0.17 364.56 191.05
   2.74  731.60 283.20   2.17   0.00  23.00   0.17 366.76 201.69
   2.33  769.00 285.50   3.05   0.00  28.00   0.17 372.94 225.58
   2.14  786.00 287.10   1.68   0.00  14.00   0.17 376.02 233.92
   2.13  787.00 287.10   1.68   0.00  14.00   0.26 376.10 234.23
   1.62  836.00 289.30   1.51   0.00  11.00   0.30 380.30 248.56
   1.48  850.00 289.50   2.36   0.00  17.00   0.30 380.78 252.20
   1.26  872.00 290.80   3.31   0.00  22.00   0.30 381.95 260.57
   1.22  877.00 290.80   2.26   0.00  15.00   0.32 381.61 262.06
   0.97  903.00 290.80   4.51   0.00  30.00   0.47 377.54 269.07
   0.94  906.00 290.50   5.46   0.00  37.00   0.47 375.44 269.87
   0.92  908.00 289.30   7.15   0.00  52.00   0.47 372.64 269.48
   0.91  908.70 288.80   7.33   0.00  55.00   0.47 371.58 269.15
   0.89  911.20 286.40   8.40   0.00  73.00   0.47 367.41 266.84
   0.89  911.70 286.00   8.53   0.00  76.00   0.47 366.77 266.36
   0.88  912.10 285.50   8.71   0.00  80.00   0.47 366.00 265.76
   0.88  912.60 285.10   8.81   0.00  83.00   0.47 365.40 265.28
   0.87  913.10 284.60   8.85   0.00  86.00   0.47 364.84 264.73
   0.87  913.50 284.20   9.03   0.00  90.00   0.47 364.32 264.13
   0.86  914.00 283.70   9.04   0.00  93.00   0.47 363.97 263.58
   0.86  914.50 283.70   9.14   0.00  94.00   0.47 363.91 263.27
   0.86  914.90 283.60   9.18   0.00  95.00   0.47 363.77 263.04
   0.85  915.40 283.50   9.12   0.00  95.00   0.47 363.68 262.89
   0.85  915.90 283.50   9.22   0.00  96.00   0.47 363.63 262.83
   0.84  916.40 283.40   9.25   0.00  97.00   0.47 363.52 262.76
   0.84  916.80 283.30   9.29   0.00  98.00   0.47 363.45 262.71
   0.83  917.30 283.30   9.39   0.00  99.00   0.47 363.43 262.72
   0.83  917.80 283.20   9.42   0.00  99.99   0.47 363.38 262.75
   0.83  918.20 283.20   9.42   0.00  99.99   0.47 363.38 262.76
   0.82  918.70 283.20   9.42   0.00  99.99   0.47 364.90 288.57
   0.82  919.20 283.30   9.48   0.00 100.00   0.47 365.68 300.17
   0.81  919.70 283.30   9.48   0.00 100.00   0.47 366.34 309.82
   0.81  920.20 283.30   9.48   0.00 100.00   0.47 367.21 319.59
   0.80  920.70 283.40   9.54   0.00  99.99   0.47 367.96 326.00
   0.80  921.10 283.40   9.54   0.00  99.99   0.47 368.68 331.31
   0.80  921.60 283.50   9.60   0.00 100.00   0.47 369.70 336.76
   0.79  922.10 283.50   9.60   0.00 100.00   0.47 370.54 340.28
   0.79  922.60 283.50   9.60   0.00 100.00   0.47 371.54 343.16
   0.78  923.10 283.60   9.66   0.00  99.99   0.47 373.04 346.18
   0.78  923.60 283.60   9.66   0.00  99.99   0.47 374.40 348.15
   0.77  924.00 283.70   9.72   0.00  99.99   0.47 376.03 349.86
   0.77  924.50 283.70   9.72   0.00  99.99   0.47 378.39 351.63
   0.77  925.00 283.80   9.79   0.00  99.99   0.47 380.72 352.87
   0.61  942.30 285.00  10.02   0.00  95.00   0.47 385.18 356.83
   0.27  981.00 287.90  10.60   0.00  84.00   0.47 394.88 367.68
   0.14  997.00 289.80  12.89   0.00  91.00   0.00 398.99 374.32
   0.00    0.00   0.00   0.00   0.00   0.00   0.00   0.00   0.00
   0.00    0.00   0.00   0.00   0.00   0.00   0.00   0.00   0.00
   0.00    0.00   0.00   0.00   0.00   0.00   0.00   0.00   0.00
   0.00    0.00   0.00   0.00   0.00   0.00*******   0.00   0.00
   0.00    0.00   0.00   0.00   0.00   0.00   0.00   0.00   0.00
   0.00    0.00   0.00   0.00   0.00   0.00   0.00   0.00   0.00
   0.00    0.00   0.00   0.00   0.00   0.00   0.00   0.00   0.00
   0.00    0.00   0.00   0.00   0.00   0.00   0.00   0.00   0.00
