 Sounding NKX 20160714-12UTC                                                     
      z       p      T     wv     O3     RH   Aer.  LW_up  LW_dn
 100.00000    0.00 210.70   0.00   0.00   0.00   0.00 290.26   0.00
  70.00000    0.07 219.10   0.00   0.00   0.00   0.00 290.26   0.01
  50.00000    0.95 276.20   0.00   0.00   0.00   0.00 290.37   0.41
  45.00000    1.76 269.70   0.00   0.00   0.00   0.00 290.21   1.04
  40.00000    3.33 257.50   0.00   0.00   0.00   0.00 289.87   1.96
  35.00000    6.52 245.30   0.00   0.00   0.00   0.00 289.32   3.28
  27.15400   18.80 225.00   0.00   0.00   1.00   0.00 287.26   7.41
  26.75000   20.00 220.60   0.00   0.00   1.00   0.00 287.13   7.58
  26.21300   21.70 220.80   0.00   0.00   1.00   0.00 287.07   7.84
  25.49500   24.30 218.00   0.00   0.00   1.00   0.00 286.98   8.19
  24.68900   27.50 219.80   0.00   0.00   1.00   0.00 286.98   8.73
  24.14000   30.00 221.00   0.00   0.00   1.00   0.00 286.90   9.24
  24.03300   30.50 221.60   0.00   0.00   1.00   0.00 286.87   9.36
  23.16500   34.90 217.10   0.00   0.00   1.00   0.00 286.48   9.98
  22.65900   37.80 214.40   0.00   0.00   1.00   0.00 286.34  10.20
  22.25000   40.40 213.80   0.00   0.00   1.00   0.00 286.31  10.38
  21.94600   42.30 213.80   0.00   0.00   1.00   0.00 286.30  10.55
  21.03100   49.00 215.00   0.00   0.00   1.00   0.00 286.21  11.26
  20.76300   51.10 215.80   0.00   0.00   1.00   0.00 286.11  11.53
  20.27900   55.20 212.20   0.00   0.00   1.00   0.00 285.80  11.80
  19.96100   58.10 212.40   0.00   0.00   1.00   0.01 285.64  11.98
  19.50700   62.60 207.60   0.00   0.00   2.00   0.01 285.32  12.08
  18.89800   69.20 204.00   0.00   0.00   5.00   0.01 285.15  12.12
  18.59300   72.80 202.80   0.00   0.00   7.00   0.01 285.11  12.18
  18.33500   76.10 199.20   0.00   0.00   7.00   0.01 285.09  12.10
  17.73800   84.30 199.40   0.00   0.00   7.00   0.01 285.54  12.20
  17.35200   90.00 202.60   0.00   0.00   9.00   0.01 285.93  12.62
  16.38800  106.00 199.80   0.00   0.00  12.00   0.01 286.49  13.37
  16.33300  107.00 198.80   0.00   0.00  12.00   0.01 286.55  13.38
  15.85000  116.10 201.40   0.00   0.00  11.00   0.01 287.40  13.89
  14.91000  136.00 206.40   0.00   0.00   9.00   0.01 289.37  15.76
  14.32600  149.60 211.10   0.00   0.00   5.00   0.01 290.85  17.45
  14.06700  156.00 213.60   0.00   0.00   5.00   0.01 291.48  18.40
  13.71600  165.00 214.40   0.00   0.00   6.00   0.01 292.21  19.62
  12.92300  187.00 219.80   0.00   0.00   5.00   0.01 294.40  23.14
  12.65300  195.00 220.40   0.00   0.00   7.00   0.01 295.13  24.52
  12.49000  200.00 221.60   0.00   0.00   6.00   0.01 295.70  25.47
  11.58200  229.30 227.90   0.01   0.00   7.00   0.01 299.28  32.18
  10.66400  263.00 234.60   0.01   0.00   3.00   0.01 303.20  39.97
  10.36300  274.80 235.60   0.01   0.00   5.00   0.02 304.39  42.58
   9.75000  300.00 240.60   0.01   0.00   4.00   0.02 307.66  49.55
   9.14400  326.60 244.50   0.04   0.00   7.00   0.02 311.01  58.45
   8.81500  342.00 246.60   0.07   0.00  11.00   0.03 313.31  65.29
   7.79200  393.00 255.40   0.10   0.00   8.00   0.06 322.31  88.26
   7.62000  402.10 256.30   0.14   0.00  10.00   0.06 323.49  92.22
   6.97400  438.00 260.40   0.57   0.00  30.00   0.10 330.26 113.47
   6.09600  490.70 267.20   0.51   0.00  16.00   0.12 342.36 142.30
   5.61000  522.00 270.20   1.03   0.00  26.00   0.13 348.66 157.23
   5.07700  558.00 274.10   0.93   0.00  18.00   0.14 355.87 174.64
   4.87700  572.00 274.10   1.86   0.00  36.00   0.15 357.29 180.54
   4.75100  581.00 274.50   2.71   0.00  51.00   0.15 359.39 185.87
   4.26700  616.30 279.10   3.11   0.00  43.00   0.16 372.53 210.76
   3.70400  660.00 284.80   2.50   0.00  24.00   0.17 387.97 235.60
   3.20800  700.00 288.50   1.83   0.00  14.00   0.17 398.26 251.63
   3.04800  713.30 289.60   1.54   0.00  11.00   0.23 401.15 255.96
   2.74300  739.30 291.80   2.07   0.00  13.00   0.24 406.94 264.98
   2.43800  766.10 293.50   0.53   0.00   3.00   0.24 411.13 271.79
   2.13400  793.50 294.80   0.76   0.00   4.00   0.38 413.82 276.76
   1.56900  847.00 297.30   1.98   0.00   9.00   0.43 418.75 290.20
   1.21900  881.70 297.10   4.34   0.00  20.00   0.55 418.27 299.20
   0.80000  925.00 298.90   3.12   0.00  13.00   0.68 418.15 313.08
   0.78300  926.80 298.50   5.17   0.00  22.00   0.68 417.29 313.25
   0.76100  929.10 298.00   7.76   0.00  34.00   0.68 415.95 313.38
   0.73800  931.50 297.50   9.77   0.00  44.00   0.68 414.32 313.70
   0.71600  933.90 297.00  10.14   0.00  47.00   0.68 412.57 314.04
   0.69400  936.30 296.50  10.27   0.00  49.00   0.68 410.69 314.30
   0.67200  938.70 295.70  11.42   0.00  57.00   0.68 408.41 314.14
   0.64900  941.10 294.80  12.74   0.00  67.00   0.68 405.91 313.76
   0.62700  943.50 293.90  13.72   0.00  76.00   0.68 403.52 313.30
   0.60500  945.90 293.10  14.64   0.00  85.00   0.68 401.30 313.01
   0.58300  948.40 292.40  14.38   0.00  87.00   0.68 399.26 312.93
   0.56000  950.80 291.70  14.12   0.00  89.00   0.68 397.26 312.82
   0.53800  953.30 291.00  14.00   0.00  92.00   0.68 395.42 312.59
   0.51600  955.80 290.30  13.72   0.00  94.00   0.68 393.73 312.27
   0.49300  958.30 289.60  13.43   0.00  96.00   0.68 392.19 311.87
   0.47100  960.80 288.90  13.28   0.00  99.00   0.68 390.70 311.15
   0.44900  963.30 288.60  13.17   0.00  99.99   0.68 392.38 347.77
   0.42700  965.80 288.80  13.33   0.00  99.99   0.68 394.15 376.79
   0.40400  968.30 288.90  13.41   0.00 100.00   0.68 395.06 384.26
   0.38200  970.90 289.10  13.58   0.00  99.99   0.68 395.95 386.60
   0.36000  973.40 289.20  13.66   0.00  99.99   0.68 396.51 387.70
   0.33700  975.90 289.30  13.74   0.00  99.99   0.68 397.22 388.46
   0.31500  978.40 289.50  13.91   0.00  99.99   0.68 398.06 389.42
   0.29300  981.00 289.60  13.99   0.00  99.99   0.68 398.59 390.22
   0.27100  983.60 289.70  14.08   0.00  99.99   0.68 399.11 390.89
   0.24800  986.10 289.80  14.16   0.00  99.99   0.68 399.64 391.55
   0.22600  988.70 289.90  14.25   0.00  99.99   0.68 400.17 392.19
   0.20400  991.30 290.00  14.33   0.00  99.99   0.68 400.69 392.83
   0.18200  993.90 290.10  14.42   0.00  99.99   0.68 401.21 393.47
   0.15900  996.40 290.20  14.51   0.00  99.99   0.68 401.74 394.13
   0.13700  999.00 290.30  14.59   0.00  99.99   0.00 402.29 394.77
   0.00000    0.00   0.00   0.00   0.00   0.00   0.00   0.00   0.00
   0.00000    0.00   0.00   0.00   0.00   0.00   0.00   0.00   0.00
   0.00000    0.00   0.00   0.00   0.00   0.00   0.00   0.00   0.00
   0.00000    0.00   0.00   0.00   0.00   0.00   0.00   0.00   0.00
   0.00000    0.00   0.00   0.00   0.00   0.00*******   0.00   0.00
   0.00000    0.00   0.00   0.00   0.00   0.00   0.00   0.00   0.00
   0.00000    0.00   0.00   0.00   0.00   0.00   0.00   0.00   0.00
   0.00000    0.00   0.00   0.00   0.00   0.00   0.00   0.00   0.00
   0.00000    0.00   0.00   0.00   0.00   0.00   0.00   0.00   0.00
