      z       p      T     wv     O3     RH   Aer.  LW_up  LW_dn
 100.00    0.00 210.70   0.00   0.00   0.00   0.00 279.63   0.00
  70.00    0.07 219.10   0.00   0.00   0.00   0.00 279.63   0.01
  50.00    0.95 276.20   0.00   0.00   0.00   0.00 279.74   0.41
  45.00    1.76 269.70   0.00   0.00   0.00   0.00 279.59   1.05
  40.00    3.33 257.50   0.00   0.00   0.00   0.00 279.25   1.98
  35.00    6.52 245.30   0.00   0.00   0.01   0.00 278.72   3.31
  30.00   13.20 234.20   0.00   0.00   0.04   0.00 277.94   5.37
  25.00   27.70 224.20   0.00   0.00   0.25   0.00 277.01   8.40
  20.00   59.50 218.20   0.00   0.00   1.10   0.01 276.44  12.79
  15.00  130.00 215.80   0.00   0.00   3.22   0.01 277.85  19.99
  14.00  153.00 215.80   0.00   0.00   3.81   0.01 278.65  21.71
  13.00  179.00 216.90   0.00   0.00   5.58   0.01 280.12  24.04
  12.00  209.00 222.30   0.01   0.00  11.70   0.01 282.97  29.20
  11.00  243.00 228.80   0.02   0.00  19.70   0.02 286.98  39.62
   9.65  300.00 238.00   0.11   0.00  39.00   0.03 295.46  62.71
   9.44  309.00 239.40   0.14   0.00  44.00   0.03 297.19  67.31
   9.35  313.00 240.20   0.17   0.00  50.00   0.03 298.09  69.50
   9.04  327.00 243.00   0.15   0.00  33.00   0.04 301.10  76.42
   8.85  336.00 244.60   0.26   0.00  51.00   0.04 303.03  80.99
   8.58  349.00 247.00   0.30   0.00  47.00   0.04 306.14  88.33
   8.25  365.00 248.80   0.36   0.00  48.00   0.04 309.96  96.12
   8.23  366.00 249.00   0.30   0.00  39.00   0.04 310.26  96.57
   8.19  368.00 249.40   0.19   0.00  24.00   0.06 310.75  97.29
   7.86  385.00 252.00   0.16   0.00  16.00   0.08 314.01 102.45
   7.64  397.00 253.80   0.24   0.00  21.00   0.08 316.18 106.42
   7.62  397.90 253.90   0.26   0.00  23.00   0.08 316.33 106.75
   7.51  404.00 254.40   0.44   0.00  37.00   0.08 317.60 109.38
   7.41  409.00 255.20   0.29   0.00  23.00   0.08 318.84 111.56
   7.25  418.00 256.40   0.34   0.00  24.00   0.08 320.84 114.99
   7.05  429.00 258.20   0.21   0.00  13.00   0.14 323.12 118.89
   6.66  452.00 260.80   0.28   0.00  14.00   0.15 326.87 126.21
   6.56  458.00 261.20   0.47   0.00  23.00   0.15 327.81 128.44
   6.29  474.00 262.80   0.41   0.00  18.00   0.16 330.86 134.73
   5.88  500.00 265.60   0.28   0.00  10.00   0.18 335.13 143.15
   5.76  508.00 266.60   0.15   0.00   5.00   0.18 335.97 145.24
   5.54  522.00 266.20   0.59   0.00  20.00   0.18 336.69 148.42
   5.18  547.00 268.60   1.90   0.00  54.00   0.18 341.86 161.85
   5.12  551.00 269.20   1.43   0.00  39.00   0.18 342.93 164.66
   4.99  560.00 270.20   1.30   0.00  33.00   0.22 344.62 169.54
   4.95  563.00 270.20   2.13   0.00  54.00   0.22 345.03 171.17
   4.84  571.00 271.00   2.63   0.00  63.00   0.22 346.85 177.03
   4.77  576.00 271.40   2.15   0.00  50.00   0.22 347.76 180.38
   4.66  584.00 271.40   3.17   0.00  74.00   0.22 349.01 184.95
   4.48  597.00 272.80   3.31   0.00  70.00   0.22 352.72 194.16
   4.32  609.00 273.50   3.97   0.00  80.00   0.23 355.81 201.76
   3.66  660.80 279.60   4.33   0.00  58.00   0.24 374.26 235.45
   3.45  678.00 281.50   4.48   0.00  53.00   0.24 379.56 244.69
   3.31  689.00 282.30   5.52   0.00  62.00   0.24 382.66 250.31
   3.18  700.00 283.80   5.68   0.00  58.00   0.24 386.66 257.13
   3.13  704.00 284.10   5.78   0.00  58.00   0.26 387.76 259.41
   2.97  718.00 285.30   7.20   0.00  67.00   0.34 392.21 267.55
   2.82  731.00 286.80   7.43   0.00  63.00   0.34 397.37 276.29
   2.74  737.70 287.40   6.37   0.00  52.00   0.34 399.83 280.17
   2.65  746.00 288.30   5.30   0.00  41.00   0.34 402.90 284.37
   2.44  764.60 290.30   4.23   0.00  29.00   0.34 409.11 292.73
   2.33  774.00 291.30   3.72   0.00  24.00   0.34 411.93 296.54
   2.13  792.20 293.00   3.43   0.00  20.00   0.54 416.73 303.39
   1.62  841.00 297.30   2.85   0.00  13.00   0.61 426.71 321.37
   1.38  864.00 297.80   1.58   0.00   7.00   0.61 426.93 326.18
   1.33  869.00 297.10   3.25   0.00  15.00   0.61 426.14 326.21
   1.29  873.00 297.10   1.95   0.00   9.00   0.61 426.10 326.49
   1.22  880.00 296.80   6.61   0.00  31.00   0.61 425.86 327.21
   1.16  886.00 296.90   7.29   0.00  34.00   0.61 426.46 329.00
   1.11  891.00 297.50   4.22   0.00  19.00   0.61 427.54 331.03
   1.01  902.00 298.30   2.32   0.00  10.00   0.94 428.40 334.15
   0.93  910.00 297.90   6.13   0.00  27.00   0.97 427.65 335.50
   0.91  911.60 297.90   6.58   0.00  29.00   0.97 427.60 335.88
   0.79  925.00 298.10   8.95   0.00  39.00   0.97 426.32 340.61
   0.70  934.00 296.50  11.11   0.00  53.00   0.97 422.43 341.18
   0.52  953.60 295.90  12.56   0.00  62.00   0.97 418.57 346.45
   0.51  955.00 295.90  12.76   0.00  63.00   0.97 418.17 346.94
   0.49  956.40 295.80  12.89   0.00  64.00   0.97 417.62 347.34
   0.48  957.90 295.80  12.89   0.00  64.00   0.97 417.00 347.84
   0.47  959.30 295.60  13.14   0.00  66.00   0.97 416.06 348.11
   0.46  960.80 295.20  13.43   0.00  69.00   0.97 414.89 348.05
   0.44  962.30 294.80  13.69   0.00  72.00   0.97 413.71 347.82
   0.43  963.80 294.30  13.86   0.00  75.00   0.97 412.40 347.41
   0.41  965.30 293.90  14.08   0.00  78.00   0.97 411.26 347.02
   0.40  966.80 293.40  14.38   0.00  82.00   0.97 410.08 346.52
   0.39  968.30 293.00  14.56   0.00  85.00   0.97 409.03 346.07
   0.38  969.80 292.50  14.63   0.00  88.00   0.97 407.91 345.51
   0.36  971.30 292.10  14.78   0.00  91.00   0.97 406.98 345.01
   0.35  972.80 291.60  14.82   0.00  94.00   0.97 406.10 344.41
   0.34  974.30 291.20  14.94   0.00  97.00   0.97 405.49 343.87
   0.32  975.70 291.00  15.06   0.00  99.00   0.97 405.30 343.57
   0.31  977.20 291.00  15.06   0.00  99.00   0.97 406.49 358.22
   0.30  978.70 291.10  15.15   0.00  99.00   0.97 407.34 366.44
   0.28  980.30 291.20  15.25   0.00  99.00   0.97 408.19 373.34
   0.27  981.80 291.40  15.27   0.00  98.00   0.97 409.11 379.62
   0.26  983.30 291.50  15.36   0.00  98.00   0.97 409.78 384.39
   0.24  984.80 291.60  15.45   0.00  98.00   0.97 410.43 388.32
   0.23  986.40 291.70  15.55   0.00  98.00   0.97 411.06 391.59
   0.22  987.90 291.80  15.48   0.00  97.00   0.97 411.77 394.51
   0.20  989.40 292.00  15.66   0.00  97.00   0.97 412.46 396.94
   0.19  990.90 292.10  15.76   0.00  97.00   0.97 412.95 398.99
   0.18  992.40 292.20  15.85   0.00  97.00   0.97 413.41 400.72
   0.16  994.00 292.30  15.78   0.00  96.00   0.97 413.86 402.31
   0.15  995.50 292.40  15.87   0.00  96.00   0.97 414.23 403.60
   0.14  997.00 292.50  15.97   0.00  96.00   0.00 414.57 404.74
   0.00    0.00   0.00   0.00   0.00   0.00   0.00   0.00   0.00
