 Sounding NKX 20140611-12UTC                                                     
      z       p      T     wv     O3     RH   Aer.  LW_up  LW_dn
 100.00000    0.00 210.70   0.00   0.00   0.00   0.00 285.89   0.00
  70.00000    0.07 219.10   0.00   0.00   0.00   0.00 285.89   0.01
  50.00000    0.95 276.20   0.00   0.00   0.00   0.00 286.00   0.41
  45.00000    1.76 269.70   0.00   0.00   0.00   0.00 285.84   1.04
  40.00000    3.33 257.50   0.00   0.00   0.00   0.00 285.51   1.96
  35.00000    6.52 245.30   0.00   0.00   0.00   0.00 284.98   3.26
  30.00000   13.20 234.20   0.00   0.00   0.02   0.00 284.21   5.24
  25.00000   27.70 224.20   0.00   0.00   0.14   0.00 283.26   8.01
  20.00000   59.50 218.20   0.00   0.00   0.59   0.01 282.64  11.86
  15.00000  130.00 215.80   0.00   0.00   1.74   0.00 283.69  17.83
  14.00000  153.00 215.80   0.00   0.00   2.06   0.01 284.41  19.30
  13.00000  179.00 216.90   0.00   0.00   3.02   0.01 285.79  21.28
  12.00000  209.00 222.30   0.00   0.00   6.34   0.01 288.45  25.69
  11.00000  243.00 228.80   0.01   0.00  10.68   0.01 292.16  34.66
  10.00000  281.00 235.20   0.04   0.00  16.44   0.01 297.11  48.44
   9.00000  324.00 241.70   0.06   0.00  16.31   0.02 303.60  64.64
   8.00000  372.00 248.20   0.12   0.00  16.28   0.04 311.77  82.02
   7.00000  426.00 254.70   0.20   0.00  16.70   0.08 323.75 101.58
   5.86200  498.00 267.60   0.07   0.00   2.00   0.09 339.29 124.75
   5.79100  502.50 267.80   0.10   0.00   3.00   0.09 339.71 125.89
   5.18000  543.00 271.00   0.21   0.00   5.00   0.10 344.63 137.86
   4.72400  575.00 273.50   0.65   0.00  13.00   0.11 349.51 151.91
   4.44900  595.00 275.10   0.72   0.00  13.00   0.11 353.51 162.37
   4.10300  621.00 278.30   0.48   0.00   7.00   0.11 358.63 173.93
   3.96200  631.80 278.60   0.49   0.00   7.00   0.12 359.61 177.28
   3.65800  655.80 279.60   0.52   0.00   7.00   0.12 362.20 184.00
   3.12100  700.00 282.90   0.83   0.00   9.00   0.15 367.76 198.78
   2.85300  723.00 282.50   2.61   0.00  29.00   0.17 368.91 208.16
   2.43800  759.40 285.90   2.57   0.00  23.00   0.21 377.49 229.70
   1.82900  816.30 291.00   2.43   0.00  16.00   0.31 388.85 256.27
   1.48400  850.00 293.90   0.90   0.00   5.00   0.31 392.57 267.69
   1.27400  871.00 294.10   0.55   0.00   3.00   0.31 391.70 270.83
   1.15600  883.00 293.10   3.27   0.00  19.00   0.31 389.45 271.84
   1.05900  893.10 292.40   4.13   0.00  25.00   0.31 386.81 273.54
   1.04300  894.80 292.30   4.27   0.00  26.00   0.31 386.31 273.86
   1.02700  896.50 292.20   4.41   0.00  27.00   0.31 385.78 274.19
   1.01100  898.20 292.10   4.55   0.00  28.00   0.38 385.19 274.53
   0.99400  899.90 292.00   4.68   0.00  29.00   0.50 384.50 274.91
   0.97800  901.60 291.90   4.66   0.00  29.00   0.50 383.74 275.27
   0.96200  903.30 291.70   4.76   0.00  30.00   0.50 382.81 275.54
   0.94600  905.00 291.60   4.89   0.00  31.00   0.50 381.68 275.85
   0.93000  906.70 291.00   5.63   0.00  37.00   0.50 379.81 275.76
   0.91400  908.40 289.50   7.09   0.00  51.00   0.50 377.15 274.63
   0.89800  910.10 288.00   8.13   0.00  64.00   0.50 374.63 272.96
   0.88100  911.80 286.50   9.03   0.00  78.00   0.50 372.48 271.05
   0.86500  913.60 285.90   9.37   0.00  84.00   0.50 371.39 270.06
   0.84900  915.40 285.30   9.68   0.00  90.00   0.50 370.45 269.45
   0.83300  917.10 284.80   9.90   0.00  95.00   0.50 369.80 269.05
   0.81700  918.90 284.60  10.08   0.00  98.00   0.50 369.65 268.93
   0.80100  920.70 284.70  10.15   0.00  98.00   0.50 372.74 335.04
   0.78500  922.50 284.80  10.21   0.00  98.00   0.50 373.73 350.78
   0.76900  924.30 284.90  10.17   0.00  97.00   0.50 374.44 357.82
   0.75200  926.00 285.00  10.23   0.00  97.00   0.50 375.05 361.25
   0.73600  927.80 285.10  10.30   0.00  97.00   0.50 375.60 362.91
   0.72000  929.60 285.20  10.36   0.00  97.00   0.50 376.13 363.94
   0.70400  931.40 285.30  10.43   0.00  97.00   0.50 376.67 364.72
   0.68800  933.20 285.40  10.49   0.00  97.00   0.50 377.21 365.38
   0.67200  935.00 285.50  10.56   0.00  97.00   0.50 377.80 366.01
   0.65600  936.80 285.60  10.52   0.00  96.00   0.50 378.48 366.61
   0.63900  938.50 285.70  10.58   0.00  96.00   0.50 379.46 367.24
   0.62300  940.30 285.80  10.65   0.00  96.00   0.50 381.00 367.86
   0.60700  942.10 285.90  10.71   0.00  96.00   0.50 383.94 368.54
   0.59100  944.00 286.00  10.67   0.00  95.00   0.50 390.10 369.36
   0.30500  976.40 288.60  11.46   0.00  87.00   0.50 398.75 377.55
   0.13700  996.00 290.50  12.11   0.00  82.00   0.00 403.40 384.27
   0.00000    0.00   0.00   0.00   0.00   0.00   0.00   0.00   0.00
   0.00000    0.00   0.00   0.00   0.00   0.00   0.00   0.00   0.00
   0.00000    0.00   0.00   0.00   0.00   0.00   0.00   0.00   0.00
   0.00000    0.00   0.00   0.00   0.00   0.00   0.00   0.00   0.00
   0.00000    0.00   0.00   0.00   0.00   0.00   0.00   0.00   0.00
   0.00000    0.00   0.00   0.00   0.00   0.00   0.00   0.00   0.00
   0.00000    0.00   0.00   0.00   0.00   0.00   0.00   0.00   0.00
   0.00000    0.00   0.00   0.00   0.00   0.00   0.00   0.00   0.00
   0.00000    0.00   0.00   0.00   0.00   0.00   0.00   0.00   0.00
   0.00000    0.00   0.00   0.00   0.00   0.00   0.00   0.00   0.00
   0.00000    0.00   0.00   0.00   0.00   0.00   0.00   0.00   0.00
   0.00000    0.00   0.00   0.00   0.00   0.00   0.00   0.00   0.00
   0.00000    0.00   0.00   0.00   0.00   0.00   0.00   0.00   0.00
   0.00000    0.00   0.00   0.00   0.00   0.00   0.00   0.00   0.00
   0.00000    0.00   0.00   0.00   0.00   0.00   0.00   0.00   0.00
   0.00000    0.00   0.00   0.00   0.00   0.00   0.00   0.00   0.00
   0.00000    0.00   0.00   0.00   0.00   0.00   0.00   0.00   0.00
   0.00000    0.00   0.00   0.00   0.00   0.00   0.00   0.00   0.00
   0.00000    0.00   0.00   0.00   0.00   0.00   0.00   0.00   0.00
   0.00000    0.00   0.00   0.00   0.00   0.00   0.00   0.00   0.00
   0.00000    0.00   0.00   0.00   0.00   0.00   0.00   0.00   0.00
   0.00000    0.00   0.00   0.00   0.00   0.00   0.00   0.00   0.00
   0.00000    0.00   0.00   0.00   0.00   0.00   0.00   0.00   0.00
   0.00000    0.00   0.00   0.00   0.00   0.00   0.00   0.00   0.00
   0.00000    0.00   0.00   0.00   0.00   0.00   0.00   0.00   0.00
   0.00000    0.00   0.00   0.00   0.00   0.00   0.00   0.00   0.00
   0.00000    0.00   0.00   0.00   0.00   0.00   0.00   0.00   0.00
   0.00000    0.00   0.00   0.00   0.00   0.00   0.00   0.00   0.00
   0.00000    0.00   0.00   0.00   0.00   0.00   0.00   0.00   0.00
   0.00000    0.00   0.00   0.00   0.00   0.00   0.00   0.00   0.00
   0.00000    0.00   0.00   0.00   0.00   0.00*******   0.00   0.00
   0.00000    0.00   0.00   0.00   0.00   0.00   0.00   0.00   0.00
   0.00000    0.00   0.00   0.00   0.00   0.00   0.00   0.00   0.00
   0.00000    0.00   0.00   0.00   0.00   0.00   0.00   0.00   0.00
   0.00000    0.00   0.00   0.00   0.00   0.00   0.00   0.00   0.00
