 Sounding NKX 20170624-12UTC                                                     
      z       p      T     wv     O3     RH   Aer.  LW_up  LW_dn
 100.00000    0.00 210.70   0.00   0.00   0.00   0.00 280.79   0.00
  70.00000    0.07 219.10   0.00   0.00   0.00   0.00 280.79   0.01
  50.00000    0.95 276.20   0.00   0.00   0.00   0.00 280.91   0.41
  45.00000    1.76 269.70   0.00   0.00   0.00   0.00 280.75   1.05
  40.00000    3.33 257.50   0.00   0.00   0.00   0.00 280.41   1.97
  35.00000    6.52 245.30   0.00   0.00   0.01   0.00 279.86   3.31
  30.00000   13.20 234.20   0.00   0.00   0.04   0.00 279.04   5.36
  25.00000   27.70 224.20   0.00   0.00   0.24   0.00 277.84   8.36
  19.20200   65.50 205.70   0.00   0.00   3.00   0.01 275.71  11.61
  18.80000   70.00 205.20   0.00   0.00   3.00   0.01 275.79  11.74
  18.28800   76.20 205.40   0.00   0.00   4.00   0.01 275.88  12.07
  18.01900   79.70 203.00   0.00   0.00   6.00   0.01 275.89  12.17
  17.75500   83.30 204.00   0.00   0.00   7.00   0.01 276.01  12.36
  17.56500   86.00 202.60   0.00   0.00   8.00   0.01 276.05  12.48
  17.28100   90.20 203.20   0.00   0.00  10.00   0.01 276.21  12.73
  16.67000  100.00 200.40   0.00   0.00  15.00   0.01 276.52  13.16
  16.55400  102.00 201.00   0.00   0.00  15.00   0.01 276.65  13.27
  16.27300  107.00 200.20   0.00   0.00  15.00   0.01 276.98  13.50
  16.00400  112.00 202.40   0.00   0.00  13.00   0.01 277.43  13.90
  15.69500  118.00 202.20   0.00   0.00  11.00   0.01 277.87  14.33
  15.24000  127.30 205.50   0.00   0.00   9.00   0.01 278.75  15.23
  14.93300  134.00 207.00   0.00   0.00  11.00   0.01 279.25  16.00
  14.75600  138.00 206.20   0.00   0.00  12.00   0.01 279.51  16.36
  14.49800  144.00 207.80   0.00   0.00  13.00   0.01 280.06  17.02
  14.41400  146.00 207.20   0.00   0.00  13.00   0.01 280.21  17.22
  14.32600  148.10 207.60   0.00   0.00  12.00   0.01 280.44  17.43
  14.21000  151.00 208.20   0.00   0.00  11.00   0.01 280.76  17.73
  13.29300  175.00 216.80   0.00   0.00   6.00   0.01 283.58  21.49
  13.04500  182.00 217.20   0.00   0.00   6.00   0.01 284.18  22.56
  12.44000  200.00 221.60   0.00   0.00   4.00   0.01 286.08  25.50
  11.55000  229.00 226.80   0.01   0.00   6.00   0.01 289.17  31.14
  10.96000  250.00 231.80   0.01   0.00   4.00   0.02 291.71  36.20
  10.30700  275.00 235.60   0.02   0.00   8.00   0.02 294.66  43.38
   9.79500  296.00 240.00   0.01   0.00   3.00   0.03 297.32  49.46
   9.17500  323.00 243.60   0.02   0.00   4.00   0.03 299.84  56.25
   8.97900  332.00 243.80   0.04   0.00   8.00   0.04 300.60  59.06
   8.53400  353.10 247.00   0.04   0.00   6.00   0.04 303.16  66.70
   8.35400  362.00 248.20   0.25   0.00  35.00   0.04 304.35  72.59
   8.13500  373.00 249.80   0.39   0.00  48.00   0.05 306.40  84.19
   7.92500  383.80 251.10   0.59   0.00  65.00   0.07 308.63  94.36
   7.82600  389.00 251.40   0.22   0.00  24.00   0.07 309.56  97.34
   7.62000  400.00 252.80   0.34   0.00  33.00   0.07 311.39 102.00
   7.51000  406.00 253.40   0.76   0.00  69.00   0.07 312.62 105.74
   7.43700  410.00 254.20   0.40   0.00  34.00   0.07 313.55 108.31
   7.31500  416.80 254.70   0.65   0.00  53.00   0.07 314.69 111.77
   7.08100  430.00 256.20   0.95   0.00  69.00   0.12 317.82 120.06
   6.80500  446.00 258.80   0.93   0.00  55.00   0.14 322.21 130.38
   6.70600  451.90 259.20   1.13   0.00  65.00   0.14 323.42 133.70
   6.40100  470.30 261.00   1.72   0.00  86.00   0.14 328.53 145.16
   6.27700  478.00 261.80   1.64   0.00  77.00   0.14 331.31 150.19
   6.19700  483.00 262.60   1.18   0.00  52.00   0.14 333.05 152.94
   6.09600  489.40 263.20   1.16   0.00  49.00   0.15 334.80 155.64
   5.93000  500.00 264.60   1.08   0.00  41.00   0.17 337.93 160.11
   5.48600  529.20 268.50   1.15   0.00  33.00   0.17 346.20 172.49
   5.18200  549.90 271.10   1.55   0.00  37.00   0.19 351.83 181.84
   4.84100  574.00 273.90   2.40   0.00  47.00   0.21 358.84 194.39
   3.65800  662.50 284.40   3.35   0.00  33.00   0.25 388.20 242.55
   2.74300  738.20 292.40   4.30   0.00  26.00   0.32 411.53 281.75
   2.13400  791.90 297.50   4.88   0.00  22.00   0.52 425.88 309.20
   1.51900  850.00 302.80   5.66   0.00  19.00   0.58 437.42 339.49
   1.27100  874.00 304.50   1.96   0.00   6.00   0.58 438.09 348.39
   0.99900  901.00 303.90   0.95   0.00   3.00   0.92 434.46 350.68
   0.83300  918.00 301.30   6.31   0.00  23.00   0.92 428.15 348.49
   0.72900  928.90 300.50   8.93   0.00  34.00   0.92 423.90 348.50
   0.70900  931.00 300.40   9.40   0.00  36.00   0.92 422.83 348.79
   0.68800  933.10 300.20   9.81   0.00  38.00   0.92 421.35 349.07
   0.66800  935.30 299.80  10.61   0.00  42.00   0.92 419.44 349.06
   0.64700  937.50 299.10  11.41   0.00  47.00   0.92 416.97 348.57
   0.62700  939.70 298.50  12.21   0.00  52.00   0.92 414.44 348.01
   0.60700  941.90 297.70  13.02   0.00  58.00   0.92 411.27 347.15
   0.58600  944.10 296.10  14.55   0.00  71.00   0.92 406.93 345.02
   0.56600  946.30 294.50  15.51   0.00  83.00   0.92 402.91 342.38
   0.54500  948.50 293.20  15.42   0.00  89.00   0.92 399.36 339.98
   0.52500  950.80 292.10  14.94   0.00  92.00   0.92 396.36 337.95
   0.50400  953.10 290.90  14.37   0.00  95.00   0.92 393.44 335.79
   0.48400  955.30 289.80  13.88   0.00  98.00   0.92 391.08 333.74
   0.46400  957.60 288.80  13.33   0.00  99.99   0.92 389.32 331.84
   0.44300  959.90 288.20  12.85   0.00  99.99   0.92 388.37 330.50
   0.42300  962.20 288.00  12.70   0.00  99.99   0.92 388.18 329.99
   0.40200  964.50 288.10  12.78   0.00  99.99   0.92 390.24 375.08
   0.38200  966.80 288.10  12.78   0.00  99.99   0.92 390.66 381.44
   0.36200  969.10 288.20  12.85   0.00  99.99   0.92 391.23 383.63
   0.34100  971.50 288.30  12.93   0.00  99.99   0.92 391.79 384.71
   0.32100  973.80 288.40  13.01   0.00  99.99   0.92 392.36 385.40
   0.30000  976.10 288.50  13.09   0.00  99.99   0.92 393.11 386.04
   0.28000  978.50 288.70  13.25   0.00  99.99   0.92 394.09 386.91
   0.25900  980.90 288.90  13.28   0.00  99.00   0.92 394.98 387.97
   0.23900  983.20 289.00  13.36   0.00  99.00   0.92 395.72 388.75
   0.21900  985.60 289.20  13.52   0.00  99.00   0.92 396.73 389.68
   0.19800  987.90 289.40  13.69   0.00  99.00   0.92 397.77 390.77
   0.17800  990.30 289.60  13.71   0.00  98.00   0.92 398.74 391.86
   0.15700  992.60 289.80  13.88   0.00  98.00   0.92 399.56 392.98
   0.13700  995.00 289.90  13.96   0.00  98.00   0.00 400.09 393.78
   0.00000    0.00   0.00   0.00   0.00   0.00   0.00   0.00   0.00
   0.00000    0.00   0.00   0.00   0.00   0.00   0.00   0.00   0.00
   0.00000    0.00   0.00   0.00   0.00   0.00*******   0.00   0.00
   0.00000    0.00   0.00   0.00   0.00   0.00   0.00   0.00   0.00
   0.00000    0.00   0.00   0.00   0.00   0.00   0.00   0.00   0.00
   0.00000    0.00   0.00   0.00   0.00   0.00   0.00   0.00   0.00
   0.00000    0.00   0.00   0.00   0.00   0.00   0.00   0.00   0.00
