      z       p      T     wv     O3     RH   Aer.  LW_up  LW_dn
 100.00    0.00 210.70   0.00   0.00   0.00   0.00 289.54   0.00
  70.00    0.07 219.10   0.00   0.00   0.00   0.00 289.54   0.01
  50.00    0.95 276.20   0.00   0.00   0.00   0.00 289.65   0.41
  45.00    1.76 269.70   0.00   0.00   0.00   0.00 289.50   1.04
  40.00    3.33 257.50   0.00   0.00   0.00   0.00 289.16   1.96
  35.00    6.52 245.30   0.00   0.00   0.00   0.00 288.63   3.26
  30.00   13.20 234.20   0.00   0.00   0.02   0.00 287.86   5.23
  25.00   27.70 224.20   0.00   0.00   0.13   0.00 286.91   7.98
  15.68  118.00 205.00   0.00   0.00  12.00   0.01 284.99  16.03
  15.54  120.70 203.00   0.00   0.00  11.00   0.01 285.06  15.98
  15.24  127.00 203.90   0.00   0.00  11.00   0.01 285.57  16.12
  14.45  145.00 207.80   0.00   0.00   9.00   0.00 287.22  17.44
  14.24  150.00 209.40   0.00   0.00   7.00   0.00 287.74  17.95
  13.92  158.00 212.00   0.00   0.00   6.00   0.01 288.53  18.91
  13.57  167.00 213.40   0.00   0.00  11.00   0.01 289.37  20.12
  13.10  180.00 217.40   0.00   0.00  10.00   0.01 290.85  22.57
  12.79  189.00 218.60   0.00   0.00  12.00   0.01 291.80  24.39
  12.32  203.00 223.00   0.01   0.00   9.00   0.01 293.54  27.73
  11.92  216.00 224.80   0.02   0.00  21.00   0.01 295.07  31.62
  11.59  227.00 227.60   0.01   0.00   8.00   0.01 296.59  34.90
  10.94  250.00 232.40   0.02   0.00  11.00   0.01 299.43  41.31
  10.80  255.00 233.50   0.02   0.00  13.00   0.01 300.04  43.10
  10.67  260.20 234.30   0.03   0.00  17.00   0.01 300.64  45.21
  10.59  263.00 234.40   0.04   0.00  21.00   0.01 300.98  46.46
  10.26  276.00 236.40   0.06   0.00  25.00   0.01 302.99  52.65
  10.04  285.00 238.00   0.04   0.00  16.00   0.01 304.38  56.33
   9.87  292.00 239.20   0.08   0.00  26.00   0.01 305.42  59.28
   9.80  295.00 239.40   0.13   0.00  40.00   0.01 305.93  60.94
   9.63  302.00 240.60   0.14   0.00  40.00   0.01 307.41  65.27
   9.52  307.00 240.80   0.20   0.00  55.00   0.01 308.58  68.28
   9.47  309.00 241.20   0.19   0.00  50.00   0.01 309.18  69.51
   9.43  311.00 241.40   0.10   0.00  26.00   0.01 309.69  70.42
   9.38  313.00 241.80   0.06   0.00  15.00   0.01 310.08  71.01
   9.29  317.00 242.60   0.06   0.00  14.00   0.01 310.74  72.08
   9.16  323.00 243.40   0.24   0.00  51.00   0.01 312.07  74.59
   9.14  323.60 243.50   0.22   0.00  47.00   0.01 312.28  74.96
   9.07  327.00 244.20   0.15   0.00  31.00   0.02 313.32  76.74
   8.79  340.00 246.80   0.16   0.00  26.00   0.02 317.03  82.47
   8.68  345.00 247.60   0.07   0.00  10.00   0.03 318.20  84.08
   7.63  398.00 256.40   0.08   0.00   6.00   0.04 327.72  98.50
   7.62  398.40 256.40   0.07   0.00   5.00   0.04 327.77  98.61
   7.59  400.00 256.60   0.06   0.00   4.00   0.04 327.96  99.00
   6.92  437.00 258.80   0.05   0.00   3.00   0.07 331.75 105.76
   6.25  477.00 263.40   0.07   0.00   3.00   0.07 336.58 114.44
   6.10  486.80 263.60   0.10   0.00   4.00   0.08 337.23 116.62
   5.89  500.00 263.80   0.20   0.00   8.00   0.09 338.48 120.05
   5.79  506.40 264.40   0.31   0.00  12.00   0.09 339.56 122.56
   5.41  532.00 267.20   0.54   0.00  17.00   0.09 345.19 135.44
   4.88  568.50 272.20   0.64   0.00  14.00   0.11 355.00 154.85
   4.29  612.00 277.80   0.80   0.00  12.00   0.11 366.25 176.29
   3.66  660.60 282.50   0.63   0.00   7.00   0.12 375.77 195.80
   3.18  700.00 284.30   0.71   0.00   7.00   0.16 380.64 207.07
   2.44  764.10 288.90   0.94   0.00   7.00   0.17 390.56 227.47
   2.03  802.00 291.50   1.10   0.00   7.00   0.29 394.77 240.03
   1.76  828.00 291.30   1.55   0.00  10.00   0.30 394.96 246.71
   1.60  843.00 292.10   0.81   0.00   5.00   0.30 395.77 250.52
   1.53  850.00 291.90   1.44   0.00   9.00   0.30 395.48 251.79
   1.33  870.00 291.50   1.72   0.00  11.00   0.30 394.89 255.50
   1.25  879.00 291.50   3.76   0.00  24.00   0.30 394.95 258.06
   1.06  898.00 292.30   4.27   0.00  26.00   0.30 395.56 266.95
   1.01  904.00 292.80   2.03   0.00  12.00   0.46 395.69 269.29
   0.96  908.80 292.90   2.04   0.00  12.00   0.49 395.46 270.51
   0.94  910.50 293.00   2.06   0.00  12.00   0.49 395.37 270.97
   0.93  912.20 293.00   2.06   0.00  12.00   0.49 395.20 271.38
   0.91  913.90 293.10   2.07   0.00  12.00   0.49 395.03 271.83
   0.90  915.60 293.10   2.07   0.00  12.00   0.49 394.71 272.26
   0.88  917.40 293.00   2.40   0.00  14.00   0.49 394.30 272.59
   0.86  919.10 292.90   2.55   0.00  15.00   0.49 393.82 272.88
   0.85  920.80 292.80   2.88   0.00  17.00   0.49 393.25 273.17
   0.83  922.50 292.70   3.20   0.00  19.00   0.49 392.49 273.47
   0.82  924.20 292.40   3.80   0.00  23.00   0.49 391.25 273.64
   0.80  926.00 291.00   6.54   0.00  43.00   0.49 389.07 272.86
   0.78  927.80 289.50   9.60   0.00  69.00   0.49 386.68 271.55
   0.77  929.50 288.20  11.31   0.00  88.00   0.49 384.94 270.43
   0.75  931.30 287.90  11.74   0.00  93.00   0.49 384.34 270.60
   0.73  933.10 287.50  12.07   0.00  98.00   0.49 383.80 271.14
   0.72  934.90 287.40  12.24   0.00  99.99   0.49 383.71 271.59
   0.70  936.70 287.50  12.32   0.00  99.99   0.49 387.14 348.47
   0.69  938.40 287.60  12.39   0.00  99.99   0.49 388.02 365.15
   0.67  940.20 287.60  12.39   0.00  99.99   0.49 388.48 371.97
   0.65  942.00 287.70  12.34   0.00  99.00   0.49 389.10 375.11
   0.64  943.80 287.80  12.42   0.00  99.00   0.49 389.65 376.65
   0.62  945.60 287.90  12.50   0.00  99.00   0.49 390.17 377.66
   0.61  947.40 288.00  12.57   0.00  99.00   0.49 390.65 378.45
   0.59  949.20 288.10  12.65   0.00  99.00   0.49 391.04 379.15
   0.57  951.00 288.10  12.65   0.00  99.00   0.49 391.35 379.57
   0.56  952.80 288.20  12.73   0.00  99.00   0.49 391.98 380.07
   0.54  954.60 288.30  12.80   0.00  99.00   0.49 392.82 380.69
   0.53  956.40 288.40  12.88   0.00  99.00   0.49 394.08 381.34
   0.51  958.20 288.50  12.96   0.00  99.00   0.49 396.40 382.04
   0.49  960.00 288.50  12.96   0.00  99.00   0.49 401.54 382.62
   0.30  981.40 290.30  13.43   0.00  92.00   0.49 407.67 388.42
   0.14 1001.00 292.10  13.97   0.00  86.00   0.00 412.32 395.13
   0.00    0.00   0.00   0.00   0.00   0.00   0.00   0.00   0.00
   0.00    0.00   0.00   0.00   0.00   0.00   0.00   0.00   0.00
   0.00    0.00   0.00   0.00   0.00   0.00*******   0.00   0.00
   0.00    0.00   0.00   0.00   0.00   0.00   0.00   0.00   0.00
   0.00    0.00   0.00   0.00   0.00   0.00   0.00   0.00   0.00
   0.00    0.00   0.00   0.00   0.00   0.00   0.00   0.00   0.00
   0.00    0.00   0.00   0.00   0.00   0.00   0.00   0.00   0.00
