 Sounding NKX 20140921-12UTC                                                     
      z       p      T     wv     O3     RH   Aer.  LW_up  LW_dn
 100.00000    0.00 210.70   0.00   0.00   0.00   0.00 296.11   0.00
  70.00000    0.07 219.10   0.00   0.00   0.00   0.00 296.11   0.01
  50.00000    0.95 276.20   0.00   0.00   0.00   0.00 296.22   0.41
  45.00000    1.76 269.70   0.00   0.00   0.00   0.00 296.07   1.04
  40.00000    3.33 257.50   0.00   0.00   0.00   0.00 295.74   1.96
  29.87000   12.20 226.20   0.00   0.00   1.00   0.00 293.63   5.87
  28.65100   14.70 223.30   0.00   0.00   1.00   0.00 293.49   6.49
  27.73700   16.90 224.00   0.00   0.00   1.00   0.00 293.43   7.07
  27.03500   18.80 224.60   0.00   0.00   1.00   0.00 293.31   7.61
  26.63000   20.00 223.00   0.00   0.00   1.00   0.00 293.20   7.90
  26.50100   20.40 221.80   0.00   0.00   1.00   0.00 293.18   7.98
  25.72100   23.00 222.00   0.00   0.00   1.00   0.00 293.04   8.51
  24.80700   26.50 218.20   0.00   0.00   1.00   0.00 292.84   9.06
  24.50000   27.80 219.80   0.00   0.00   1.00   0.00 292.83   9.28
  24.38400   28.30 219.70   0.00   0.00   1.00   0.00 292.80   9.38
  24.01000   30.00 219.20   0.00   0.00   1.00   0.00 292.70   9.66
  23.36300   33.20 216.00   0.00   0.00   1.00   0.00 292.52  10.03
  22.92000   35.60 216.60   0.00   0.00   1.00   0.00 292.47  10.31
  21.58400   44.00 213.80   0.00   0.00   1.00   0.00 292.17  11.14
  21.15500   47.10 215.40   0.00   0.00   1.00   0.00 292.07  11.49
  21.03100   48.00 214.60   0.00   0.00   1.00   0.00 291.99  11.59
  20.42200   53.00 211.50   0.00   0.00   1.00   0.00 291.61  11.88
  20.13300   55.50 209.00   0.00   0.00   2.00   0.01 291.43  11.92
  19.50700   61.60 204.50   0.00   0.00   3.00   0.01 291.23  11.96
  18.89800   68.20 202.90   0.00   0.00   4.00   0.01 291.31  12.08
  18.71500   70.30 202.40   0.00   0.00   5.00   0.01 291.37  12.13
  18.36200   74.60 204.00   0.00   0.00   6.00   0.01 291.50  12.39
  18.12000   77.70 202.40   0.00   0.00   8.00   0.01 291.51  12.53
  17.74300   82.80 203.00   0.00   0.00  11.00   0.01 291.56  12.83
  17.63000   84.40 199.20   0.00   0.00  12.00   0.01 291.52  12.80
  16.64000  100.00 200.00   0.00   0.00  10.00   0.01 292.40  13.31
  16.24300  107.00 201.00   0.00   0.00   9.00   0.01 292.85  13.71
  15.87000  114.00 200.40   0.00   0.00   9.00   0.01 293.32  14.03
  15.27600  126.00 205.00   0.00   0.00   6.00   0.01 294.45  15.03
  14.93500  133.30 205.60   0.00   0.00   6.00   0.01 294.99  15.65
  13.71600  162.70 211.80   0.00   0.00   6.00   0.01 297.71  18.64
  12.64000  193.00 219.40   0.00   0.00   5.00   0.01 301.13  23.15
  11.89800  216.00 225.50   0.00   0.00   4.00   0.01 303.98  27.66
  11.08600  244.00 232.00   0.00   0.00   3.00   0.01 307.25  33.83
  10.36600  271.00 236.20   0.01   0.00   3.00   0.01 309.88  40.02
  10.06600  283.00 236.40   0.01   0.00   4.00   0.02 310.90  42.63
   9.73000  297.00 238.60   0.02   0.00   7.00   0.02 312.85  46.81
   9.14400  322.10 243.40   0.02   0.00   5.00   0.03 317.00  55.71
   7.62000  397.30 256.40   0.06   0.00   4.00   0.07 330.59  82.00
   6.70600  447.80 264.10   0.05   0.00   2.00   0.10 339.20  99.52
   6.17000  480.00 268.40   0.07   0.00   2.00   0.10 343.11 110.16
   6.09600  484.50 268.10   0.07   0.00   2.00   0.11 343.21 111.45
   5.85000  500.00 267.80   0.07   0.00   2.00   0.12 344.01 115.00
   5.75600  506.00 268.00   0.07   0.00   2.00   0.12 344.51 116.33
   5.48600  523.70 268.60   0.14   0.00   4.00   0.14 346.39 121.20
   4.46800  595.00 276.50   0.24   0.00   4.00   0.15 358.04 149.41
   3.97800  632.00 278.10   0.88   0.00  13.00   0.16 362.36 167.62
   3.49900  670.00 281.90   0.78   0.00   9.00   0.16 368.73 188.33
   3.30400  686.00 281.50   1.44   0.00  17.00   0.17 369.29 194.86
   2.93800  717.00 283.30   2.18   0.00  23.00   0.23 374.28 211.47
   2.63000  744.00 285.30   1.61   0.00  15.00   0.23 379.08 224.30
   2.21100  782.00 287.80   2.63   0.00  21.00   0.29 385.04 240.45
   1.89300  812.00 289.80   1.27   0.00   9.00   0.41 388.61 251.19
   1.74400  826.60 290.00   1.72   0.00  12.00   0.41 388.98 254.63
   1.70500  830.40 290.00   1.86   0.00  13.00   0.41 389.05 255.52
   1.66600  834.20 290.10   2.02   0.00  14.00   0.41 389.18 256.51
   1.62700  838.00 290.20   2.03   0.00  14.00   0.41 389.28 257.54
   1.58800  841.80 290.20   2.18   0.00  15.00   0.41 389.31 258.50
   1.54900  845.60 290.30   2.33   0.00  16.00   0.41 389.40 259.54
   1.51000  849.40 290.30   2.48   0.00  17.00   0.41 389.47 260.55
   1.47100  853.30 290.60   2.53   0.00  17.00   0.41 389.74 261.83
   1.43200  857.20 290.80   2.71   0.00  18.00   0.41 389.82 263.17
   1.39300  861.10 291.00   2.74   0.00  18.00   0.41 389.79 264.54
   1.35400  865.10 291.30   2.94   0.00  19.00   0.41 389.49 266.04
   1.31500  869.00 291.00   3.35   0.00  22.00   0.41 388.31 267.06
   1.27600  873.00 290.10   4.61   0.00  32.00   0.41 386.37 267.33
   1.23700  877.00 288.80   6.40   0.00  48.00   0.41 384.02 267.01
   1.19800  881.00 287.60   7.93   0.00  64.00   0.41 381.40 266.67
   1.16000  885.10 287.10   9.61   0.00  80.00   0.41 385.56 364.99
   1.12100  889.20 287.50  11.82   0.00  96.00   0.41 387.18 374.92
   1.08200  893.30 287.00  11.94   0.00  99.99   0.41 384.81 373.45
   1.04300  897.40 286.60  11.65   0.00  99.99   0.41 383.28 371.74
   1.00400  901.60 286.80  11.80   0.00  99.99   0.64 384.31 372.62
   0.96500  905.80 287.00  11.94   0.00  99.99   0.66 385.29 373.94
   0.92600  910.00 287.10  12.02   0.00  99.99   0.66 385.92 374.84
   0.88700  914.20 287.30  12.17   0.00  99.99   0.66 386.98 376.08
   0.84800  918.40 287.50  12.32   0.00  99.99   0.66 387.97 377.38
   0.80900  922.50 287.60  12.39   0.00  99.99   0.66 388.69 378.25
   0.77000  926.80 287.90  12.62   0.00  99.99   0.66 390.26 379.91
   0.73100  931.10 288.20  12.73   0.00  99.00   0.66 391.84 381.70
   0.69200  935.50 288.50  12.70   0.00  97.00   0.66 393.43 383.49
   0.65300  939.80 288.80  12.80   0.00  96.00   0.66 395.06 385.27
   0.61400  944.20 289.10  12.90   0.00  95.00   0.66 405.58 387.41
   0.30500  978.60 291.60  13.72   0.00  87.00   0.66 414.61 396.04
   0.13700  998.00 293.30  14.47   0.00  83.00   0.00 419.10 402.54
   0.00000    0.00   0.00   0.00   0.00   0.00   0.00   0.00   0.00
   0.00000    0.00   0.00   0.00   0.00   0.00   0.00   0.00   0.00
   0.00000    0.00   0.00   0.00   0.00   0.00   0.00   0.00   0.00
   0.00000    0.00   0.00   0.00   0.00   0.00   0.00   0.00   0.00
   0.00000    0.00   0.00   0.00   0.00   0.00   0.00   0.00   0.00
   0.00000    0.00   0.00   0.00   0.00   0.00*******   0.00   0.00
   0.00000    0.00   0.00   0.00   0.00   0.00   0.00   0.00   0.00
   0.00000    0.00   0.00   0.00   0.00   0.00   0.00   0.00   0.00
   0.00000    0.00   0.00   0.00   0.00   0.00   0.00   0.00   0.00
   0.00000    0.00   0.00   0.00   0.00   0.00   0.00   0.00   0.00
