 Sounding NKX 20160519-12UTC                                                     
      z       p      T     wv     O3     RH   Aer.  LW_up  LW_dn
 100.00000    0.00 210.70   0.00   0.00   0.00   0.00 274.30   0.00
  70.00000    0.07 219.10   0.00   0.00   0.00   0.00 274.30   0.01
  50.00000    0.95 276.20   0.00   0.00   0.00   0.00 274.41   0.41
  45.00000    1.76 269.70   0.00   0.00   0.00   0.00 274.26   1.04
  40.00000    3.33 257.50   0.00   0.00   0.00   0.00 273.92   1.97
  35.00000    6.52 245.30   0.00   0.00   0.01   0.00 273.41   3.29
  25.60300   23.00 222.50   0.00   0.00   1.00   0.00 270.92   8.36
  24.99400   25.30 221.30   0.00   0.00   1.00   0.00 270.76   8.71
  24.42400   27.60 218.60   0.00   0.00   1.00   0.00 270.64   9.00
  24.10700   29.00 219.60   0.00   0.00   1.00   0.00 270.60   9.20
  23.93300   29.80 217.60   0.00   0.00   1.00   0.00 270.55   9.29
  23.47000   32.00 218.30   0.00   0.00   1.00   0.00 270.53   9.57
  22.86000   35.20 218.80   0.00   0.00   1.00   0.00 270.41  10.05
  22.46200   37.50 217.80   0.00   0.00   1.00   0.00 270.25  10.35
  21.85200   41.30 213.40   0.00   0.00   1.00   0.00 270.03  10.60
  21.59900   43.00 214.00   0.00   0.00   1.00   0.00 270.01  10.71
  20.96600   47.60 211.00   0.00   0.00   1.00   0.00 269.94  10.94
  20.66000   50.00 213.20   0.00   0.00   1.00   0.00 270.02  11.15
  20.26000   53.30 214.60   0.00   0.00   1.00   0.01 269.97  11.55
  19.52600   60.00 209.40   0.00   0.00   1.00   0.01 269.72  11.90
  18.93100   66.10 210.40   0.00   0.00   2.00   0.01 269.79  12.31
  18.59300   69.80 208.70   0.00   0.00   2.00   0.01 269.74  12.53
  18.33300   72.90 207.60   0.00   0.00   2.00   0.01 269.75  12.65
  17.76800   80.00 207.80   0.00   0.00   2.00   0.01 269.86  13.03
  17.50900   83.50 205.40   0.00   0.00   2.00   0.01 269.87  13.11
  17.06900   89.80 206.20   0.00   0.00   2.00   0.01 270.16  13.37
  16.42000  100.00 207.40   0.00   0.00   2.00   0.01 270.63  14.00
  15.54500  115.40 209.40   0.00   0.00   3.00   0.01 271.33  15.18
  15.24000  121.30 210.50   0.00   0.00   3.00   0.01 271.55  15.72
  15.00600  126.00 209.60   0.00   0.00   3.00   0.01 271.65  16.03
  14.53500  136.00 211.40   0.00   0.00   5.00   0.01 272.03  16.92
  14.31200  141.00 210.20   0.00   0.00   6.00   0.01 272.10  17.29
  14.02100  147.80 210.70   0.00   0.00   9.00   0.01 272.36  17.91
  13.76700  154.00 211.20   0.00   0.00  14.00   0.01 272.56  18.67
  13.53200  160.00 209.20   0.00   0.00  18.00   0.01 272.70  19.25
  13.05100  173.00 210.60   0.00   0.00  21.00   0.01 273.59  20.82
  12.94500  176.00 210.00   0.00   0.00  25.00   0.01 273.79  21.18
  12.53700  188.00 211.60   0.00   0.00  22.00   0.01 274.98  22.82
  12.19200  198.70 214.30   0.00   0.00  20.00   0.01 276.23  24.62
  11.57600  219.00 218.80   0.00   0.00  11.00   0.01 278.49  28.21
  10.06400  276.00 228.80   0.01   0.00   5.00   0.02 284.40  37.94
   9.43200  303.00 233.60   0.02   0.00  11.00   0.02 287.47  44.67
   9.14400  315.90 235.50   0.06   0.00  25.00   0.03 289.16  50.27
   8.05300  369.00 244.60   0.18   0.00  34.00   0.06 299.91  77.18
   7.71000  387.00 247.40   0.21   0.00  32.00   0.06 304.49  86.09
   7.50700  398.00 249.00   0.12   0.00  16.00   0.07 307.17  90.24
   6.90000  432.00 254.40   0.10   0.00   8.00   0.11 313.93 100.33
   6.40100  461.60 257.60   0.12   0.00   8.00   0.11 319.10 108.52
   6.09600  480.40 260.30   0.11   0.00   6.00   0.13 322.75 114.08
   5.65200  509.00 264.20   0.10   0.00   4.00   0.14 327.41 122.30
   5.18200  540.70 266.40   0.15   0.00   5.00   0.16 331.20 130.53
   4.57200  584.00 270.50   0.28   0.00   7.00   0.17 337.54 144.51
   3.91100  635.00 274.90   0.55   0.00  10.00   0.18 344.07 164.15
   3.68600  653.00 274.80   1.90   0.00  35.00   0.18 344.46 173.68
   3.62400  658.00 273.90   2.81   0.00  55.00   0.18 344.39 177.07
   3.12400  700.00 278.10   3.52   0.00  52.00   0.24 355.70 209.64
   2.74300  732.50 281.40   3.78   0.00  45.00   0.26 364.72 229.80
   2.13400  787.70 286.80   4.37   0.00  37.00   0.43 378.92 258.87
   1.49600  850.00 292.30   4.93   0.00  30.00   0.47 390.60 288.91
   1.30400  869.30 293.30   5.58   0.00  32.00   0.47 390.71 297.02
   1.27600  872.10 293.50   5.64   0.00  32.00   0.47 390.49 298.26
   1.24700  875.00 293.60   5.85   0.00  33.00   0.47 389.98 299.46
   1.21900  877.80 293.70   5.89   0.00  33.00   0.47 389.19 300.58
   1.19100  880.70 293.40   6.31   0.00  36.00   0.47 387.78 301.24
   1.16200  883.60 293.00   6.85   0.00  40.00   0.47 385.86 301.62
   1.13400  886.50 292.00   7.10   0.00  44.00   0.47 383.24 301.12
   1.10600  889.50 290.90   7.26   0.00  48.00   0.47 380.62 300.04
   1.07700  892.40 289.80   7.51   0.00  53.00   0.47 378.16 298.68
   1.04900  895.40 288.90   7.78   0.00  58.00   0.47 376.18 297.42
   1.02100  898.40 288.30   8.41   0.00  65.00   0.55 374.55 296.52
   0.99200  901.40 287.70   8.98   0.00  72.00   0.75 372.80 295.81
   0.96400  904.40 287.10   9.37   0.00  78.00   0.75 370.87 295.24
   0.93600  907.40 286.00   9.66   0.00  86.00   0.75 368.33 294.14
   0.90700  910.50 284.40   9.65   0.00  95.00   0.75 365.68 292.15
   0.87900  913.60 283.60   9.66   0.00  99.99   0.75 364.91 290.97
   0.85000  916.70 283.80   9.79   0.00  99.99   0.75 368.45 359.09
   0.82200  919.90 284.00   9.91   0.00  99.99   0.75 369.36 360.54
   0.79400  923.00 284.10   9.97   0.00  99.99   0.75 369.98 361.24
   0.76500  926.20 284.30  10.10   0.00  99.99   0.75 370.89 362.22
   0.73700  929.30 284.40  10.16   0.00  99.99   0.75 371.52 362.91
   0.70900  932.40 284.60  10.29   0.00  99.99   0.75 372.51 363.89
   0.68000  935.60 284.80  10.42   0.00  99.99   0.75 373.43 364.99
   0.65200  938.70 284.90  10.49   0.00  99.99   0.75 374.06 365.71
   0.62400  941.90 285.10  10.62   0.00  99.99   0.75 375.06 366.70
   0.59500  945.10 285.30  10.75   0.00  99.99   0.75 375.98 367.82
   0.56700  948.30 285.40  10.71   0.00  99.00   0.75 376.62 368.54
   0.53900  951.60 285.60  10.84   0.00  99.00   0.75 377.64 369.55
   0.51000  954.80 285.80  10.87   0.00  98.00   0.75 378.89 370.68
   0.48200  958.10 286.00  10.89   0.00  97.00   0.75 385.80 372.02
   0.30500  978.40 287.20  11.37   0.00  94.00   0.75 389.85 375.55
   0.13700  998.00 288.80  13.33   0.00  99.99   0.00 393.53 380.89
   0.00000    0.00   0.00   0.00   0.00   0.00   0.00   0.00   0.00
   0.00000    0.00   0.00   0.00   0.00   0.00   0.00   0.00   0.00
   0.00000    0.00   0.00   0.00   0.00   0.00   0.00   0.00   0.00
   0.00000    0.00   0.00   0.00   0.00   0.00   0.00   0.00   0.00
   0.00000    0.00   0.00   0.00   0.00   0.00*******   0.00   0.00
   0.00000    0.00   0.00   0.00   0.00   0.00   0.00   0.00   0.00
   0.00000    0.00   0.00   0.00   0.00   0.00   0.00   0.00   0.00
   0.00000    0.00   0.00   0.00   0.00   0.00   0.00   0.00   0.00
   0.00000    0.00   0.00   0.00   0.00   0.00   0.00   0.00   0.00
