 Sounding NKX 20140816-12UTC                                                     
      z       p      T     wv     O3     RH   Aer.  LW_up  LW_dn
 100.00000    0.00 210.70   0.00   0.00   0.00   0.00 298.18   0.00
  70.00000    0.07 219.10   0.00   0.00   0.00   0.00 298.19   0.01
  50.00000    0.95 276.20   0.00   0.00   0.00   0.00 298.30   0.41
  45.00000    1.76 269.70   0.00   0.00   0.00   0.00 298.13   1.05
  40.00000    3.33 257.50   0.00   0.00   0.00   0.00 297.76   1.98
  33.82000    7.00 237.80   0.00   0.00   1.00   0.00 296.70   4.56
  33.52800    7.30 237.70   0.00   0.00   1.00   0.00 296.64   4.83
  33.34000    7.50 237.60   0.00   0.00   1.00   0.00 296.59   5.01
  32.23900    8.80 233.00   0.00   0.00   1.00   0.00 296.34   5.85
  31.50700    9.80 231.80   0.00   0.00   1.00   0.00 296.20   6.33
  31.23700   10.20 229.40   0.00   0.00   2.00   0.00 296.16   6.52
  30.97700   10.60 230.80   0.00   0.00   1.00   0.00 296.13   6.71
  29.91800   12.40 229.80   0.00   0.00   1.00   0.00 295.91   7.43
  29.45000   13.30 225.80   0.00   0.00   2.00   0.00 295.81   7.74
  27.63100   17.50 226.40   0.00   0.00   1.00   0.00 295.56   9.09
  26.82200   19.80 223.80   0.00   0.00   1.00   0.00 295.36   9.64
  26.30800   21.40 222.00   0.00   0.00   2.00   0.00 295.26   9.97
  25.72600   23.40 222.40   0.00   0.00   1.00   0.00 295.16  10.40
  25.29800   25.00 221.00   0.00   0.00   1.00   0.00 295.06  10.68
  24.68900   27.50 219.90   0.00   0.00   1.00   0.00 294.94  11.06
  24.12000   30.00 219.60   0.00   0.00   1.00   0.00 294.84  11.45
  23.77400   31.70 219.30   0.00   0.00   1.00   0.00 294.75  11.70
  22.86000   36.50 214.60   0.00   0.00   2.00   0.00 294.49  12.19
  21.77800   43.40 215.40   0.00   0.00   1.00   0.00 294.42  12.91
  21.64100   44.40 214.80   0.00   0.00   1.00   0.00 294.37  13.00
  21.30400   46.80 213.20   0.00   0.00   2.00   0.00 294.31  13.19
  20.89000   50.00 214.00   0.00   0.00   1.00   0.00 294.30  13.48
  20.63200   52.10 214.40   0.00   0.00   1.00   0.00 294.25  13.69
  19.90700   58.50 212.60   0.00   0.00   1.00   0.01 293.94  14.19
  19.69900   60.50 211.20   0.00   0.00   2.00   0.01 293.84  14.30
  19.41100   63.40 208.20   0.00   0.00   2.00   0.01 293.73  14.36
  18.96800   68.20 206.60   0.00   0.00   3.00   0.01 293.76  14.47
  18.73200   70.90 207.80   0.00   0.00   3.00   0.01 293.80  14.63
  18.51500   73.50 205.40   0.00   0.00   4.00   0.01 293.76  14.71
  18.28800   76.30 206.10   0.00   0.00   5.00   0.01 293.82  14.83
  17.67800   84.50 202.40   0.00   0.00   8.00   0.01 293.90  15.03
  17.37700   88.90 204.00   0.00   0.00   8.00   0.01 294.10  15.25
  17.10300   93.10 202.00   0.00   0.00  11.00   0.01 294.18  15.39
  16.68000  100.00 202.40   0.00   0.00  11.00   0.01 294.53  15.69
  16.44800  104.00 201.80   0.00   0.00  11.00   0.01 294.74  15.85
  16.00800  112.00 203.60   0.00   0.00  14.00   0.01 295.24  16.39
  15.85000  115.00 202.40   0.00   0.00  16.00   0.01 295.37  16.54
  15.59700  120.00 203.00   0.00   0.00  16.00   0.01 295.71  16.84
  15.49900  122.00 202.40   0.00   0.00  18.00   0.01 295.83  16.94
  14.94100  134.00 204.00   0.00   0.00  14.00   0.01 296.89  17.77
  14.42400  146.00 206.80   0.00   0.00  12.00   0.01 298.08  18.85
  13.10600  180.40 215.90   0.00   0.00   8.00   0.01 301.88  23.44
  11.88700  218.30 224.00   0.01   0.00   9.00   0.02 306.38  30.65
  10.99000  250.00 230.80   0.01   0.00   7.00   0.02 310.74  38.47
  10.36300  273.70 236.10   0.01   0.00   6.00   0.03 314.27  45.23
   9.31500  318.00 244.60   0.02   0.00   3.00   0.03 319.92  57.42
   8.92000  336.00 245.20   0.04   0.00   7.00   0.06 321.52  62.51
   7.64000  400.00 255.60   0.16   0.00  12.00   0.08 333.54  91.26
   7.52800  406.00 256.60   0.17   0.00  12.00   0.08 334.77  94.57
   7.07700  431.00 260.40   0.25   0.00  13.00   0.14 339.75 107.81
   6.69500  453.00 262.60   0.18   0.00   8.00   0.15 343.11 117.23
   6.56100  461.00 262.80   0.78   0.00  34.00   0.15 344.43 121.63
   6.21600  482.00 265.80   0.40   0.00  14.00   0.16 349.65 134.90
   5.97700  497.00 266.80   0.90   0.00  29.00   0.19 352.68 142.51
   5.72800  513.00 269.00   0.58   0.00  16.00   0.19 356.92 151.26
   5.47100  530.00 270.60   0.89   0.00  22.00   0.20 360.70 159.22
   4.87700  570.80 275.30   0.95   0.00  17.00   0.23 371.22 179.29
   4.72000  582.00 276.80   0.68   0.00  11.00   0.23 373.70 184.20
   4.36400  608.00 278.10   1.35   0.00  20.00   0.23 378.14 194.12
   4.26700  615.30 278.90   0.57   0.00   8.00   0.24 379.71 196.78
   3.65800  662.50 282.40   1.07   0.00  12.00   0.25 387.14 211.71
   3.21300  699.00 284.10   3.49   0.00  35.00   0.33 392.60 228.33
   2.43800  765.70 289.90   6.55   0.00  46.00   0.42 410.78 272.72
   1.88600  817.00 294.30   7.94   0.00  43.00   0.65 423.90 305.85
   1.78000  827.00 294.80   7.23   0.00  38.00   0.65 425.30 311.31
   1.47100  857.00 295.90   8.31   0.00  41.00   0.65 427.52 324.77
   1.32000  872.00 294.50  12.90   0.00  69.00   0.65 425.28 328.63
   1.21900  882.10 295.10  12.97   0.00  67.00   0.70 427.30 334.48
   0.96700  908.00 296.90   9.44   0.00  44.00   1.03 431.72 348.64
   0.88100  917.00 297.30   9.00   0.00  41.00   1.03 432.16 352.31
   0.74900  931.00 296.80  12.16   0.00  57.00   1.03 430.90 355.99
   0.53600  954.00 297.10  13.24   0.00  61.00   1.03 430.27 364.52
   0.35600  974.00 296.80  13.01   0.00  61.00   1.03 426.12 370.14
   0.28500  982.00 295.30   8.03   0.00  41.00   1.03 421.21 368.82
   0.25800  985.00 293.50  13.23   0.00  75.00   1.03 418.45 366.21
   0.23200  988.00 293.10  15.16   0.00  88.00   0.00 417.97 364.74
   0.00000    0.00   0.00   0.00   0.00   0.00   0.00   0.00   0.00
   0.00000    0.00   0.00   0.00   0.00   0.00   0.00   0.00   0.00
   0.00000    0.00   0.00   0.00   0.00   0.00   0.00   0.00   0.00
   0.00000    0.00   0.00   0.00   0.00   0.00   0.00   0.00   0.00
   0.00000    0.00   0.00   0.00   0.00   0.00   0.00   0.00   0.00
   0.00000    0.00   0.00   0.00   0.00   0.00   0.00   0.00   0.00
   0.00000    0.00   0.00   0.00   0.00   0.00   0.00   0.00   0.00
   0.00000    0.00   0.00   0.00   0.00   0.00   0.00   0.00   0.00
   0.00000    0.00   0.00   0.00   0.00   0.00   0.00   0.00   0.00
   0.00000    0.00   0.00   0.00   0.00   0.00   0.00   0.00   0.00
   0.00000    0.00   0.00   0.00   0.00   0.00   0.00   0.00   0.00
   0.00000    0.00   0.00   0.00   0.00   0.00   0.00   0.00   0.00
   0.00000    0.00   0.00   0.00   0.00   0.00   0.00   0.00   0.00
   0.00000    0.00   0.00   0.00   0.00   0.00   0.00   0.00   0.00
   0.00000    0.00   0.00   0.00   0.00   0.00*******   0.00   0.00
   0.00000    0.00   0.00   0.00   0.00   0.00   0.00   0.00   0.00
   0.00000    0.00   0.00   0.00   0.00   0.00   0.00   0.00   0.00
   0.00000    0.00   0.00   0.00   0.00   0.00   0.00   0.00   0.00
   0.00000    0.00   0.00   0.00   0.00   0.00   0.00   0.00   0.00
