 Sounding NKX 20150529-12UTC                                                     
      z       p      T     wv     O3     RH   Aer.  LW_up  LW_dn
 100.00000    0.00 210.70   0.00   0.00   0.00   0.00 277.93   0.00
  70.00000    0.07 219.10   0.00   0.00   0.00   0.00 277.94   0.01
  50.00000    0.95 276.20   0.00   0.00   0.00   0.00 278.05   0.41
  45.00000    1.76 269.70   0.00   0.00   0.00   0.00 277.89   1.04
  40.00000    3.33 257.50   0.00   0.00   0.00   0.00 277.55   1.96
  35.00000    6.52 245.30   0.00   0.00   0.00   0.00 277.00   3.27
  30.00000   13.20 234.20   0.00   0.00   0.03   0.00 276.14   5.26
  23.99000   30.00 218.80   0.00   0.00   1.00   0.00 274.39   8.73
  23.38000   33.00 218.40   0.00   0.00   1.00   0.00 274.24   9.13
  23.09800   34.50 216.00   0.00   0.00   1.00   0.00 274.16   9.26
  22.48700   38.00 215.80   0.00   0.00   1.00   0.00 274.12   9.60
  21.94300   41.40 218.00   0.00   0.00   1.00   0.00 274.03  10.10
  21.64100   43.40 215.00   0.00   0.00   1.00   0.00 273.85  10.29
  21.03100   47.90 212.80   0.00   0.00   1.00   0.00 273.68  10.55
  20.72600   50.30 211.70   0.00   0.00   1.00   0.00 273.63  10.67
  20.42200   52.80 211.50   0.00   0.00   1.00   0.00 273.61  10.81
  20.11700   55.50 211.60   0.00   0.00   1.00   0.01 273.59  10.99
  19.09900   65.40 209.60   0.00   0.00   1.00   0.01 273.58  11.61
  18.69800   69.80 211.20   0.00   0.00   2.00   0.01 273.61  12.00
  18.28800   74.60 208.80   0.00   0.00   2.00   0.01 273.46  12.30
  17.81600   80.60 206.00   0.00   0.00   3.00   0.01 273.42  12.45
  17.06900   91.20 206.10   0.00   0.00   3.00   0.01 273.73  12.94
  16.15400  106.10 206.40   0.00   0.00   3.00   0.01 274.30  13.76
  15.61100  116.00 209.60   0.00   0.00   4.00   0.01 274.80  14.68
  15.40400  120.00 209.40   0.00   0.00   4.00   0.01 274.87  15.05
  15.25300  123.00 210.20   0.00   0.00   5.00   0.01 274.91  15.36
  15.15400  125.00 208.80   0.00   0.00   7.00   0.01 274.89  15.50
  14.93500  129.60 209.20   0.00   0.00   9.00   0.01 274.95  15.91
  14.73000  134.00 207.40   0.00   0.00  15.00   0.01 274.92  16.25
  14.50800  139.00 206.60   0.00   0.00  20.00   0.01 275.02  16.64
  14.42200  141.00 205.40   0.00   0.00  23.00   0.01 275.08  16.75
  14.17200  147.00 206.00   0.00   0.00  23.00   0.01 275.51  17.25
  13.61700  161.00 209.80   0.00   0.00  33.00   0.01 276.57  19.51
  13.43000  166.00 208.00   0.00   0.00  37.00   0.01 276.74  20.21
  13.10800  175.00 208.20   0.00   0.00  37.00   0.01 277.52  21.32
  12.28000  200.00 214.60   0.01   0.00  35.00   0.01 280.58  26.12
  11.16400  238.00 223.00   0.02   0.00  38.00   0.01 286.12  36.80
  10.68300  256.00 227.40   0.03   0.00  28.00   0.01 289.09  42.76
  10.13100  278.00 231.60   0.07   0.00  47.00   0.02 293.25  51.28
   9.38200  310.00 238.60   0.04   0.00  13.00   0.02 299.92  62.45
   8.13400  369.00 249.80   0.04   0.00   5.00   0.04 309.20  78.41
   7.62000  395.70 252.30   0.09   0.00   9.00   0.05 311.91  86.12
   7.54000  400.00 252.20   0.16   0.00  16.00   0.06 312.32  87.70
   6.74300  445.00 257.80   0.50   0.00  32.00   0.09 321.47 111.59
   6.09600  484.30 262.60   0.34   0.00  15.00   0.10 329.93 129.49
   5.85000  500.00 264.00   0.60   0.00  24.00   0.11 332.97 135.68
   5.41200  529.00 267.80   0.63   0.00  19.00   0.11 339.68 148.97
   4.90600  564.00 270.80   1.77   0.00  43.00   0.13 348.55 167.11
   4.83600  569.00 271.60   1.87   0.00  43.00   0.13 350.85 170.65
   4.26700  610.90 276.30   0.30   0.00   5.00   0.14 362.68 186.84
   3.65800  658.00 280.80   0.48   0.00   6.00   0.14 371.51 198.77
   3.02100  711.00 285.80   0.55   0.00   5.00   0.20 380.46 214.72
   2.50500  756.00 288.10   2.56   0.00  20.00   0.21 386.34 232.49
   2.35000  770.00 289.10   3.39   0.00  25.00   0.21 389.28 241.01
   2.13400  789.80 290.80   0.90   0.00   6.00   0.29 392.96 249.17
   1.86600  815.00 292.30   0.99   0.00   6.00   0.37 395.19 255.56
   1.70900  830.00 291.80   3.83   0.00  24.00   0.37 395.11 259.72
   1.39400  861.00 294.10   1.83   0.00  10.00   0.37 398.20 272.52
   1.24500  876.00 292.50   9.31   0.00  56.00   0.37 395.27 276.91
   1.20600  880.00 292.90   9.53   0.00  56.00   0.37 395.77 280.39
   1.12800  888.00 293.90   3.79   0.00  21.00   0.44 396.40 285.72
   0.93900  907.60 293.60   4.97   0.00  28.00   0.59 393.33 290.85
   0.91700  909.90 293.30   6.10   0.00  35.00   0.59 392.40 291.24
   0.89500  912.30 293.00   7.36   0.00  43.00   0.59 391.28 291.63
   0.87300  914.60 292.60   8.53   0.00  51.00   0.59 389.78 292.00
   0.85200  916.90 291.80   9.10   0.00  57.00   0.59 387.89 291.86
   0.83000  919.30 291.10   9.80   0.00  64.00   0.59 386.09 291.63
   0.80800  921.60 290.40  10.28   0.00  70.00   0.59 384.33 291.38
   0.78600  923.90 289.70  10.84   0.00  77.00   0.59 382.66 291.10
   0.76400  926.30 289.10  11.13   0.00  82.00   0.59 381.25 290.98
   0.74200  928.70 288.80  11.60   0.00  87.00   0.59 380.13 291.31
   0.72000  931.10 288.40  11.97   0.00  92.00   0.59 378.84 291.71
   0.69900  933.50 288.00  12.19   0.00  96.00   0.59 377.47 292.08
   0.67700  935.90 287.40  12.12   0.00  99.00   0.59 375.71 292.24
   0.65500  938.40 286.40  11.40   0.00  99.00   0.59 373.69 291.81
   0.63300  940.80 285.40  10.82   0.00  99.99   0.59 372.16 290.99
   0.61100  943.30 285.00  10.55   0.00  99.99   0.59 371.80 290.56
   0.58900  945.80 285.20  10.68   0.00  99.99   0.59 375.27 358.74
   0.56700  948.30 285.30  10.75   0.00  99.99   0.59 376.12 365.19
   0.54500  950.80 285.50  10.78   0.00  99.00   0.59 377.01 367.24
   0.52400  953.40 285.60  10.84   0.00  99.00   0.59 377.68 368.20
   0.50200  955.90 285.80  10.98   0.00  99.00   0.59 378.51 369.18
   0.48000  958.40 285.90  11.05   0.00  99.00   0.59 379.05 369.94
   0.45800  960.90 286.00  11.00   0.00  98.00   0.59 379.73 370.57
   0.43600  963.50 286.20  11.14   0.00  98.00   0.59 380.58 371.48
   0.41400  966.00 286.30  11.21   0.00  98.00   0.59 381.26 372.24
   0.39200  968.50 286.50  11.35   0.00  98.00   0.59 382.12 373.17
   0.37100  971.00 286.60  11.30   0.00  97.00   0.59 382.80 373.92
   0.34900  973.60 286.80  11.44   0.00  97.00   0.59 383.71 374.86
   0.32700  976.10 286.90  11.52   0.00  97.00   0.59 384.68 375.64
   0.30500  978.60 287.00  11.59   0.00  97.00   0.59 387.54 376.36
   0.13700  998.00 288.10  12.14   0.00  95.00   0.00 390.28 379.73
   0.00000    0.00   0.00   0.00   0.00   0.00   0.00   0.00   0.00
   0.00000    0.00   0.00   0.00   0.00   0.00   0.00   0.00   0.00
   0.00000    0.00   0.00   0.00   0.00   0.00   0.00   0.00   0.00
   0.00000    0.00   0.00   0.00   0.00   0.00*******   0.00   0.00
   0.00000    0.00   0.00   0.00   0.00   0.00   0.00   0.00   0.00
   0.00000    0.00   0.00   0.00   0.00   0.00   0.00   0.00   0.00
   0.00000    0.00   0.00   0.00   0.00   0.00   0.00   0.00   0.00
   0.00000    0.00   0.00   0.00   0.00   0.00   0.00   0.00   0.00
