 Sounding NKX 20150805-12UTC                                                     
      z       p      T     wv     O3     RH   Aer.  LW_up  LW_dn
 100.00000    0.00 210.70   0.00   0.00   0.00   0.00 297.72   0.00
  70.00000    0.07 219.10   0.00   0.00   0.00   0.00 297.73   0.01
  50.00000    0.95 276.20   0.00   0.00   0.00   0.00 297.84   0.41
  45.00000    1.76 269.70   0.00   0.00   0.00   0.00 297.68   1.04
  40.00000    3.33 257.50   0.00   0.00   0.00   0.00 297.34   1.97
  31.51000   10.00 232.40   0.00   0.00   1.00   0.00 295.75   5.52
  31.17700   10.50 233.00   0.00   0.00   1.00   0.00 295.68   5.79
  30.32900   11.90 228.80   0.00   0.00   1.00   0.00 295.49   6.40
  29.38800   13.70 226.80   0.00   0.00   1.00   0.00 295.38   6.97
  28.95600   14.60 227.00   0.00   0.00   1.00   0.00 295.34   7.26
  27.99000   16.90 227.40   0.00   0.00   1.00   0.00 295.22   8.02
  27.57100   18.00 226.00   0.00   0.00   1.00   0.00 295.15   8.34
  27.43200   18.40 226.40   0.00   0.00   1.00   0.00 295.14   8.45
  27.03900   19.50 227.60   0.00   0.00   1.00   0.00 295.06   8.81
  26.24100   22.00 223.80   0.00   0.00   1.00   0.00 294.83   9.43
  25.59000   24.30 223.00   0.00   0.00   1.00   0.00 294.74   9.88
  25.29800   25.40 223.60   0.00   0.00   1.00   0.00 294.70  10.11
  24.66100   28.00 224.80   0.00   0.00   1.00   0.00 294.52  10.73
  24.21000   30.00 221.20   0.00   0.00   1.00   0.00 294.29  11.06
  23.97800   31.10 219.00   0.00   0.00   1.00   0.00 294.22  11.16
  23.63700   32.80 219.80   0.00   0.00   1.00   0.00 294.17  11.37
  23.42600   33.90 217.60   0.00   0.00   1.00   0.00 294.12  11.47
  22.93600   36.60 219.00   0.00   0.00   1.00   0.00 294.09  11.80
  22.30500   40.40 218.00   0.00   0.00   1.00   0.00 293.90  12.27
  22.04400   42.10 215.20   0.00   0.00   1.00   0.00 293.81  12.38
  21.64100   44.90 215.30   0.00   0.00   1.00   0.00 293.81  12.58
  21.03100   49.40 215.60   0.00   0.00   1.00   0.00 293.79  13.01
  20.11700   57.10 216.80   0.00   0.00   1.00   0.01 293.60  13.85
  19.65000   61.50 214.20   0.00   0.00   1.00   0.01 293.30  14.19
  19.25900   65.50 209.60   0.00   0.00   2.00   0.01 293.11  14.23
  18.77100   70.90 210.40   0.00   0.00   2.00   0.01 293.17  14.47
  18.34400   76.00 208.40   0.00   0.00   2.00   0.01 293.13  14.67
  17.97600   80.70 209.60   0.00   0.00   4.00   0.01 293.17  14.97
  17.67800   84.80 207.60   0.00   0.00   5.00   0.01 293.05  15.16
  17.24000   91.10 204.60   0.00   0.00   7.00   0.01 293.02  15.26
  16.92500   96.00 205.40   0.00   0.00   9.00   0.01 293.12  15.47
  16.45900  103.80 200.70   0.00   0.00  11.00   0.01 293.19  15.49
  16.17100  109.00 202.60   0.00   0.00  11.00   0.01 293.54  15.68
  16.06400  111.00 201.60   0.00   0.00  11.00   0.01 293.63  15.73
  15.90600  114.00 202.60   0.00   0.00  11.00   0.01 293.84  15.88
  15.75200  117.00 202.00   0.00   0.00  11.00   0.01 294.02  15.99
  15.45600  123.00 203.80   0.00   0.00  10.00   0.01 294.49  16.37
  15.31200  126.00 203.40   0.00   0.00  10.00   0.01 294.69  16.54
  14.50800  144.00 208.00   0.00   0.00  11.00   0.01 296.22  18.15
  14.34200  148.00 207.80   0.00   0.00  11.00   0.01 296.52  18.51
  14.05900  155.00 210.20   0.00   0.00  14.00   0.01 297.19  19.38
  13.94100  158.00 210.00   0.00   0.00  18.00   0.01 297.45  19.78
  13.71600  163.80 211.80   0.00   0.00  16.00   0.01 298.09  20.69
  13.37600  173.00 214.60   0.00   0.00  13.00   0.01 298.99  22.33
  12.98700  184.00 215.60   0.00   0.00  18.00   0.01 299.82  24.27
  12.68600  193.00 215.20   0.01   0.00  23.00   0.01 300.62  25.76
  12.19200  208.50 219.10   0.01   0.00  23.00   0.01 302.80  29.17
  11.01000  250.00 229.40   0.02   0.00  14.00   0.01 309.36  40.60
  10.15900  283.00 237.40   0.02   0.00   8.00   0.02 314.44  50.73
   9.96400  291.00 238.00   0.04   0.00  16.00   0.02 315.45  53.50
   9.38300  316.00 243.00   0.05   0.00  12.00   0.02 319.56  63.60
   9.27100  321.00 243.20   0.15   0.00  34.00   0.02 320.35  66.22
   9.14400  326.70 244.20   0.15   0.00  30.00   0.03 321.78  70.07
   8.85800  340.00 246.80   0.09   0.00  15.00   0.03 324.70  76.53
   8.23000  370.20 251.80   0.16   0.00  17.00   0.05 330.76  89.15
   7.62000  402.10 256.60   0.27   0.00  19.00   0.06 337.81 103.85
   7.01000  435.90 261.10   0.20   0.00  10.00   0.11 344.86 117.32
   6.70600  453.50 263.40   0.22   0.00   9.00   0.11 348.07 123.52
   5.95000  500.00 267.80   0.56   0.00  17.00   0.14 356.75 142.03
   4.87700  571.70 276.50   1.03   0.00  17.00   0.17 375.16 178.11
   4.29900  614.00 280.90   1.71   0.00  21.00   0.17 385.83 200.72
   3.87800  646.00 283.90   1.48   0.00  15.00   0.18 392.86 216.36
   3.65800  663.30 284.10   2.89   0.00  29.00   0.18 395.70 223.58
   3.20600  700.00 288.10   1.28   0.00  10.00   0.19 405.78 240.36
   2.97900  719.00 289.50   1.39   0.00  10.00   0.26 408.59 246.46
   2.90900  725.00 289.10   2.99   0.00  22.00   0.26 408.95 248.14
   2.74300  739.20 290.40   2.94   0.00  20.00   0.26 412.78 255.08
   2.15100  792.00 295.10   3.29   0.00  17.00   0.37 426.29 280.42
   1.82900  821.90 297.60   1.79   0.00   8.00   0.46 431.95 292.27
   1.53500  850.00 298.30   5.57   0.00  24.00   0.50 434.14 302.25
   0.91400  912.20 300.80   6.67   0.00  25.00   0.74 438.89 330.73
   0.70600  934.00 301.10   6.78   0.00  25.00   0.74 437.10 338.67
   0.59300  946.00 299.80  10.61   0.00  42.00   0.74 432.39 340.63
   0.51000  955.00 298.80  10.51   0.00  44.00   0.74 428.22 341.80
   0.39200  968.00 296.50  13.63   0.00  65.00   0.74 419.74 341.50
   0.34700  973.00 294.10  13.88   0.00  76.00   0.74 414.85 338.57
   0.18000  992.00 293.10  16.37   0.00  95.00   0.74 409.47 341.58
   0.13700  997.00 290.90  14.98   0.00  99.00   0.00 405.61 339.51
   0.00000    0.00   0.00   0.00   0.00   0.00   0.00   0.00   0.00
   0.00000    0.00   0.00   0.00   0.00   0.00   0.00   0.00   0.00
   0.00000    0.00   0.00   0.00   0.00   0.00   0.00   0.00   0.00
   0.00000    0.00   0.00   0.00   0.00   0.00   0.00   0.00   0.00
   0.00000    0.00   0.00   0.00   0.00   0.00   0.00   0.00   0.00
   0.00000    0.00   0.00   0.00   0.00   0.00   0.00   0.00   0.00
   0.00000    0.00   0.00   0.00   0.00   0.00   0.00   0.00   0.00
   0.00000    0.00   0.00   0.00   0.00   0.00   0.00   0.00   0.00
   0.00000    0.00   0.00   0.00   0.00   0.00   0.00   0.00   0.00
   0.00000    0.00   0.00   0.00   0.00   0.00   0.00   0.00   0.00
   0.00000    0.00   0.00   0.00   0.00   0.00   0.00   0.00   0.00
   0.00000    0.00   0.00   0.00   0.00   0.00   0.00   0.00   0.00
   0.00000    0.00   0.00   0.00   0.00   0.00*******   0.00   0.00
   0.00000    0.00   0.00   0.00   0.00   0.00   0.00   0.00   0.00
   0.00000    0.00   0.00   0.00   0.00   0.00   0.00   0.00   0.00
   0.00000    0.00   0.00   0.00   0.00   0.00   0.00   0.00   0.00
   0.00000    0.00   0.00   0.00   0.00   0.00   0.00   0.00   0.00
