 Sounding NKX 20170828-12UTC                                                     
      z       p      T     wv     O3     RH   Aer.  LW_up  LW_dn
 100.00000    0.00 210.70   0.00   0.00   0.00   0.00 290.94   0.00
  70.00000    0.07 219.10   0.00   0.00   0.00   0.00 290.95   0.01
  50.00000    0.95 276.20   0.00   0.00   0.00   0.00 291.06   0.41
  45.00000    1.76 269.70   0.00   0.00   0.00   0.00 290.90   1.05
  40.00000    3.33 257.50   0.00   0.00   0.00   0.00 290.56   1.98
  35.00000    6.52 245.30   0.00   0.00   0.01   0.00 290.01   3.32
  30.00000   13.20 234.20   0.00   0.00   0.04   0.00 289.18   5.39
  22.55500   38.20 214.50   0.00   0.00   1.00   0.00 286.79   9.75
  21.33600   46.40 214.00   0.00   0.00   1.00   0.00 286.53  10.42
  20.87000   50.00 212.20   0.00   0.00   2.00   0.00 286.31  10.70
  20.47400   53.30 210.60   0.00   0.00   2.00   0.00 286.11  10.91
  20.27100   55.10 208.00   0.00   0.00   2.00   0.01 286.00  10.93
  19.81200   59.40 208.30   0.00   0.00   3.00   0.01 285.92  11.14
  19.31600   64.50 203.20   0.00   0.00   5.00   0.01 285.77  11.26
  19.07300   67.20 202.40   0.00   0.00   6.00   0.01 285.84  11.29
  18.89800   69.20 203.10   0.00   0.00   6.00   0.01 285.92  11.39
  18.67800   71.80 204.20   0.00   0.00   8.00   0.01 285.96  11.60
  18.48300   74.20 200.80   0.00   0.00   9.00   0.01 285.91  11.66
  17.98300   80.80 200.00   0.00   0.00  12.00   0.01 286.20  11.86
  17.69200   84.90 201.60   0.00   0.00  13.00   0.01 286.42  12.17
  17.61600   86.00 199.80   0.00   0.00  12.00   0.01 286.44  12.21
  17.18100   92.60 202.20   0.00   0.00  18.00   0.01 286.81  12.75
  17.03700   94.90 200.00   0.00   0.00  21.00   0.01 286.84  12.89
  16.87800   97.50 200.40   0.00   0.00  25.00   0.01 286.98  13.06
  16.73000  100.00 198.80   0.00   0.00  28.00   0.01 287.08  13.18
  16.44700  105.00 198.20   0.00   0.00  24.00   0.01 287.49  13.39
  15.91400  115.00 202.20   0.00   0.00  18.00   0.01 288.53  14.31
  15.54500  122.40 202.40   0.00   0.00  17.00   0.01 289.16  15.00
  15.00400  134.00 205.80   0.00   0.00  10.00   0.01 290.35  16.22
  14.32000  150.00 208.40   0.00   0.00   8.00   0.01 291.84  17.87
  14.02100  157.30 210.60   0.00   0.00   8.00   0.01 292.67  18.78
  12.51000  200.00 221.60   0.00   0.00   6.00   0.01 297.90  25.88
  12.19200  209.90 223.90   0.00   0.00   5.00   0.02 299.19  27.92
  11.16700  245.00 232.20   0.00   0.00   3.00   0.02 303.95  35.46
  10.97300  252.10 233.90   0.01   0.00   3.00   0.02 304.93  37.16
  10.24100  280.00 240.40   0.01   0.00   2.00   0.03 308.76  44.25
   9.53800  309.00 245.60   0.01   0.00   2.00   0.03 312.23  52.05
   9.35400  317.00 246.20   0.02   0.00   3.00   0.03 313.11  54.44
   9.02000  332.00 248.80   0.01   0.00   2.00   0.05 315.03  59.07
   8.53400  354.80 251.50   0.02   0.00   2.00   0.06 317.61  65.41
   7.64000  400.00 257.80   0.03   0.00   2.00   0.08 323.15  79.24
   7.37900  414.00 260.00   0.04   0.00   2.00   0.12 324.63  84.11
   6.70600  452.00 262.50   0.11   0.00   5.00   0.16 327.02  99.18
   6.55400  461.00 262.00   0.13   0.00   6.00   0.16 326.87 102.89
   6.43900  468.00 260.40   0.63   0.00  33.00   0.16 326.61 107.37
   6.29300  477.00 260.80   1.10   0.00  56.00   0.16 328.21 118.26
   6.09600  489.40 262.60   1.36   0.00  60.00   0.17 331.68 132.42
   5.93000  500.00 264.00   1.68   0.00  67.00   0.19 334.66 142.85
   5.71600  514.00 265.80   2.12   0.00  74.00   0.19 338.80 155.59
   5.31400  541.00 268.80   2.89   0.00  81.00   0.22 347.37 177.34
   4.26700  615.60 278.30   3.50   0.00  51.00   0.25 375.72 227.13
   3.65800  663.60 283.80   4.01   0.00  41.00   0.26 391.79 252.08
   3.21100  700.00 287.30   4.99   0.00  41.00   0.34 403.08 270.45
   2.43800  765.40 294.10   5.48   0.00  30.00   0.45 424.76 305.24
   1.82900  821.20 299.50   5.96   0.00  24.00   0.66 440.91 334.09
   1.52900  850.00 302.10   6.31   0.00  22.00   0.66 447.70 349.14
   1.11900  890.00 304.90   4.00   0.00  12.00   0.82 452.48 365.67
   0.91400  910.60 305.00   5.37   0.00  16.00   1.05 450.46 370.78
   0.70700  932.00 303.30   7.65   0.00  25.00   1.05 442.97 372.44
   0.65000  938.00 301.90   9.92   0.00  35.00   1.05 439.23 371.17
   0.48300  956.00 300.80   8.01   0.00  30.00   1.05 432.11 371.54
   0.39200  966.00 297.80  12.87   0.00  57.00   1.05 423.54 367.29
   0.32700  973.20 296.40  13.76   0.00  66.00   1.05 418.27 364.78
   0.32000  974.00 296.30  13.89   0.00  67.00   1.05 417.68 364.60
   0.31400  974.70 296.20  13.81   0.00  67.00   1.05 417.12 364.46
   0.30700  975.40 296.10  13.94   0.00  68.00   1.05 416.37 364.31
   0.30100  976.10 295.90  14.18   0.00  70.00   1.05 415.51 364.10
   0.29400  976.90 295.40  14.18   0.00  72.00   1.05 414.29 363.51
   0.28800  977.60 295.00  14.43   0.00  75.00   1.05 413.29 362.89
   0.28100  978.40 294.50  14.58   0.00  78.00   1.05 412.14 362.08
   0.27500  979.10 294.10  14.79   0.00  81.00   1.05 411.19 361.36
   0.26800  979.90 293.60  14.90   0.00  84.00   1.05 410.13 360.46
   0.26100  980.60 293.20  15.08   0.00  87.00   1.05 409.15 359.62
   0.25500  981.40 292.70  15.14   0.00  90.00   1.05 408.27 358.76
   0.24800  982.10 292.30  15.29   0.00  93.00   1.05 407.44 357.84
   0.24200  982.90 291.80  15.32   0.00  96.00   1.05 406.72 356.95
   0.23500  983.60 291.40  15.43   0.00  99.00   1.05 406.08 355.58
   0.22900  984.40 291.20  15.40   0.00  99.99   1.05 406.20 357.09
   0.22200  985.10 291.20  15.40   0.00  99.99   1.05 406.45 361.08
   0.21600  985.90 291.20  15.40   0.00  99.99   1.05 406.67 364.53
   0.20900  986.70 291.20  15.40   0.00  99.99   1.05 406.96 368.36
   0.20300  987.40 291.30  15.49   0.00 100.00   1.05 407.24 371.53
   0.19600  988.20 291.30  15.49   0.00 100.00   1.05 407.44 374.89
   0.18900  988.90 291.30  15.49   0.00 100.00   1.05 407.68 377.90
   0.18300  989.70 291.40  15.58   0.00  99.99   1.05 407.92 380.35
   0.17600  990.40 291.40  15.58   0.00  99.99   1.05 408.07 382.90
   0.17000  991.20 291.40  15.58   0.00  99.99   1.05 408.20 384.85
   0.16300  992.00 291.40  15.58   0.00  99.99   1.05 408.40 386.89
   0.15700  992.70 291.50  15.68   0.00  99.99   1.05 408.60 388.57
   0.15000  993.50 291.50  15.68   0.00  99.99   1.05 408.70 390.31
   0.14400  994.20 291.50  15.68   0.00  99.99   1.05 408.79 391.63
   0.13700  995.00 291.50  15.68   0.00  99.99   0.00 408.95 393.00
   0.00000    0.00   0.00   0.00   0.00   0.00   0.00   0.00   0.00
   0.00000    0.00   0.00   0.00   0.00   0.00   0.00   0.00   0.00
   0.00000    0.00   0.00   0.00   0.00   0.00   0.00   0.00   0.00
   0.00000    0.00   0.00   0.00   0.00   0.00*******   0.00   0.00
   0.00000    0.00   0.00   0.00   0.00   0.00   0.00   0.00   0.00
   0.00000    0.00   0.00   0.00   0.00   0.00   0.00   0.00   0.00
   0.00000    0.00   0.00   0.00   0.00   0.00   0.00   0.00   0.00
   0.00000    0.00   0.00   0.00   0.00   0.00   0.00   0.00   0.00
