 Sounding NKX 20150909-12UTC                                                     
      z       p      T     wv     O3     RH   Aer.  LW_up  LW_dn
 100.00000    0.00 210.70   0.00   0.00   0.00   0.00 287.06   0.00
  70.00000    0.07 219.10   0.00   0.00   0.00   0.00 287.07   0.01
  50.00000    0.95 276.20   0.00   0.00   0.00   0.00 287.18   0.42
  45.00000    1.76 269.70   0.00   0.00   0.00   0.00 287.01   1.06
  40.00000    3.33 257.50   0.00   0.00   0.00   0.00 286.64   1.99
  32.91800    8.00 231.90   0.00   0.00   1.00   0.00 285.40   4.64
  32.15700    8.90 229.80   0.00   0.00   1.00   0.00 285.32   5.09
  31.78800    9.40 231.20   0.00   0.00   1.00   0.00 285.30   5.34
  31.17100   10.30 229.80   0.00   0.00   1.00   0.00 285.22   5.77
  30.78500   10.90 230.60   0.00   0.00   1.00   0.00 285.19   6.05
  30.17500   11.90 231.70   0.00   0.00   1.00   0.00 285.08   6.57
  30.19600   11.90 231.80   0.00   0.00   1.00   0.00 285.08   6.57
  29.87000   12.50 230.90   0.00   0.00   1.00   0.00 284.99   6.86
  29.14900   13.90 229.00   0.00   0.00   1.00   0.00 284.80   7.44
  28.96000   14.30 226.40   0.00   0.00   1.00   0.00 284.75   7.55
  28.01100   16.50 227.00   0.00   0.00   1.00   0.00 284.59   8.22
  27.51100   17.80 223.80   0.00   0.00   1.00   0.00 284.45   8.54
  26.82200   19.80 222.70   0.00   0.00   1.00   0.00 284.34   8.96
  26.25100   21.60 220.60   0.00   0.00   1.00   0.00 284.25   9.28
  24.38400   28.80 220.40   0.00   0.00   1.00   0.00 284.02  10.59
  24.13000   30.00 219.60   0.00   0.00   1.00   0.00 283.96  10.78
  23.77400   31.70 218.00   0.00   0.00   1.00   0.00 283.87  11.01
  23.38700   33.70 216.20   0.00   0.00   1.00   0.00 283.84  11.21
  22.86000   36.60 218.60   0.00   0.00   1.00   0.00 283.86  11.64
  22.25000   40.30 218.10   0.00   0.00   1.00   0.00 283.70  12.19
  21.94600   42.20 217.40   0.00   0.00   1.00   0.00 283.58  12.43
  21.33600   46.50 214.30   0.00   0.00   1.00   0.00 283.34  12.77
  20.72600   51.20 213.60   0.00   0.00   1.00   0.01 283.19  13.12
  19.94800   58.10 210.20   0.00   0.00   2.00   0.02 282.95  13.47
  19.48900   62.60 211.40   0.00   0.00   2.00   0.02 282.90  13.88
  19.31500   64.40 206.60   0.00   0.00   3.00   0.02 282.79  13.89
  18.81000   70.00 208.00   0.00   0.00   3.00   0.02 282.93  14.18
  18.53800   73.20 206.40   0.00   0.00   4.00   0.02 282.90  14.34
  18.29500   76.20 206.60   0.00   0.00   5.00   0.02 282.87  14.52
  18.16300   77.90 203.60   0.00   0.00   7.00   0.02 282.80  14.53
  17.56300   86.20 201.00   0.00   0.00   9.00   0.02 283.07  14.63
  16.78800   98.20 204.60   0.00   0.00  12.00   0.02 283.75  15.52
  16.68000  100.00 202.80   0.00   0.00  13.00   0.02 283.75  15.61
  16.33400  106.00 202.20   0.00   0.00  18.00   0.02 283.94  15.91
  16.16900  109.00 200.20   0.00   0.00  18.00   0.02 284.02  15.97
  16.01000  112.00 200.40   0.00   0.00  21.00   0.02 284.21  16.07
  15.85000  115.10 199.50   0.00   0.00  18.00   0.02 284.41  16.16
  15.55700  121.00 200.40   0.00   0.00  15.00   0.02 284.87  16.43
  15.50900  122.00 199.60   0.00   0.00  15.00   0.02 284.93  16.45
  15.24000  127.70 200.10   0.00   0.00  13.00   0.02 285.49  16.69
  14.40100  147.00 206.60   0.00   0.00  12.00   0.01 287.76  18.49
  14.28000  150.00 207.60   0.00   0.00  11.00   0.02 288.12  18.86
  12.83600  189.00 219.80   0.00   0.00   5.00   0.02 292.84  24.96
  11.25800  240.00 230.80   0.01   0.00   9.00   0.02 299.18  37.49
  10.98000  250.00 233.40   0.02   0.00  10.00   0.03 300.57  41.19
  10.79100  257.00 235.00   0.05   0.00  22.00   0.03 301.54  44.86
  10.63200  263.00 235.60   0.16   0.00  73.00   0.03 302.68  50.67
  10.14700  282.00 239.80   0.20   0.00  61.00   0.03 309.23  67.85
  10.05800  285.60 240.60   0.10   0.00  29.00   0.03 310.47  69.77
   9.92600  291.00 241.40   0.08   0.00  21.00   0.04 311.90  71.69
   9.71000  300.00 243.20   0.03   0.00   7.00   0.04 313.79  74.07
   9.14400  324.60 246.80   0.03   0.00   4.00   0.06 317.40  78.92
   8.23000  367.80 252.30   0.02   0.00   2.00   0.10 322.90  86.85
   7.62000  399.50 256.50   0.03   0.00   2.00   0.12 326.76  93.28
   7.31500  415.80 258.30   0.03   0.00   2.00   0.16 328.51  96.97
   6.70600  450.50 261.50   0.08   0.00   4.00   0.21 332.05 106.44
   6.38000  470.00 262.00   1.02   0.00  47.00   0.21 334.24 119.97
   6.09600  487.60 264.30   1.46   0.00  57.00   0.24 339.08 139.52
   5.90000  500.00 266.00   1.31   0.00  45.00   0.26 342.51 150.16
   5.77600  508.00 267.00   1.19   0.00  38.00   0.26 344.24 155.51
   5.53300  524.00 267.60   1.73   0.00  53.00   0.26 346.89 164.51
   5.18200  547.80 269.80   2.38   0.00  62.00   0.30 353.08 179.38
   4.65900  585.00 274.10   2.84   0.00  55.00   0.32 364.28 202.42
   4.46800  599.00 275.30   3.65   0.00  65.00   0.33 368.06 210.61
   3.86500  645.00 280.10   5.09   0.00  66.00   0.35 383.19 239.06
   3.52600  672.00 283.10   4.68   0.00  50.00   0.35 391.61 254.81
   3.35400  686.00 283.50   5.95   0.00  62.00   0.41 394.24 260.94
   2.74300  737.70 287.90   6.94   0.00  55.00   0.50 409.55 288.21
   2.43800  764.50 289.60   8.68   0.00  62.00   0.61 416.74 301.98
   1.82900  820.50 294.80  10.65   0.00  56.00   0.89 436.11 336.54
   1.52300  850.00 297.50  10.43   0.00  47.00   0.89 445.37 354.98
   1.21900  879.80 299.40  11.36   0.00  46.00   1.09 451.93 370.90
   0.87200  915.00 301.50  12.48   0.00  45.00   1.42 458.42 389.20
   0.62300  941.00 303.30  11.63   0.00  38.00   1.42 461.71 402.93
   0.23500  983.00 302.80  13.70   0.00  46.00   1.42 451.80 414.05
   0.19900  987.00 301.10  13.84   0.00  51.00   1.42 446.06 411.96
   0.13700  994.00 296.30  13.48   0.00  65.00   0.00 436.43 402.16
   0.00000    0.00   0.00   0.00   0.00   0.00   0.00   0.00   0.00
   0.00000    0.00   0.00   0.00   0.00   0.00   0.00   0.00   0.00
   0.00000    0.00   0.00   0.00   0.00   0.00   0.00   0.00   0.00
   0.00000    0.00   0.00   0.00   0.00   0.00   0.00   0.00   0.00
   0.00000    0.00   0.00   0.00   0.00   0.00   0.00   0.00   0.00
   0.00000    0.00   0.00   0.00   0.00   0.00   0.00   0.00   0.00
   0.00000    0.00   0.00   0.00   0.00   0.00   0.00   0.00   0.00
   0.00000    0.00   0.00   0.00   0.00   0.00   0.00   0.00   0.00
   0.00000    0.00   0.00   0.00   0.00   0.00   0.00   0.00   0.00
   0.00000    0.00   0.00   0.00   0.00   0.00   0.00   0.00   0.00
   0.00000    0.00   0.00   0.00   0.00   0.00   0.00   0.00   0.00
   0.00000    0.00   0.00   0.00   0.00   0.00   0.00   0.00   0.00
   0.00000    0.00   0.00   0.00   0.00   0.00   0.00   0.00   0.00
   0.00000    0.00   0.00   0.00   0.00   0.00*******   0.00   0.00
   0.00000    0.00   0.00   0.00   0.00   0.00   0.00   0.00   0.00
   0.00000    0.00   0.00   0.00   0.00   0.00   0.00   0.00   0.00
   0.00000    0.00   0.00   0.00   0.00   0.00   0.00   0.00   0.00
   0.00000    0.00   0.00   0.00   0.00   0.00   0.00   0.00   0.00
