      z       p      T     wv     O3     RH   Aer.  LW_up  LW_dn
 100.00    0.00 210.70   0.00   0.00   0.00   0.00 299.72   0.00
  70.00    0.07 219.10   0.00   0.00   0.00   0.00 299.73   0.01
  50.00    0.95 276.20   0.00   0.00   0.00   0.00 299.84   0.41
  45.00    1.76 269.70   0.00   0.00   0.00   0.00 299.68   1.04
  40.00    3.33 257.50   0.00   0.00   0.00   0.00 299.35   1.96
  35.00    6.52 245.30   0.00   0.00   0.00   0.00 298.82   3.26
  30.00   13.20 234.20   0.00   0.00   0.02   0.00 298.09   5.23
  20.73   51.40 213.60   0.00   0.00   1.00   0.00 295.03  10.89
  20.12   56.70 212.00   0.00   0.00   2.00   0.01 294.89  11.12
  19.51   62.50 211.80   0.00   0.00   2.00   0.01 294.82  11.58
  19.27   65.00 211.20   0.00   0.00   2.00   0.01 294.75  11.75
  18.91   68.90 210.20   0.00   0.00   2.00   0.01 294.59  11.99
  18.81   70.00 208.60   0.00   0.00   2.00   0.01 294.52  12.00
  18.75   70.70 207.40   0.00   0.00   3.00   0.01 294.50  11.99
  18.59   72.50 207.90   0.00   0.00   3.00   0.01 294.50  12.04
  18.29   76.30 205.50   0.00   0.00   4.00   0.01 294.43  12.10
  17.75   83.40 203.80   0.00   0.00   6.00   0.01 294.55  12.25
  17.09   93.10 205.20   0.00   0.00  12.00   0.01 294.90  12.94
  16.67  100.00 202.40   0.00   0.00  16.00   0.01 295.04  13.33
  16.50  103.00 203.20   0.00   0.00  16.00   0.01 295.21  13.54
  16.38  105.00 202.40   0.00   0.00  16.00   0.01 295.29  13.65
  15.95  113.00 202.00   0.00   0.00  13.00   0.01 295.80  14.04
  15.64  119.00 203.80   0.00   0.00  12.00   0.01 296.30  14.50
  15.39  124.00 203.60   0.00   0.00   6.00   0.01 296.66  14.80
  14.94  133.80 206.50   0.00   0.00   5.00   0.00 297.55  15.56
  14.71  139.00 207.20   0.00   0.00   5.00   0.00 297.99  15.98
  14.63  140.70 207.80   0.00   0.00   6.00   0.00 298.16  16.15
  14.28  149.00 210.60   0.00   0.00   6.00   0.00 298.95  17.12
  14.02  155.40 211.00   0.00   0.00   7.00   0.01 299.47  17.84
  13.17  178.00 217.00   0.00   0.00   9.00   0.01 301.99  21.46
  12.85  187.00 218.40   0.00   0.00   9.00   0.01 303.04  23.19
  12.42  200.00 222.40   0.00   0.00   6.00   0.01 304.81  25.90
  12.01  213.00 226.20   0.00   0.00   4.00   0.01 306.44  28.69
  11.26  238.00 231.80   0.01   0.00   4.00   0.01 309.18  34.39
  10.93  250.00 232.40   0.01   0.00   5.00   0.01 310.27  37.13
  10.10  282.00 238.80   0.02   0.00   5.00   0.01 314.46  46.11
   9.66  300.00 241.40   0.02   0.00   4.00   0.01 316.62  51.24
   9.22  319.00 244.40   0.02   0.00   3.00   0.02 318.77  56.12
   8.70  343.00 246.80   0.02   0.00   3.00   0.02 321.14  61.77
   8.04  376.00 251.60   0.03   0.00   3.00   0.04 324.60  70.55
   7.82  387.00 251.80   0.08   0.00   8.00   0.04 325.31  74.41
   7.71  393.00 251.60   0.25   0.00  27.00   0.04 326.04  78.55
   7.58  400.00 252.60   0.28   0.00  27.00   0.04 327.80  85.04
   7.20  421.00 256.20   0.25   0.00  18.00   0.04 333.06  98.98
   7.13  425.00 256.40   0.11   0.00   8.00   0.07 333.68 100.45
   6.28  475.00 261.80   0.26   0.00  12.00   0.07 342.64 117.42
   6.10  486.30 263.30   0.29   0.00  12.00   0.09 345.12 122.15
   4.88  567.70 274.10   0.41   0.00   8.00   0.11 362.99 156.13
   4.76  576.00 275.10   0.39   0.00   7.00   0.11 364.07 159.52
   4.53  593.00 274.90   0.55   0.00  10.00   0.11 365.20 164.76
   3.82  647.00 278.50   1.11   0.00  16.00   0.12 374.44 185.92
   3.18  700.00 283.10   1.22   0.00  13.00   0.15 386.03 208.40
   2.74  737.00 286.20   1.14   0.00  10.00   0.17 393.75 222.45
   2.13  792.20 290.60   1.19   0.00   8.00   0.17 403.77 241.63
   2.04  801.00 291.30   1.08   0.00   7.00   0.28 404.94 244.53
   1.83  821.10 292.00   1.29   0.00   8.00   0.31 406.67 250.30
   1.53  850.00 292.90   1.36   0.00   8.00   0.31 408.77 257.90
   1.48  855.00 293.10   1.72   0.00  10.00   0.31 409.03 259.29
   1.31  872.00 292.90   3.92   0.00  23.00   0.31 409.42 264.72
   1.06  898.00 294.50   5.05   0.00  27.00   0.41 413.23 278.48
   0.93  912.00 295.80   3.22   0.00  16.00   0.49 415.11 285.63
   0.72  934.00 296.10   3.89   0.00  19.00   0.49 414.16 292.61
   0.66  940.00 295.60   5.78   0.00  29.00   0.49 412.62 293.95
   0.65  942.00 295.40   6.30   0.00  32.00   0.49 412.01 294.38
   0.63  943.90 295.20   6.81   0.00  35.00   0.49 411.35 294.82
   0.61  945.90 295.00   7.31   0.00  38.00   0.49 410.62 295.29
   0.59  947.80 294.70   8.51   0.00  45.00   0.49 409.63 295.76
   0.57  949.80 294.20   9.92   0.00  54.00   0.49 408.43 296.04
   0.55  951.80 293.70  11.42   0.00  64.00   0.49 407.23 296.35
   0.54  953.80 293.30  12.72   0.00  73.00   0.49 406.08 296.90
   0.52  955.80 292.80  13.54   0.00  80.00   0.49 404.84 297.47
   0.50  957.80 292.40  13.72   0.00  83.00   0.49 403.75 298.20
   0.48  959.90 292.00  13.89   0.00  86.00   0.49 402.70 298.91
   0.46  961.90 291.60  14.03   0.00  89.00   0.49 401.66 299.63
   0.45  963.90 291.20  14.17   0.00  92.00   0.49 400.72 300.26
   0.43  966.00 290.80  14.28   0.00  95.00   0.49 399.87 300.83
   0.41  968.00 290.40  14.39   0.00  98.00   0.49 398.98 301.50
   0.39  970.00 290.20  14.36   0.00  99.00   0.49 400.12 324.88
   0.37  972.10 290.30  14.45   0.00  99.00   0.49 401.75 356.28
   0.35  974.20 290.40  14.53   0.00  99.00   0.49 402.87 373.66
   0.34  976.20 290.50  14.62   0.00  99.00   0.49 403.74 383.21
   0.32  978.30 290.60  14.71   0.00  99.00   0.49 404.60 388.74
   0.30  980.40 290.80  14.89   0.00  99.00   0.49 405.44 391.98
   0.28  982.40 290.90  14.98   0.00  99.00   0.49 406.01 394.03
   0.26  984.50 291.00  14.91   0.00  98.00   0.49 406.57 395.39
   0.25  986.60 291.10  15.00   0.00  98.00   0.49 407.11 396.40
   0.23  988.70 291.20  15.09   0.00  98.00   0.49 407.64 397.25
   0.21  990.70 291.30  15.18   0.00  98.00   0.49 408.16 398.00
   0.19  992.80 291.40  15.27   0.00  98.00   0.49 408.70 398.73
   0.17  994.90 291.50  15.36   0.00  98.00   0.49 409.22 399.40
   0.15  996.90 291.60  15.45   0.00  98.00   0.49 409.75 400.07
   0.14  999.00 291.80  15.64   0.00  98.00   0.00 410.07 400.95
   0.00    0.00   0.00   0.00   0.00   0.00   0.00   0.00   0.00
   0.00    0.00   0.00   0.00   0.00   0.00   0.00   0.00   0.00
   0.00    0.00   0.00   0.00   0.00   0.00   0.00   0.00   0.00
   0.00    0.00   0.00   0.00   0.00   0.00*******   0.00   0.00
   0.00    0.00   0.00   0.00   0.00   0.00   0.00   0.00   0.00
   0.00    0.00   0.00   0.00   0.00   0.00   0.00   0.00   0.00
   0.00    0.00   0.00   0.00   0.00   0.00   0.00   0.00   0.00
   0.00    0.00   0.00   0.00   0.00   0.00   0.00   0.00   0.00
