 Sounding NKX 20140916-12UTC                                                     
      z       p      T     wv     O3     RH   Aer.  LW_up  LW_dn
 100.00000    0.00 210.70   0.00   0.00   0.00   0.00 299.93   0.00
  70.00000    0.07 219.10   0.00   0.00   0.00   0.00 299.93   0.01
  50.00000    0.95 276.20   0.00   0.00   0.00   0.00 300.04   0.41
  45.00000    1.76 269.70   0.00   0.00   0.00   0.00 299.87   1.05
  40.00000    3.33 257.50   0.00   0.00   0.00   0.00 299.48   1.98
  32.61400    8.10 228.70   0.00   0.00   1.00   0.00 298.16   4.44
  31.83700    9.10 226.00   0.00   0.00   2.00   0.00 298.08   4.88
  31.14400   10.10 228.00   0.00   0.00   1.00   0.00 298.03   5.34
  31.01300   10.30 225.40   0.00   0.00   2.00   0.00 298.01   5.42
  30.78500   10.70 225.80   0.00   0.00   2.00   0.00 297.99   5.58
  30.17500   11.70 226.90   0.00   0.00   1.00   0.00 297.95   6.01
  29.87000   12.20 226.70   0.00   0.00   1.00   0.00 297.91   6.21
  29.26100   13.40 225.80   0.00   0.00   1.00   0.00 297.84   6.62
  28.95600   14.10 226.10   0.00   0.00   1.00   0.00 297.81   6.83
  28.56700   14.90 227.40   0.00   0.00   1.00   0.00 297.74   7.15
  28.04200   16.10 224.40   0.00   0.00   1.00   0.00 297.60   7.52
  27.12700   18.60 222.10   0.00   0.00   1.00   0.00 297.40   8.08
  26.77000   19.60 219.60   0.00   0.00   2.00   0.00 297.33   8.28
  26.21300   21.40 219.00   0.00   0.00   2.00   0.00 297.29   8.64
  25.90800   22.40 218.90   0.00   0.00   2.00   0.00 297.28   8.85
  24.99400   25.90 219.90   0.00   0.00   1.00   0.00 297.21   9.55
  24.45900   28.10 220.40   0.00   0.00   1.00   0.00 297.10  10.01
  24.06100   29.90 218.20   0.00   0.00   1.00   0.00 296.98  10.29
  23.76800   31.30 218.80   0.00   0.00   1.00   0.00 296.91  10.51
  23.16500   34.40 215.30   0.00   0.00   2.00   0.00 296.70  10.89
  22.86000   36.10 214.30   0.00   0.00   2.00   0.00 296.64  11.06
  22.29500   39.50 214.60   0.00   0.00   2.00   0.00 296.54  11.46
  21.94600   41.80 212.80   0.00   0.00   2.00   0.00 296.41  11.67
  21.48100   45.00 210.40   0.00   0.00   2.00   0.00 296.31  11.86
  21.25200   46.70 209.80   0.00   0.00   2.00   0.00 296.31  11.95
  20.96800   48.90 211.60   0.00   0.00   2.00   0.00 296.30  12.16
  20.83000   50.00 209.80   0.00   0.00   3.00   0.00 296.25  12.24
  20.31500   54.40 208.40   0.00   0.00   2.00   0.01 296.23  12.47
  19.94400   57.80 210.20   0.00   0.00   3.00   0.02 296.28  12.78
  19.50400   62.10 209.40   0.00   0.00   3.00   0.02 296.22  13.22
  19.11600   66.20 206.20   0.00   0.00   4.00   0.02 296.14  13.42
  18.63500   71.70 206.40   0.00   0.00   5.00   0.02 296.18  13.76
  18.51900   73.10 204.40   0.00   0.00   6.00   0.02 296.14  13.79
  18.16300   77.60 203.40   0.00   0.00   8.00   0.02 296.25  13.94
  17.89200   81.20 205.00   0.00   0.00  10.00   0.02 296.33  14.23
  17.57900   85.60 200.60   0.00   0.00  13.00   0.02 296.26  14.32
  17.11300   92.70 199.20   0.00   0.00  14.00   0.02 296.60  14.43
  16.67000  100.00 200.80   0.00   0.00  13.00   0.02 297.09  14.81
  16.27100  107.00 200.20   0.00   0.00  12.00   0.02 297.49  15.16
  15.84600  115.00 201.60   0.00   0.00  13.00   0.02 298.04  15.66
  15.59400  120.00 200.40   0.00   0.00  13.00   0.02 298.34  15.88
  15.24000  127.40 201.40   0.00   0.00  12.00   0.01 299.01  16.29
  14.85200  136.00 203.40   0.00   0.00  11.00   0.01 299.91  16.94
  14.09900  154.00 209.40   0.00   0.00   8.00   0.01 301.90  18.94
  13.71600  163.80 211.40   0.00   0.00   8.00   0.01 302.91  20.18
  12.80200  189.60 217.90   0.00   0.00   8.00   0.01 305.96  24.22
  12.30000  205.00 221.60   0.00   0.00   7.00   0.02 307.93  27.23
  10.98000  250.00 232.80   0.01   0.00   4.00   0.02 314.18  37.63
  10.02300  287.00 240.40   0.01   0.00   4.00   0.03 319.12  48.09
   9.29500  318.00 244.40   0.03   0.00   6.00   0.05 323.24  58.38
   8.23000  367.80 253.30   0.04   0.00   4.00   0.07 331.56  76.53
   7.83900  388.00 256.60   0.06   0.00   4.00   0.09 334.40  83.99
   7.59100  401.00 257.40   0.05   0.00   3.00   0.10 335.74  88.14
   6.92000  438.00 261.40   0.12   0.00   6.00   0.18 339.75 101.51
   6.83300  443.00 260.00   0.17   0.00   9.00   0.18 339.81 103.30
   6.73100  449.00 260.40   0.19   0.00  10.00   0.18 340.75 105.82
   6.40100  468.70 262.90   0.39   0.00  17.00   0.18 344.81 117.17
   6.09600  487.60 265.20   0.27   0.00  10.00   0.20 348.44 127.18
   5.90000  500.00 266.00   0.41   0.00  14.00   0.22 350.38 132.65
   5.79100  507.00 266.80   0.49   0.00  16.00   0.22 351.79 136.28
   5.10500  553.00 272.00   0.89   0.00  20.00   0.22 361.08 161.57
   5.00500  560.00 271.80   1.50   0.00  34.00   0.26 361.76 165.49
   4.80700  574.00 272.80   2.22   0.00  47.00   0.26 365.08 175.77
   4.01300  633.00 279.90   2.74   0.00  36.00   0.29 382.91 215.99
   3.79500  650.00 280.80   3.96   0.00  49.00   0.29 386.48 225.57
   3.58100  667.00 282.50   4.14   0.00  46.00   0.29 391.31 236.19
   3.17800  700.00 284.90   5.66   0.00  54.00   0.37 399.83 255.06
   2.66300  744.00 289.10   8.01   0.00  59.00   0.41 414.73 283.76
   2.13400  790.80 293.80   8.43   0.00  47.00   0.66 431.40 314.74
   1.50900  850.00 299.10   8.99   0.00  37.00   0.80 449.70 349.89
   0.91400  908.90 304.10   8.63   0.00  27.00   1.17 462.91 382.25
   0.62300  939.00 304.80   8.63   0.00  26.00   1.17 461.65 393.40
   0.35300  968.00 302.30  12.46   0.00  43.00   1.17 450.40 395.30
   0.30500  973.20 301.00  14.57   0.00  54.00   1.17 446.57 393.89
   0.20800  984.00 299.80  15.40   0.00  61.00   1.17 440.00 393.00
   0.17200  988.00 298.30  15.09   0.00  65.00   1.17 434.92 390.85
   0.13700  992.00 295.10  14.90   0.00  77.00   0.00 429.44 384.97
   0.00000    0.00   0.00   0.00   0.00   0.00   0.00   0.00   0.00
   0.00000    0.00   0.00   0.00   0.00   0.00   0.00   0.00   0.00
   0.00000    0.00   0.00   0.00   0.00   0.00   0.00   0.00   0.00
   0.00000    0.00   0.00   0.00   0.00   0.00   0.00   0.00   0.00
   0.00000    0.00   0.00   0.00   0.00   0.00   0.00   0.00   0.00
   0.00000    0.00   0.00   0.00   0.00   0.00   0.00   0.00   0.00
   0.00000    0.00   0.00   0.00   0.00   0.00   0.00   0.00   0.00
   0.00000    0.00   0.00   0.00   0.00   0.00   0.00   0.00   0.00
   0.00000    0.00   0.00   0.00   0.00   0.00   0.00   0.00   0.00
   0.00000    0.00   0.00   0.00   0.00   0.00   0.00   0.00   0.00
   0.00000    0.00   0.00   0.00   0.00   0.00   0.00   0.00   0.00
   0.00000    0.00   0.00   0.00   0.00   0.00   0.00   0.00   0.00
   0.00000    0.00   0.00   0.00   0.00   0.00   0.00   0.00   0.00
   0.00000    0.00   0.00   0.00   0.00   0.00*******   0.00   0.00
   0.00000    0.00   0.00   0.00   0.00   0.00   0.00   0.00   0.00
   0.00000    0.00   0.00   0.00   0.00   0.00   0.00   0.00   0.00
   0.00000    0.00   0.00   0.00   0.00   0.00   0.00   0.00   0.00
   0.00000    0.00   0.00   0.00   0.00   0.00   0.00   0.00   0.00
