 Sounding NKX 20150706-12UTC                                                     
      z       p      T     wv     O3     RH   Aer.  LW_up  LW_dn
 100.00000    0.00 210.70   0.00   0.00   0.00   0.00 282.15   0.00
  70.00000    0.07 219.10   0.00   0.00   0.00   0.00 282.15   0.01
  50.00000    0.95 276.20   0.00   0.00   0.00   0.00 282.26   0.41
  45.00000    1.76 269.70   0.00   0.00   0.00   0.00 282.10   1.05
  40.00000    3.33 257.50   0.00   0.00   0.00   0.00 281.75   1.98
  35.00000    6.52 245.30   0.00   0.00   0.01   0.00 281.16   3.33
  28.62400   15.10 226.20   0.00   0.00   1.00   0.00 279.66   6.51
  28.12100   16.30 223.00   0.00   0.00   1.00   0.00 279.57   6.79
  27.77000   17.20 223.40   0.00   0.00   1.00   0.00 279.54   6.99
  27.47400   18.00 221.80   0.00   0.00   1.00   0.00 279.51   7.16
  26.88800   19.70 221.60   0.00   0.00   1.00   0.00 279.50   7.51
  26.79000   20.00 222.00   0.00   0.00   1.00   0.00 279.50   7.58
  26.28800   21.60 223.60   0.00   0.00   1.00   0.00 279.48   8.00
  25.38400   24.80 223.20   0.00   0.00   1.00   0.00 279.29   8.81
  24.68900   27.60 221.10   0.00   0.00   1.00   0.00 279.09   9.37
  24.15000   30.00 219.40   0.00   0.00   1.00   0.00 278.96   9.75
  22.86000   36.70 217.00   0.00   0.00   1.00   0.00 278.62  10.62
  22.66000   37.90 214.40   0.00   0.00   1.00   0.00 278.55  10.69
  21.94600   42.50 213.40   0.00   0.00   1.00   0.00 278.50  11.01
  21.33600   46.90 212.90   0.00   0.00   1.00   0.00 278.48  11.37
  20.93000   50.00 212.60   0.00   0.00   1.00   0.00 278.48  11.62
  20.72600   51.70 211.90   0.00   0.00   1.00   0.00 278.48  11.74
  20.25700   55.70 214.00   0.00   0.00   1.00   0.01 278.51  12.16
  18.84000   70.00 207.20   0.00   0.00   1.00   0.02 278.39  12.94
  18.12200   78.70 210.80   0.00   0.00   2.00   0.02 278.75  13.69
  17.67800   84.70 207.30   0.00   0.00   2.00   0.02 278.64  13.99
  17.27300   90.50 204.20   0.00   0.00   3.00   0.02 278.79  14.03
  16.80500   97.80 207.20   0.00   0.00   3.00   0.02 279.32  14.50
  16.67000  100.00 206.60   0.00   0.00   3.00   0.02 279.41  14.64
  16.09300  110.00 207.40   0.00   0.00   2.00   0.02 280.04  15.27
  15.46000  122.00 211.00   0.00   0.00   2.00   0.02 280.87  16.36
  15.11700  129.00 209.80   0.00   0.00   3.00   0.01 281.20  16.84
  14.70000  138.00 213.20   0.00   0.00   2.00   0.01 281.88  17.75
  14.52200  142.00 212.60   0.00   0.00   2.00   0.01 282.05  18.07
  14.01400  154.00 215.20   0.00   0.00   2.00   0.01 282.81  19.23
  13.46400  168.00 216.60   0.00   0.00   6.00   0.01 283.42  20.91
  13.35200  171.00 215.40   0.00   0.00   8.00   0.01 283.48  21.26
  13.02800  180.00 215.20   0.00   0.00  13.00   0.01 284.05  22.48
  12.80200  186.50 216.10   0.00   0.00  13.00   0.01 284.65  23.58
  12.19200  205.30 218.70   0.01   0.00  14.00   0.02 286.57  27.09
  11.26300  237.00 225.40   0.01   0.00  12.00   0.02 290.68  34.41
   9.75400  295.90 237.80   0.02   0.00   7.00   0.03 299.36  50.72
   9.14400  322.60 242.40   0.03   0.00   7.00   0.05 303.05  59.05
   7.89100  384.00 251.40   0.08   0.00   9.00   0.09 312.15  80.98
   7.59000  400.00 252.20   0.13   0.00  13.00   0.13 314.34  87.35
   6.40100  468.10 262.80   0.23   0.00  10.00   0.16 328.57 117.68
   6.09600  486.90 264.10   0.28   0.00  11.00   0.20 331.39 125.42
   5.59900  519.00 268.00   0.37   0.00  11.00   0.20 336.92 139.34
   5.15700  549.00 268.80   0.82   0.00  23.00   0.21 340.50 152.14
   4.95800  563.00 270.80   0.90   0.00  22.00   0.25 343.39 159.83
   4.87700  568.80 270.20   2.09   0.00  53.00   0.25 344.03 163.23
   4.30500  611.00 275.80   1.22   0.00  21.00   0.25 356.80 190.15
   4.03100  632.00 278.10   1.29   0.00  19.00   0.26 361.26 199.44
   3.91500  641.00 278.80   2.20   0.00  31.00   0.27 362.82 203.91
   3.55200  670.00 281.10   4.37   0.00  53.00   0.27 368.97 222.71
   3.14100  704.00 283.90   7.39   0.00  75.00   0.36 377.81 249.14
   2.45000  764.00 290.10   8.51   0.00  59.00   0.39 396.46 294.64
   2.27300  780.00 291.90   7.38   0.00  46.00   0.43 400.77 304.77
   1.95800  809.00 293.90   7.76   0.00  43.00   0.69 405.76 319.12
   1.82900  821.10 295.80   3.22   0.00  16.00   0.69 408.18 325.44
   1.69400  834.00 294.90   6.70   0.00  35.00   0.69 406.47 327.37
   1.64900  838.40 295.20   5.84   0.00  30.00   0.69 406.78 328.63
   1.59700  843.40 295.40   4.73   0.00  24.00   0.69 406.97 329.99
   1.54500  848.50 295.70   3.61   0.00  18.00   0.69 407.24 331.26
   1.49300  853.60 295.90   3.24   0.00  16.00   0.69 407.37 332.35
   1.44000  858.80 296.20   3.30   0.00  16.00   0.69 407.50 333.55
   1.38800  864.00 296.40   3.34   0.00  16.00   0.69 407.42 334.69
   1.33600  869.10 296.70   3.18   0.00  15.00   0.69 407.25 335.91
   1.28400  874.30 297.00   3.24   0.00  15.00   0.69 406.64 337.18
   1.23200  879.50 296.80   4.48   0.00  21.00   0.69 404.68 337.97
   1.18000  884.90 295.00   7.70   0.00  40.00   0.69 400.04 336.48
   1.12800  890.20 292.50   9.98   0.00  60.00   0.69 394.23 332.85
   1.07500  895.60 290.10  11.39   0.00  79.00   0.69 389.53 328.55
   1.02300  901.10 289.80  12.32   0.00  87.00   0.92 388.08 327.67
   0.97100  906.60 289.50  13.21   0.00  95.00   1.10 385.88 328.24
   0.91900  912.20 287.70  12.47   0.00  99.99   1.10 381.58 326.79
   0.86700  917.80 286.50  11.58   0.00  99.99   1.10 379.82 325.22
   0.81500  923.50 286.70  11.73   0.00 100.00   1.10 383.23 376.85
   0.76300  929.30 286.90  11.87   0.00  99.99   1.10 384.28 378.02
   0.71100  935.10 287.10  12.02   0.00  99.99   1.10 385.33 379.20
   0.65800  941.00 287.30  12.17   0.00  99.99   1.10 386.39 380.40
   0.60600  946.80 287.50  12.32   0.00  99.99   1.10 387.44 381.60
   0.55400  952.60 287.70  12.34   0.00  99.00   1.10 388.56 382.81
   0.50200  958.40 288.00  12.57   0.00  99.00   1.10 390.07 384.47
   0.45000  964.30 288.20  12.73   0.00  99.00   1.10 391.13 385.74
   0.39800  970.10 288.40  12.88   0.00  99.00   1.10 392.20 386.95
   0.34600  976.00 288.60  13.04   0.00  99.00   1.10 393.43 388.17
   0.29300  982.00 289.10  13.31   0.00  98.00   1.10 395.98 390.77
   0.24100  988.00 289.50  13.63   0.00  98.00   1.10 398.07 393.06
   0.18900  994.00 289.90  13.82   0.00  97.00   1.10 400.16 395.32
   0.13700 1000.00 290.30  14.16   0.00  97.00   0.00 402.29 397.58
   0.00000    0.00   0.00   0.00   0.00   0.00   0.00   0.00   0.00
   0.00000    0.00   0.00   0.00   0.00   0.00   0.00   0.00   0.00
   0.00000    0.00   0.00   0.00   0.00   0.00   0.00   0.00   0.00
   0.00000    0.00   0.00   0.00   0.00   0.00   0.00   0.00   0.00
   0.00000    0.00   0.00   0.00   0.00   0.00*******   0.00   0.00
   0.00000    0.00   0.00   0.00   0.00   0.00   0.00   0.00   0.00
   0.00000    0.00   0.00   0.00   0.00   0.00   0.00   0.00   0.00
   0.00000    0.00   0.00   0.00   0.00   0.00   0.00   0.00   0.00
   0.00000    0.00   0.00   0.00   0.00   0.00   0.00   0.00   0.00
