      z       p      T     wv     O3     RH   Aer.  LW_up  LW_dn
 100.00    0.00 210.70   0.00   0.00   0.00   0.00 287.23   0.00
  70.00    0.07 219.10   0.00   0.00   0.00   0.00 287.24   0.01
  50.00    0.95 276.20   0.00   0.00   0.00   0.00 287.35   0.41
  45.00    1.76 269.70   0.00   0.00   0.00   0.00 287.19   1.04
  40.00    3.33 257.50   0.00   0.00   0.00   0.00 286.86   1.97
  35.00    6.52 245.30   0.00   0.00   0.01   0.00 286.32   3.29
  30.00   13.20 234.20   0.00   0.00   0.03   0.00 285.55   5.30
  25.00   27.70 224.20   0.00   0.00   0.19   0.01 284.64   8.20
  15.24  124.40 208.30   0.00   0.00   7.00   0.01 283.05  17.57
  14.97  130.00 208.20   0.00   0.00   9.00   0.01 283.21  17.81
  14.94  130.80 207.70   0.00   0.00  10.00   0.01 283.22  17.84
  14.33  144.50 208.30   0.00   0.00  21.00   0.01 283.84  18.91
  14.10  150.00 208.20   0.00   0.00  28.00   0.01 284.09  19.52
  13.94  154.00 207.80   0.00   0.00  37.00   0.01 284.28  20.00
  13.86  156.00 206.80   0.00   0.00  43.00   0.01 284.40  20.19
  13.67  161.00 207.80   0.00   0.00  43.00   0.01 284.93  20.85
  13.11  176.40 211.10   0.01   0.00  44.00   0.01 286.70  23.68
  13.02  179.00 211.70   0.01   0.00  45.00   0.01 287.02  24.23
  12.33  200.00 216.60   0.01   0.00  47.00   0.01 289.87  29.51
  12.23  203.00 217.20   0.01   0.00  41.00   0.01 290.29  30.34
  12.05  209.00 218.40   0.02   0.00  54.00   0.01 291.21  32.11
  11.84  216.00 220.20   0.02   0.00  37.00   0.01 292.36  34.25
  11.42  230.00 223.40   0.02   0.00  38.00   0.01 294.63  38.45
  11.12  241.00 225.80   0.04   0.00  44.00   0.01 296.64  42.27
  10.92  248.00 227.20   0.03   0.00  35.00   0.01 298.02  44.71
  10.87  250.00 227.60   0.04   0.00  36.00   0.01 298.44  45.37
  10.58  261.00 230.20   0.01   0.00  11.00   0.01 300.32  48.22
  10.20  276.00 233.20   0.03   0.00  15.00   0.02 302.55  51.68
   9.75  295.00 237.20   0.02   0.00   9.00   0.02 305.33  56.62
   9.63  300.00 237.80   0.03   0.00  11.00   0.02 305.92  57.88
   9.31  314.00 239.40   0.07   0.00  23.00   0.02 308.01  62.43
   8.96  330.00 242.00   0.11   0.00  27.00   0.03 311.54  69.31
   8.84  335.70 243.10   0.09   0.00  21.00   0.03 312.98  71.72
   8.75  340.00 244.00   0.09   0.00  18.00   0.04 314.02  73.40
   7.62  396.80 253.40   0.05   0.00   5.00   0.06 325.01  90.55
   7.56  400.00 253.80   0.06   0.00   5.00   0.06 325.52  91.36
   7.50  403.00 254.40   0.05   0.00   4.00   0.08 325.99  92.14
   6.52  459.00 261.80   0.19   0.00   9.00   0.11 336.26 110.65
   6.28  474.00 264.20   0.15   0.00   6.00   0.11 339.29 117.00
   5.94  495.00 266.00   0.29   0.00  10.00   0.14 343.02 125.42
   5.86  500.00 266.60   0.27   0.00   9.00   0.14 344.16 127.66
   5.01  557.00 273.30   0.20   0.00   4.00   0.16 355.07 148.63
   4.88  566.00 274.10   0.26   0.00   5.00   0.16 356.38 151.64
   4.27  610.50 277.80   0.40   0.00   6.00   0.16 362.79 167.57
   4.09  624.00 278.80   0.50   0.00   7.00   0.17 364.29 172.75
   3.96  634.00 279.10   0.65   0.00   9.00   0.18 364.96 176.63
   3.87  641.00 278.80   1.35   0.00  19.00   0.18 365.41 179.83
   3.66  657.80 280.30   1.96   0.00  25.00   0.18 368.88 191.61
   3.36  682.00 282.50   3.33   0.00  37.00   0.18 374.53 210.85
   3.14  700.00 284.10   2.99   0.00  30.00   0.18 378.59 223.71
   3.10  704.00 284.30   3.03   0.00  30.00   0.18 379.28 226.00
   3.05  708.10 284.60   3.40   0.00  33.00   0.24 380.06 228.38
   2.84  726.00 285.90   5.69   0.00  51.00   0.26 384.23 241.18
   2.74  734.20 286.80   5.55   0.00  47.00   0.26 386.80 248.04
   2.44  761.10 289.40   5.25   0.00  38.00   0.26 394.23 266.15
   2.20  783.00 291.50   5.02   0.00  32.00   0.26 399.44 278.42
   2.13  788.80 291.80   4.31   0.00  27.00   0.27 400.31 281.00
   1.99  802.00 292.50   3.16   0.00  19.00   0.46 401.88 285.44
   1.83  817.00 292.50   4.99   0.00  30.00   0.46 403.21 289.46
   1.70  830.00 293.90   3.61   0.00  20.00   0.46 406.58 294.92
   1.49  850.00 295.80   3.83   0.00  19.00   0.46 410.51 303.13
   1.33  866.00 296.90   3.22   0.00  15.00   0.50 412.07 308.93
   0.94  905.00 297.30   4.61   0.00  21.00   0.73 410.55 318.17
   0.92  908.00 297.30   5.05   0.00  23.00   0.73 410.19 318.91
   0.89  910.80 297.30   5.71   0.00  26.00   0.73 409.77 319.65
   0.86  913.60 297.30   6.36   0.00  29.00   0.73 409.19 320.47
   0.83  916.40 297.20   6.76   0.00  31.00   0.73 408.44 321.18
   0.81  919.30 297.20   7.42   0.00  34.00   0.73 407.55 322.05
   0.78  922.10 297.20   8.07   0.00  37.00   0.73 406.13 323.04
   0.75  924.90 296.40  10.22   0.00  49.00   0.73 403.22 323.14
   0.73  927.80 294.80  12.17   0.00  64.00   0.73 399.13 321.82
   0.70  930.60 293.20  13.69   0.00  79.00   0.73 395.25 319.94
   0.67  933.60 292.20  13.89   0.00  85.00   0.73 392.36 318.80
   0.65  936.50 291.40  14.02   0.00  90.00   0.73 389.70 318.15
   0.62  939.50 290.60  13.97   0.00  94.00   0.73 386.92 317.60
   0.59  942.40 289.60  13.71   0.00  98.00   0.73 383.58 316.73
   0.57  945.40 287.50  12.19   0.00  99.00   0.73 379.70 314.14
   0.54  948.40 286.40  11.51   0.00  99.99   0.73 377.83 312.18
   0.51  951.50 286.40  11.51   0.00  99.99   0.73 377.36 311.27
   0.49  954.60 286.50  11.58   0.00  99.99   0.73 381.79 364.95
   0.46  957.70 286.60  11.65   0.00  99.99   0.73 382.37 372.55
   0.43  960.70 286.60  11.65   0.00  99.99   0.73 382.64 374.58
   0.41  963.80 286.70  11.61   0.00  99.00   0.73 383.14 375.44
   0.38  966.90 286.80  11.68   0.00  99.00   0.73 383.51 376.11
   0.35  970.00 286.80  11.68   0.00  99.00   0.73 383.75 376.42
   0.33  973.00 286.90  11.75   0.00  99.00   0.73 384.35 376.87
   0.30  976.10 287.00  11.82   0.00  99.00   0.73 385.23 377.46
   0.27  979.30 287.30  12.04   0.00  99.00   0.73 386.58 378.66
   0.24  982.40 287.50  12.07   0.00  98.00   0.73 387.78 379.89
   0.22  985.60 287.80  12.29   0.00  98.00   0.73 389.15 381.33
   0.19  988.70 288.00  12.45   0.00  98.00   0.73 390.30 382.59
   0.16  991.90 288.30  12.55   0.00  97.00   0.73 391.58 384.07
   0.14  995.00 288.50  12.70   0.00  97.00   0.00 392.44 385.36
   0.00    0.00   0.00   0.00   0.00   0.00   0.00   0.00   0.00
   0.00    0.00   0.00   0.00   0.00   0.00   0.00   0.00   0.00
   0.00    0.00   0.00   0.00   0.00   0.00*******   0.00   0.00
   0.00    0.00   0.00   0.00   0.00   0.00   0.00   0.00   0.00
   0.00    0.00   0.00   0.00   0.00   0.00   0.00   0.00   0.00
   0.00    0.00   0.00   0.00   0.00   0.00   0.00   0.00   0.00
   0.00    0.00   0.00   0.00   0.00   0.00   0.00   0.00   0.00
