      z       p      T     wv     O3     RH   Aer.  LW_up  LW_dn
 100.00    0.00 210.70   0.00   0.00   0.00   0.00 298.41   0.00
  70.00    0.07 219.10   0.00   0.00   0.00   0.00 298.41   0.01
  50.00    0.95 276.20   0.00   0.00   0.00   0.00 298.52   0.41
  45.00    1.76 269.70   0.00   0.00   0.00   0.00 298.37   1.04
  40.00    3.33 257.50   0.00   0.00   0.00   0.00 298.03   1.96
  35.00    6.52 245.30   0.00   0.00   0.00   0.00 297.50   3.27
  30.00   13.20 234.20   0.00   0.00   0.03   0.00 296.73   5.26
  25.00   27.70 224.20   0.00   0.00   0.16   0.00 295.80   8.09
  20.00   59.50 218.20   0.00   0.00   0.68   0.01 295.26  12.04
  15.00  130.00 215.80   0.00   0.00   2.00   0.01 296.72  18.29
  14.00  153.00 215.80   0.00   0.00   2.36   0.01 297.71  19.81
  13.11  181.90 218.30   0.00   0.00   3.00   0.01 299.55  21.96
  12.50  200.00 223.40   0.00   0.00   3.00   0.01 301.56  24.68
  11.58  229.50 230.80   0.00   0.00   2.00   0.01 304.54  30.41
  11.17  244.00 233.00   0.01   0.00   4.00   0.01 305.44  33.87
  11.08  247.00 232.80   0.02   0.00  13.00   0.01 305.47  35.12
  11.00  250.00 231.00   0.06   0.00  46.00   0.01 305.55  37.56
  10.97  251.00 231.10   0.07   0.00  48.00   0.01 305.73  38.68
  10.89  254.00 231.60   0.08   0.00  52.00   0.01 306.31  41.85
  10.50  269.00 234.40   0.12   0.00  59.00   0.01 309.80  53.92
  10.32  276.00 235.80   0.04   0.00  19.00   0.01 311.28  57.10
  10.15  283.00 237.20   0.05   0.00  20.00   0.01 312.44  59.29
  10.06  286.70 237.90   0.08   0.00  29.00   0.01 313.09  60.71
   9.93  292.00 238.80   0.15   0.00  49.00   0.02 314.26  63.49
   9.74  300.00 240.20   0.14   0.00  40.00   0.02 316.33  67.93
   9.33  318.00 243.40   0.14   0.00  30.00   0.02 321.03  75.97
   9.14  326.20 245.10   0.13   0.00  24.00   0.02 323.30  79.32
   8.53  355.00 250.60   0.10   0.00  12.00   0.03 330.43  89.44
   8.35  364.00 252.20   0.10   0.00  10.00   0.04 332.45  92.27
   7.65  400.00 258.00   0.06   0.00   4.00   0.05 339.01 102.32
   7.46  410.00 258.60   0.10   0.00   6.00   0.05 340.37 104.78
   7.32  418.00 259.50   0.09   0.00   5.00   0.07 341.76 106.91
   6.75  450.00 263.20   0.05   0.00   2.00   0.09 346.26 114.23
   6.40  470.70 265.00   0.11   0.00   4.00   0.09 348.74 119.08
   6.10  489.50 266.60   0.21   0.00   7.00   0.10 351.46 125.23
   5.93  500.00 267.60   0.26   0.00   8.00   0.11 353.25 129.41
   4.88  570.40 274.80   0.49   0.00   9.00   0.13 367.41 158.92
   4.27  615.30 278.90   0.71   0.00  10.00   0.14 376.91 178.27
   3.78  653.00 283.10   0.75   0.00   8.00   0.15 385.51 195.08
   3.59  668.00 284.10   1.30   0.00  13.00   0.15 388.49 202.00
   3.20  700.00 287.80   1.25   0.00  10.00   0.15 396.86 218.90
   3.12  706.00 288.30   0.78   0.00   6.00   0.15 398.00 221.31
   3.05  712.40 288.80   0.80   0.00   6.00   0.20 399.02 223.45
   2.57  754.00 291.50   0.78   0.00   5.00   0.21 404.13 236.52
   2.50  760.00 291.10   2.91   0.00  19.00   0.21 404.22 238.65
   2.44  765.40 291.50   2.51   0.00  16.00   0.21 405.35 241.92
   2.22  785.00 293.10   1.38   0.00   8.00   0.21 408.27 250.87
   2.17  790.00 292.80   2.88   0.00  17.00   0.21 408.36 252.51
   2.13  793.00 293.00   2.40   0.00  14.00   0.21 408.91 253.87
   2.00  805.00 294.10   1.28   0.00   7.00   0.37 410.48 258.59
   1.87  818.00 293.90   2.89   0.00  16.00   0.38 410.68 262.52
   1.83  821.60 294.10   2.56   0.00  14.00   0.38 411.10 263.98
   1.68  836.00 294.90   1.72   0.00   9.00   0.38 411.94 269.07
   1.60  844.00 294.10   4.75   0.00  26.00   0.38 410.92 271.02
   1.55  849.00 293.90   5.05   0.00  28.00   0.38 410.93 273.02
   1.22  881.60 295.50   5.54   0.00  28.00   0.40 414.45 290.12
   0.97  907.00 296.80   5.76   0.00  27.00   0.60 415.40 302.28
   0.91  913.10 296.40   6.25   0.00  30.00   0.60 414.17 304.11
   0.77  928.00 295.80   7.66   0.00  38.00   0.60 411.04 308.39
   0.73  932.00 295.50   6.14   0.00  31.00   0.60 409.73 309.16
   0.69  937.00 294.50  11.21   0.00  60.00   0.60 407.41 309.34
   0.64  942.00 294.30  11.82   0.00  64.00   0.60 405.49 311.17
   0.55  952.00 292.10  12.83   0.00  79.00   0.60 398.27 311.94
   0.51  957.00 289.80  13.45   0.00  95.00   0.60 393.62 309.92
   0.49  958.40 289.50  13.35   0.00  96.00   0.60 393.02 309.57
   0.49  959.10 289.30  13.33   0.00  97.00   0.60 392.73 309.41
   0.48  959.90 289.20  13.39   0.00  98.00   0.60 392.50 309.34
   0.47  960.60 289.00  13.36   0.00  99.00   0.60 392.28 309.24
   0.47  961.30 288.90  13.28   0.00  99.00   0.60 392.19 309.22
   0.46  962.10 288.90  13.28   0.00  99.00   0.60 392.19 309.32
   0.45  962.80 288.90  13.28   0.00  99.00   0.60 392.19 309.51
   0.45  963.50 288.90  13.28   0.00  99.00   0.60 392.18 309.71
   0.44  964.30 288.90  13.28   0.00  99.00   0.60 392.17 309.97
   0.43  965.00 288.90  13.28   0.00  99.00   0.60 392.14 310.20
   0.43  965.70 288.80  13.33   0.00  99.99   0.60 392.06 310.40
   0.42  966.40 288.80  13.33   0.00  99.99   0.60 392.07 310.61
   0.41  967.20 288.80  13.33   0.00  99.99   0.60 392.09 310.90
   0.41  967.90 288.80  13.33   0.00  99.99   0.60 392.11 311.16
   0.40  968.60 288.80  13.33   0.00  99.99   0.60 392.12 311.47
   0.40  969.40 288.80  13.33   0.00  99.99   0.60 392.13 311.59
   0.39  970.10 288.80  13.33   0.00  99.99   0.60 393.06 326.02
   0.38  970.90 288.90  13.41   0.00 100.00   0.60 393.60 333.76
   0.38  971.60 288.90  13.28   0.00  99.00   0.60 394.13 341.65
   0.37  972.30 289.00  13.36   0.00  99.00   0.60 394.62 347.62
   0.36  973.10 289.10  13.44   0.00  99.00   0.60 395.08 353.76
   0.36  973.80 289.10  13.44   0.00  99.00   0.60 395.40 358.28
   0.35  974.60 289.20  13.52   0.00  99.00   0.60 395.79 362.91
   0.34  975.30 289.20  13.39   0.00  98.00   0.60 396.06 366.32
   0.34  976.00 289.30  13.47   0.00  98.00   0.60 396.39 369.83
   0.33  976.80 289.30  13.47   0.00  98.00   0.60 396.61 372.40
   0.32  977.50 289.40  13.55   0.00  98.00   0.60 396.91 375.07
   0.32  978.30 289.40  13.55   0.00  98.00   0.60 397.10 377.03
   0.31  979.00 289.50  13.49   0.00  97.00   0.60 397.39 379.09
   0.30  979.70 289.60  13.57   0.00  97.00   0.60 397.59 380.70
   0.19  993.00 290.50  13.88   0.00  94.00   0.60 398.13 384.25
   0.14  999.00 289.10  13.58   0.00  99.99   0.00 395.71 382.66
   0.00    0.00   0.00   0.00   0.00   0.00   0.00   0.00   0.00
   0.00    0.00   0.00   0.00   0.00   0.00   0.00   0.00   0.00
   0.00    0.00   0.00   0.00   0.00   0.00   0.00   0.00   0.00
   0.00    0.00   0.00   0.00   0.00   0.00   0.00   0.00   0.00
