 Sounding NKX 20170625-12UTC                                                     
      z       p      T     wv     O3     RH   Aer.  LW_up  LW_dn
 100.00000    0.00 210.70   0.00   0.00   0.00   0.00 296.90   0.00
  70.00000    0.07 219.10   0.00   0.00   0.00   0.00 296.90   0.01
  50.00000    0.95 276.20   0.00   0.00   0.00   0.00 297.02   0.41
  45.00000    1.76 269.70   0.00   0.00   0.00   0.00 296.86   1.05
  40.00000    3.33 257.50   0.00   0.00   0.00   0.00 296.53   1.97
  35.00000    6.52 245.30   0.00   0.00   0.01   0.00 296.02   3.30
  25.29800   24.80 222.70   0.00   0.00   1.00   0.00 293.29   8.84
  24.68900   27.20 221.60   0.00   0.00   1.00   0.00 293.08   9.22
  24.38400   28.50 220.00   0.00   0.00   1.00   0.00 292.95   9.39
  24.06000   30.00 218.40   0.00   0.00   1.00   0.00 292.83   9.54
  23.62900   32.10 215.80   0.00   0.00   1.00   0.00 292.71   9.69
  22.41500   38.90 215.40   0.00   0.00   1.00   0.00 292.49  10.32
  22.19300   40.30 213.60   0.00   0.00   1.00   0.00 292.41  10.41
  21.94600   41.90 213.20   0.00   0.00   1.00   0.00 292.37  10.51
  21.33600   46.20 212.10   0.00   0.00   1.00   0.00 292.25  10.80
  20.85000   50.00 211.20   0.00   0.00   2.00   0.00 292.13  11.06
  20.37800   54.00 208.80   0.00   0.00   2.00   0.00 292.03  11.24
  20.11700   56.40 209.10   0.00   0.00   2.00   0.01 292.04  11.37
  19.60300   61.30 209.60   0.00   0.00   3.00   0.01 292.03  11.81
  19.20200   65.50 207.90   0.00   0.00   3.00   0.01 291.90  12.10
  18.96500   68.10 204.20   0.00   0.00   3.00   0.01 291.84  12.10
  18.58800   72.50 206.40   0.00   0.00   4.00   0.01 292.00  12.35
  18.31000   75.90 205.60   0.00   0.00   5.00   0.01 291.96  12.58
  18.07000   79.00 203.00   0.00   0.00   7.00   0.01 291.93  12.65
  17.77600   83.00 203.20   0.00   0.00   8.00   0.01 292.03  12.81
  17.41500   88.20 201.00   0.00   0.00   9.00   0.01 292.16  12.95
  17.00500   94.50 203.40   0.00   0.00  14.00   0.01 292.46  13.41
  16.67000  100.00 199.60   0.00   0.00  17.00   0.01 292.53  13.60
  16.16800  109.00 199.80   0.00   0.00  15.00   0.01 293.16  13.94
  15.90600  114.00 201.00   0.00   0.00  13.00   0.01 293.58  14.25
  15.80400  116.00 200.40   0.00   0.00  13.00   0.01 293.74  14.35
  14.99000  133.00 207.20   0.00   0.00   9.00   0.01 295.50  16.12
  14.68000  140.00 207.60   0.00   0.00   9.00   0.01 296.01  16.87
  14.46700  145.00 209.00   0.00   0.00   8.00   0.01 296.43  17.43
  14.38300  147.00 208.60   0.00   0.00   8.00   0.01 296.58  17.62
  14.26000  150.00 209.40   0.00   0.00   7.00   0.01 296.86  17.93
  12.44000  200.00 221.20   0.00   0.00   5.00   0.01 301.84  25.23
  12.19200  207.80 222.50   0.00   0.00   6.00   0.01 302.51  26.68
  11.27800  238.70 226.90   0.02   0.00  21.00   0.01 305.94  35.45
  10.97000  250.00 228.40   0.03   0.00  25.00   0.02 307.72  39.87
   9.72000  300.00 239.60   0.03   0.00   8.00   0.03 316.94  56.60
   8.83900  339.50 247.00   0.03   0.00   4.00   0.04 322.85  67.57
   8.25500  368.00 250.20   0.06   0.00   7.00   0.06 326.48  75.95
   7.64000  400.00 254.60   0.10   0.00   8.00   0.07 331.54  87.94
   7.00700  435.00 259.00   0.29   0.00  17.00   0.13 338.28 105.03
   6.57800  460.00 262.60   0.27   0.00  12.00   0.13 344.14 118.20
   6.09600  489.50 265.40   0.20   0.00   7.00   0.15 349.48 128.97
   5.82100  507.00 267.60   0.20   0.00   6.00   0.16 352.38 134.70
   5.48800  529.00 268.60   0.42   0.00  12.00   0.17 355.45 142.19
   4.87700  571.30 273.50   0.74   0.00  15.00   0.19 365.41 162.36
   4.26700  616.10 279.10   1.01   0.00  14.00   0.20 376.39 186.06
   3.94300  641.00 280.90   3.17   0.00  39.00   0.21 381.79 202.68
   3.20900  700.00 287.90   4.17   0.00  33.00   0.26 402.29 248.18
   2.74300  739.10 292.10   4.39   0.00  27.00   0.30 415.05 272.83
   2.31400  777.00 295.90   4.46   0.00  22.00   0.39 426.09 293.84
   1.82900  821.20 299.60   4.99   0.00  20.00   0.54 436.62 316.29
   1.21900  879.80 304.10   5.11   0.00  16.00   0.54 446.32 344.39
   1.05600  896.00 304.80   6.97   0.00  21.00   0.77 445.52 351.53
   0.86900  915.00 303.50   7.73   0.00  25.00   0.86 438.27 355.71
   0.75300  927.00 300.50  11.03   0.00  42.00   0.86 429.48 353.40
   0.58200  945.00 299.10  10.93   0.00  45.00   0.86 420.78 354.71
   0.55500  947.90 298.40  11.91   0.00  51.00   0.86 418.21 354.31
   0.54100  949.50 298.00  12.33   0.00  54.00   0.86 416.77 353.93
   0.52600  951.10 297.60  12.72   0.00  57.00   0.86 415.20 353.50
   0.51200  952.60 297.20  13.09   0.00  60.00   0.86 413.63 353.06
   0.49700  954.20 296.80  13.44   0.00  63.00   0.86 411.75 352.58
   0.48300  955.80 296.10  13.73   0.00  67.00   0.86 409.55 351.73
   0.46900  957.40 295.30  13.90   0.00  71.00   0.86 407.25 350.54
   0.45400  959.00 294.40  13.94   0.00  75.00   0.86 404.82 349.04
   0.44000  960.50 293.60  14.01   0.00  79.00   0.86 402.65 347.59
   0.42500  962.10 292.70  13.97   0.00  83.00   0.86 400.39 345.94
   0.41100  963.70 291.90  13.97   0.00  87.00   0.86 398.43 344.38
   0.39600  965.30 291.00  13.85   0.00  91.00   0.86 396.43 342.63
   0.38200  966.90 290.10  13.70   0.00  95.00   0.86 394.79 340.87
   0.36800  968.50 289.40  13.55   0.00  98.00   0.86 393.69 339.29
   0.35300  970.20 289.00  13.36   0.00  99.00   0.86 393.09 338.13
   0.33900  971.80 288.80  13.33   0.00  99.99   0.86 392.92 337.62
   0.32400  973.50 288.90  13.41   0.00 100.00   0.86 394.32 358.57
   0.31000  975.10 289.00  13.36   0.00  99.00   0.86 394.97 368.05
   0.29600  976.80 289.00  13.36   0.00  99.00   0.86 395.47 374.69
   0.28100  978.40 289.10  13.44   0.00  99.00   0.86 396.12 379.74
   0.26700  980.10 289.20  13.52   0.00  99.00   0.86 396.68 383.15
   0.25200  981.80 289.30  13.60   0.00  99.00   0.86 397.23 385.82
   0.23800  983.40 289.40  13.55   0.00  98.00   0.86 397.70 387.68
   0.22300  985.10 289.50  13.63   0.00  98.00   0.86 398.10 389.20
   0.20900  986.70 289.50  13.63   0.00  98.00   0.86 398.40 390.16
   0.19500  988.40 289.60  13.71   0.00  98.00   0.86 398.86 390.98
   0.18000  990.00 289.70  13.80   0.00  98.00   0.86 399.30 391.79
   0.16600  991.70 289.80  13.74   0.00  97.00   0.86 399.67 392.48
   0.15100  993.30 289.90  13.82   0.00  97.00   0.86 399.93 393.15
   0.13700  995.00 289.90  13.82   0.00  97.00   0.00 400.09 393.58
   0.00000    0.00   0.00   0.00   0.00   0.00   0.00   0.00   0.00
   0.00000    0.00   0.00   0.00   0.00   0.00   0.00   0.00   0.00
   0.00000    0.00   0.00   0.00   0.00   0.00   0.00   0.00   0.00
   0.00000    0.00   0.00   0.00   0.00   0.00   0.00   0.00   0.00
   0.00000    0.00   0.00   0.00   0.00   0.00*******   0.00   0.00
   0.00000    0.00   0.00   0.00   0.00   0.00   0.00   0.00   0.00
   0.00000    0.00   0.00   0.00   0.00   0.00   0.00   0.00   0.00
   0.00000    0.00   0.00   0.00   0.00   0.00   0.00   0.00   0.00
   0.00000    0.00   0.00   0.00   0.00   0.00   0.00   0.00   0.00
