      z       p      T     wv     O3     RH   Aer.  LW_up  LW_dn
 100.00    0.00 210.70   0.00   0.00   0.00   0.00 283.13   0.00
  70.00    0.07 219.10   0.00   0.00   0.00   0.00 283.13   0.01
  50.00    0.95 276.20   0.00   0.00   0.00   0.00 283.24   0.41
  45.00    1.76 269.70   0.00   0.00   0.00   0.00 283.08   1.04
  40.00    3.33 257.50   0.00   0.00   0.00   0.00 282.75   1.96
  35.00    6.52 245.30   0.00   0.00   0.00   0.00 282.20   3.28
  30.00   13.20 234.20   0.00   0.00   0.03   0.00 281.39   5.27
  25.00   27.70 224.20   0.00   0.00   0.16   0.00 280.21   8.10
  18.68   71.50 203.00   0.00   0.00   3.00   0.01 277.99  11.15
  18.29   76.40 204.50   0.00   0.00   3.00   0.01 278.22  11.33
  18.04   79.60 205.40   0.00   0.00   4.00   0.01 278.29  11.55
  17.27   90.50 201.20   0.00   0.00   8.00   0.01 278.42  11.92
  16.39  105.00 202.20   0.00   0.00   9.00   0.01 279.35  12.66
  16.06  111.00 203.80   0.00   0.00   7.00   0.01 279.83  13.14
  15.64  119.00 204.60   0.00   0.00   3.00   0.01 280.42  13.69
  14.97  133.00 208.20   0.00   0.00   2.00   0.01 281.65  14.81
  14.33  147.70 213.10   0.00   0.00   1.00   0.01 282.96  16.32
  13.74  162.00 217.20   0.00   0.00   2.00   0.01 283.92  18.10
  13.47  169.00 215.80   0.00   0.00   5.00   0.01 284.14  18.89
  13.41  170.70 215.80   0.00   0.00   5.00   0.01 284.26  19.09
  12.87  186.00 217.80   0.00   0.00   6.00   0.01 285.56  21.34
  12.40  200.00 221.60   0.00   0.00   5.00   0.01 286.96  23.97
  12.30  203.00 222.20   0.00   0.00   6.00   0.01 287.18  24.60
  12.11  209.00 221.60   0.01   0.00  10.00   0.01 287.60  25.83
  11.93  215.00 222.40   0.01   0.00  10.00   0.01 288.31  27.20
  10.93  250.00 230.80   0.01   0.00   4.00   0.01 292.61  35.34
  10.36  271.70 233.70   0.01   0.00   6.00   0.01 294.80  40.46
   9.75  296.80 237.50   0.02   0.00   8.00   0.02 297.89  47.94
   9.23  320.00 241.20   0.03   0.00   7.00   0.02 301.10  55.40
   8.84  337.70 244.40   0.04   0.00   7.00   0.03 303.69  61.41
   7.65  398.00 254.00   0.12   0.00  10.00   0.05 313.28  85.54
   7.50  406.00 254.60   0.25   0.00  21.00   0.05 314.44  90.12
   7.01  433.10 258.30   0.39   0.00  24.00   0.09 320.17 107.59
   6.10  487.50 265.80   0.60   0.00  21.00   0.11 333.00 137.35
   5.88  501.00 267.40   0.68   0.00  21.00   0.12 335.79 144.16
   5.76  509.00 268.20   1.13   0.00  33.00   0.12 337.54 148.75
   5.35  536.00 271.20   0.85   0.00  20.00   0.12 343.53 163.13
   5.18  547.60 272.00   1.48   0.00  33.00   0.12 345.73 168.70
   5.15  550.00 272.20   1.68   0.00  37.00   0.12 346.37 170.13
   5.03  558.00 273.30   1.03   0.00  21.00   0.13 348.39 174.43
   4.88  569.00 274.30   1.78   0.00  34.00   0.14 350.67 179.95
   3.96  636.30 281.10   2.80   0.00  34.00   0.15 368.18 217.53
   3.66  660.40 283.30   3.22   0.00  34.00   0.15 374.52 230.22
   3.16  701.00 288.10   3.45   0.00  27.00   0.15 387.30 252.43
   3.11  705.00 288.50   0.92   0.00   7.00   0.15 388.38 253.82
   3.05  710.00 288.80   0.27   0.00   2.00   0.21 388.95 254.65
   2.74  736.30 289.90   0.57   0.00   4.00   0.22 391.28 258.42
   2.69  741.00 290.10   0.72   0.00   5.00   0.22 391.82 259.26
   2.45  762.00 291.90   0.64   0.00   4.00   0.22 394.20 264.11
   2.44  763.10 291.90   0.80   0.00   5.00   0.22 394.19 264.34
   2.22  783.00 291.50   1.72   0.00  11.00   0.26 394.22 267.53
   1.93  810.00 292.80   2.37   0.00  14.00   0.39 397.02 274.64
   1.68  834.00 294.10   1.28   0.00   7.00   0.39 399.23 280.94
   1.51  850.00 294.80   2.47   0.00  13.00   0.39 400.10 284.96
   1.36  865.00 295.50   0.79   0.00   4.00   0.39 400.45 288.31
   1.22  879.30 295.50   1.78   0.00   9.00   0.39 399.83 290.33
   1.17  884.00 295.50   2.38   0.00  12.00   0.39 399.51 291.15
   1.04  898.00 296.10   1.64   0.00   8.00   0.52 398.21 294.21
   0.95  907.00 295.80   1.41   0.00   7.00   0.62 395.85 295.22
   0.91  910.80 295.00   1.73   0.00   9.00   0.62 394.20 294.93
   0.91  910.90 295.00   1.73   0.00   9.00   0.62 394.17 294.92
   0.90  912.30 294.80   2.09   0.00  11.00   0.62 393.52 294.77
   0.89  913.80 294.50   2.24   0.00  12.00   0.62 392.82 294.55
   0.87  915.20 294.20   2.57   0.00  14.00   0.62 392.04 294.28
   0.86  916.70 294.00   2.72   0.00  15.00   0.62 391.29 294.07
   0.84  918.10 293.70   3.03   0.00  17.00   0.62 390.31 293.79
   0.83  919.50 293.30   3.66   0.00  21.00   0.62 389.19 293.42
   0.82  921.00 292.80   4.91   0.00  29.00   0.62 387.58 292.88
   0.81  922.40 291.70   6.66   0.00  42.00   0.62 385.23 291.76
   0.79  923.90 289.60   9.10   0.00  65.00   0.62 381.96 289.26
   0.78  925.40 287.70  10.72   0.00  86.00   0.62 379.52 286.37
   0.76  926.80 287.00  10.99   0.00  92.00   0.62 378.47 284.57
   0.75  928.30 286.70  11.02   0.00  94.00   0.62 377.92 283.82
   0.74  929.80 286.40  11.17   0.00  97.00   0.62 377.42 283.43
   0.72  931.30 286.10  11.19   0.00  99.00   0.62 377.06 283.23
   0.71  932.80 286.00  11.23   0.00  99.99   0.62 377.00 283.23
   0.70  934.30 286.10  11.30   0.00  99.99   0.62 379.56 340.05
   0.68  935.80 286.10  11.30   0.00  99.99   0.62 380.36 356.20
   0.67  937.30 286.20  11.37   0.00  99.99   0.62 381.05 363.58
   0.66  938.80 286.30  11.33   0.00  99.00   0.62 381.63 367.65
   0.64  940.30 286.40  11.40   0.00  99.00   0.62 382.03 369.72
   0.63  941.80 286.40  11.40   0.00  99.00   0.62 382.37 370.85
   0.62  943.30 286.50  11.47   0.00  99.00   0.62 382.89 371.59
   0.60  944.80 286.60  11.54   0.00  99.00   0.62 383.48 372.30
   0.59  946.30 286.70  11.61   0.00  99.00   0.62 384.07 372.91
   0.57  947.90 286.80  11.56   0.00  98.00   0.62 384.82 373.54
   0.56  949.40 286.90  11.63   0.00  98.00   0.62 385.73 374.13
   0.55  950.90 287.00  11.71   0.00  98.00   0.62 387.21 374.77
   0.54  952.50 287.10  11.66   0.00  97.00   0.62 389.56 375.41
   0.52  954.00 287.10  11.66   0.00  97.00   0.62 394.40 375.97
   0.33  976.00 288.90  12.07   0.00  90.00   0.62 400.39 381.36
   0.30  978.50 289.10  12.22   0.00  90.00   0.62 401.02 382.07
   0.14  998.00 290.90  14.52   0.00  96.00   0.00 405.61 388.72
   0.00    0.00   0.00   0.00   0.00   0.00   0.00   0.00   0.00
   0.00    0.00   0.00   0.00   0.00   0.00   0.00   0.00   0.00
   0.00    0.00   0.00   0.00   0.00   0.00*******   0.00   0.00
   0.00    0.00   0.00   0.00   0.00   0.00   0.00   0.00   0.00
   0.00    0.00   0.00   0.00   0.00   0.00   0.00   0.00   0.00
   0.00    0.00   0.00   0.00   0.00   0.00   0.00   0.00   0.00
   0.00    0.00   0.00   0.00   0.00   0.00   0.00   0.00   0.00
