 Sounding NKX 20160705-12UTC                                                     
      z       p      T     wv     O3     RH   Aer.  LW_up  LW_dn
 100.00000    0.00 210.70   0.00   0.00   0.00   0.00 273.72   0.00
  70.00000    0.07 219.10   0.00   0.00   0.00   0.00 273.72   0.01
  50.00000    0.95 276.20   0.00   0.00   0.00   0.00 273.84   0.41
  45.00000    1.76 269.70   0.00   0.00   0.00   0.00 273.68   1.04
  40.00000    3.33 257.50   0.00   0.00   0.00   0.00 273.34   1.96
  35.00000    6.52 245.30   0.00   0.00   0.00   0.00 272.79   3.27
  30.00000   13.20 234.20   0.00   0.00   0.03   0.00 271.95   5.27
  23.43000   33.40 217.60   0.00   0.00   1.00   0.00 269.99   9.12
  22.97000   35.90 218.80   0.00   0.00   1.00   0.00 269.88   9.46
  22.89900   36.30 217.00   0.00   0.00   1.00   0.00 269.85   9.50
  22.65900   37.70 217.60   0.00   0.00   1.00   0.00 269.78   9.65
  22.55500   38.30 216.90   0.00   0.00   1.00   0.00 269.73   9.72
  22.08400   41.30 213.80   0.00   0.00   1.00   0.00 269.58   9.91
  20.89000   50.00 214.00   0.00   0.00   1.00   0.00 269.41  10.64
  20.65600   51.90 214.40   0.00   0.00   1.00   0.00 269.30  10.84
  20.27400   55.20 209.20   0.00   0.00   1.00   0.01 269.07  10.90
  19.50700   62.60 209.40   0.00   0.00   1.00   0.01 269.10  11.22
  18.82000   70.00 207.80   0.00   0.00   2.00   0.01 269.06  11.62
  18.14700   78.20 206.00   0.00   0.00   3.00   0.01 269.12  11.98
  17.89600   81.50 207.80   0.00   0.00   3.00   0.01 269.19  12.25
  17.39900   88.50 203.80   0.00   0.00   6.00   0.01 269.09  12.51
  16.38100  105.00 202.00   0.00   0.00   8.00   0.01 269.73  13.09
  15.83900  115.00 205.60   0.00   0.00   6.00   0.01 270.46  13.90
  15.53500  121.00 204.20   0.00   0.00   4.00   0.01 270.74  14.22
  15.10300  130.00 207.40   0.00   0.00   4.00   0.01 271.48  14.94
  14.31200  148.00 210.20   0.00   0.00   6.00   0.01 272.61  16.69
  14.23000  150.00 209.80   0.00   0.00   7.00   0.01 272.72  16.87
  13.23600  176.00 214.20   0.00   0.00  13.00   0.01 274.97  20.53
  12.42000  200.00 220.20   0.00   0.00  11.00   0.01 277.53  25.63
  12.19200  207.20 221.10   0.01   0.00  13.00   0.01 278.17  27.28
  11.68600  224.00 223.20   0.01   0.00  20.00   0.01 279.99  31.68
  10.97300  249.50 229.10   0.02   0.00  14.00   0.01 283.64  39.39
  10.36200  273.00 234.60   0.01   0.00   6.00   0.01 286.47  45.74
  10.18700  280.00 235.40   0.05   0.00  22.00   0.01 286.96  48.21
  10.11400  283.00 234.20   0.13   0.00  69.00   0.01 287.18  50.22
   9.85100  294.00 236.60   0.17   0.00  70.00   0.02 289.92  59.64
   9.14400  325.10 243.40   0.17   0.00  37.00   0.02 297.84  77.32
   8.84400  339.00 246.40   0.21   0.00  35.00   0.03 301.28  83.95
   8.59300  351.00 248.60   0.14   0.00  19.00   0.03 303.87  88.81
   8.16700  372.00 252.00   0.11   0.00  11.00   0.04 307.16  95.33
   7.79900  391.00 253.60   0.28   0.00  25.00   0.05 309.51 101.60
   7.62000  400.50 254.10   0.63   0.00  54.00   0.05 311.24 106.47
   7.01000  434.30 259.50   0.59   0.00  33.00   0.09 320.55 125.47
   6.70600  451.80 262.00   0.69   0.00  32.00   0.09 325.03 134.09
   6.23900  480.00 265.80   0.78   0.00  27.00   0.09 331.61 147.42
   6.09600  488.90 265.90   0.93   0.00  32.00   0.10 333.05 150.89
   5.92000  500.00 267.00   0.85   0.00  27.00   0.11 335.79 155.37
   5.79100  508.30 268.10   0.78   0.00  23.00   0.11 337.91 158.72
   5.48600  528.30 270.40   0.80   0.00  20.00   0.11 342.53 166.46
   4.96400  564.00 274.80   1.36   0.00  25.00   0.14 351.15 182.38
   4.79400  576.00 275.80   1.86   0.00  32.00   0.14 353.78 188.54
   4.26700  614.40 279.80   2.20   0.00  29.00   0.14 363.66 208.80
   3.65800  661.30 284.80   3.13   0.00  30.00   0.15 376.28 233.67
   3.51300  673.00 286.10   2.94   0.00  26.00   0.15 379.46 239.92
   3.26700  693.00 287.10   0.48   0.00   4.00   0.15 382.28 244.98
   2.98000  717.00 288.30   1.68   0.00  13.00   0.21 385.48 249.76
   2.43800  764.10 291.60   0.32   0.00   2.00   0.21 392.41 260.56
   2.09900  795.00 293.50   0.35   0.00   2.00   0.35 395.03 265.75
   1.52200  850.00 295.30   0.59   0.00   3.00   0.38 396.48 275.09
   1.21900  880.30 295.20   0.58   0.00   3.00   0.38 394.29 278.79
   1.11000  891.50 294.60   0.75   0.00   4.00   0.38 392.45 279.35
   1.09300  893.30 294.50   0.75   0.00   4.00   0.38 392.13 279.40
   1.07600  895.10 294.50   0.75   0.00   4.00   0.38 391.80 279.49
   1.05800  896.90 294.40   0.74   0.00   4.00   0.38 391.34 279.56
   1.04100  898.70 294.10   1.28   0.00   7.00   0.38 390.74 279.51
   1.02400  900.50 293.70   1.96   0.00  11.00   0.38 389.97 279.31
   1.00700  902.30 293.40   2.63   0.00  15.00   0.51 389.11 279.13
   0.98900  904.10 293.10   3.10   0.00  18.00   0.60 387.99 279.01
   0.97200  905.90 292.80   3.72   0.00  22.00   0.60 386.48 278.96
   0.95500  907.70 291.20   5.85   0.00  38.00   0.60 383.81 277.82
   0.93800  909.60 289.60   7.70   0.00  55.00   0.60 381.05 276.04
   0.92000  911.50 287.90   9.21   0.00  73.00   0.60 378.34 273.97
   0.90300  913.30 286.50  10.19   0.00  88.00   0.60 376.56 272.19
   0.88600  915.20 286.20  10.46   0.00  92.00   0.60 376.04 271.77
   0.86900  917.10 285.90  10.82   0.00  97.00   0.60 375.64 271.93
   0.85100  919.00 285.80  10.98   0.00  99.00   0.60 375.56 272.19
   0.83400  920.90 285.90  11.05   0.00  99.00   0.60 379.24 355.56
   0.81700  922.80 286.00  11.12   0.00  99.00   0.60 380.04 365.19
   0.80000  924.70 286.10  11.19   0.00  99.00   0.60 380.62 368.08
   0.78200  926.60 286.20  11.26   0.00  99.00   0.60 381.18 369.30
   0.76500  928.50 286.30  11.33   0.00  99.00   0.60 381.70 370.05
   0.74800  930.40 286.40  11.40   0.00  99.00   0.60 382.22 370.71
   0.73100  932.30 286.50  11.47   0.00  99.00   0.60 382.74 371.34
   0.71300  934.20 286.60  11.54   0.00  99.00   0.60 383.27 371.99
   0.69600  936.10 286.70  11.61   0.00  99.00   0.60 383.81 372.61
   0.67900  938.00 286.80  11.68   0.00  99.00   0.60 384.36 373.23
   0.66200  939.90 286.90  11.75   0.00  99.00   0.60 384.98 373.86
   0.64400  941.80 287.00  11.82   0.00  99.00   0.60 386.01 374.52
   0.62700  943.80 287.10  11.90   0.00  99.00   0.60 388.44 375.21
   0.61000  945.70 287.30  11.92   0.00  98.00   0.60 396.01 376.40
   0.30500  980.50 290.00  12.47   0.00  87.00   0.60 405.06 385.66
   0.13700 1000.00 291.50  14.74   0.00  94.00   0.00 408.95 391.80
   0.00000    0.00   0.00   0.00   0.00   0.00   0.00   0.00   0.00
   0.00000    0.00   0.00   0.00   0.00   0.00   0.00   0.00   0.00
   0.00000    0.00   0.00   0.00   0.00   0.00   0.00   0.00   0.00
   0.00000    0.00   0.00   0.00   0.00   0.00*******   0.00   0.00
   0.00000    0.00   0.00   0.00   0.00   0.00   0.00   0.00   0.00
   0.00000    0.00   0.00   0.00   0.00   0.00   0.00   0.00   0.00
   0.00000    0.00   0.00   0.00   0.00   0.00   0.00   0.00   0.00
   0.00000    0.00   0.00   0.00   0.00   0.00   0.00   0.00   0.00
