      z       p      T     wv     O3     RH   Aer.  LW_up  LW_dn
 100.00    0.00 210.70   0.00   0.00   0.00   0.00 285.16   0.00
  70.00    0.07 219.10   0.00   0.00   0.00   0.00 285.16   0.01
  50.00    0.95 276.20   0.00   0.00   0.00   0.00 285.27   0.41
  45.00    1.76 269.70   0.00   0.00   0.00   0.00 285.11   1.05
  40.00    3.33 257.50   0.00   0.00   0.00   0.00 284.78   1.99
  35.00    6.52 245.30   0.00   0.00   0.01   0.00 284.24   3.34
  30.00   13.20 234.20   0.00   0.00   0.05   0.00 283.47   5.44
  25.00   27.70 224.20   0.00   0.00   0.32   0.01 282.55   8.60
  15.24  128.20 201.50   0.00   0.00  47.00   0.02 281.76  19.43
  15.15  130.00 202.20   0.00   0.00  48.00   0.01 281.99  19.52
  14.71  140.00 203.60   0.00   0.00  48.00   0.01 283.20  20.31
  14.30  150.00 206.60   0.00   0.00  37.00   0.01 284.65  21.53
  14.06  156.00 208.20   0.00   0.00  28.00   0.01 285.53  22.35
  13.64  167.00 211.60   0.00   0.00   9.00   0.01 287.04  23.77
  12.50  200.00 221.20   0.00   0.00   4.00   0.02 291.22  28.43
  12.12  212.00 224.00   0.00   0.00   4.00   0.02 292.66  30.40
  10.13  284.00 240.80   0.01   0.00   2.00   0.03 302.31  45.74
   9.74  300.00 243.60   0.01   0.00   3.00   0.03 304.23  50.39
   9.14  325.90 247.80   0.02   0.00   3.00   0.03 307.49  58.97
   9.01  332.00 249.00   0.02   0.00   2.00   0.05 308.19  60.85
   8.53  354.10 251.70   0.04   0.00   4.00   0.06 310.51  68.32
   7.84  389.00 255.60   0.08   0.00   6.00   0.10 313.93  83.01
   7.78  392.00 255.00   0.16   0.00  13.00   0.10 313.98  84.54
   7.71  396.00 254.60   0.41   0.00  34.00   0.10 314.44  88.16
   7.63  400.00 255.40   0.49   0.00  38.00   0.10 315.53  93.20
   7.62  400.50 255.50   0.48   0.00  37.00   0.10 315.67  93.86
   7.16  426.00 260.00   0.50   0.00  27.00   0.16 321.94 115.56
   6.68  453.00 263.40   0.62   0.00  26.00   0.18 326.67 131.79
   6.60  458.00 263.20   0.88   0.00  37.00   0.18 327.05 134.43
   6.48  465.00 263.80   0.92   0.00  37.00   0.18 327.97 138.56
   6.40  469.90 263.60   1.37   0.00  56.00   0.18 328.39 141.47
   6.40  470.00 263.60   1.39   0.00  57.00   0.18 328.40 141.51
   6.29  477.00 263.80   1.68   0.00  68.00   0.19 329.65 146.38
   5.92  500.00 266.20   2.28   0.00  77.00   0.23 335.87 163.50
   5.04  559.00 273.50   3.42   0.00  69.00   0.27 355.70 204.57
   4.81  575.00 274.90   3.77   0.00  69.00   0.27 360.43 213.89
   4.68  584.00 275.90   3.27   0.00  56.00   0.27 363.19 218.77
   4.56  593.00 276.50   3.96   0.00  65.00   0.27 365.64 223.04
   4.27  614.40 279.00   4.09   0.00  57.00   0.29 373.10 234.77
   3.73  656.00 283.80   4.50   0.00  46.00   0.30 386.38 256.85
   3.55  670.00 284.30   6.26   0.00  62.00   0.30 389.47 263.28
   3.18  700.00 287.90   6.44   0.00  51.00   0.37 400.87 281.56
   2.74  737.00 291.90   5.62   0.00  35.00   0.43 412.93 301.93
   2.58  751.00 293.30   5.23   0.00  30.00   0.43 416.48 308.70
   2.21  784.00 294.90   5.16   0.00  27.00   0.43 421.39 320.39
   2.13  791.00 295.10   7.35   0.00  38.00   0.00 422.45 322.85
   2.13  791.00 295.10   7.35   0.00  38.00   0.43 422.45 322.85
   2.06  798.00 295.80   5.44   0.00  27.00   0.67 424.19 325.99
   1.85  817.00 297.10   4.34   0.00  20.00   0.76 427.27 332.92
   1.49  852.00 298.30   4.88   0.00  21.00   0.76 429.99 342.69
   1.41  859.00 298.50   2.11   0.00   9.00   0.76 430.40 344.11
   1.27  873.00 299.10   2.19   0.00   9.00   0.76 430.93 346.68
   1.22  878.30 298.80   4.06   0.00  17.00   0.76 430.41 347.24
   1.20  880.00 298.80   5.02   0.00  21.00   0.76 430.33 347.49
   1.11  889.00 298.80   5.25   0.00  22.00   0.76 429.59 349.17
   1.04  896.00 298.30   8.36   0.00  36.00   0.81 428.06 349.97
   0.99  901.00 298.10   6.89   0.00  30.00   1.22 426.96 350.67
   0.92  909.00 296.90  11.37   0.00  53.00   1.22 424.30 350.62
   0.79  922.00 296.80  11.31   0.00  53.00   1.22 422.69 354.14
   0.64  938.00 296.10  14.14   0.00  69.00   1.22 418.21 358.15
   0.53  950.00 293.90  14.98   0.00  83.00   1.22 410.41 357.59
   0.53  950.40 293.80  15.07   0.00  84.00   1.22 410.01 357.54
   0.52  951.30 293.40  14.90   0.00  85.00   1.22 409.08 357.20
   0.51  952.20 293.10  14.99   0.00  87.00   1.22 408.34 356.84
   0.51  953.00 292.70  14.98   0.00  89.00   1.22 407.52 356.33
   0.50  953.90 292.40  14.88   0.00  90.00   1.22 406.83 355.87
   0.49  954.70 292.10  14.94   0.00  92.00   1.22 406.16 355.42
   0.48  955.60 291.70  14.75   0.00  93.00   1.22 405.59 354.89
   0.47  956.50 291.50  14.74   0.00  94.00   1.22 405.25 354.45
   0.47  957.30 291.40  14.80   0.00  95.00   1.22 405.03 354.20
   0.46  958.20 291.30  14.87   0.00  96.00   1.22 404.81 354.04
   0.45  959.10 291.20  14.78   0.00  96.00   1.22 404.62 353.93
   0.44  959.90 291.10  14.85   0.00  97.00   1.22 404.44 353.83
   0.44  960.80 291.00  14.76   0.00  97.00   1.22 404.27 353.75
   0.43  961.70 290.90  14.82   0.00  98.00   1.22 404.14 353.69
   0.42  962.60 290.80  14.89   0.00  99.00   1.22 404.06 353.64
   0.41  963.40 290.80  14.89   0.00  99.00   1.22 404.06 353.65
   0.41  964.30 290.80  14.89   0.00  99.00   1.22 404.72 361.85
   0.40  965.20 290.90  14.82   0.00  98.00   1.22 405.11 366.40
   0.39  966.10 290.90  14.82   0.00  98.00   1.22 405.45 371.01
   0.38  966.90 291.00  14.91   0.00  98.00   1.22 405.84 375.15
   0.38  967.80 291.00  14.91   0.00  98.00   1.22 406.10 378.32
   0.37  968.70 291.10  15.00   0.00  98.00   1.22 406.44 381.58
   0.36  969.60 291.10  14.85   0.00  97.00   1.22 406.69 384.39
   0.35  970.40 291.20  14.94   0.00  97.00   1.22 406.99 386.91
   0.34  971.30 291.20  14.94   0.00  97.00   1.22 407.18 388.82
   0.34  972.20 291.30  15.03   0.00  97.00   1.22 407.43 390.82
   0.33  973.10 291.30  15.03   0.00  97.00   1.22 407.58 392.53
   0.32  973.90 291.40  14.96   0.00  96.00   1.22 407.78 394.10
   0.31  974.80 291.40  14.96   0.00  96.00   1.22 407.84 395.28
   0.30  975.70 291.40  14.96   0.00  96.00   1.22 407.94 396.42
   0.18  990.00 292.10  15.27   0.00  94.00   1.22 408.40 399.24
   0.14  995.00 291.10  14.39   0.00  94.00   0.00 406.72 398.07
   0.00    0.00   0.00   0.00   0.00   0.00   0.00   0.00   0.00
   0.00    0.00   0.00   0.00   0.00   0.00   0.00   0.00   0.00
   0.00    0.00   0.00   0.00   0.00   0.00*******   0.00   0.00
   0.00    0.00   0.00   0.00   0.00   0.00   0.00   0.00   0.00
   0.00    0.00   0.00   0.00   0.00   0.00   0.00   0.00   0.00
   0.00    0.00   0.00   0.00   0.00   0.00   0.00   0.00   0.00
   0.00    0.00   0.00   0.00   0.00   0.00   0.00   0.00   0.00
