      z       p      T     wv     O3     RH   Aer.  LW_up  LW_dn
 100.00    0.00 210.70   0.00   0.00   0.00   0.00 274.59   0.00
  70.00    0.07 219.10   0.00   0.00   0.00   0.00 274.60   0.01
  50.00    0.95 276.20   0.00   0.00   0.00   0.00 274.71   0.41
  45.00    1.76 269.70   0.00   0.00   0.00   0.00 274.55   1.04
  40.00    3.33 257.50   0.00   0.00   0.00   0.00 274.22   1.96
  35.00    6.52 245.30   0.00   0.00   0.00   0.00 273.68   3.28
  30.00   13.20 234.20   0.00   0.00   0.03   0.00 272.91   5.28
  25.00   27.70 224.20   0.00   0.00   0.18   0.01 271.96   8.15
  15.91  112.00 209.60   0.00   0.00   3.00   0.01 270.27  15.87
  15.54  119.00 210.60   0.00   0.00   4.00   0.01 270.34  16.26
  15.24  125.00 206.40   0.00   0.00   6.00   0.00 270.22  16.30
  15.24  125.00 206.40   0.00   0.00   6.00   0.01 270.22  16.30
  15.05  129.00 205.40   0.00   0.00   7.00   0.01 270.40  16.28
  14.33  145.20 209.60   0.00   0.00   6.00   0.01 271.62  17.41
  14.13  150.00 210.80   0.00   0.00   5.00   0.01 271.93  17.89
  13.73  160.00 212.60   0.00   0.00  11.00   0.01 272.43  19.14
  13.61  163.00 211.80   0.00   0.00  14.00   0.01 272.52  19.52
  13.43  168.00 212.80   0.00   0.00  17.00   0.01 272.79  20.32
  13.24  173.00 212.20   0.00   0.00  22.00   0.01 272.99  21.13
  13.06  178.00 213.40   0.01   0.00  40.00   0.01 273.26  22.30
  12.96  181.00 211.40   0.01   0.00  53.00   0.01 273.33  22.97
  12.66  190.00 212.20   0.01   0.00  70.00   0.01 274.21  25.20
  12.60  192.00 211.60   0.01   0.00  70.00   0.01 274.42  25.66
  12.34  200.00 213.60   0.01   0.00  59.00   0.01 275.62  27.64
  12.15  206.00 215.40   0.01   0.00  53.00   0.01 276.52  29.25
  11.77  219.00 218.20   0.02   0.00  54.00   0.01 278.51  32.94
  11.40  232.00 221.60   0.01   0.00  29.00   0.01 280.62  36.51
  10.91  250.00 226.40   0.02   0.00  21.00   0.01 283.36  41.25
  10.52  265.00 230.00   0.03   0.00  20.00   0.01 285.49  45.66
  10.19  278.00 232.60   0.05   0.00  30.00   0.01 287.23  50.33
  10.06  283.60 233.30   0.07   0.00  39.00   0.02 287.97  52.76
   9.90  290.00 234.20   0.10   0.00  53.00   0.02 288.99  55.99
   9.67  300.00 236.20   0.13   0.00  54.00   0.02 290.84  61.42
   9.20  321.00 240.00   0.23   0.00  67.00   0.02 294.76  72.79
   9.11  325.00 240.00   0.31   0.00  91.00   0.02 295.41  75.03
   9.07  327.00 240.20   0.32   0.00  93.00   0.03 295.87  76.21
   8.61  349.00 244.00   0.44   0.00  91.00   0.04 302.02  89.23
   7.66  398.00 252.60   0.50   0.00  49.00   0.05 316.71 113.78
   7.62  400.00 252.80   0.51   0.00  49.00   0.05 317.18 114.63
   7.47  408.00 253.40   0.37   0.00  34.00   0.05 318.98 117.36
   7.32  416.50 254.80   0.41   0.00  33.00   0.09 321.10 120.29
   5.92  500.00 267.40   1.03   0.00  32.00   0.12 346.79 156.86
   5.49  527.80 271.30   0.85   0.00  20.00   0.13 356.43 170.28
   4.88  569.40 276.90   0.63   0.00  10.00   0.15 369.15 186.72
   4.52  595.00 280.10   0.54   0.00   7.00   0.15 375.86 195.73
   4.32  610.00 281.80   0.17   0.00   2.00   0.15 378.36 199.83
   4.00  634.00 282.50   0.81   0.00   9.00   0.17 381.29 205.32
   3.96  636.80 282.80   0.73   0.00   8.00   0.17 382.00 206.30
   3.17  700.00 289.80   0.99   0.00   7.00   0.21 397.86 231.20
   2.74  735.70 293.40   0.88   0.00   5.00   0.24 405.21 245.46
   2.44  762.10 295.40   1.18   0.00   6.00   0.24 408.68 255.37
   2.24  780.00 296.10   1.43   0.00   7.00   0.24 409.16 261.63
   2.13  789.40 295.10   2.13   0.00  11.00   0.32 408.04 263.47
   1.90  811.00 295.30   4.50   0.00  23.00   0.42 409.25 272.33
   1.53  846.00 298.30   3.95   0.00  17.00   0.42 414.40 293.02
   1.23  876.00 298.80   5.25   0.00  22.00   0.42 411.32 305.22
   1.18  881.00 298.10   5.97   0.00  26.00   0.42 408.64 306.17
   1.08  891.00 294.80  10.08   0.00  53.00   0.52 400.81 304.50
   0.95  904.00 293.50   9.35   0.00  53.00   0.67 396.23 306.42
   0.91  908.00 293.80   8.79   0.00  49.00   0.67 395.86 308.00
   0.83  916.60 294.10   7.67   0.00  42.00   0.67 393.63 311.29
   0.82  917.70 294.10   7.49   0.00  41.00   0.67 393.15 311.62
   0.81  918.80 294.10   7.30   0.00  40.00   0.67 392.54 311.97
   0.80  919.90 294.00   7.26   0.00  40.00   0.67 391.84 312.18
   0.79  921.00 293.90   7.04   0.00  39.00   0.67 391.00 312.35
   0.78  922.20 293.70   6.78   0.00  38.00   0.67 390.13 312.37
   0.77  923.30 293.60   6.74   0.00  38.00   0.67 389.12 312.43
   0.76  924.40 293.40   6.49   0.00  37.00   0.67 387.96 312.39
   0.75  925.50 292.90   7.49   0.00  44.00   0.67 386.21 312.04
   0.74  926.60 291.90   9.47   0.00  59.00   0.67 383.94 311.08
   0.73  927.80 290.50  10.34   0.00  70.00   0.67 381.05 309.32
   0.72  928.90 289.00  10.80   0.00  80.00   0.67 378.39 307.19
   0.71  930.10 287.40  10.89   0.00  89.00   0.67 375.86 304.63
   0.70  931.30 286.00  10.89   0.00  97.00   0.67 374.21 302.20
   0.69  932.40 285.40  10.71   0.00  99.00   0.67 373.51 300.39
   0.68  933.60 285.20  10.68   0.00  99.99   0.67 373.38 299.72
   0.67  934.80 285.20  10.68   0.00  99.99   0.67 375.05 334.92
   0.66  935.90 285.30  10.75   0.00  99.99   0.67 375.77 347.59
   0.64  937.10 285.30  10.75   0.00  99.99   0.67 376.31 356.07
   0.63  938.30 285.40  10.71   0.00  99.00   0.67 376.85 360.82
   0.62  939.40 285.50  10.78   0.00  99.00   0.67 377.29 364.15
   0.61  940.60 285.50  10.78   0.00  99.00   0.67 377.59 365.95
   0.60  941.80 285.60  10.84   0.00  99.00   0.67 378.02 367.30
   0.59  943.00 285.60  10.84   0.00  99.00   0.67 378.39 368.07
   0.58  944.10 285.70  10.91   0.00  99.00   0.67 378.98 368.75
   0.57  945.30 285.70  10.91   0.00  99.00   0.67 379.61 369.18
   0.56  946.50 285.80  10.87   0.00  98.00   0.67 380.71 369.66
   0.55  947.70 285.80  10.87   0.00  98.00   0.67 382.14 369.99
   0.54  948.80 285.90  10.94   0.00  98.00   0.67 384.76 370.45
   0.53  950.00 285.90  10.94   0.00  98.00   0.67 388.54 370.86
   0.39  966.00 287.30  11.07   0.00  91.00   0.67 393.12 374.43
   0.30  975.50 288.10  11.75   0.00  92.00   0.67 395.58 377.05
   0.14  995.00 289.90  13.68   0.00  96.00   0.00 400.09 383.56
   0.00    0.00   0.00   0.00   0.00   0.00   0.00   0.00   0.00
   0.00    0.00   0.00   0.00   0.00   0.00   0.00   0.00   0.00
   0.00    0.00   0.00   0.00   0.00   0.00*******   0.00   0.00
   0.00    0.00   0.00   0.00   0.00   0.00   0.00   0.00   0.00
   0.00    0.00   0.00   0.00   0.00   0.00   0.00   0.00   0.00
   0.00    0.00   0.00   0.00   0.00   0.00   0.00   0.00   0.00
   0.00    0.00   0.00   0.00   0.00   0.00   0.00   0.00   0.00
