 Sounding NKX 20150612-12UTC                                                     
      z       p      T     wv     O3     RH   Aer.  LW_up  LW_dn
 100.00000    0.00 210.70   0.00   0.00   0.00   0.00 285.51   0.00
  70.00000    0.07 219.10   0.00   0.00   0.00   0.00 285.52   0.01
  50.00000    0.95 276.20   0.00   0.00   0.00   0.00 285.63   0.41
  45.00000    1.76 269.70   0.00   0.00   0.00   0.00 285.47   1.05
  40.00000    3.33 257.50   0.00   0.00   0.00   0.00 285.13   1.97
  35.00000    6.52 245.30   0.00   0.00   0.01   0.00 284.57   3.31
  26.92100   19.30 221.40   0.00   0.00   1.00   0.00 282.61   7.24
  26.82200   19.60 221.50   0.00   0.00   1.00   0.00 282.61   7.29
  26.21300   21.50 221.70   0.00   0.00   1.00   0.00 282.57   7.67
  25.60300   23.60 221.90   0.00   0.00   1.00   0.00 282.50   8.13
  24.99400   26.00 221.50   0.00   0.00   1.00   0.00 282.37   8.61
  24.38400   28.50 220.00   0.00   0.00   1.00   0.00 282.23   9.08
  23.74800   31.50 218.20   0.00   0.00   1.00   0.00 282.09   9.50
  23.16500   34.50 218.30   0.00   0.00   1.00   0.00 281.99   9.93
  22.55500   38.00 217.60   0.00   0.00   1.00   0.00 281.76  10.41
  22.08600   40.90 213.00   0.00   0.00   1.00   0.00 281.54  10.58
  21.64100   43.90 212.20   0.00   0.00   1.00   0.00 281.48  10.73
  21.04100   48.40 211.20   0.00   0.00   2.00   0.00 281.45  11.02
  20.84000   50.00 212.00   0.00   0.00   1.00   0.00 281.46  11.16
  20.29200   54.60 213.00   0.00   0.00   2.00   0.00 281.34  11.65
  20.01300   57.10 211.80   0.00   0.00   2.00   0.01 281.14  11.87
  19.79100   59.20 207.40   0.00   0.00   2.00   0.01 280.99  11.89
  19.23500   64.90 205.60   0.00   0.00   3.00   0.01 281.01  12.01
  18.89800   68.60 205.00   0.00   0.00   3.00   0.01 281.06  12.15
  18.49600   73.40 203.80   0.00   0.00   4.00   0.01 281.15  12.32
  17.99500   79.80 204.40   0.00   0.00   5.00   0.01 281.32  12.68
  17.57700   85.60 201.00   0.00   0.00   6.00   0.01 281.37  12.81
  16.88300   96.30 200.60   0.00   0.00   6.00   0.01 281.99  13.13
  16.66000  100.00 202.40   0.00   0.00   6.00   0.01 282.29  13.38
  16.48500  103.00 202.80   0.00   0.00   6.00   0.01 282.45  13.60
  16.20500  108.00 201.40   0.00   0.00   6.00   0.01 282.73  13.81
  15.48000  122.00 205.60   0.00   0.00   5.00   0.01 283.94  14.89
  15.23900  127.00 205.20   0.00   0.00   5.00   0.01 284.28  15.25
  14.93500  133.60 206.20   0.00   0.00   5.00   0.01 284.88  15.73
  14.23000  150.00 210.60   0.00   0.00   4.00   0.01 286.60  17.37
  13.11300  179.00 220.00   0.00   0.00   2.00   0.01 289.90  21.43
  12.39000  200.00 224.40   0.00   0.00   2.00   0.01 291.99  24.72
  11.30500  235.00 232.80   0.00   0.00   2.00   0.02 295.74  31.79
  10.88000  250.00 234.20   0.00   0.00   2.00   0.02 296.94  34.92
   9.64300  299.00 241.00   0.01   0.00   2.00   0.03 301.55  45.50
   9.48000  306.00 241.20   0.01   0.00   3.00   0.04 302.17  47.18
   8.30600  360.00 250.40   0.02   0.00   2.00   0.05 308.21  62.76
   7.92700  379.00 250.60   0.03   0.00   4.00   0.08 309.03  68.31
   7.77400  387.00 249.80   0.29   0.00  36.00   0.08 309.66  74.22
   7.62000  395.10 251.10   0.33   0.00  36.00   0.11 311.80  83.96
   6.40100  464.40 263.00   0.37   0.00  16.00   0.14 330.27 126.26
   6.09600  483.20 265.30   0.50   0.00  18.00   0.16 334.26 135.21
   5.83000  500.00 267.40   0.68   0.00  21.00   0.18 338.15 143.91
   5.48600  522.20 270.40   0.72   0.00  18.00   0.18 343.33 155.69
   5.18200  542.70 272.50   1.07   0.00  23.00   0.19 347.22 166.21
   4.87700  563.70 274.00   1.44   0.00  28.00   0.21 350.71 177.26
   4.26700  608.00 276.40   2.12   0.00  35.00   0.21 358.42 198.35
   3.95400  632.00 277.80   0.93   0.00  14.00   0.23 362.36 206.21
   3.56300  663.00 279.30   2.86   0.00  39.00   0.23 368.41 216.29
   3.42800  674.00 280.80   0.65   0.00   8.00   0.23 371.81 220.37
   3.18700  694.00 282.80   0.46   0.00   5.00   0.23 374.84 225.09
   3.01000  709.00 283.30   2.56   0.00  27.00   0.33 376.44 229.45
   2.74400  732.00 285.10   3.40   0.00  32.00   0.33 381.25 240.98
   2.13400  786.70 289.60   5.74   0.00  41.00   0.53 393.23 271.08
   1.59500  838.00 292.90   7.83   0.00  46.00   0.59 400.67 299.90
   1.47200  850.00 293.50   7.58   0.00  43.00   0.59 400.84 306.13
   1.32300  864.80 293.30   7.84   0.00  45.00   0.59 398.63 311.23
   1.28200  868.90 293.20   7.97   0.00  46.00   0.59 397.59 312.39
   1.24100  873.00 292.90   8.17   0.00  48.00   0.59 395.88 313.22
   1.20000  877.20 291.80   8.78   0.00  55.00   0.59 393.17 312.77
   1.15900  881.40 290.70   9.27   0.00  62.00   0.59 390.70 311.78
   1.11900  885.60 289.70   9.71   0.00  69.00   0.59 388.91 310.72
   1.07800  889.90 289.60  10.63   0.00  76.00   0.59 388.36 310.95
   1.03700  894.10 289.50  11.41   0.00  82.00   0.62 387.59 311.87
   0.99600  898.50 289.10  11.68   0.00  86.00   0.94 386.34 312.66
   0.95500  902.80 288.70  12.06   0.00  91.00   0.94 385.08 313.56
   0.91400  907.10 288.20  12.21   0.00  95.00   0.94 383.76 314.30
   0.87300  911.50 287.80  12.29   0.00  98.00   0.94 382.65 315.14
   0.83200  915.90 287.40  12.12   0.00  99.00   0.94 381.61 316.07
   0.79100  920.40 287.00  11.82   0.00  99.00   0.94 380.67 317.01
   0.75000  924.80 286.60  11.65   0.00  99.99   0.94 379.91 317.83
   0.71000  929.30 286.50  11.58   0.00  99.99   0.94 379.71 318.21
   0.66900  933.90 286.70  11.73   0.00 100.00   0.94 383.33 376.07
   0.62800  938.40 286.90  11.87   0.00  99.99   0.94 384.38 377.36
   0.58700  943.00 287.10  12.02   0.00  99.99   0.94 385.43 378.53
   0.54600  947.60 287.30  12.17   0.00  99.99   0.94 386.47 379.70
   0.50500  952.20 287.50  12.32   0.00  99.99   0.94 387.52 380.88
   0.46400  956.80 287.70  12.47   0.00  99.99   0.94 388.57 382.07
   0.42300  961.30 287.90  12.62   0.00  99.99   0.94 389.63 383.25
   0.38200  965.90 288.10  12.78   0.00  99.99   0.94 390.69 384.44
   0.34100  970.50 288.30  12.93   0.00  99.99   0.94 391.93 385.64
   0.30100  975.20 288.70  13.12   0.00  99.00   0.94 393.90 387.66
   0.26000  979.90 289.00  13.22   0.00  98.00   0.94 395.56 389.46
   0.21900  984.60 289.40  13.55   0.00  98.00   0.94 397.63 391.60
   0.17800  989.30 289.80  13.74   0.00  97.00   0.94 399.62 393.83
   0.13700  994.00 290.10  13.84   0.00  96.00   0.00 401.19 395.63
   0.00000    0.00   0.00   0.00   0.00   0.00   0.00   0.00   0.00
   0.00000    0.00   0.00   0.00   0.00   0.00   0.00   0.00   0.00
   0.00000    0.00   0.00   0.00   0.00   0.00   0.00   0.00   0.00
   0.00000    0.00   0.00   0.00   0.00   0.00   0.00   0.00   0.00
   0.00000    0.00   0.00   0.00   0.00   0.00*******   0.00   0.00
   0.00000    0.00   0.00   0.00   0.00   0.00   0.00   0.00   0.00
   0.00000    0.00   0.00   0.00   0.00   0.00   0.00   0.00   0.00
   0.00000    0.00   0.00   0.00   0.00   0.00   0.00   0.00   0.00
   0.00000    0.00   0.00   0.00   0.00   0.00   0.00   0.00   0.00
