      z       p      T     wv     O3     RH   Aer.  LW_up  LW_dn
 100.00    0.00 210.70   0.00   0.00   0.00   0.00 299.72   0.00
  70.00    0.07 219.10   0.00   0.00   0.00   0.00 299.73   0.01
  50.00    0.95 276.20   0.00   0.00   0.00   0.00 299.84   0.41
  45.00    1.76 269.70   0.00   0.00   0.00   0.00 299.68   1.04
  40.00    3.33 257.50   0.00   0.00   0.00   0.00 299.34   1.96
  35.00    6.52 245.30   0.00   0.00   0.00   0.00 298.79   3.27
  30.00   13.20 234.20   0.00   0.00   0.02   0.00 297.96   5.26
  23.47   33.10 218.30   0.00   0.00   1.00   0.00 295.98   9.17
  22.86   36.50 218.00   0.00   0.00   1.00   0.00 295.82   9.58
  22.55   38.20 216.60   0.00   0.00   1.00   0.00 295.71   9.76
  21.95   42.10 215.60   0.00   0.00   1.00   0.00 295.53  10.13
  21.60   44.50 215.00   0.00   0.00   1.00   0.00 295.39  10.34
  21.03   48.70 211.40   0.00   0.00   1.00   0.00 295.12  10.53
  20.87   50.00 210.80   0.00   0.00   1.00   0.00 295.08  10.57
  20.46   53.40 209.20   0.00   0.00   1.00   0.00 295.01  10.66
  19.81   59.40 209.70   0.00   0.00   1.00   0.01 294.98  10.98
  19.51   62.40 208.60   0.00   0.00   2.00   0.01 294.91  11.16
  19.24   65.20 206.60   0.00   0.00   2.00   0.01 294.88  11.25
  18.81   70.00 207.40   0.00   0.00   2.00   0.01 294.95  11.51
  18.60   72.50 207.60   0.00   0.00   3.00   0.01 294.93  11.69
  18.35   75.50 205.60   0.00   0.00   3.00   0.01 294.86  11.81
  18.18   77.70 206.00   0.00   0.00   4.00   0.01 294.85  11.93
  17.98   80.30 204.00   0.00   0.00   4.00   0.01 294.80  11.99
  17.07   93.70 201.50   0.00   0.00   8.00   0.01 294.99  12.37
  16.68  100.00 200.40   0.00   0.00  11.00   0.01 295.19  12.56
  16.12  110.00 200.40   0.00   0.00  15.00   0.01 295.72  13.03
  15.81  116.00 200.40   0.00   0.00  13.00   0.01 296.12  13.34
  15.24  127.80 203.00   0.00   0.00  11.00   0.01 297.14  14.22
  14.70  140.00 206.40   0.00   0.00  12.00   0.01 298.22  15.52
  14.28  150.00 207.00   0.00   0.00  13.00   0.01 299.03  16.58
  13.26  177.00 214.80   0.00   0.00   8.00   0.01 301.99  20.52
  12.58  197.00 218.40   0.00   0.00   9.00   0.01 304.05  23.96
  11.01  250.00 231.00   0.01   0.00   8.00   0.01 311.23  37.02
   9.89  294.00 240.20   0.02   0.00   7.00   0.02 317.53  51.33
   9.75  300.00 241.00   0.03   0.00   8.00   0.02 318.24  53.47
   9.18  325.00 244.40   0.08   0.00  16.00   0.02 322.03  64.38
   8.84  340.50 247.20   0.10   0.00  15.00   0.03 325.06  72.21
   7.92  385.50 254.20   0.14   0.00  12.00   0.05 333.76  91.71
   7.62  401.60 256.20   0.15   0.00  11.00   0.05 336.57  98.04
   7.30  419.00 258.00   0.21   0.00  13.00   0.07 339.65 104.72
   6.74  451.00 262.80   0.44   0.00  19.00   0.09 347.56 120.58
   6.59  460.00 264.00   0.28   0.00  11.00   0.09 349.79 124.88
   5.99  497.00 268.80   0.29   0.00   8.00   0.11 357.17 138.95
   5.78  510.00 269.60   0.23   0.00   6.00   0.11 358.78 142.92
   5.62  521.00 270.00   0.70   0.00  18.00   0.11 360.42 146.95
   5.49  529.00 271.00   1.00   0.00  24.00   0.11 362.68 151.88
   5.01  562.00 275.10   0.78   0.00  14.00   0.13 371.85 170.12
   4.88  571.30 276.10   0.89   0.00  15.00   0.13 374.07 174.46
   4.40  606.00 279.80   1.67   0.00  22.00   0.13 384.12 193.11
   4.09  629.00 282.80   1.19   0.00  13.00   0.14 391.81 205.61
   3.19  700.00 291.10   1.38   0.00   9.00   0.17 411.86 238.57
   2.83  730.00 293.80   2.51   0.00  14.00   0.21 419.02 253.71
   2.47  761.00 296.30   1.45   0.00   7.00   0.21 424.74 267.50
   2.44  763.90 296.10   1.64   0.00   8.00   0.21 424.66 268.17
   2.32  774.00 295.50   1.78   0.00   9.00   0.21 425.19 269.83
   2.13  791.00 297.10   1.74   0.00   8.00   0.33 429.50 275.54
   1.60  841.00 301.80   1.41   0.00   5.00   0.37 439.74 294.96
   1.36  864.00 302.10   2.87   0.00  10.00   0.41 440.81 302.16
   0.92  908.00 304.50   3.26   0.00  10.00   0.59 444.12 319.86
   0.75  925.00 303.80   9.12   0.00  29.00   0.59 440.35 326.86
   0.69  931.00 303.90   9.17   0.00  29.00   0.59 438.08 330.90
   0.58  943.00 301.10  10.04   0.00  37.00   0.59 428.17 332.24
   0.54  947.10 300.10  12.58   0.00  49.00   0.59 424.64 332.14
   0.53  948.60 299.70  13.31   0.00  53.00   0.59 423.24 332.13
   0.51  950.10 299.40  13.58   0.00  55.00   0.59 421.93 332.26
   0.50  951.50 299.20  13.92   0.00  57.00   0.59 420.58 332.58
   0.48  953.00 298.90  13.93   0.00  58.00   0.59 419.02 332.80
   0.47  954.60 298.30  14.86   0.00  64.00   0.59 416.98 332.65
   0.46  956.10 297.70  15.49   0.00  69.00   0.59 414.83 332.35
   0.44  957.60 297.00  15.97   0.00  74.00   0.59 412.56 331.87
   0.43  959.10 296.40  16.68   0.00  80.00   0.59 410.31 331.44
   0.41  960.60 295.80  17.12   0.00  85.00   0.59 407.84 331.07
   0.40  962.10 295.10  17.42   0.00  90.00   0.59 404.76 330.56
   0.39  963.60 293.50  16.40   0.00  93.00   0.59 400.97 328.75
   0.37  965.10 291.90  15.41   0.00  96.00   0.59 397.53 326.25
   0.36  966.70 290.30  14.30   0.00  98.00   0.59 394.86 323.51
   0.34  968.20 289.30  13.74   0.00  99.99   0.59 393.14 320.58
   0.33  969.80 289.00  13.49   0.00  99.99   0.59 393.71 331.52
   0.32  971.40 289.00  13.49   0.00  99.99   0.59 394.65 350.06
   0.30  973.00 289.10  13.58   0.00  99.99   0.59 395.52 363.07
   0.29  974.60 289.20  13.66   0.00  99.99   0.59 396.17 371.97
   0.28  976.20 289.20  13.66   0.00  99.99   0.59 396.64 377.50
   0.26  977.70 289.30  13.74   0.00  99.99   0.59 397.27 381.63
   0.25  979.30 289.40  13.82   0.00  99.99   0.59 397.85 384.54
   0.23  980.90 289.50  13.91   0.00  99.99   0.59 398.41 386.62
   0.22  982.50 289.60  13.99   0.00  99.99   0.59 398.94 388.17
   0.21  984.10 289.70  14.08   0.00  99.99   0.59 399.45 389.38
   0.19  985.70 289.80  14.16   0.00  99.99   0.59 399.94 390.36
   0.18  987.20 289.90  14.25   0.00  99.99   0.59 400.37 391.15
   0.17  988.80 290.00  14.33   0.00  99.99   0.59 400.76 391.92
   0.15  990.40 290.10  14.42   0.00  99.99   0.59 401.02 392.61
   0.14  992.00 290.10  14.42   0.00  99.99   0.00 401.19 393.06
   0.00    0.00   0.00   0.00   0.00   0.00   0.00   0.00   0.00
   0.00    0.00   0.00   0.00   0.00   0.00   0.00   0.00   0.00
   0.00    0.00   0.00   0.00   0.00   0.00   0.00   0.00   0.00
   0.00    0.00   0.00   0.00   0.00   0.00*******   0.00   0.00
   0.00    0.00   0.00   0.00   0.00   0.00   0.00   0.00   0.00
   0.00    0.00   0.00   0.00   0.00   0.00   0.00   0.00   0.00
   0.00    0.00   0.00   0.00   0.00   0.00   0.00   0.00   0.00
   0.00    0.00   0.00   0.00   0.00   0.00   0.00   0.00   0.00
