      z       p      T     wv     O3     RH   Aer.  LW_up  LW_dn
 100.00    0.00 210.70   0.00   0.00   0.00   0.00 277.15   0.00
  70.00    0.07 219.10   0.00   0.00   0.00   0.00 277.16   0.01
  50.00    0.95 276.20   0.00   0.00   0.00   0.00 277.27   0.41
  45.00    1.76 269.70   0.00   0.00   0.00   0.00 277.11   1.04
  40.00    3.33 257.50   0.00   0.00   0.00   0.00 276.78   1.96
  35.00    6.52 245.30   0.00   0.00   0.00   0.00 276.25   3.27
  30.00   13.20 234.20   0.00   0.00   0.02   0.00 275.47   5.26
  25.00   27.70 224.20   0.00   0.00   0.15   0.01 274.55   8.08
  15.24  121.60 210.30   0.00   0.00   2.00   0.01 273.06  16.14
  14.60  135.00 211.00   0.00   0.00   3.00   0.01 273.49  16.76
  13.94  150.00 212.60   0.00   0.00   4.00   0.01 273.95  17.92
  13.74  155.00 212.80   0.00   0.00   7.00   0.01 274.00  18.41
  13.58  159.00 212.40   0.00   0.00  12.00   0.01 273.93  18.88
  13.50  161.00 210.60   0.00   0.00  16.00   0.01 273.86  19.04
  13.41  163.40 210.00   0.00   0.00  19.00   0.01 273.89  19.23
  13.13  171.00 208.80   0.00   0.00  28.00   0.01 274.17  19.99
  12.89  178.00 209.40   0.00   0.00  28.00   0.01 274.67  20.87
  12.62  186.00 211.00   0.01   0.00  44.00   0.01 275.29  22.33
  12.52  189.00 210.20   0.01   0.00  56.00   0.01 275.48  22.93
  12.23  198.00 211.20   0.01   0.00  60.00   0.01 276.44  24.85
  12.17  200.00 211.60   0.01   0.00  60.00   0.01 276.69  25.30
  11.35  228.00 218.20   0.02   0.00  55.00   0.01 280.74  33.00
  10.86  246.00 222.40   0.02   0.00  43.00   0.01 283.55  38.53
  10.42  263.00 226.20   0.04   0.00  45.00   0.01 286.30  44.17
  10.24  270.00 227.40   0.06   0.00  62.00   0.01 287.52  46.93
  10.07  277.00 228.60   0.07   0.00  60.00   0.01 288.95  49.87
   9.81  288.00 231.00   0.06   0.00  46.00   0.02 291.33  54.17
   9.58  298.00 233.00   0.07   0.00  42.00   0.02 293.50  57.83
   9.53  300.00 233.40   0.07   0.00  38.00   0.02 293.95  58.54
   9.46  303.00 234.00   0.05   0.00  24.00   0.02 294.55  59.45
   9.35  308.00 234.80   0.04   0.00  19.00   0.02 295.38  60.68
   9.14  317.20 236.50   0.04   0.00  17.00   0.02 296.92  62.92
   8.36  355.00 242.80   0.05   0.00  11.00   0.03 302.98  72.30
   7.92  377.10 246.20   0.08   0.00  13.00   0.05 306.55  78.55
   7.50  400.00 249.60   0.11   0.00  14.00   0.05 310.59  86.14
   7.07  424.00 253.00   0.15   0.00  14.00   0.09 315.00  94.80
   5.82  500.00 263.00   0.28   0.00  12.00   0.11 330.96 123.74
   5.61  514.00 265.00   0.22   0.00   8.00   0.11 333.77 129.04
   5.49  522.00 265.80   0.29   0.00  10.00   0.11 335.06 131.89
   5.22  540.00 267.20   0.54   0.00  17.00   0.12 338.70 139.32
   4.88  564.20 270.40   0.24   0.00   6.00   0.13 344.32 148.72
   4.74  574.00 271.60   0.17   0.00   4.00   0.13 345.82 151.45
   4.27  609.00 273.80   0.41   0.00   8.00   0.13 350.53 161.03
   3.96  632.50 276.00   0.35   0.00   6.00   0.15 354.61 168.70
   3.44  675.00 279.90   0.38   0.00   5.00   0.15 360.60 181.85
   3.14  700.00 280.80   0.48   0.00   6.00   0.15 362.11 188.57
   3.08  705.00 280.90   0.65   0.00   8.00   0.17 362.21 189.97
   2.95  716.00 280.30   1.41   0.00  18.00   0.21 362.30 193.41
   2.74  734.30 281.20   1.99   0.00  24.00   0.21 364.88 202.61
   2.67  741.00 281.50   2.28   0.00  27.00   0.21 366.00 206.25
   2.44  761.80 283.40   2.77   0.00  29.00   0.21 370.59 218.94
   2.01  802.00 286.90   3.92   0.00  33.00   0.36 379.26 242.82
   1.89  813.00 287.90   3.91   0.00  31.00   0.37 381.67 249.39
   1.83  819.30 288.50   2.75   0.00  21.00   0.37 382.97 252.54
   1.73  829.00 289.30   1.51   0.00  11.00   0.37 384.36 255.95
   1.56  846.00 290.30   2.19   0.00  15.00   0.37 385.53 261.06
   1.52  850.00 290.10   2.45   0.00  17.00   0.37 385.24 262.00
   1.40  862.00 289.80   3.82   0.00  27.00   0.37 384.71 264.86
   1.33  869.00 289.80   5.10   0.00  36.00   0.37 384.65 267.21
   1.15  887.00 290.30   5.69   0.00  39.00   0.37 384.48 274.78
   1.09  894.00 290.50   3.99   0.00  27.00   0.37 383.74 277.18
   1.04  899.00 289.90   6.41   0.00  45.00   0.37 382.06 277.96
   1.02  901.20 289.30   8.38   0.00  61.00   0.42 380.87 278.06
   0.99  903.90 288.60  10.41   0.00  79.00   0.59 379.53 278.26
   0.97  906.40 288.20  10.93   0.00  85.00   0.59 378.64 279.04
   0.94  909.10 288.00  10.67   0.00  84.00   0.59 377.98 280.21
   0.92  911.70 287.80  10.29   0.00  82.00   0.59 377.38 281.30
   0.90  914.40 287.60  10.16   0.00  82.00   0.59 376.82 282.35
   0.87  917.10 287.50  10.22   0.00  83.00   0.59 376.39 283.48
   0.85  919.70 287.40  10.16   0.00  83.00   0.59 375.97 284.57
   0.82  922.40 287.30  10.58   0.00  87.00   0.59 375.53 285.71
   0.80  925.10 287.30  11.44   0.00  94.00   0.59 375.12 287.07
   0.77  927.80 287.30  11.80   0.00  97.00   0.59 374.53 288.56
   0.75  930.40 287.20  11.97   0.00  99.00   0.59 373.39 290.05
   0.72  933.20 286.40  11.40   0.00  99.00   0.59 371.46 290.54
   0.70  935.90 285.50  10.89   0.00  99.99   0.59 369.62 290.39
   0.67  938.60 284.60  10.29   0.00  99.99   0.59 368.18 289.90
   0.65  941.40 284.20  10.03   0.00  99.99   0.59 367.82 289.58
   0.62  944.20 284.40  10.16   0.00  99.99   0.59 371.16 354.77
   0.60  947.00 284.50  10.23   0.00 100.00   0.59 371.89 361.31
   0.58  949.80 284.60  10.19   0.00  99.00   0.59 372.59 363.07
   0.55  952.70 284.80  10.32   0.00  99.00   0.59 373.45 364.24
   0.53  955.50 284.90  10.38   0.00  99.00   0.59 374.11 365.02
   0.50  958.30 285.10  10.51   0.00  99.00   0.59 374.94 365.97
   0.48  961.10 285.20  10.58   0.00  99.00   0.59 375.49 366.73
   0.45  963.90 285.30  10.64   0.00  99.00   0.59 376.16 367.35
   0.43  966.70 285.50  10.78   0.00  99.00   0.59 377.01 368.27
   0.40  969.50 285.60  10.73   0.00  98.00   0.59 377.71 369.04
   0.38  972.40 285.80  10.87   0.00  98.00   0.59 378.58 369.95
   0.35  975.20 285.90  10.94   0.00  98.00   0.59 379.43 370.73
   0.33  978.00 286.10  11.07   0.00  98.00   0.59 381.05 371.68
   0.30  980.90 286.30  11.10   0.00  97.00   0.59 385.34 372.90
   0.14 1001.00 287.90  11.86   0.00  94.00   0.00 389.20 377.40
   0.00    0.00   0.00   0.00   0.00   0.00   0.00   0.00   0.00
   0.00    0.00   0.00   0.00   0.00   0.00   0.00   0.00   0.00
   0.00    0.00   0.00   0.00   0.00   0.00*******   0.00   0.00
   0.00    0.00   0.00   0.00   0.00   0.00   0.00   0.00   0.00
   0.00    0.00   0.00   0.00   0.00   0.00   0.00   0.00   0.00
   0.00    0.00   0.00   0.00   0.00   0.00   0.00   0.00   0.00
   0.00    0.00   0.00   0.00   0.00   0.00   0.00   0.00   0.00
