 Sounding NKX 20160520-12UTC                                                     
      z       p      T     wv     O3     RH   Aer.  LW_up  LW_dn
 100.00000    0.00 210.70   0.00   0.00   0.00   0.00 275.10   0.00
  70.00000    0.07 219.10   0.00   0.00   0.00   0.00 275.10   0.01
  50.00000    0.95 276.20   0.00   0.00   0.00   0.00 275.21   0.41
  45.00000    1.76 269.70   0.00   0.00   0.00   0.00 275.05   1.04
  40.00000    3.33 257.50   0.00   0.00   0.00   0.00 274.72   1.96
  35.00000    6.52 245.30   0.00   0.00   0.00   0.00 274.18   3.27
  30.00000   13.20 234.20   0.00   0.00   0.02   0.00 273.38   5.25
  23.27500   33.10 221.20   0.00   0.00   1.00   0.00 271.45   9.68
  22.88000   35.20 217.80   0.00   0.00   1.00   0.00 271.28   9.87
  22.47600   37.50 218.00   0.00   0.00   1.00   0.00 271.20  10.09
  22.25000   38.90 216.90   0.00   0.00   1.00   0.00 271.13  10.22
  21.86400   41.30 215.00   0.00   0.00   1.00   0.00 271.06  10.37
  21.46400   44.00 216.20   0.00   0.00   1.00   0.00 271.04  10.63
  21.33600   44.90 215.70   0.00   0.00   1.00   0.00 271.00  10.72
  20.81200   48.80 213.60   0.00   0.00   1.00   0.00 270.91  10.98
  20.66000   50.00 214.20   0.00   0.00   1.00   0.00 270.93  11.08
  20.12800   54.40 216.40   0.00   0.00   1.00   0.01 270.83  11.60
  19.68300   58.40 210.60   0.00   0.00   1.00   0.01 270.56  11.75
  19.31400   62.00 210.00   0.00   0.00   1.00   0.01 270.64  11.84
  18.89800   66.30 213.40   0.00   0.00   1.00   0.01 270.73  12.26
  18.59300   69.60 211.10   0.00   0.00   1.00   0.01 270.55  12.48
  18.28800   73.20 208.80   0.00   0.00   1.00   0.01 270.43  12.55
  17.79000   79.40 205.20   0.00   0.00   1.00   0.01 270.40  12.53
  17.38000   85.00 205.00   0.00   0.00   1.00   0.01 270.67  12.60
  16.15400  103.90 211.20   0.00   0.00   1.00   0.01 271.81  14.04
  15.85900  109.00 211.40   0.00   0.00   1.00   0.01 271.92  14.46
  15.63700  113.00 210.40   0.00   0.00   1.00   0.01 271.99  14.67
  14.81800  129.00 213.40   0.00   0.00   2.00   0.01 272.58  15.98
  14.62800  133.00 211.80   0.00   0.00   2.00   0.01 272.59  16.20
  14.17800  143.00 214.00   0.00   0.00   4.00   0.01 272.90  17.14
  13.55800  158.00 210.40   0.00   0.00  12.00   0.01 272.95  18.38
  13.29100  165.00 211.20   0.00   0.00  16.00   0.01 273.31  19.19
  12.96200  174.00 211.00   0.00   0.00  25.00   0.01 273.69  20.47
  12.89200  176.00 209.80   0.00   0.00  29.00   0.01 273.77  20.70
  12.65200  183.00 210.00   0.00   0.00  25.00   0.01 274.40  21.51
  12.19500  197.00 214.00   0.00   0.00  23.00   0.01 275.96  23.90
  12.10000  200.00 213.80   0.00   0.00  23.00   0.01 276.21  24.42
  11.88700  206.90 215.00   0.01   0.00  23.00   0.01 276.97  25.64
  11.55400  218.00 216.80   0.00   0.00  10.00   0.01 278.11  27.34
  10.67000  250.00 222.40   0.01   0.00  12.00   0.01 281.57  32.47
   9.75400  287.00 229.30   0.01   0.00   9.00   0.02 286.31  40.30
   9.39300  303.00 232.20   0.01   0.00   9.00   0.02 288.47  44.10
   8.19700  360.00 243.00   0.03   0.00   7.00   0.03 297.47  60.47
   7.88700  376.00 245.20   0.04   0.00   8.00   0.05 300.04  65.73
   7.44000  400.00 249.60   0.05   0.00   6.00   0.07 304.42  74.04
   6.40100  459.20 258.90   0.09   0.00   5.00   0.09 315.35  95.14
   5.79100  497.90 264.30   0.13   0.00   5.00   0.10 322.40 109.98
   5.01100  550.00 271.40   0.13   0.00   3.00   0.12 330.20 129.58
   4.74100  569.00 270.60   0.41   0.00  10.00   0.12 331.01 136.43
   4.41200  593.00 273.30   0.39   0.00   8.00   0.13 334.93 148.07
   3.96200  627.10 274.80   0.38   0.00   7.00   0.14 338.06 160.01
   3.65800  651.20 275.80   0.64   0.00  11.00   0.14 340.38 168.09
   3.07000  700.00 279.50   1.93   0.00  26.00   0.18 347.98 192.99
   2.71300  731.00 281.80   2.93   0.00  34.00   0.20 353.02 212.53
   2.39000  760.00 283.80   2.94   0.00  30.00   0.20 356.87 228.31
   2.13400  783.70 284.80   3.86   0.00  37.00   0.28 358.46 239.01
   1.84700  811.00 285.90   4.24   0.00  38.00   0.35 359.28 250.74
   1.77500  818.00 286.80   1.53   0.00  13.00   0.35 359.80 253.39
   1.63200  832.00 287.30   1.22   0.00  10.00   0.35 359.24 256.14
   1.54400  840.80 287.30   1.09   0.00   9.00   0.35 358.28 257.29
   1.52200  843.00 287.30   0.97   0.00   8.00   0.35 358.00 257.53
   1.50100  845.20 287.30   0.97   0.00   8.00   0.35 357.72 257.74
   1.47900  847.40 287.30   0.97   0.00   8.00   0.35 357.39 257.97
   1.45700  849.60 287.30   0.85   0.00   7.00   0.35 357.02 258.18
   1.43500  851.70 287.30   0.85   0.00   7.00   0.35 356.62 258.37
   1.41400  853.90 287.30   0.85   0.00   7.00   0.35 356.15 258.56
   1.39200  856.10 287.30   0.73   0.00   6.00   0.35 355.57 258.75
   1.37000  858.30 287.30   0.73   0.00   6.00   0.35 354.76 258.92
   1.34800  860.50 286.30   1.60   0.00  14.00   0.35 353.21 258.53
   1.32700  862.80 284.80   2.71   0.00  26.00   0.35 351.06 257.27
   1.30500  865.00 282.90   4.16   0.00  45.00   0.35 348.46 255.08
   1.28300  867.30 280.70   5.78   0.00  72.00   0.35 346.13 252.12
   1.26200  869.60 280.20   6.45   0.00  83.00   0.35 345.43 250.50
   1.24000  871.90 279.80   7.12   0.00  94.00   0.35 344.79 249.47
   1.21800  874.20 279.60   7.40   0.00  99.00   0.35 347.21 308.47
   1.19600  876.50 279.80   7.49   0.00  99.00   0.35 348.83 334.51
   1.17500  878.80 279.90   7.54   0.00  99.00   0.35 349.52 337.54
   1.15300  881.20 280.10   7.64   0.00  99.00   0.35 350.34 338.67
   1.13100  883.50 280.20   7.61   0.00  98.00   0.35 350.86 339.37
   1.11000  885.90 280.30   7.66   0.00  98.00   0.35 351.47 339.93
   1.08800  888.20 280.50   7.76   0.00  98.00   0.35 352.30 340.81
   1.06600  890.50 280.60   7.81   0.00  98.00   0.35 352.92 341.49
   1.04400  892.90 280.80   7.92   0.00  98.00   0.35 353.76 342.39
   1.02300  895.20 280.90   7.97   0.00  98.00   0.35 354.38 343.07
   1.00100  897.50 281.10   8.07   0.00  98.00   0.54 355.21 343.97
   0.97900  899.90 281.20   8.04   0.00  97.00   0.55 355.86 344.69
   0.95700  902.20 281.40   8.14   0.00  97.00   0.55 356.82 345.61
   0.93600  904.60 281.50   8.20   0.00  97.00   0.55 358.51 346.35
   0.91400  906.90 281.60   8.25   0.00  97.00   0.55 371.19 347.44
   0.72400  928.00 282.90   8.78   0.00  95.00   0.55 376.20 351.04
   0.30500  975.40 286.80   9.44   0.00  80.00   0.55 388.44 364.09
   0.13700  995.00 288.50  11.65   0.00  89.00   0.00 392.44 370.58
   0.00000    0.00   0.00   0.00   0.00   0.00   0.00   0.00   0.00
   0.00000    0.00   0.00   0.00   0.00   0.00   0.00   0.00   0.00
   0.00000    0.00   0.00   0.00   0.00   0.00   0.00   0.00   0.00
   0.00000    0.00   0.00   0.00   0.00   0.00*******   0.00   0.00
   0.00000    0.00   0.00   0.00   0.00   0.00   0.00   0.00   0.00
   0.00000    0.00   0.00   0.00   0.00   0.00   0.00   0.00   0.00
   0.00000    0.00   0.00   0.00   0.00   0.00   0.00   0.00   0.00
   0.00000    0.00   0.00   0.00   0.00   0.00   0.00   0.00   0.00
